2024-07-15 16:50:35.914 DEBUG c.z.h.p.PoolBase:132 - HikariPool-1 - Closing connection com.mysql.cj.jdbc.ConnectionImpl@5e0af792: (connection has passed maxLifetime)
2024-07-15 16:50:35.942 DEBUG c.z.h.p.HikariPool:738 - HikariPool-1 - Added connection com.mysql.cj.jdbc.ConnectionImpl@4951db28
2024-07-15 16:50:38.401 DEBUG c.z.h.p.PoolBase:132 - HikariPool-1 - Closing connection com.mysql.cj.jdbc.ConnectionImpl@4196cea3: (connection has passed maxLifetime)
2024-07-15 16:50:38.410 DEBUG c.z.h.p.HikariPool:738 - HikariPool-1 - Added connection com.mysql.cj.jdbc.ConnectionImpl@86cd113
2024-07-15 16:50:38.838 DEBUG c.z.h.p.HikariPool:414 - HikariPool-1 - Before cleanup stats (total=50, active=0, idle=50, waiting=0)
2024-07-15 16:50:38.909 DEBUG c.z.h.p.HikariPool:414 - HikariPool-1 - After cleanup  stats (total=50, active=0, idle=50, waiting=0)
2024-07-15 16:50:38.910 DEBUG c.z.h.p.HikariPool:521 - HikariPool-1 - Fill pool skipped, pool has sufficient level or currently being filled (queueDepth=0).
2024-07-15 16:51:08.916 DEBUG c.z.h.p.HikariPool:414 - HikariPool-1 - Before cleanup stats (total=50, active=0, idle=50, waiting=0)
2024-07-15 16:51:08.917 DEBUG c.z.h.p.HikariPool:414 - HikariPool-1 - After cleanup  stats (total=50, active=0, idle=50, waiting=0)
2024-07-15 16:51:08.918 DEBUG c.z.h.p.HikariPool:521 - HikariPool-1 - Fill pool skipped, pool has sufficient level or currently being filled (queueDepth=0).
2024-07-15 16:51:38.930 DEBUG c.z.h.p.HikariPool:414 - HikariPool-1 - Before cleanup stats (total=50, active=0, idle=50, waiting=0)
2024-07-15 16:51:38.931 DEBUG c.z.h.p.HikariPool:414 - HikariPool-1 - After cleanup  stats (total=50, active=0, idle=50, waiting=0)
2024-07-15 16:51:38.932 DEBUG c.z.h.p.HikariPool:521 - HikariPool-1 - Fill pool skipped, pool has sufficient level or currently being filled (queueDepth=0).
2024-07-15 16:52:08.935 DEBUG c.z.h.p.HikariPool:414 - HikariPool-1 - Before cleanup stats (total=50, active=0, idle=50, waiting=0)
2024-07-15 16:52:08.936 DEBUG c.z.h.p.HikariPool:414 - HikariPool-1 - After cleanup  stats (total=50, active=0, idle=50, waiting=0)
2024-07-15 16:52:08.937 DEBUG c.z.h.p.HikariPool:521 - HikariPool-1 - Fill pool skipped, pool has sufficient level or currently being filled (queueDepth=0).
2024-07-15 16:52:38.947 DEBUG c.z.h.p.HikariPool:414 - HikariPool-1 - Before cleanup stats (total=50, active=0, idle=50, waiting=0)
2024-07-15 16:52:38.947 DEBUG c.z.h.p.HikariPool:414 - HikariPool-1 - After cleanup  stats (total=50, active=0, idle=50, waiting=0)
2024-07-15 16:52:38.947 DEBUG c.z.h.p.HikariPool:521 - HikariPool-1 - Fill pool skipped, pool has sufficient level or currently being filled (queueDepth=0).
2024-07-15 16:53:00.233 DEBUG o.s.b.a.ApplicationAvailabilityBean:77 - Application availability state ReadinessState changed from ACCEPTING_TRAFFIC to REFUSING_TRAFFIC
2024-07-15 16:53:00.237 DEBUG o.s.b.w.s.c.AnnotationConfigServletWebServerApplicationContext:1062 - Closing org.springframework.boot.web.servlet.context.AnnotationConfigServletWebServerApplicationContext@1c481ff2, started on Mon Jul 15 11:20:29 IST 2024
2024-07-15 16:53:00.910 DEBUG o.s.c.s.DefaultLifecycleProcessor:366 - Stopping beans in phase 2147482623
2024-07-15 16:53:00.924 DEBUG o.s.c.s.DefaultLifecycleProcessor:239 - Bean 'webServerGracefulShutdown' completed its stop procedure
2024-07-15 16:53:00.924 DEBUG o.s.c.s.DefaultLifecycleProcessor:366 - Stopping beans in phase 2147481599
2024-07-15 16:53:00.981 DEBUG o.s.c.s.DefaultLifecycleProcessor:239 - Bean 'webServerStartStop' completed its stop procedure
2024-07-15 16:53:00.981 DEBUG o.s.c.s.DefaultLifecycleProcessor:366 - Stopping beans in phase -2147483647
2024-07-15 16:53:00.981 DEBUG o.s.c.s.DefaultLifecycleProcessor:239 - Bean 'springBootLoggingLifecycle' completed its stop procedure
2024-07-15 16:53:00.983 DEBUG o.s.s.c.ThreadPoolTaskExecutor:224 - Shutting down ExecutorService 'applicationTaskExecutor'
2024-07-15 16:53:00.984  INFO o.s.o.j.LocalContainerEntityManagerFactoryBean:650 - Closing JPA EntityManagerFactory for persistence unit 'default'
2024-07-15 16:53:00.986 DEBUG o.h.i.SessionFactoryImpl:864 - HHH000031: Closing
2024-07-15 16:53:01.077 DEBUG o.h.t.s.TypeConfiguration$Scope:550 - Un-scoping TypeConfiguration [org.hibernate.type.spi.TypeConfiguration$Scope@cc8f3ee] from SessionFactory [org.hibernate.internal.SessionFactoryImpl@7b24d5e4]
2024-07-15 16:53:01.324 DEBUG o.h.s.i.AbstractServiceRegistryImpl:413 - Implicitly destroying ServiceRegistry on de-registration of all child ServiceRegistries
2024-07-15 16:53:01.326 DEBUG o.h.b.r.i.BootstrapServiceRegistryImpl:296 - Implicitly destroying Boot-strap registry on de-registration of all child ServiceRegistries
2024-07-15 16:53:01.329  INFO c.z.h.HikariDataSource:350 - HikariPool-1 - Shutdown initiated...
2024-07-15 16:53:01.329 DEBUG c.z.h.p.HikariPool:414 - HikariPool-1 - Before shutdown stats (total=50, active=0, idle=50, waiting=0)
2024-07-15 16:53:01.332 DEBUG c.z.h.p.PoolBase:132 - HikariPool-1 - Closing connection com.mysql.cj.jdbc.ConnectionImpl@1bcb9a13: (connection evicted)
2024-07-15 16:53:01.334 DEBUG c.z.h.p.PoolBase:132 - HikariPool-1 - Closing connection com.mysql.cj.jdbc.ConnectionImpl@3c33e100: (connection evicted)
2024-07-15 16:53:01.335 DEBUG c.z.h.p.PoolBase:132 - HikariPool-1 - Closing connection com.mysql.cj.jdbc.ConnectionImpl@aec53df: (connection evicted)
2024-07-15 16:53:01.336 DEBUG c.z.h.p.PoolBase:132 - HikariPool-1 - Closing connection com.mysql.cj.jdbc.ConnectionImpl@37bac160: (connection evicted)
2024-07-15 16:53:01.337 DEBUG c.z.h.p.PoolBase:132 - HikariPool-1 - Closing connection com.mysql.cj.jdbc.ConnectionImpl@7687cb5b: (connection evicted)
2024-07-15 16:53:01.338 DEBUG c.z.h.p.PoolBase:132 - HikariPool-1 - Closing connection com.mysql.cj.jdbc.ConnectionImpl@6513a516: (connection evicted)
2024-07-15 16:53:01.339 DEBUG c.z.h.p.PoolBase:132 - HikariPool-1 - Closing connection com.mysql.cj.jdbc.ConnectionImpl@242eaf2d: (connection evicted)
2024-07-15 16:53:01.340 DEBUG c.z.h.p.PoolBase:132 - HikariPool-1 - Closing connection com.mysql.cj.jdbc.ConnectionImpl@15c04ab1: (connection evicted)
2024-07-15 16:53:01.341 DEBUG c.z.h.p.PoolBase:132 - HikariPool-1 - Closing connection com.mysql.cj.jdbc.ConnectionImpl@44015062: (connection evicted)
2024-07-15 16:53:01.342 DEBUG c.z.h.p.PoolBase:132 - HikariPool-1 - Closing connection com.mysql.cj.jdbc.ConnectionImpl@253ebbbd: (connection evicted)
2024-07-15 16:53:01.343 DEBUG c.z.h.p.PoolBase:132 - HikariPool-1 - Closing connection com.mysql.cj.jdbc.ConnectionImpl@404f68c2: (connection evicted)
2024-07-15 16:53:01.343 DEBUG c.z.h.p.PoolBase:132 - HikariPool-1 - Closing connection com.mysql.cj.jdbc.ConnectionImpl@45410830: (connection evicted)
2024-07-15 16:53:01.344 DEBUG c.z.h.p.PoolBase:132 - HikariPool-1 - Closing connection com.mysql.cj.jdbc.ConnectionImpl@6d3a0af8: (connection evicted)
2024-07-15 16:53:01.345 DEBUG c.z.h.p.PoolBase:132 - HikariPool-1 - Closing connection com.mysql.cj.jdbc.ConnectionImpl@20d6090e: (connection evicted)
2024-07-15 16:53:01.345 DEBUG c.z.h.p.PoolBase:132 - HikariPool-1 - Closing connection com.mysql.cj.jdbc.ConnectionImpl@89741e4: (connection evicted)
2024-07-15 16:53:01.346 DEBUG c.z.h.p.PoolBase:132 - HikariPool-1 - Closing connection com.mysql.cj.jdbc.ConnectionImpl@456619e5: (connection evicted)
2024-07-15 16:53:01.347 DEBUG c.z.h.p.PoolBase:132 - HikariPool-1 - Closing connection com.mysql.cj.jdbc.ConnectionImpl@45b13de: (connection evicted)
2024-07-15 16:53:01.347 DEBUG c.z.h.p.PoolBase:132 - HikariPool-1 - Closing connection com.mysql.cj.jdbc.ConnectionImpl@3515338f: (connection evicted)
2024-07-15 16:53:01.348 DEBUG c.z.h.p.PoolBase:132 - HikariPool-1 - Closing connection com.mysql.cj.jdbc.ConnectionImpl@6474ec91: (connection evicted)
2024-07-15 16:53:01.349 DEBUG c.z.h.p.PoolBase:132 - HikariPool-1 - Closing connection com.mysql.cj.jdbc.ConnectionImpl@753fcf0f: (connection evicted)
2024-07-15 16:53:01.349 DEBUG c.z.h.p.PoolBase:132 - HikariPool-1 - Closing connection com.mysql.cj.jdbc.ConnectionImpl@603a7454: (connection evicted)
2024-07-15 16:53:01.350 DEBUG c.z.h.p.PoolBase:132 - HikariPool-1 - Closing connection com.mysql.cj.jdbc.ConnectionImpl@5262ded0: (connection evicted)
2024-07-15 16:53:01.351 DEBUG c.z.h.p.PoolBase:132 - HikariPool-1 - Closing connection com.mysql.cj.jdbc.ConnectionImpl@a6db49c: (connection evicted)
2024-07-15 16:53:01.351 DEBUG c.z.h.p.PoolBase:132 - HikariPool-1 - Closing connection com.mysql.cj.jdbc.ConnectionImpl@66913297: (connection evicted)
2024-07-15 16:53:01.352 DEBUG c.z.h.p.PoolBase:132 - HikariPool-1 - Closing connection com.mysql.cj.jdbc.ConnectionImpl@f8ecef2: (connection evicted)
2024-07-15 16:53:01.353 DEBUG c.z.h.p.PoolBase:132 - HikariPool-1 - Closing connection com.mysql.cj.jdbc.ConnectionImpl@4dea93fb: (connection evicted)
2024-07-15 16:53:01.353 DEBUG c.z.h.p.PoolBase:132 - HikariPool-1 - Closing connection com.mysql.cj.jdbc.ConnectionImpl@5ed14690: (connection evicted)
2024-07-15 16:53:01.354 DEBUG c.z.h.p.PoolBase:132 - HikariPool-1 - Closing connection com.mysql.cj.jdbc.ConnectionImpl@65da9172: (connection evicted)
2024-07-15 16:53:01.354 DEBUG c.z.h.p.PoolBase:132 - HikariPool-1 - Closing connection com.mysql.cj.jdbc.ConnectionImpl@193c8dbd: (connection evicted)
2024-07-15 16:53:01.355 DEBUG c.z.h.p.PoolBase:132 - HikariPool-1 - Closing connection com.mysql.cj.jdbc.ConnectionImpl@61a170b5: (connection evicted)
2024-07-15 16:53:01.356 DEBUG c.z.h.p.PoolBase:132 - HikariPool-1 - Closing connection com.mysql.cj.jdbc.ConnectionImpl@3c1a00c2: (connection evicted)
2024-07-15 16:53:01.356 DEBUG c.z.h.p.PoolBase:132 - HikariPool-1 - Closing connection com.mysql.cj.jdbc.ConnectionImpl@f1a3a02: (connection evicted)
2024-07-15 16:53:01.357 DEBUG c.z.h.p.PoolBase:132 - HikariPool-1 - Closing connection com.mysql.cj.jdbc.ConnectionImpl@134da3a4: (connection evicted)
2024-07-15 16:53:01.357 DEBUG c.z.h.p.PoolBase:132 - HikariPool-1 - Closing connection com.mysql.cj.jdbc.ConnectionImpl@e183bc3: (connection evicted)
2024-07-15 16:53:01.358 DEBUG c.z.h.p.PoolBase:132 - HikariPool-1 - Closing connection com.mysql.cj.jdbc.ConnectionImpl@621d6b98: (connection evicted)
2024-07-15 16:53:01.358 DEBUG c.z.h.p.PoolBase:132 - HikariPool-1 - Closing connection com.mysql.cj.jdbc.ConnectionImpl@1b218a45: (connection evicted)
2024-07-15 16:53:01.359 DEBUG c.z.h.p.PoolBase:132 - HikariPool-1 - Closing connection com.mysql.cj.jdbc.ConnectionImpl@1382e911: (connection evicted)
2024-07-15 16:53:01.359 DEBUG c.z.h.p.PoolBase:132 - HikariPool-1 - Closing connection com.mysql.cj.jdbc.ConnectionImpl@13705e51: (connection evicted)
2024-07-15 16:53:01.360 DEBUG c.z.h.p.PoolBase:132 - HikariPool-1 - Closing connection com.mysql.cj.jdbc.ConnectionImpl@5d3ded52: (connection evicted)
2024-07-15 16:53:01.360 DEBUG c.z.h.p.PoolBase:132 - HikariPool-1 - Closing connection com.mysql.cj.jdbc.ConnectionImpl@6c636f47: (connection evicted)
2024-07-15 16:53:01.361 DEBUG c.z.h.p.PoolBase:132 - HikariPool-1 - Closing connection com.mysql.cj.jdbc.ConnectionImpl@1dde6b32: (connection evicted)
2024-07-15 16:53:01.361 DEBUG c.z.h.p.PoolBase:132 - HikariPool-1 - Closing connection com.mysql.cj.jdbc.ConnectionImpl@169f2d9d: (connection evicted)
2024-07-15 16:53:01.362 DEBUG c.z.h.p.PoolBase:132 - HikariPool-1 - Closing connection com.mysql.cj.jdbc.ConnectionImpl@d1f4717: (connection evicted)
2024-07-15 16:53:01.363 DEBUG c.z.h.p.PoolBase:132 - HikariPool-1 - Closing connection com.mysql.cj.jdbc.ConnectionImpl@8e59757: (connection evicted)
2024-07-15 16:53:01.363 DEBUG c.z.h.p.PoolBase:132 - HikariPool-1 - Closing connection com.mysql.cj.jdbc.ConnectionImpl@2d2ca96b: (connection evicted)
2024-07-15 16:53:01.364 DEBUG c.z.h.p.PoolBase:132 - HikariPool-1 - Closing connection com.mysql.cj.jdbc.ConnectionImpl@236bf719: (connection evicted)
2024-07-15 16:53:01.364 DEBUG c.z.h.p.PoolBase:132 - HikariPool-1 - Closing connection com.mysql.cj.jdbc.ConnectionImpl@52d74667: (connection evicted)
2024-07-15 16:53:01.365 DEBUG c.z.h.p.PoolBase:132 - HikariPool-1 - Closing connection com.mysql.cj.jdbc.ConnectionImpl@2d5789b8: (connection evicted)
2024-07-15 16:53:01.365 DEBUG c.z.h.p.PoolBase:132 - HikariPool-1 - Closing connection com.mysql.cj.jdbc.ConnectionImpl@4951db28: (connection evicted)
2024-07-15 16:53:01.366 DEBUG c.z.h.p.PoolBase:132 - HikariPool-1 - Closing connection com.mysql.cj.jdbc.ConnectionImpl@86cd113: (connection evicted)
2024-07-15 16:53:01.366 DEBUG c.z.h.p.HikariPool:414 - HikariPool-1 - After shutdown stats (total=0, active=0, idle=0, waiting=0)
2024-07-15 16:53:01.367  INFO c.z.h.HikariDataSource:352 - HikariPool-1 - Shutdown completed.
