2023-12-08 09:33:17.103 DEBUG o.s.b.a.ApplicationAvailabilityBean:77 - Application availability state ReadinessState changed from ACCEPTING_TRAFFIC to REFUSING_TRAFFIC
2023-12-08 09:33:17.106 DEBUG o.s.b.w.s.c.AnnotationConfigServletWebServerApplicationContext:1062 - Closing org.springframework.boot.web.servlet.context.AnnotationConfigServletWebServerApplicationContext@2c4d1ac, started on Fri Dec 08 09:28:44 IST 2023
2023-12-08 09:33:17.108 DEBUG o.s.c.s.DefaultLifecycleProcessor:366 - Stopping beans in phase 2147482623
2023-12-08 09:33:17.110 DEBUG o.s.c.s.DefaultLifecycleProcessor:239 - Bean 'webServerGracefulShutdown' completed its stop procedure
2023-12-08 09:33:17.111 DEBUG o.s.c.s.DefaultLifecycleProcessor:366 - Stopping beans in phase 2147481599
2023-12-08 09:33:17.185 DEBUG o.s.c.s.DefaultLifecycleProcessor:239 - Bean 'webServerStartStop' completed its stop procedure
2023-12-08 09:33:17.185 DEBUG o.s.c.s.DefaultLifecycleProcessor:366 - Stopping beans in phase -2147483647
2023-12-08 09:33:17.185 DEBUG o.s.c.s.DefaultLifecycleProcessor:239 - Bean 'springBootLoggingLifecycle' completed its stop procedure
2023-12-08 09:33:17.186 DEBUG o.s.s.c.ThreadPoolTaskExecutor:224 - Shutting down ExecutorService 'applicationTaskExecutor'
2023-12-08 09:33:17.187  INFO o.s.o.j.LocalContainerEntityManagerFactoryBean:650 - Closing JPA EntityManagerFactory for persistence unit 'default'
2023-12-08 09:33:17.187 DEBUG o.h.i.SessionFactoryImpl:864 - HHH000031: Closing
2023-12-08 09:33:17.188 DEBUG o.h.t.s.TypeConfiguration$Scope:550 - Un-scoping TypeConfiguration [org.hibernate.type.spi.TypeConfiguration$Scope@4fcb1f3c] from SessionFactory [org.hibernate.internal.SessionFactoryImpl@3fcc7f5c]
2023-12-08 09:33:17.188 DEBUG o.h.s.i.AbstractServiceRegistryImpl:413 - Implicitly destroying ServiceRegistry on de-registration of all child ServiceRegistries
2023-12-08 09:33:17.190 DEBUG o.h.b.r.i.BootstrapServiceRegistryImpl:296 - Implicitly destroying Boot-strap registry on de-registration of all child ServiceRegistries
2023-12-08 09:33:17.190  INFO c.z.h.HikariDataSource:350 - HikariPool-1 - Shutdown initiated...
2023-12-08 09:33:17.191 DEBUG c.z.h.p.HikariPool:414 - HikariPool-1 - Before shutdown stats (total=50, active=0, idle=50, waiting=0)
2023-12-08 09:33:17.192 DEBUG c.z.h.p.PoolBase:132 - HikariPool-1 - Closing connection com.mysql.cj.jdbc.ConnectionImpl@577f9dfd: (connection evicted)
2023-12-08 09:33:17.194 DEBUG c.z.h.p.PoolBase:132 - HikariPool-1 - Closing connection com.mysql.cj.jdbc.ConnectionImpl@1f071fe0: (connection evicted)
2023-12-08 09:33:17.195 DEBUG c.z.h.p.PoolBase:132 - HikariPool-1 - Closing connection com.mysql.cj.jdbc.ConnectionImpl@7f28e0af: (connection evicted)
2023-12-08 09:33:17.196 DEBUG c.z.h.p.PoolBase:132 - HikariPool-1 - Closing connection com.mysql.cj.jdbc.ConnectionImpl@2386bb2d: (connection evicted)
2023-12-08 09:33:17.196 DEBUG c.z.h.p.PoolBase:132 - HikariPool-1 - Closing connection com.mysql.cj.jdbc.ConnectionImpl@7b667b36: (connection evicted)
2023-12-08 09:33:17.197 DEBUG c.z.h.p.PoolBase:132 - HikariPool-1 - Closing connection com.mysql.cj.jdbc.ConnectionImpl@1c0f462: (connection evicted)
2023-12-08 09:33:17.197 DEBUG c.z.h.p.PoolBase:132 - HikariPool-1 - Closing connection com.mysql.cj.jdbc.ConnectionImpl@142ae56d: (connection evicted)
2023-12-08 09:33:17.198 DEBUG c.z.h.p.PoolBase:132 - HikariPool-1 - Closing connection com.mysql.cj.jdbc.ConnectionImpl@4ec9a184: (connection evicted)
2023-12-08 09:33:17.199 DEBUG c.z.h.p.PoolBase:132 - HikariPool-1 - Closing connection com.mysql.cj.jdbc.ConnectionImpl@3d36f4ba: (connection evicted)
2023-12-08 09:33:17.199 DEBUG c.z.h.p.PoolBase:132 - HikariPool-1 - Closing connection com.mysql.cj.jdbc.ConnectionImpl@178d7610: (connection evicted)
2023-12-08 09:33:17.200 DEBUG c.z.h.p.PoolBase:132 - HikariPool-1 - Closing connection com.mysql.cj.jdbc.ConnectionImpl@71c298e5: (connection evicted)
2023-12-08 09:33:17.201 DEBUG c.z.h.p.PoolBase:132 - HikariPool-1 - Closing connection com.mysql.cj.jdbc.ConnectionImpl@36ea30d7: (connection evicted)
2023-12-08 09:33:17.201 DEBUG c.z.h.p.PoolBase:132 - HikariPool-1 - Closing connection com.mysql.cj.jdbc.ConnectionImpl@2ac7f860: (connection evicted)
2023-12-08 09:33:17.202 DEBUG c.z.h.p.PoolBase:132 - HikariPool-1 - Closing connection com.mysql.cj.jdbc.ConnectionImpl@4a4c6da1: (connection evicted)
2023-12-08 09:33:17.203 DEBUG c.z.h.p.PoolBase:132 - HikariPool-1 - Closing connection com.mysql.cj.jdbc.ConnectionImpl@7210d1b3: (connection evicted)
2023-12-08 09:33:17.204 DEBUG c.z.h.p.PoolBase:132 - HikariPool-1 - Closing connection com.mysql.cj.jdbc.ConnectionImpl@472b7900: (connection evicted)
2023-12-08 09:33:17.204 DEBUG c.z.h.p.PoolBase:132 - HikariPool-1 - Closing connection com.mysql.cj.jdbc.ConnectionImpl@364fbe31: (connection evicted)
2023-12-08 09:33:17.205 DEBUG c.z.h.p.PoolBase:132 - HikariPool-1 - Closing connection com.mysql.cj.jdbc.ConnectionImpl@638ef993: (connection evicted)
2023-12-08 09:33:17.206 DEBUG c.z.h.p.PoolBase:132 - HikariPool-1 - Closing connection com.mysql.cj.jdbc.ConnectionImpl@d929dd8: (connection evicted)
2023-12-08 09:33:17.206 DEBUG c.z.h.p.PoolBase:132 - HikariPool-1 - Closing connection com.mysql.cj.jdbc.ConnectionImpl@6da17d6e: (connection evicted)
2023-12-08 09:33:17.207 DEBUG c.z.h.p.PoolBase:132 - HikariPool-1 - Closing connection com.mysql.cj.jdbc.ConnectionImpl@a35d9b3: (connection evicted)
2023-12-08 09:33:17.208 DEBUG c.z.h.p.PoolBase:132 - HikariPool-1 - Closing connection com.mysql.cj.jdbc.ConnectionImpl@2f203d54: (connection evicted)
2023-12-08 09:33:17.209 DEBUG c.z.h.p.PoolBase:132 - HikariPool-1 - Closing connection com.mysql.cj.jdbc.ConnectionImpl@1f6a0e62: (connection evicted)
2023-12-08 09:33:17.209 DEBUG c.z.h.p.PoolBase:132 - HikariPool-1 - Closing connection com.mysql.cj.jdbc.ConnectionImpl@1b300ba9: (connection evicted)
2023-12-08 09:33:17.210 DEBUG c.z.h.p.PoolBase:132 - HikariPool-1 - Closing connection com.mysql.cj.jdbc.ConnectionImpl@5ad9ace4: (connection evicted)
2023-12-08 09:33:17.210 DEBUG c.z.h.p.PoolBase:132 - HikariPool-1 - Closing connection com.mysql.cj.jdbc.ConnectionImpl@563a983c: (connection evicted)
2023-12-08 09:33:17.211 DEBUG c.z.h.p.PoolBase:132 - HikariPool-1 - Closing connection com.mysql.cj.jdbc.ConnectionImpl@293d0019: (connection evicted)
2023-12-08 09:33:17.212 DEBUG c.z.h.p.PoolBase:132 - HikariPool-1 - Closing connection com.mysql.cj.jdbc.ConnectionImpl@3db76f6: (connection evicted)
2023-12-08 09:33:17.213 DEBUG c.z.h.p.PoolBase:132 - HikariPool-1 - Closing connection com.mysql.cj.jdbc.ConnectionImpl@5d8184dd: (connection evicted)
2023-12-08 09:33:17.213 DEBUG c.z.h.p.PoolBase:132 - HikariPool-1 - Closing connection com.mysql.cj.jdbc.ConnectionImpl@132d67fd: (connection evicted)
2023-12-08 09:33:17.214 DEBUG c.z.h.p.PoolBase:132 - HikariPool-1 - Closing connection com.mysql.cj.jdbc.ConnectionImpl@354531c6: (connection evicted)
2023-12-08 09:33:17.215 DEBUG c.z.h.p.PoolBase:132 - HikariPool-1 - Closing connection com.mysql.cj.jdbc.ConnectionImpl@4816b409: (connection evicted)
2023-12-08 09:33:17.215 DEBUG c.z.h.p.PoolBase:132 - HikariPool-1 - Closing connection com.mysql.cj.jdbc.ConnectionImpl@2f3e9bae: (connection evicted)
2023-12-08 09:33:17.216 DEBUG c.z.h.p.PoolBase:132 - HikariPool-1 - Closing connection com.mysql.cj.jdbc.ConnectionImpl@3a3431a: (connection evicted)
2023-12-08 09:33:17.216 DEBUG c.z.h.p.PoolBase:132 - HikariPool-1 - Closing connection com.mysql.cj.jdbc.ConnectionImpl@21b3e299: (connection evicted)
2023-12-08 09:33:17.217 DEBUG c.z.h.p.PoolBase:132 - HikariPool-1 - Closing connection com.mysql.cj.jdbc.ConnectionImpl@6f602f8: (connection evicted)
2023-12-08 09:33:17.218 DEBUG c.z.h.p.PoolBase:132 - HikariPool-1 - Closing connection com.mysql.cj.jdbc.ConnectionImpl@1d6d21eb: (connection evicted)
2023-12-08 09:33:17.219 DEBUG c.z.h.p.PoolBase:132 - HikariPool-1 - Closing connection com.mysql.cj.jdbc.ConnectionImpl@151c7cff: (connection evicted)
2023-12-08 09:33:17.219 DEBUG c.z.h.p.PoolBase:132 - HikariPool-1 - Closing connection com.mysql.cj.jdbc.ConnectionImpl@67b9da85: (connection evicted)
2023-12-08 09:33:17.220 DEBUG c.z.h.p.PoolBase:132 - HikariPool-1 - Closing connection com.mysql.cj.jdbc.ConnectionImpl@68db0754: (connection evicted)
2023-12-08 09:33:17.221 DEBUG c.z.h.p.PoolBase:132 - HikariPool-1 - Closing connection com.mysql.cj.jdbc.ConnectionImpl@2c467239: (connection evicted)
2023-12-08 09:33:17.222 DEBUG c.z.h.p.PoolBase:132 - HikariPool-1 - Closing connection com.mysql.cj.jdbc.ConnectionImpl@31b37bc8: (connection evicted)
2023-12-08 09:33:17.223 DEBUG c.z.h.p.PoolBase:132 - HikariPool-1 - Closing connection com.mysql.cj.jdbc.ConnectionImpl@3c04e477: (connection evicted)
2023-12-08 09:33:17.224 DEBUG c.z.h.p.PoolBase:132 - HikariPool-1 - Closing connection com.mysql.cj.jdbc.ConnectionImpl@659bf05: (connection evicted)
2023-12-08 09:33:17.224 DEBUG c.z.h.p.PoolBase:132 - HikariPool-1 - Closing connection com.mysql.cj.jdbc.ConnectionImpl@5a8289ba: (connection evicted)
2023-12-08 09:33:17.225 DEBUG c.z.h.p.PoolBase:132 - HikariPool-1 - Closing connection com.mysql.cj.jdbc.ConnectionImpl@4a4e9ded: (connection evicted)
2023-12-08 09:33:17.225 DEBUG c.z.h.p.PoolBase:132 - HikariPool-1 - Closing connection com.mysql.cj.jdbc.ConnectionImpl@32923ca9: (connection evicted)
2023-12-08 09:33:17.226 DEBUG c.z.h.p.PoolBase:132 - HikariPool-1 - Closing connection com.mysql.cj.jdbc.ConnectionImpl@28d76192: (connection evicted)
2023-12-08 09:33:17.227 DEBUG c.z.h.p.PoolBase:132 - HikariPool-1 - Closing connection com.mysql.cj.jdbc.ConnectionImpl@6adfa6d9: (connection evicted)
2023-12-08 09:33:17.227 DEBUG c.z.h.p.PoolBase:132 - HikariPool-1 - Closing connection com.mysql.cj.jdbc.ConnectionImpl@2eb2db32: (connection evicted)
2023-12-08 09:33:17.228 DEBUG c.z.h.p.HikariPool:414 - HikariPool-1 - After shutdown stats (total=0, active=0, idle=0, waiting=0)
2023-12-08 09:33:17.228  INFO c.z.h.HikariDataSource:352 - HikariPool-1 - Shutdown completed.
2023-12-08 09:44:49.362  INFO c.m.s.SmsblockApplication:51 - Starting SmsblockApplication using Java 17.0.9 with PID 3796 (D:\smsblock_Backend\target\classes started by THARSANAK in D:\smsblock_Backend)
2023-12-08 09:44:49.367  INFO c.m.s.SmsblockApplication:638 - No active profile set, falling back to 1 default profile: "default"
2023-12-08 09:44:51.504  INFO o.s.d.r.c.RepositoryConfigurationDelegate:138 - Bootstrapping Spring Data JPA repositories in DEFAULT mode.
2023-12-08 09:44:51.853  INFO o.s.d.r.c.RepositoryConfigurationDelegate:208 - Finished Spring Data repository scanning in 296 ms. Found 2 JPA repository interfaces.
2023-12-08 09:44:54.151  INFO o.s.b.w.e.t.TomcatWebServer:108 - Tomcat initialized with port(s): 8080 (http)
2023-12-08 09:44:54.171  INFO o.a.c.h.Http11NioProtocol:173 - Initializing ProtocolHandler ["http-nio-8080"]
2023-12-08 09:44:54.178  INFO o.a.c.c.StandardService:173 - Starting service [Tomcat]
2023-12-08 09:44:54.180  INFO o.a.c.c.StandardEngine:173 - Starting Servlet engine: [Apache Tomcat/10.1.15]
2023-12-08 09:44:54.570  INFO o.a.c.c.C.[.[.[/]:173 - Initializing Spring embedded WebApplicationContext
2023-12-08 09:44:54.573  INFO o.s.b.w.s.c.ServletWebServerApplicationContext:291 - Root WebApplicationContext: initialization completed in 5071 ms
2023-12-08 09:44:55.087  INFO o.h.j.i.u.LogHelper:31 - HHH000204: Processing PersistenceUnitInfo [name: default]
2023-12-08 09:44:55.307  INFO o.h.Version:44 - HHH000412: Hibernate ORM core version 6.2.13.Final
2023-12-08 09:44:55.315  INFO o.h.c.Environment:191 - HHH000406: Using bytecode reflection optimizer
2023-12-08 09:44:56.255  INFO o.s.o.j.p.SpringPersistenceUnitInfo:87 - No LoadTimeWeaver setup: ignoring JPA class transformer
2023-12-08 09:44:57.605  WARN o.h.o.deprecation:152 - HHH90000025: MySQLDialect does not need to be specified explicitly using 'hibernate.dialect' (remove the property setting and it will be selected by default)
