2024-07-12 14:46:03.494 DEBUG c.z.h.p.HikariPool:738 - HikariPool-1 - Added connection com.mysql.cj.jdbc.ConnectionImpl@6c48ff05
2024-07-12 14:46:03.547 DEBUG c.z.h.p.PoolBase:132 - HikariPool-1 - Closing connection com.mysql.cj.jdbc.ConnectionImpl@43996c2c: (connection has passed maxLifetime)
2024-07-12 14:46:03.587 DEBUG c.z.h.p.HikariPool:738 - HikariPool-1 - Added connection com.mysql.cj.jdbc.ConnectionImpl@7c4507be
2024-07-12 14:46:03.907 DEBUG c.z.h.p.PoolBase:132 - HikariPool-1 - Closing connection com.mysql.cj.jdbc.ConnectionImpl@76bde945: (connection has passed maxLifetime)
2024-07-12 14:46:03.950 DEBUG c.z.h.p.HikariPool:738 - HikariPool-1 - Added connection com.mysql.cj.jdbc.ConnectionImpl@15d48711
2024-07-12 14:46:05.008 DEBUG c.z.h.p.PoolBase:132 - HikariPool-1 - Closing connection com.mysql.cj.jdbc.ConnectionImpl@15af8fe3: (connection has passed maxLifetime)
2024-07-12 14:46:05.029 DEBUG c.z.h.p.HikariPool:738 - HikariPool-1 - Added connection com.mysql.cj.jdbc.ConnectionImpl@186de07e
2024-07-12 14:46:05.298 DEBUG c.z.h.p.PoolBase:132 - HikariPool-1 - Closing connection com.mysql.cj.jdbc.ConnectionImpl@6a93f474: (connection has passed maxLifetime)
2024-07-12 14:46:05.313 DEBUG c.z.h.p.HikariPool:738 - HikariPool-1 - Added connection com.mysql.cj.jdbc.ConnectionImpl@68864b6b
2024-07-12 14:46:05.420 DEBUG c.z.h.p.PoolBase:132 - HikariPool-1 - Closing connection com.mysql.cj.jdbc.ConnectionImpl@14e2993d: (connection has passed maxLifetime)
2024-07-12 14:46:05.442 DEBUG c.z.h.p.HikariPool:738 - HikariPool-1 - Added connection com.mysql.cj.jdbc.ConnectionImpl@582c57d2
2024-07-12 14:46:06.803 DEBUG c.z.h.p.PoolBase:132 - HikariPool-1 - Closing connection com.mysql.cj.jdbc.ConnectionImpl@7bf77848: (connection has passed maxLifetime)
2024-07-12 14:46:06.849 DEBUG c.z.h.p.HikariPool:738 - HikariPool-1 - Added connection com.mysql.cj.jdbc.ConnectionImpl@66e9bbf
2024-07-12 14:46:07.778 DEBUG c.z.h.p.PoolBase:132 - HikariPool-1 - Closing connection com.mysql.cj.jdbc.ConnectionImpl@26251a31: (connection has passed maxLifetime)
2024-07-12 14:46:07.800 DEBUG c.z.h.p.HikariPool:738 - HikariPool-1 - Added connection com.mysql.cj.jdbc.ConnectionImpl@3a177556
2024-07-12 14:46:09.057 DEBUG c.z.h.p.PoolBase:132 - HikariPool-1 - Closing connection com.mysql.cj.jdbc.ConnectionImpl@5a500fe8: (connection has passed maxLifetime)
2024-07-12 14:46:09.074 DEBUG c.z.h.p.HikariPool:738 - HikariPool-1 - Added connection com.mysql.cj.jdbc.ConnectionImpl@5edb321f
2024-07-12 14:46:09.650 DEBUG c.z.h.p.PoolBase:132 - HikariPool-1 - Closing connection com.mysql.cj.jdbc.ConnectionImpl@123c1550: (connection has passed maxLifetime)
2024-07-12 14:46:09.668 DEBUG c.z.h.p.HikariPool:738 - HikariPool-1 - Added connection com.mysql.cj.jdbc.ConnectionImpl@26a368f0
2024-07-12 14:46:10.203 DEBUG c.z.h.p.PoolBase:132 - HikariPool-1 - Closing connection com.mysql.cj.jdbc.ConnectionImpl@36d38939: (connection has passed maxLifetime)
2024-07-12 14:46:10.222 DEBUG c.z.h.p.HikariPool:738 - HikariPool-1 - Added connection com.mysql.cj.jdbc.ConnectionImpl@5a34b169
2024-07-12 14:46:10.529 DEBUG c.z.h.p.PoolBase:132 - HikariPool-1 - Closing connection com.mysql.cj.jdbc.ConnectionImpl@1ed89b1b: (connection has passed maxLifetime)
2024-07-12 14:46:10.545 DEBUG c.z.h.p.HikariPool:738 - HikariPool-1 - Added connection com.mysql.cj.jdbc.ConnectionImpl@38098919
2024-07-12 14:46:10.762 DEBUG c.z.h.p.PoolBase:132 - HikariPool-1 - Closing connection com.mysql.cj.jdbc.ConnectionImpl@53c8ba08: (connection has passed maxLifetime)
2024-07-12 14:46:10.802 DEBUG c.z.h.p.HikariPool:738 - HikariPool-1 - Added connection com.mysql.cj.jdbc.ConnectionImpl@5bf55f2e
2024-07-12 14:46:10.824 DEBUG c.z.h.p.PoolBase:132 - HikariPool-1 - Closing connection com.mysql.cj.jdbc.ConnectionImpl@15d3ccbd: (connection has passed maxLifetime)
2024-07-12 14:46:10.824 DEBUG c.z.h.p.HikariPool:335 - HikariPool-1 - Add connection elided, waiting=0, adders pending/running=1
2024-07-12 14:46:10.846 DEBUG c.z.h.p.HikariPool:738 - HikariPool-1 - Added connection com.mysql.cj.jdbc.ConnectionImpl@2ebcef3f
2024-07-12 14:46:11.170 DEBUG c.z.h.p.PoolBase:132 - HikariPool-1 - Closing connection com.mysql.cj.jdbc.ConnectionImpl@2dd2cfd7: (connection has passed maxLifetime)
2024-07-12 14:46:11.209 DEBUG c.z.h.p.HikariPool:738 - HikariPool-1 - Added connection com.mysql.cj.jdbc.ConnectionImpl@53915cc1
2024-07-12 14:46:11.943 DEBUG c.z.h.p.PoolBase:132 - HikariPool-1 - Closing connection com.mysql.cj.jdbc.ConnectionImpl@3cb017df: (connection has passed maxLifetime)
2024-07-12 14:46:11.958 DEBUG c.z.h.p.PoolBase:132 - HikariPool-1 - Closing connection com.mysql.cj.jdbc.ConnectionImpl@2c37297: (connection has passed maxLifetime)
2024-07-12 14:46:11.958 DEBUG c.z.h.p.HikariPool:335 - HikariPool-1 - Add connection elided, waiting=0, adders pending/running=2
2024-07-12 14:46:11.989 DEBUG c.z.h.p.HikariPool:738 - HikariPool-1 - Added connection com.mysql.cj.jdbc.ConnectionImpl@fa0f0ac
2024-07-12 14:46:12.028 DEBUG c.z.h.p.HikariPool:738 - HikariPool-1 - Added connection com.mysql.cj.jdbc.ConnectionImpl@177f7899
2024-07-12 14:46:12.035 DEBUG c.z.h.p.HikariPool:335 - HikariPool-1 - Add connection elided, waiting=0, adders pending/running=3
2024-07-12 14:46:12.035 DEBUG c.z.h.p.PoolBase:132 - HikariPool-1 - Closing connection com.mysql.cj.jdbc.ConnectionImpl@4b2624df: (connection has passed maxLifetime)
2024-07-12 14:46:12.070 DEBUG c.z.h.p.HikariPool:738 - HikariPool-1 - Added connection com.mysql.cj.jdbc.ConnectionImpl@380b95ad
2024-07-12 14:46:12.335 DEBUG c.z.h.p.PoolBase:132 - HikariPool-1 - Closing connection com.mysql.cj.jdbc.ConnectionImpl@5fb19062: (connection has passed maxLifetime)
2024-07-12 14:46:12.348 DEBUG c.z.h.p.HikariPool:738 - HikariPool-1 - Added connection com.mysql.cj.jdbc.ConnectionImpl@10dfa3b0
2024-07-12 14:46:14.306 DEBUG c.z.h.p.PoolBase:132 - HikariPool-1 - Closing connection com.mysql.cj.jdbc.ConnectionImpl@453513c9: (connection has passed maxLifetime)
2024-07-12 14:46:14.340 DEBUG c.z.h.p.HikariPool:738 - HikariPool-1 - Added connection com.mysql.cj.jdbc.ConnectionImpl@758ee449
2024-07-12 14:46:14.917 DEBUG c.z.h.p.PoolBase:132 - HikariPool-1 - Closing connection com.mysql.cj.jdbc.ConnectionImpl@6378115f: (connection has passed maxLifetime)
2024-07-12 14:46:14.933 DEBUG c.z.h.p.HikariPool:335 - HikariPool-1 - Add connection elided, waiting=0, adders pending/running=2
2024-07-12 14:46:14.933 DEBUG c.z.h.p.PoolBase:132 - HikariPool-1 - Closing connection com.mysql.cj.jdbc.ConnectionImpl@70e1ae1a: (connection has passed maxLifetime)
2024-07-12 14:46:14.960 DEBUG c.z.h.p.HikariPool:738 - HikariPool-1 - Added connection com.mysql.cj.jdbc.ConnectionImpl@21a85584
2024-07-12 14:46:15.016 DEBUG c.z.h.p.HikariPool:738 - HikariPool-1 - Added connection com.mysql.cj.jdbc.ConnectionImpl@575743e6
2024-07-12 14:46:15.153 DEBUG c.z.h.p.PoolBase:132 - HikariPool-1 - Closing connection com.mysql.cj.jdbc.ConnectionImpl@74089d4e: (connection has passed maxLifetime)
2024-07-12 14:46:15.188 DEBUG c.z.h.p.HikariPool:738 - HikariPool-1 - Added connection com.mysql.cj.jdbc.ConnectionImpl@452a5226
2024-07-12 14:46:15.984 DEBUG c.z.h.p.PoolBase:132 - HikariPool-1 - Closing connection com.mysql.cj.jdbc.ConnectionImpl@f25f44c: (connection has passed maxLifetime)
2024-07-12 14:46:16.020 DEBUG c.z.h.p.HikariPool:738 - HikariPool-1 - Added connection com.mysql.cj.jdbc.ConnectionImpl@3724e7d3
2024-07-12 14:46:16.312 DEBUG c.z.h.p.PoolBase:132 - HikariPool-1 - Closing connection com.mysql.cj.jdbc.ConnectionImpl@2375fd2a: (connection has passed maxLifetime)
2024-07-12 14:46:16.349 DEBUG c.z.h.p.HikariPool:738 - HikariPool-1 - Added connection com.mysql.cj.jdbc.ConnectionImpl@6f3215a9
2024-07-12 14:46:16.592 DEBUG c.z.h.p.PoolBase:132 - HikariPool-1 - Closing connection com.mysql.cj.jdbc.ConnectionImpl@34b517c6: (connection has passed maxLifetime)
2024-07-12 14:46:16.626 DEBUG c.z.h.p.HikariPool:738 - HikariPool-1 - Added connection com.mysql.cj.jdbc.ConnectionImpl@2b55a4e9
2024-07-12 14:46:17.848 DEBUG c.z.h.p.PoolBase:132 - HikariPool-1 - Closing connection com.mysql.cj.jdbc.ConnectionImpl@1f925d66: (connection has passed maxLifetime)
2024-07-12 14:46:17.886 DEBUG c.z.h.p.HikariPool:738 - HikariPool-1 - Added connection com.mysql.cj.jdbc.ConnectionImpl@5aba4581
2024-07-12 14:46:18.068 DEBUG c.z.h.p.PoolBase:132 - HikariPool-1 - Closing connection com.mysql.cj.jdbc.ConnectionImpl@5c0e2ec: (connection has passed maxLifetime)
2024-07-12 14:46:18.105 DEBUG c.z.h.p.HikariPool:738 - HikariPool-1 - Added connection com.mysql.cj.jdbc.ConnectionImpl@19659bb9
2024-07-12 14:46:19.226 DEBUG c.z.h.p.PoolBase:132 - HikariPool-1 - Closing connection com.mysql.cj.jdbc.ConnectionImpl@52462f41: (connection has passed maxLifetime)
2024-07-12 14:46:19.262 DEBUG c.z.h.p.HikariPool:738 - HikariPool-1 - Added connection com.mysql.cj.jdbc.ConnectionImpl@604ee97e
2024-07-12 14:46:19.541 DEBUG c.z.h.p.PoolBase:132 - HikariPool-1 - Closing connection com.mysql.cj.jdbc.ConnectionImpl@51e47c4: (connection has passed maxLifetime)
2024-07-12 14:46:19.577 DEBUG c.z.h.p.HikariPool:738 - HikariPool-1 - Added connection com.mysql.cj.jdbc.ConnectionImpl@4277c5ca
2024-07-12 14:46:19.805 DEBUG c.z.h.p.PoolBase:132 - HikariPool-1 - Closing connection com.mysql.cj.jdbc.ConnectionImpl@4ec664ea: (connection has passed maxLifetime)
2024-07-12 14:46:19.841 DEBUG c.z.h.p.HikariPool:738 - HikariPool-1 - Added connection com.mysql.cj.jdbc.ConnectionImpl@3ca196c2
2024-07-12 14:46:30.559 DEBUG c.z.h.p.HikariPool:414 - HikariPool-1 - Before cleanup stats (total=50, active=0, idle=50, waiting=0)
2024-07-12 14:46:30.560 DEBUG c.z.h.p.HikariPool:414 - HikariPool-1 - After cleanup  stats (total=50, active=0, idle=50, waiting=0)
2024-07-12 14:46:30.561 DEBUG c.z.h.p.HikariPool:521 - HikariPool-1 - Fill pool skipped, pool has sufficient level or currently being filled (queueDepth=0).
2024-07-12 14:47:00.572 DEBUG c.z.h.p.HikariPool:414 - HikariPool-1 - Before cleanup stats (total=50, active=0, idle=50, waiting=0)
2024-07-12 14:47:00.572 DEBUG c.z.h.p.HikariPool:414 - HikariPool-1 - After cleanup  stats (total=50, active=0, idle=50, waiting=0)
2024-07-12 14:47:00.572 DEBUG c.z.h.p.HikariPool:521 - HikariPool-1 - Fill pool skipped, pool has sufficient level or currently being filled (queueDepth=0).
