2023-12-08 09:32:56.172 DEBUG o.s.w.s.DispatcherServlet:120 - GET "/mobile/83", parameters={}
2023-12-08 09:32:56.176 DEBUG o.s.w.s.m.m.a.RequestMappingHandlerMapping:528 - Mapped to com.mobitel.smsblock.controller.SmsBlockBlacklistController#getBlocklistBySmsBlockMobile(Integer)
2023-12-08 09:32:56.176 DEBUG o.s.o.j.s.OpenEntityManagerInViewInterceptor:86 - Opening JPA EntityManager in OpenEntityManagerInViewInterceptor
2023-12-08 09:32:56.179 DEBUG o.h.o.s.exec:455 - Skipping reading Query result cache data: cache-enabled = false, cache-mode = NORMAL
2023-12-08 09:32:56.180 DEBUG o.h.o.results:56 - Initializer list is empty
2023-12-08 09:32:56.181 DEBUG o.h.SQL:133 - select s1_0.blacklist_mobile,s1_0.sms_block_mobile_id,s1_0.comment,s1_0.activated_on,s1_0.added_by from sms_block_blacklisted_mobile s1_0 where s1_0.sms_block_mobile_id=? and s1_0.status='ACT'
2023-12-08 09:32:56.204 DEBUG o.h.o.r.loading:93 - Calling top-level assembler (0 / 1) : org.hibernate.sql.results.graph.instantiation.internal.DynamicInstantiationAssemblerConstructorImpl@2046c225
2023-12-08 09:32:56.204 DEBUG o.h.o.results:61 - Extracted JDBC value [0] - [0729892220]
2023-12-08 09:32:56.204 DEBUG o.h.o.results:61 - Extracted JDBC value [1] - [83]
2023-12-08 09:32:56.204 DEBUG o.h.o.results:61 - Extracted JDBC value [2] - [null]
2023-12-08 09:32:56.205 DEBUG o.h.o.results:61 - Extracted JDBC value [3] - [2023-12-08 09:32:02.0]
2023-12-08 09:32:56.205 DEBUG o.h.o.results:61 - Extracted JDBC value [4] - [tharsana]
2023-12-08 09:32:56.205 DEBUG o.h.o.r.loading:93 - Calling top-level assembler (0 / 1) : org.hibernate.sql.results.graph.instantiation.internal.DynamicInstantiationAssemblerConstructorImpl@2046c225
2023-12-08 09:32:56.205 DEBUG o.h.o.results:61 - Extracted JDBC value [0] - [0722000070]
2023-12-08 09:32:56.205 DEBUG o.h.o.results:61 - Extracted JDBC value [1] - [83]
2023-12-08 09:32:56.206 DEBUG o.h.o.results:61 - Extracted JDBC value [2] - [null]
2023-12-08 09:32:56.206 DEBUG o.h.o.results:61 - Extracted JDBC value [3] - [2023-12-08 09:32:45.0]
2023-12-08 09:32:56.206 DEBUG o.h.o.results:61 - Extracted JDBC value [4] - [tharsana]
2023-12-08 09:32:56.206 DEBUG o.s.w.s.m.m.a.HttpEntityMethodProcessor:275 - Using 'application/json', given [application/json, text/plain, */*] and supported [application/json, application/*+json]
2023-12-08 09:32:56.207 DEBUG o.s.w.s.m.m.a.HttpEntityMethodProcessor:120 - Writing [[com.mobitel.smsblock.dto.SmsBlockBlacklistDto@647c4975, com.mobitel.smsblock.dto.SmsBlockBlacklistD (truncated)...]
2023-12-08 09:32:56.207 DEBUG o.s.o.j.s.OpenEntityManagerInViewInterceptor:111 - Closing JPA EntityManager in OpenEntityManagerInViewInterceptor
2023-12-08 09:32:56.208 DEBUG o.s.w.s.DispatcherServlet:1135 - Completed 200 OK
2023-12-08 09:32:56.209 DEBUG o.s.w.s.DispatcherServlet:120 - GET "/mobile/83", parameters={}
2023-12-08 09:32:56.210 DEBUG o.s.w.s.m.m.a.RequestMappingHandlerMapping:528 - Mapped to com.mobitel.smsblock.controller.SmsBlockBlacklistController#getBlocklistBySmsBlockMobile(Integer)
2023-12-08 09:32:56.210 DEBUG o.s.o.j.s.OpenEntityManagerInViewInterceptor:86 - Opening JPA EntityManager in OpenEntityManagerInViewInterceptor
2023-12-08 09:32:56.212 DEBUG o.h.o.s.exec:455 - Skipping reading Query result cache data: cache-enabled = false, cache-mode = NORMAL
2023-12-08 09:32:56.213 DEBUG o.h.o.results:56 - Initializer list is empty
2023-12-08 09:32:56.213 DEBUG o.h.SQL:133 - select s1_0.blacklist_mobile,s1_0.sms_block_mobile_id,s1_0.comment,s1_0.activated_on,s1_0.added_by from sms_block_blacklisted_mobile s1_0 where s1_0.sms_block_mobile_id=? and s1_0.status='ACT'
2023-12-08 09:32:56.215 DEBUG o.h.o.r.loading:93 - Calling top-level assembler (0 / 1) : org.hibernate.sql.results.graph.instantiation.internal.DynamicInstantiationAssemblerConstructorImpl@1fcfa2b7
2023-12-08 09:32:56.215 DEBUG o.h.o.results:61 - Extracted JDBC value [0] - [0729892220]
2023-12-08 09:32:56.215 DEBUG o.h.o.results:61 - Extracted JDBC value [1] - [83]
2023-12-08 09:32:56.216 DEBUG o.h.o.results:61 - Extracted JDBC value [2] - [null]
2023-12-08 09:32:56.216 DEBUG o.h.o.results:61 - Extracted JDBC value [3] - [2023-12-08 09:32:02.0]
2023-12-08 09:32:56.216 DEBUG o.h.o.results:61 - Extracted JDBC value [4] - [tharsana]
2023-12-08 09:32:56.217 DEBUG o.h.o.r.loading:93 - Calling top-level assembler (0 / 1) : org.hibernate.sql.results.graph.instantiation.internal.DynamicInstantiationAssemblerConstructorImpl@1fcfa2b7
2023-12-08 09:32:56.217 DEBUG o.h.o.results:61 - Extracted JDBC value [0] - [0722000070]
2023-12-08 09:32:56.218 DEBUG o.h.o.results:61 - Extracted JDBC value [1] - [83]
2023-12-08 09:32:56.218 DEBUG o.h.o.results:61 - Extracted JDBC value [2] - [null]
2023-12-08 09:32:56.218 DEBUG o.h.o.results:61 - Extracted JDBC value [3] - [2023-12-08 09:32:45.0]
2023-12-08 09:32:56.219 DEBUG o.h.o.results:61 - Extracted JDBC value [4] - [tharsana]
2023-12-08 09:32:56.219 DEBUG o.s.w.s.m.m.a.HttpEntityMethodProcessor:275 - Using 'application/json', given [application/json, text/plain, */*] and supported [application/json, application/*+json]
2023-12-08 09:32:56.220 DEBUG o.s.w.s.m.m.a.HttpEntityMethodProcessor:120 - Writing [[com.mobitel.smsblock.dto.SmsBlockBlacklistDto@4e04b787, com.mobitel.smsblock.dto.SmsBlockBlacklistD (truncated)...]
2023-12-08 09:32:56.221 DEBUG o.s.o.j.s.OpenEntityManagerInViewInterceptor:111 - Closing JPA EntityManager in OpenEntityManagerInViewInterceptor
2023-12-08 09:32:56.221 DEBUG o.s.w.s.DispatcherServlet:1135 - Completed 200 OK
2023-12-08 09:32:59.445 DEBUG o.s.w.s.DispatcherServlet:120 - GET "/mobile/83", parameters={}
2023-12-08 09:32:59.446 DEBUG o.s.w.s.m.m.a.RequestMappingHandlerMapping:528 - Mapped to com.mobitel.smsblock.controller.SmsBlockBlacklistController#getBlocklistBySmsBlockMobile(Integer)
2023-12-08 09:32:59.448 DEBUG o.s.o.j.s.OpenEntityManagerInViewInterceptor:86 - Opening JPA EntityManager in OpenEntityManagerInViewInterceptor
2023-12-08 09:32:59.450 DEBUG o.h.o.s.exec:455 - Skipping reading Query result cache data: cache-enabled = false, cache-mode = NORMAL
2023-12-08 09:32:59.450 DEBUG o.h.o.results:56 - Initializer list is empty
2023-12-08 09:32:59.450 DEBUG o.h.SQL:133 - select s1_0.blacklist_mobile,s1_0.sms_block_mobile_id,s1_0.comment,s1_0.activated_on,s1_0.added_by from sms_block_blacklisted_mobile s1_0 where s1_0.sms_block_mobile_id=? and s1_0.status='ACT'
2023-12-08 09:32:59.452 DEBUG o.h.o.r.loading:93 - Calling top-level assembler (0 / 1) : org.hibernate.sql.results.graph.instantiation.internal.DynamicInstantiationAssemblerConstructorImpl@61e5347e
2023-12-08 09:32:59.452 DEBUG o.h.o.results:61 - Extracted JDBC value [0] - [0729892220]
2023-12-08 09:32:59.453 DEBUG o.h.o.results:61 - Extracted JDBC value [1] - [83]
2023-12-08 09:32:59.453 DEBUG o.h.o.results:61 - Extracted JDBC value [2] - [null]
2023-12-08 09:32:59.453 DEBUG o.h.o.results:61 - Extracted JDBC value [3] - [2023-12-08 09:32:02.0]
2023-12-08 09:32:59.453 DEBUG o.h.o.results:61 - Extracted JDBC value [4] - [tharsana]
2023-12-08 09:32:59.454 DEBUG o.h.o.r.loading:93 - Calling top-level assembler (0 / 1) : org.hibernate.sql.results.graph.instantiation.internal.DynamicInstantiationAssemblerConstructorImpl@61e5347e
2023-12-08 09:32:59.454 DEBUG o.h.o.results:61 - Extracted JDBC value [0] - [0722000070]
2023-12-08 09:32:59.454 DEBUG o.h.o.results:61 - Extracted JDBC value [1] - [83]
2023-12-08 09:32:59.455 DEBUG o.h.o.results:61 - Extracted JDBC value [2] - [null]
2023-12-08 09:32:59.455 DEBUG o.h.o.results:61 - Extracted JDBC value [3] - [2023-12-08 09:32:45.0]
2023-12-08 09:32:59.455 DEBUG o.h.o.results:61 - Extracted JDBC value [4] - [tharsana]
2023-12-08 09:32:59.456 DEBUG o.s.w.s.m.m.a.HttpEntityMethodProcessor:275 - Using 'application/json', given [application/json, text/plain, */*] and supported [application/json, application/*+json]
2023-12-08 09:32:59.456 DEBUG o.s.w.s.m.m.a.HttpEntityMethodProcessor:120 - Writing [[com.mobitel.smsblock.dto.SmsBlockBlacklistDto@30501ba9, com.mobitel.smsblock.dto.SmsBlockBlacklistD (truncated)...]
2023-12-08 09:32:59.457 DEBUG o.s.o.j.s.OpenEntityManagerInViewInterceptor:111 - Closing JPA EntityManager in OpenEntityManagerInViewInterceptor
2023-12-08 09:32:59.458 DEBUG o.s.w.s.DispatcherServlet:1135 - Completed 200 OK
2023-12-08 09:32:59.460 DEBUG o.s.w.s.DispatcherServlet:120 - GET "/mobile/83", parameters={}
2023-12-08 09:32:59.461 DEBUG o.s.w.s.m.m.a.RequestMappingHandlerMapping:528 - Mapped to com.mobitel.smsblock.controller.SmsBlockBlacklistController#getBlocklistBySmsBlockMobile(Integer)
2023-12-08 09:32:59.462 DEBUG o.s.o.j.s.OpenEntityManagerInViewInterceptor:86 - Opening JPA EntityManager in OpenEntityManagerInViewInterceptor
2023-12-08 09:32:59.463 DEBUG o.h.o.s.exec:455 - Skipping reading Query result cache data: cache-enabled = false, cache-mode = NORMAL
2023-12-08 09:32:59.464 DEBUG o.h.o.results:56 - Initializer list is empty
2023-12-08 09:32:59.464 DEBUG o.h.SQL:133 - select s1_0.blacklist_mobile,s1_0.sms_block_mobile_id,s1_0.comment,s1_0.activated_on,s1_0.added_by from sms_block_blacklisted_mobile s1_0 where s1_0.sms_block_mobile_id=? and s1_0.status='ACT'
2023-12-08 09:32:59.466 DEBUG o.h.o.r.loading:93 - Calling top-level assembler (0 / 1) : org.hibernate.sql.results.graph.instantiation.internal.DynamicInstantiationAssemblerConstructorImpl@2731451a
2023-12-08 09:32:59.467 DEBUG o.h.o.results:61 - Extracted JDBC value [0] - [0729892220]
2023-12-08 09:32:59.468 DEBUG o.h.o.results:61 - Extracted JDBC value [1] - [83]
2023-12-08 09:32:59.468 DEBUG o.h.o.results:61 - Extracted JDBC value [2] - [null]
2023-12-08 09:32:59.468 DEBUG o.h.o.results:61 - Extracted JDBC value [3] - [2023-12-08 09:32:02.0]
2023-12-08 09:32:59.470 DEBUG o.h.o.results:61 - Extracted JDBC value [4] - [tharsana]
2023-12-08 09:32:59.470 DEBUG o.h.o.r.loading:93 - Calling top-level assembler (0 / 1) : org.hibernate.sql.results.graph.instantiation.internal.DynamicInstantiationAssemblerConstructorImpl@2731451a
2023-12-08 09:32:59.470 DEBUG o.h.o.results:61 - Extracted JDBC value [0] - [0722000070]
2023-12-08 09:32:59.471 DEBUG o.h.o.results:61 - Extracted JDBC value [1] - [83]
2023-12-08 09:32:59.471 DEBUG o.h.o.results:61 - Extracted JDBC value [2] - [null]
2023-12-08 09:32:59.471 DEBUG o.h.o.results:61 - Extracted JDBC value [3] - [2023-12-08 09:32:45.0]
2023-12-08 09:32:59.471 DEBUG o.h.o.results:61 - Extracted JDBC value [4] - [tharsana]
2023-12-08 09:32:59.472 DEBUG o.s.w.s.m.m.a.HttpEntityMethodProcessor:275 - Using 'application/json', given [application/json, text/plain, */*] and supported [application/json, application/*+json]
2023-12-08 09:32:59.472 DEBUG o.s.w.s.m.m.a.HttpEntityMethodProcessor:120 - Writing [[com.mobitel.smsblock.dto.SmsBlockBlacklistDto@7642ae62, com.mobitel.smsblock.dto.SmsBlockBlacklistD (truncated)...]
2023-12-08 09:32:59.473 DEBUG o.s.o.j.s.OpenEntityManagerInViewInterceptor:111 - Closing JPA EntityManager in OpenEntityManagerInViewInterceptor
2023-12-08 09:32:59.473 DEBUG o.s.w.s.DispatcherServlet:1135 - Completed 200 OK
