2024-07-12 15:45:24.511 DEBUG o.s.b.a.ApplicationAvailabilityBean:77 - Application availability state ReadinessState changed from ACCEPTING_TRAFFIC to REFUSING_TRAFFIC
2024-07-12 15:45:24.517 DEBUG o.s.b.w.s.c.AnnotationConfigServletWebServerApplicationContext:1062 - Closing org.springframework.boot.web.servlet.context.AnnotationConfigServletWebServerApplicationContext@1c481ff2, started on Fri Jul 12 15:45:10 IST 2024
2024-07-12 15:45:24.519 DEBUG o.s.c.s.DefaultLifecycleProcessor:366 - Stopping beans in phase 2147482623
2024-07-12 15:45:24.521 DEBUG o.s.c.s.DefaultLifecycleProcessor:239 - Bean 'webServerGracefulShutdown' completed its stop procedure
2024-07-12 15:45:24.521 DEBUG o.s.c.s.DefaultLifecycleProcessor:366 - Stopping beans in phase 2147481599
2024-07-12 15:45:24.560 DEBUG o.s.c.s.DefaultLifecycleProcessor:239 - Bean 'webServerStartStop' completed its stop procedure
2024-07-12 15:45:24.560 DEBUG o.s.c.s.DefaultLifecycleProcessor:366 - Stopping beans in phase -2147483647
2024-07-12 15:45:24.561 DEBUG o.s.c.s.DefaultLifecycleProcessor:239 - Bean 'springBootLoggingLifecycle' completed its stop procedure
2024-07-12 15:45:24.561 DEBUG o.s.s.c.ThreadPoolTaskExecutor:224 - Shutting down ExecutorService 'applicationTaskExecutor'
2024-07-12 15:45:24.562  INFO o.s.o.j.LocalContainerEntityManagerFactoryBean:650 - Closing JPA EntityManagerFactory for persistence unit 'default'
2024-07-12 15:45:24.562 DEBUG o.h.i.SessionFactoryImpl:864 - HHH000031: Closing
2024-07-12 15:45:24.563 DEBUG o.h.t.s.TypeConfiguration$Scope:550 - Un-scoping TypeConfiguration [org.hibernate.type.spi.TypeConfiguration$Scope@35b71b19] from SessionFactory [org.hibernate.internal.SessionFactoryImpl@15c3849f]
2024-07-12 15:45:24.563 DEBUG o.h.s.i.AbstractServiceRegistryImpl:413 - Implicitly destroying ServiceRegistry on de-registration of all child ServiceRegistries
2024-07-12 15:45:24.564 DEBUG o.h.b.r.i.BootstrapServiceRegistryImpl:296 - Implicitly destroying Boot-strap registry on de-registration of all child ServiceRegistries
2024-07-12 15:45:24.564  INFO c.z.h.HikariDataSource:350 - HikariPool-1 - Shutdown initiated...
2024-07-12 15:45:24.564 DEBUG c.z.h.p.HikariPool:414 - HikariPool-1 - Before shutdown stats (total=50, active=0, idle=50, waiting=0)
2024-07-12 15:45:24.566 DEBUG c.z.h.p.PoolBase:132 - HikariPool-1 - Closing connection com.mysql.cj.jdbc.ConnectionImpl@6e981e78: (connection evicted)
2024-07-12 15:45:24.569 DEBUG c.z.h.p.PoolBase:132 - HikariPool-1 - Closing connection com.mysql.cj.jdbc.ConnectionImpl@41a183c2: (connection evicted)
2024-07-12 15:45:24.570 DEBUG c.z.h.p.PoolBase:132 - HikariPool-1 - Closing connection com.mysql.cj.jdbc.ConnectionImpl@218e7c8d: (connection evicted)
2024-07-12 15:45:24.571 DEBUG c.z.h.p.PoolBase:132 - HikariPool-1 - Closing connection com.mysql.cj.jdbc.ConnectionImpl@79601d76: (connection evicted)
2024-07-12 15:45:24.572 DEBUG c.z.h.p.PoolBase:132 - HikariPool-1 - Closing connection com.mysql.cj.jdbc.ConnectionImpl@25c0a1aa: (connection evicted)
2024-07-12 15:45:24.573 DEBUG c.z.h.p.PoolBase:132 - HikariPool-1 - Closing connection com.mysql.cj.jdbc.ConnectionImpl@6b777474: (connection evicted)
2024-07-12 15:45:24.574 DEBUG c.z.h.p.PoolBase:132 - HikariPool-1 - Closing connection com.mysql.cj.jdbc.ConnectionImpl@7add19fa: (connection evicted)
2024-07-12 15:45:24.575 DEBUG c.z.h.p.PoolBase:132 - HikariPool-1 - Closing connection com.mysql.cj.jdbc.ConnectionImpl@12e3b48a: (connection evicted)
2024-07-12 15:45:24.576 DEBUG c.z.h.p.PoolBase:132 - HikariPool-1 - Closing connection com.mysql.cj.jdbc.ConnectionImpl@5b7fa52b: (connection evicted)
2024-07-12 15:45:24.577 DEBUG c.z.h.p.PoolBase:132 - HikariPool-1 - Closing connection com.mysql.cj.jdbc.ConnectionImpl@2b4c8140: (connection evicted)
2024-07-12 15:45:24.578 DEBUG c.z.h.p.PoolBase:132 - HikariPool-1 - Closing connection com.mysql.cj.jdbc.ConnectionImpl@7575152f: (connection evicted)
2024-07-12 15:45:24.579 DEBUG c.z.h.p.PoolBase:132 - HikariPool-1 - Closing connection com.mysql.cj.jdbc.ConnectionImpl@566199cf: (connection evicted)
2024-07-12 15:45:24.579 DEBUG c.z.h.p.PoolBase:132 - HikariPool-1 - Closing connection com.mysql.cj.jdbc.ConnectionImpl@735eb633: (connection evicted)
2024-07-12 15:45:24.580 DEBUG c.z.h.p.PoolBase:132 - HikariPool-1 - Closing connection com.mysql.cj.jdbc.ConnectionImpl@238ff22b: (connection evicted)
2024-07-12 15:45:24.581 DEBUG c.z.h.p.PoolBase:132 - HikariPool-1 - Closing connection com.mysql.cj.jdbc.ConnectionImpl@535242f5: (connection evicted)
2024-07-12 15:45:24.582 DEBUG c.z.h.p.PoolBase:132 - HikariPool-1 - Closing connection com.mysql.cj.jdbc.ConnectionImpl@b8270af: (connection evicted)
2024-07-12 15:45:24.583 DEBUG c.z.h.p.PoolBase:132 - HikariPool-1 - Closing connection com.mysql.cj.jdbc.ConnectionImpl@45f09134: (connection evicted)
2024-07-12 15:45:24.584 DEBUG c.z.h.p.PoolBase:132 - HikariPool-1 - Closing connection com.mysql.cj.jdbc.ConnectionImpl@6c546c29: (connection evicted)
2024-07-12 15:45:24.585 DEBUG c.z.h.p.PoolBase:132 - HikariPool-1 - Closing connection com.mysql.cj.jdbc.ConnectionImpl@4ca7409c: (connection evicted)
2024-07-12 15:45:24.586 DEBUG c.z.h.p.PoolBase:132 - HikariPool-1 - Closing connection com.mysql.cj.jdbc.ConnectionImpl@2c5122a2: (connection evicted)
2024-07-12 15:45:24.586 DEBUG c.z.h.p.PoolBase:132 - HikariPool-1 - Closing connection com.mysql.cj.jdbc.ConnectionImpl@2f273059: (connection evicted)
2024-07-12 15:45:24.587 DEBUG c.z.h.p.PoolBase:132 - HikariPool-1 - Closing connection com.mysql.cj.jdbc.ConnectionImpl@30a97b21: (connection evicted)
2024-07-12 15:45:24.587 DEBUG c.z.h.p.PoolBase:132 - HikariPool-1 - Closing connection com.mysql.cj.jdbc.ConnectionImpl@6e626fb4: (connection evicted)
2024-07-12 15:45:24.588 DEBUG c.z.h.p.PoolBase:132 - HikariPool-1 - Closing connection com.mysql.cj.jdbc.ConnectionImpl@400c190d: (connection evicted)
2024-07-12 15:45:24.589 DEBUG c.z.h.p.PoolBase:132 - HikariPool-1 - Closing connection com.mysql.cj.jdbc.ConnectionImpl@4c262b15: (connection evicted)
2024-07-12 15:45:24.589 DEBUG c.z.h.p.PoolBase:132 - HikariPool-1 - Closing connection com.mysql.cj.jdbc.ConnectionImpl@6f2f954e: (connection evicted)
2024-07-12 15:45:24.590 DEBUG c.z.h.p.PoolBase:132 - HikariPool-1 - Closing connection com.mysql.cj.jdbc.ConnectionImpl@4148914: (connection evicted)
2024-07-12 15:45:24.590 DEBUG c.z.h.p.PoolBase:132 - HikariPool-1 - Closing connection com.mysql.cj.jdbc.ConnectionImpl@1111f57: (connection evicted)
2024-07-12 15:45:24.591 DEBUG c.z.h.p.PoolBase:132 - HikariPool-1 - Closing connection com.mysql.cj.jdbc.ConnectionImpl@63e5c3f0: (connection evicted)
2024-07-12 15:45:24.592 DEBUG c.z.h.p.PoolBase:132 - HikariPool-1 - Closing connection com.mysql.cj.jdbc.ConnectionImpl@43c4fd19: (connection evicted)
2024-07-12 15:45:24.592 DEBUG c.z.h.p.PoolBase:132 - HikariPool-1 - Closing connection com.mysql.cj.jdbc.ConnectionImpl@917706: (connection evicted)
2024-07-12 15:45:24.593 DEBUG c.z.h.p.PoolBase:132 - HikariPool-1 - Closing connection com.mysql.cj.jdbc.ConnectionImpl@1bc5d2b4: (connection evicted)
2024-07-12 15:45:24.593 DEBUG c.z.h.p.PoolBase:132 - HikariPool-1 - Closing connection com.mysql.cj.jdbc.ConnectionImpl@6b02e247: (connection evicted)
2024-07-12 15:45:24.594 DEBUG c.z.h.p.PoolBase:132 - HikariPool-1 - Closing connection com.mysql.cj.jdbc.ConnectionImpl@4fd8e0d3: (connection evicted)
2024-07-12 15:45:24.595 DEBUG c.z.h.p.PoolBase:132 - HikariPool-1 - Closing connection com.mysql.cj.jdbc.ConnectionImpl@57701644: (connection evicted)
2024-07-12 15:45:24.595 DEBUG c.z.h.p.PoolBase:132 - HikariPool-1 - Closing connection com.mysql.cj.jdbc.ConnectionImpl@4be52868: (connection evicted)
2024-07-12 15:45:24.596 DEBUG c.z.h.p.PoolBase:132 - HikariPool-1 - Closing connection com.mysql.cj.jdbc.ConnectionImpl@516c9d9a: (connection evicted)
2024-07-12 15:45:24.597 DEBUG c.z.h.p.PoolBase:132 - HikariPool-1 - Closing connection com.mysql.cj.jdbc.ConnectionImpl@6c71e0ea: (connection evicted)
2024-07-12 15:45:24.598 DEBUG c.z.h.p.PoolBase:132 - HikariPool-1 - Closing connection com.mysql.cj.jdbc.ConnectionImpl@1439d5e4: (connection evicted)
2024-07-12 15:45:24.599 DEBUG c.z.h.p.PoolBase:132 - HikariPool-1 - Closing connection com.mysql.cj.jdbc.ConnectionImpl@50478430: (connection evicted)
2024-07-12 15:45:24.600 DEBUG c.z.h.p.PoolBase:132 - HikariPool-1 - Closing connection com.mysql.cj.jdbc.ConnectionImpl@4b268f0a: (connection evicted)
2024-07-12 15:45:24.601 DEBUG c.z.h.p.PoolBase:132 - HikariPool-1 - Closing connection com.mysql.cj.jdbc.ConnectionImpl@6ffcfc0: (connection evicted)
2024-07-12 15:45:24.602 DEBUG c.z.h.p.PoolBase:132 - HikariPool-1 - Closing connection com.mysql.cj.jdbc.ConnectionImpl@3f8383a6: (connection evicted)
2024-07-12 15:45:24.602 DEBUG c.z.h.p.PoolBase:132 - HikariPool-1 - Closing connection com.mysql.cj.jdbc.ConnectionImpl@4d5585: (connection evicted)
2024-07-12 15:45:24.603 DEBUG c.z.h.p.PoolBase:132 - HikariPool-1 - Closing connection com.mysql.cj.jdbc.ConnectionImpl@73d131c1: (connection evicted)
2024-07-12 15:45:24.604 DEBUG c.z.h.p.PoolBase:132 - HikariPool-1 - Closing connection com.mysql.cj.jdbc.ConnectionImpl@4112d2d8: (connection evicted)
2024-07-12 15:45:24.604 DEBUG c.z.h.p.PoolBase:132 - HikariPool-1 - Closing connection com.mysql.cj.jdbc.ConnectionImpl@bdd36aa: (connection evicted)
2024-07-12 15:45:24.605 DEBUG c.z.h.p.PoolBase:132 - HikariPool-1 - Closing connection com.mysql.cj.jdbc.ConnectionImpl@3dacacc4: (connection evicted)
2024-07-12 15:45:24.606 DEBUG c.z.h.p.PoolBase:132 - HikariPool-1 - Closing connection com.mysql.cj.jdbc.ConnectionImpl@6c1e09b4: (connection evicted)
2024-07-12 15:45:24.607 DEBUG c.z.h.p.PoolBase:132 - HikariPool-1 - Closing connection com.mysql.cj.jdbc.ConnectionImpl@275a2778: (connection evicted)
2024-07-12 15:45:24.608 DEBUG c.z.h.p.HikariPool:414 - HikariPool-1 - After shutdown stats (total=0, active=0, idle=0, waiting=0)
2024-07-12 15:45:24.608  INFO c.z.h.HikariDataSource:352 - HikariPool-1 - Shutdown completed.
2024-07-12 15:45:46.176  INFO c.m.s.SmsblockApplication:51 - Starting SmsblockApplication using Java 17.0.9 with PID 734264 (D:\smsblock_Backend_hiernate\target\classes started by THARSANAK in D:\smsblock_Backend_hiernate)
2024-07-12 15:45:46.180 DEBUG c.m.s.SmsblockApplication:52 - Running with Spring Boot v3.1.5, Spring v6.0.13
2024-07-12 15:45:46.181  INFO c.m.s.SmsblockApplication:638 - No active profile set, falling back to 1 default profile: "default"
2024-07-12 15:45:46.182 DEBUG o.s.b.SpringApplication:671 - Loading source class com.myproject.smsblock.SmsblockApplication
2024-07-12 15:45:46.259 DEBUG o.s.b.w.s.c.AnnotationConfigServletWebServerApplicationContext:662 - Refreshing org.springframework.boot.web.servlet.context.AnnotationConfigServletWebServerApplicationContext@1c481ff2
2024-07-12 15:45:46.302 DEBUG o.s.b.f.s.DefaultListableBeanFactory:225 - Creating shared instance of singleton bean 'org.springframework.context.annotation.internalConfigurationAnnotationProcessor'
2024-07-12 15:45:46.339 DEBUG o.s.b.f.s.DefaultListableBeanFactory:225 - Creating shared instance of singleton bean 'org.springframework.boot.autoconfigure.internalCachingMetadataReaderFactory'
2024-07-12 15:45:46.453 DEBUG o.s.c.a.ClassPathBeanDefinitionScanner:441 - Identified candidate component class: file [D:\smsblock_Backend_hiernate\target\classes\com\mobitel\smsblock\config\SwaggerConfig.class]
2024-07-12 15:45:46.498 DEBUG o.s.c.a.ClassPathBeanDefinitionScanner:441 - Identified candidate component class: file [D:\smsblock_Backend_hiernate\target\classes\com\mobitel\smsblock\controller\SmsBlockBlacklistController.class]
2024-07-12 15:45:46.501 DEBUG o.s.c.a.ClassPathBeanDefinitionScanner:441 - Identified candidate component class: file [D:\smsblock_Backend_hiernate\target\classes\com\mobitel\smsblock\controller\SmsBlockMobileController.class]
2024-07-12 15:45:46.506 DEBUG o.s.c.a.ClassPathBeanDefinitionScanner:441 - Identified candidate component class: file [D:\smsblock_Backend_hiernate\target\classes\com\mobitel\smsblock\entity\JpaConfig.class]
2024-07-12 15:45:46.524 DEBUG o.s.c.a.ClassPathBeanDefinitionScanner:447 - Ignored because not a concrete top-level class: file [D:\smsblock_Backend_hiernate\target\classes\com\mobitel\smsblock\repository\SmsBlockBlacklistRepository.class]
2024-07-12 15:45:46.526 DEBUG o.s.c.a.ClassPathBeanDefinitionScanner:447 - Ignored because not a concrete top-level class: file [D:\smsblock_Backend_hiernate\target\classes\com\mobitel\smsblock\repository\SmsBlockMobileRepository.class]
2024-07-12 15:45:46.529 DEBUG o.s.c.a.ClassPathBeanDefinitionScanner:441 - Identified candidate component class: file [D:\smsblock_Backend_hiernate\target\classes\com\mobitel\smsblock\services\impl\SmsBlockBlacklistServiceImpl.class]
2024-07-12 15:45:46.531 DEBUG o.s.c.a.ClassPathBeanDefinitionScanner:441 - Identified candidate component class: file [D:\smsblock_Backend_hiernate\target\classes\com\mobitel\smsblock\services\impl\SmsBlockMobileServiceImpl.class]
2024-07-12 15:45:46.627 DEBUG o.s.c.a.ClassPathBeanDefinitionScanner:441 - Identified candidate component class: URL [jar:file:/C:/Users/Tharsanak/.m2/repository/io/springfox/springfox-swagger2/3.0.0/springfox-swagger2-3.0.0.jar!/springfox/documentation/swagger2/mappers/ServiceModelToSwagger2MapperImpl.class]
2024-07-12 15:45:46.629 DEBUG o.s.c.a.ClassPathBeanDefinitionScanner:441 - Identified candidate component class: URL [jar:file:/C:/Users/Tharsanak/.m2/repository/io/springfox/springfox-swagger2/3.0.0/springfox-swagger2-3.0.0.jar!/springfox/documentation/swagger2/mappers/VendorExtensionsMapperImpl.class]
2024-07-12 15:45:46.634 DEBUG o.s.c.a.ClassPathBeanDefinitionScanner:441 - Identified candidate component class: URL [jar:file:/C:/Users/Tharsanak/.m2/repository/io/springfox/springfox-swagger2/3.0.0/springfox-swagger2-3.0.0.jar!/springfox/documentation/swagger2/mappers/PropertyMapperImpl.class]
2024-07-12 15:45:46.640 DEBUG o.s.c.a.ClassPathBeanDefinitionScanner:441 - Identified candidate component class: URL [jar:file:/C:/Users/Tharsanak/.m2/repository/io/springfox/springfox-swagger2/3.0.0/springfox-swagger2-3.0.0.jar!/springfox/documentation/swagger2/mappers/CompatibilityModelMapperImpl.class]
2024-07-12 15:45:46.646 DEBUG o.s.c.a.ClassPathBeanDefinitionScanner:441 - Identified candidate component class: URL [jar:file:/C:/Users/Tharsanak/.m2/repository/io/springfox/springfox-swagger2/3.0.0/springfox-swagger2-3.0.0.jar!/springfox/documentation/swagger2/mappers/ParameterMapperImpl.class]
2024-07-12 15:45:46.653 DEBUG o.s.c.a.ClassPathBeanDefinitionScanner:441 - Identified candidate component class: URL [jar:file:/C:/Users/Tharsanak/.m2/repository/io/springfox/springfox-swagger2/3.0.0/springfox-swagger2-3.0.0.jar!/springfox/documentation/swagger2/mappers/ModelMapperImpl.class]
2024-07-12 15:45:46.654 DEBUG o.s.c.a.ClassPathBeanDefinitionScanner:441 - Identified candidate component class: URL [jar:file:/C:/Users/Tharsanak/.m2/repository/io/springfox/springfox-swagger2/3.0.0/springfox-swagger2-3.0.0.jar!/springfox/documentation/swagger2/mappers/RequestParameterMapperImpl.class]
2024-07-12 15:45:46.657 DEBUG o.s.c.a.ClassPathBeanDefinitionScanner:441 - Identified candidate component class: URL [jar:file:/C:/Users/Tharsanak/.m2/repository/io/springfox/springfox-swagger2/3.0.0/springfox-swagger2-3.0.0.jar!/springfox/documentation/swagger2/mappers/ModelSpecificationMapperImpl.class]
2024-07-12 15:45:46.659 DEBUG o.s.c.a.ClassPathBeanDefinitionScanner:441 - Identified candidate component class: URL [jar:file:/C:/Users/Tharsanak/.m2/repository/io/springfox/springfox-swagger2/3.0.0/springfox-swagger2-3.0.0.jar!/springfox/documentation/swagger2/mappers/LicenseMapperImpl.class]
2024-07-12 15:45:46.665 DEBUG o.s.c.a.ClassPathBeanDefinitionScanner:441 - Identified candidate component class: URL [jar:file:/C:/Users/Tharsanak/.m2/repository/io/springfox/springfox-swagger2/3.0.0/springfox-swagger2-3.0.0.jar!/springfox/documentation/swagger2/mappers/SecurityMapperImpl.class]
2024-07-12 15:45:46.694 DEBUG o.s.c.a.ClassPathBeanDefinitionScanner:441 - Identified candidate component class: URL [jar:file:/C:/Users/Tharsanak/.m2/repository/io/springfox/springfox-swagger2/3.0.0/springfox-swagger2-3.0.0.jar!/springfox/documentation/swagger2/web/Swagger2ControllerWebMvc.class]
2024-07-12 15:45:46.759 DEBUG o.s.c.a.ClassPathBeanDefinitionScanner:441 - Identified candidate component class: URL [jar:file:/C:/Users/Tharsanak/.m2/repository/io/springfox/springfox-swagger-common/3.0.0/springfox-swagger-common-3.0.0.jar!/springfox/documentation/swagger/schema/OpenApiSchemaPropertyBuilder.class]
2024-07-12 15:45:46.761 DEBUG o.s.c.a.ClassPathBeanDefinitionScanner:441 - Identified candidate component class: URL [jar:file:/C:/Users/Tharsanak/.m2/repository/io/springfox/springfox-swagger-common/3.0.0/springfox-swagger-common-3.0.0.jar!/springfox/documentation/swagger/schema/ApiModelPropertyPropertyBuilder.class]
2024-07-12 15:45:46.763 DEBUG o.s.c.a.ClassPathBeanDefinitionScanner:441 - Identified candidate component class: URL [jar:file:/C:/Users/Tharsanak/.m2/repository/io/springfox/springfox-swagger-common/3.0.0/springfox-swagger-common-3.0.0.jar!/springfox/documentation/swagger/schema/ApiModelTypeNameProvider.class]
2024-07-12 15:45:46.766 DEBUG o.s.c.a.ClassPathBeanDefinitionScanner:441 - Identified candidate component class: URL [jar:file:/C:/Users/Tharsanak/.m2/repository/io/springfox/springfox-swagger-common/3.0.0/springfox-swagger-common-3.0.0.jar!/springfox/documentation/swagger/schema/ApiModelBuilder.class]
2024-07-12 15:45:46.774 DEBUG o.s.c.a.ClassPathBeanDefinitionScanner:441 - Identified candidate component class: URL [jar:file:/C:/Users/Tharsanak/.m2/repository/io/springfox/springfox-swagger-common/3.0.0/springfox-swagger-common-3.0.0.jar!/springfox/documentation/swagger/readers/operation/OperationImplicitParameterReader.class]
2024-07-12 15:45:46.776 DEBUG o.s.c.a.ClassPathBeanDefinitionScanner:441 - Identified candidate component class: URL [jar:file:/C:/Users/Tharsanak/.m2/repository/io/springfox/springfox-swagger-common/3.0.0/springfox-swagger-common-3.0.0.jar!/springfox/documentation/swagger/readers/operation/VendorExtensionsReader.class]
2024-07-12 15:45:46.778 DEBUG o.s.c.a.ClassPathBeanDefinitionScanner:441 - Identified candidate component class: URL [jar:file:/C:/Users/Tharsanak/.m2/repository/io/springfox/springfox-swagger-common/3.0.0/springfox-swagger-common-3.0.0.jar!/springfox/documentation/swagger/readers/operation/SwaggerOperationResponseClassReader.class]
2024-07-12 15:45:46.780 DEBUG o.s.c.a.ClassPathBeanDefinitionScanner:441 - Identified candidate component class: URL [jar:file:/C:/Users/Tharsanak/.m2/repository/io/springfox/springfox-swagger-common/3.0.0/springfox-swagger-common-3.0.0.jar!/springfox/documentation/swagger/readers/operation/SwaggerOperationModelsProvider.class]
2024-07-12 15:45:46.783 DEBUG o.s.c.a.ClassPathBeanDefinitionScanner:441 - Identified candidate component class: URL [jar:file:/C:/Users/Tharsanak/.m2/repository/io/springfox/springfox-swagger-common/3.0.0/springfox-swagger-common-3.0.0.jar!/springfox/documentation/swagger/readers/operation/OpenApiOperationAuthReader.class]
2024-07-12 15:45:46.785 DEBUG o.s.c.a.ClassPathBeanDefinitionScanner:441 - Identified candidate component class: URL [jar:file:/C:/Users/Tharsanak/.m2/repository/io/springfox/springfox-swagger-common/3.0.0/springfox-swagger-common-3.0.0.jar!/springfox/documentation/swagger/readers/operation/SwaggerMediaTypeReader.class]
2024-07-12 15:45:46.787 DEBUG o.s.c.a.ClassPathBeanDefinitionScanner:441 - Identified candidate component class: URL [jar:file:/C:/Users/Tharsanak/.m2/repository/io/springfox/springfox-swagger-common/3.0.0/springfox-swagger-common-3.0.0.jar!/springfox/documentation/swagger/readers/operation/OperationHttpMethodReader.class]
2024-07-12 15:45:46.789 DEBUG o.s.c.a.ClassPathBeanDefinitionScanner:441 - Identified candidate component class: URL [jar:file:/C:/Users/Tharsanak/.m2/repository/io/springfox/springfox-swagger-common/3.0.0/springfox-swagger-common-3.0.0.jar!/springfox/documentation/swagger/readers/operation/OperationImplicitParametersReader.class]
2024-07-12 15:45:46.792 DEBUG o.s.c.a.ClassPathBeanDefinitionScanner:441 - Identified candidate component class: URL [jar:file:/C:/Users/Tharsanak/.m2/repository/io/springfox/springfox-swagger-common/3.0.0/springfox-swagger-common-3.0.0.jar!/springfox/documentation/swagger/readers/operation/OperationAuthReader.class]
2024-07-12 15:45:46.795 DEBUG o.s.c.a.ClassPathBeanDefinitionScanner:441 - Identified candidate component class: URL [jar:file:/C:/Users/Tharsanak/.m2/repository/io/springfox/springfox-swagger-common/3.0.0/springfox-swagger-common-3.0.0.jar!/springfox/documentation/swagger/readers/operation/OperationHiddenReader.class]
2024-07-12 15:45:46.797 DEBUG o.s.c.a.ClassPathBeanDefinitionScanner:441 - Identified candidate component class: URL [jar:file:/C:/Users/Tharsanak/.m2/repository/io/springfox/springfox-swagger-common/3.0.0/springfox-swagger-common-3.0.0.jar!/springfox/documentation/swagger/readers/operation/OperationSummaryReader.class]
2024-07-12 15:45:46.800 DEBUG o.s.c.a.ClassPathBeanDefinitionScanner:441 - Identified candidate component class: URL [jar:file:/C:/Users/Tharsanak/.m2/repository/io/springfox/springfox-swagger-common/3.0.0/springfox-swagger-common-3.0.0.jar!/springfox/documentation/swagger/readers/operation/OpenApiOperationTagsReader.class]
2024-07-12 15:45:46.803 DEBUG o.s.c.a.ClassPathBeanDefinitionScanner:441 - Identified candidate component class: URL [jar:file:/C:/Users/Tharsanak/.m2/repository/io/springfox/springfox-swagger-common/3.0.0/springfox-swagger-common-3.0.0.jar!/springfox/documentation/swagger/readers/operation/SwaggerResponseMessageReader.class]
2024-07-12 15:45:46.805 DEBUG o.s.c.a.ClassPathBeanDefinitionScanner:441 - Identified candidate component class: URL [jar:file:/C:/Users/Tharsanak/.m2/repository/io/springfox/springfox-swagger-common/3.0.0/springfox-swagger-common-3.0.0.jar!/springfox/documentation/swagger/readers/operation/OperationNicknameIntoUniqueIdReader.class]
2024-07-12 15:45:46.807 DEBUG o.s.c.a.ClassPathBeanDefinitionScanner:441 - Identified candidate component class: URL [jar:file:/C:/Users/Tharsanak/.m2/repository/io/springfox/springfox-swagger-common/3.0.0/springfox-swagger-common-3.0.0.jar!/springfox/documentation/swagger/readers/operation/OperationPositionReader.class]
2024-07-12 15:45:46.809 DEBUG o.s.c.a.ClassPathBeanDefinitionScanner:441 - Identified candidate component class: URL [jar:file:/C:/Users/Tharsanak/.m2/repository/io/springfox/springfox-swagger-common/3.0.0/springfox-swagger-common-3.0.0.jar!/springfox/documentation/swagger/readers/operation/OpenApiResponseReader.class]
2024-07-12 15:45:46.811 DEBUG o.s.c.a.ClassPathBeanDefinitionScanner:441 - Identified candidate component class: URL [jar:file:/C:/Users/Tharsanak/.m2/repository/io/springfox/springfox-swagger-common/3.0.0/springfox-swagger-common-3.0.0.jar!/springfox/documentation/swagger/readers/operation/OperationNotesReader.class]
2024-07-12 15:45:46.815 DEBUG o.s.c.a.ClassPathBeanDefinitionScanner:441 - Identified candidate component class: URL [jar:file:/C:/Users/Tharsanak/.m2/repository/io/springfox/springfox-swagger-common/3.0.0/springfox-swagger-common-3.0.0.jar!/springfox/documentation/swagger/readers/operation/SwaggerOperationTagsReader.class]
2024-07-12 15:45:46.818 DEBUG o.s.c.a.ClassPathBeanDefinitionScanner:441 - Identified candidate component class: URL [jar:file:/C:/Users/Tharsanak/.m2/repository/io/springfox/springfox-swagger-common/3.0.0/springfox-swagger-common-3.0.0.jar!/springfox/documentation/swagger/readers/parameter/ApiParamParameterBuilder.class]
2024-07-12 15:45:46.821 DEBUG o.s.c.a.ClassPathBeanDefinitionScanner:441 - Identified candidate component class: URL [jar:file:/C:/Users/Tharsanak/.m2/repository/io/springfox/springfox-swagger-common/3.0.0/springfox-swagger-common-3.0.0.jar!/springfox/documentation/swagger/readers/parameter/SwaggerExpandedParameterBuilder.class]
2024-07-12 15:45:46.825 DEBUG o.s.c.a.ClassPathBeanDefinitionScanner:441 - Identified candidate component class: URL [jar:file:/C:/Users/Tharsanak/.m2/repository/io/springfox/springfox-swagger-common/3.0.0/springfox-swagger-common-3.0.0.jar!/springfox/documentation/swagger/readers/parameter/OpenApiParameterBuilder.class]
2024-07-12 15:45:46.845 DEBUG o.s.c.a.ClassPathBeanDefinitionScanner:441 - Identified candidate component class: URL [jar:file:/C:/Users/Tharsanak/.m2/repository/io/springfox/springfox-swagger-common/3.0.0/springfox-swagger-common-3.0.0.jar!/springfox/documentation/swagger/web/SwaggerApiListingReader.class]
2024-07-12 15:45:46.854 DEBUG o.s.c.a.ClassPathBeanDefinitionScanner:441 - Identified candidate component class: URL [jar:file:/C:/Users/Tharsanak/.m2/repository/io/springfox/springfox-swagger-common/3.0.0/springfox-swagger-common-3.0.0.jar!/springfox/documentation/swagger/web/InMemorySwaggerResourcesProvider.class]
2024-07-12 15:45:46.857 DEBUG o.s.c.a.ClassPathBeanDefinitionScanner:441 - Identified candidate component class: URL [jar:file:/C:/Users/Tharsanak/.m2/repository/io/springfox/springfox-swagger-common/3.0.0/springfox-swagger-common-3.0.0.jar!/springfox/documentation/swagger/web/ApiResourceController.class]
2024-07-12 15:45:46.920 DEBUG o.s.c.a.ClassPathBeanDefinitionScanner:441 - Identified candidate component class: URL [jar:file:/C:/Users/Tharsanak/.m2/repository/io/springfox/springfox-spring-web/3.0.0/springfox-spring-web-3.0.0.jar!/springfox/documentation/spring/web/scanners/ApiListingReferenceScanner.class]
2024-07-12 15:45:46.921 DEBUG o.s.c.a.ClassPathBeanDefinitionScanner:441 - Identified candidate component class: URL [jar:file:/C:/Users/Tharsanak/.m2/repository/io/springfox/springfox-spring-web/3.0.0/springfox-spring-web-3.0.0.jar!/springfox/documentation/spring/web/scanners/ApiDocumentationScanner.class]
2024-07-12 15:45:46.923 DEBUG o.s.c.a.ClassPathBeanDefinitionScanner:441 - Identified candidate component class: URL [jar:file:/C:/Users/Tharsanak/.m2/repository/io/springfox/springfox-spring-web/3.0.0/springfox-spring-web-3.0.0.jar!/springfox/documentation/spring/web/scanners/ApiDescriptionReader.class]
2024-07-12 15:45:46.925 DEBUG o.s.c.a.ClassPathBeanDefinitionScanner:441 - Identified candidate component class: URL [jar:file:/C:/Users/Tharsanak/.m2/repository/io/springfox/springfox-spring-web/3.0.0/springfox-spring-web-3.0.0.jar!/springfox/documentation/spring/web/scanners/ApiListingReader.class]
2024-07-12 15:45:46.926 DEBUG o.s.c.a.ClassPathBeanDefinitionScanner:441 - Identified candidate component class: URL [jar:file:/C:/Users/Tharsanak/.m2/repository/io/springfox/springfox-spring-web/3.0.0/springfox-spring-web-3.0.0.jar!/springfox/documentation/spring/web/scanners/ApiModelSpecificationReader.class]
2024-07-12 15:45:46.929 DEBUG o.s.c.a.ClassPathBeanDefinitionScanner:441 - Identified candidate component class: URL [jar:file:/C:/Users/Tharsanak/.m2/repository/io/springfox/springfox-spring-web/3.0.0/springfox-spring-web-3.0.0.jar!/springfox/documentation/spring/web/scanners/CachingOperationReader.class]
2024-07-12 15:45:46.930 DEBUG o.s.c.a.ClassPathBeanDefinitionScanner:441 - Identified candidate component class: URL [jar:file:/C:/Users/Tharsanak/.m2/repository/io/springfox/springfox-spring-web/3.0.0/springfox-spring-web-3.0.0.jar!/springfox/documentation/spring/web/scanners/MediaTypeReader.class]
2024-07-12 15:45:46.931 DEBUG o.s.c.a.ClassPathBeanDefinitionScanner:441 - Identified candidate component class: URL [jar:file:/C:/Users/Tharsanak/.m2/repository/io/springfox/springfox-spring-web/3.0.0/springfox-spring-web-3.0.0.jar!/springfox/documentation/spring/web/scanners/ApiListingScanner.class]
2024-07-12 15:45:46.933 DEBUG o.s.c.a.ClassPathBeanDefinitionScanner:441 - Identified candidate component class: URL [jar:file:/C:/Users/Tharsanak/.m2/repository/io/springfox/springfox-spring-web/3.0.0/springfox-spring-web-3.0.0.jar!/springfox/documentation/spring/web/scanners/ApiModelReader.class]
2024-07-12 15:45:46.935 DEBUG o.s.c.a.ClassPathBeanDefinitionScanner:441 - Identified candidate component class: URL [jar:file:/C:/Users/Tharsanak/.m2/repository/io/springfox/springfox-spring-web/3.0.0/springfox-spring-web-3.0.0.jar!/springfox/documentation/spring/web/scanners/ApiDescriptionLookup.class]
2024-07-12 15:45:46.941 DEBUG o.s.c.a.ClassPathBeanDefinitionScanner:441 - Identified candidate component class: URL [jar:file:/C:/Users/Tharsanak/.m2/repository/io/springfox/springfox-spring-web/3.0.0/springfox-spring-web-3.0.0.jar!/springfox/documentation/spring/web/readers/operation/OperationModelsProvider.class]
2024-07-12 15:45:46.943 DEBUG o.s.c.a.ClassPathBeanDefinitionScanner:441 - Identified candidate component class: URL [jar:file:/C:/Users/Tharsanak/.m2/repository/io/springfox/springfox-spring-web/3.0.0/springfox-spring-web-3.0.0.jar!/springfox/documentation/spring/web/readers/operation/OperationDeprecatedReader.class]
2024-07-12 15:45:46.945 DEBUG o.s.c.a.ClassPathBeanDefinitionScanner:441 - Identified candidate component class: URL [jar:file:/C:/Users/Tharsanak/.m2/repository/io/springfox/springfox-spring-web/3.0.0/springfox-spring-web-3.0.0.jar!/springfox/documentation/spring/web/readers/operation/ResponseMessagesReader.class]
2024-07-12 15:45:46.949 DEBUG o.s.c.a.ClassPathBeanDefinitionScanner:441 - Identified candidate component class: URL [jar:file:/C:/Users/Tharsanak/.m2/repository/io/springfox/springfox-spring-web/3.0.0/springfox-spring-web-3.0.0.jar!/springfox/documentation/spring/web/readers/operation/OperationParameterReader.class]
2024-07-12 15:45:46.951 DEBUG o.s.c.a.ClassPathBeanDefinitionScanner:441 - Identified candidate component class: URL [jar:file:/C:/Users/Tharsanak/.m2/repository/io/springfox/springfox-spring-web/3.0.0/springfox-spring-web-3.0.0.jar!/springfox/documentation/spring/web/readers/operation/OperationTagsReader.class]
2024-07-12 15:45:46.954 DEBUG o.s.c.a.ClassPathBeanDefinitionScanner:441 - Identified candidate component class: URL [jar:file:/C:/Users/Tharsanak/.m2/repository/io/springfox/springfox-spring-web/3.0.0/springfox-spring-web-3.0.0.jar!/springfox/documentation/spring/web/readers/operation/ApiOperationReader.class]
2024-07-12 15:45:46.955 DEBUG o.s.c.a.ClassPathBeanDefinitionScanner:441 - Identified candidate component class: URL [jar:file:/C:/Users/Tharsanak/.m2/repository/io/springfox/springfox-spring-web/3.0.0/springfox-spring-web-3.0.0.jar!/springfox/documentation/spring/web/readers/operation/DefaultOperationReader.class]
2024-07-12 15:45:46.957 DEBUG o.s.c.a.ClassPathBeanDefinitionScanner:441 - Identified candidate component class: URL [jar:file:/C:/Users/Tharsanak/.m2/repository/io/springfox/springfox-spring-web/3.0.0/springfox-spring-web-3.0.0.jar!/springfox/documentation/spring/web/readers/operation/OperationParameterRequestConditionReader.class]
2024-07-12 15:45:46.958 DEBUG o.s.c.a.ClassPathBeanDefinitionScanner:441 - Identified candidate component class: URL [jar:file:/C:/Users/Tharsanak/.m2/repository/io/springfox/springfox-spring-web/3.0.0/springfox-spring-web-3.0.0.jar!/springfox/documentation/spring/web/readers/operation/OperationParameterHeadersConditionReader.class]
2024-07-12 15:45:46.959 DEBUG o.s.c.a.ClassPathBeanDefinitionScanner:441 - Identified candidate component class: URL [jar:file:/C:/Users/Tharsanak/.m2/repository/io/springfox/springfox-spring-web/3.0.0/springfox-spring-web-3.0.0.jar!/springfox/documentation/spring/web/readers/operation/ContentParameterAggregator.class]
2024-07-12 15:45:46.961 DEBUG o.s.c.a.ClassPathBeanDefinitionScanner:441 - Identified candidate component class: URL [jar:file:/C:/Users/Tharsanak/.m2/repository/io/springfox/springfox-spring-web/3.0.0/springfox-spring-web-3.0.0.jar!/springfox/documentation/spring/web/readers/operation/OperationResponseClassReader.class]
2024-07-12 15:45:46.962 DEBUG o.s.c.a.ClassPathBeanDefinitionScanner:441 - Identified candidate component class: URL [jar:file:/C:/Users/Tharsanak/.m2/repository/io/springfox/springfox-spring-web/3.0.0/springfox-spring-web-3.0.0.jar!/springfox/documentation/spring/web/readers/operation/CachingOperationNameGenerator.class]
2024-07-12 15:45:46.966 DEBUG o.s.c.a.ClassPathBeanDefinitionScanner:441 - Identified candidate component class: URL [jar:file:/C:/Users/Tharsanak/.m2/repository/io/springfox/springfox-spring-web/3.0.0/springfox-spring-web-3.0.0.jar!/springfox/documentation/spring/web/readers/parameter/ParameterMultiplesReader.class]
2024-07-12 15:45:46.968 DEBUG o.s.c.a.ClassPathBeanDefinitionScanner:441 - Identified candidate component class: URL [jar:file:/C:/Users/Tharsanak/.m2/repository/io/springfox/springfox-spring-web/3.0.0/springfox-spring-web-3.0.0.jar!/springfox/documentation/spring/web/readers/parameter/ModelAttributeParameterExpander.class]
2024-07-12 15:45:46.970 DEBUG o.s.c.a.ClassPathBeanDefinitionScanner:441 - Identified candidate component class: URL [jar:file:/C:/Users/Tharsanak/.m2/repository/io/springfox/springfox-spring-web/3.0.0/springfox-spring-web-3.0.0.jar!/springfox/documentation/spring/web/readers/parameter/ParameterTypeReader.class]
2024-07-12 15:45:46.971 DEBUG o.s.c.a.ClassPathBeanDefinitionScanner:441 - Identified candidate component class: URL [jar:file:/C:/Users/Tharsanak/.m2/repository/io/springfox/springfox-spring-web/3.0.0/springfox-spring-web-3.0.0.jar!/springfox/documentation/spring/web/readers/parameter/ParameterRequiredReader.class]
2024-07-12 15:45:46.974 DEBUG o.s.c.a.ClassPathBeanDefinitionScanner:441 - Identified candidate component class: URL [jar:file:/C:/Users/Tharsanak/.m2/repository/io/springfox/springfox-spring-web/3.0.0/springfox-spring-web-3.0.0.jar!/springfox/documentation/spring/web/readers/parameter/ParameterDataTypeReader.class]
2024-07-12 15:45:46.975 DEBUG o.s.c.a.ClassPathBeanDefinitionScanner:441 - Identified candidate component class: URL [jar:file:/C:/Users/Tharsanak/.m2/repository/io/springfox/springfox-spring-web/3.0.0/springfox-spring-web-3.0.0.jar!/springfox/documentation/spring/web/readers/parameter/ParameterDefaultReader.class]
2024-07-12 15:45:46.976 DEBUG o.s.c.a.ClassPathBeanDefinitionScanner:441 - Identified candidate component class: URL [jar:file:/C:/Users/Tharsanak/.m2/repository/io/springfox/springfox-spring-web/3.0.0/springfox-spring-web-3.0.0.jar!/springfox/documentation/spring/web/readers/parameter/ParameterNameReader.class]
2024-07-12 15:45:46.977 DEBUG o.s.c.a.ClassPathBeanDefinitionScanner:441 - Identified candidate component class: URL [jar:file:/C:/Users/Tharsanak/.m2/repository/io/springfox/springfox-spring-web/3.0.0/springfox-spring-web-3.0.0.jar!/springfox/documentation/spring/web/readers/parameter/ExpandedParameterBuilder.class]
2024-07-12 15:45:46.983 DEBUG o.s.c.a.ClassPathBeanDefinitionScanner:441 - Identified candidate component class: URL [jar:file:/C:/Users/Tharsanak/.m2/repository/io/springfox/springfox-spring-web/3.0.0/springfox-spring-web-3.0.0.jar!/springfox/documentation/spring/web/plugins/DefaultResponseTypeReader.class]
2024-07-12 15:45:46.993 DEBUG o.s.c.a.ClassPathBeanDefinitionScanner:441 - Identified candidate component class: URL [jar:file:/C:/Users/Tharsanak/.m2/repository/io/springfox/springfox-spring-web/3.0.0/springfox-spring-web-3.0.0.jar!/springfox/documentation/spring/web/plugins/DocumentationPluginsBootstrapper.class]
2024-07-12 15:45:46.997 DEBUG o.s.c.a.ClassPathBeanDefinitionScanner:441 - Identified candidate component class: URL [jar:file:/C:/Users/Tharsanak/.m2/repository/io/springfox/springfox-spring-web/3.0.0/springfox-spring-web-3.0.0.jar!/springfox/documentation/spring/web/plugins/DocumentationPluginsManager.class]
2024-07-12 15:45:47.001 DEBUG o.s.c.a.ClassPathBeanDefinitionScanner:441 - Identified candidate component class: URL [jar:file:/C:/Users/Tharsanak/.m2/repository/io/springfox/springfox-spring-webmvc/3.0.0/springfox-spring-webmvc-3.0.0.jar!/springfox/documentation/spring/web/plugins/WebMvcRequestHandlerProvider.class]
2024-07-12 15:45:47.007 DEBUG o.s.c.a.ClassPathBeanDefinitionScanner:441 - Identified candidate component class: URL [jar:file:/C:/Users/Tharsanak/.m2/repository/io/springfox/springfox-spring-web/3.0.0/springfox-spring-web-3.0.0.jar!/springfox/documentation/spring/web/paths/QueryStringUriTemplateDecorator.class]
2024-07-12 15:45:47.008 DEBUG o.s.c.a.ClassPathBeanDefinitionScanner:441 - Identified candidate component class: URL [jar:file:/C:/Users/Tharsanak/.m2/repository/io/springfox/springfox-spring-web/3.0.0/springfox-spring-web-3.0.0.jar!/springfox/documentation/spring/web/paths/PathMappingDecorator.class]
2024-07-12 15:45:47.011 DEBUG o.s.c.a.ClassPathBeanDefinitionScanner:441 - Identified candidate component class: URL [jar:file:/C:/Users/Tharsanak/.m2/repository/io/springfox/springfox-spring-web/3.0.0/springfox-spring-web-3.0.0.jar!/springfox/documentation/spring/web/paths/PathSanitizer.class]
2024-07-12 15:45:47.013 DEBUG o.s.c.a.ClassPathBeanDefinitionScanner:441 - Identified candidate component class: URL [jar:file:/C:/Users/Tharsanak/.m2/repository/io/springfox/springfox-spring-web/3.0.0/springfox-spring-web-3.0.0.jar!/springfox/documentation/spring/web/paths/OperationPathDecorator.class]
2024-07-12 15:45:47.081 DEBUG o.s.c.a.ClassPathBeanDefinitionScanner:441 - Identified candidate component class: URL [jar:file:/C:/Users/Tharsanak/.m2/repository/io/springfox/springfox-schema/3.0.0/springfox-schema-3.0.0.jar!/springfox/documentation/schema/JacksonJsonViewProvider.class]
2024-07-12 15:45:47.085 DEBUG o.s.c.a.ClassPathBeanDefinitionScanner:441 - Identified candidate component class: URL [jar:file:/C:/Users/Tharsanak/.m2/repository/io/springfox/springfox-schema/3.0.0/springfox-schema-3.0.0.jar!/springfox/documentation/schema/CachingModelDependencyProvider.class]
2024-07-12 15:45:47.088 DEBUG o.s.c.a.ClassPathBeanDefinitionScanner:441 - Identified candidate component class: URL [jar:file:/C:/Users/Tharsanak/.m2/repository/io/springfox/springfox-schema/3.0.0/springfox-schema-3.0.0.jar!/springfox/documentation/schema/TypeNameExtractor.class]
2024-07-12 15:45:47.090 DEBUG o.s.c.a.ClassPathBeanDefinitionScanner:441 - Identified candidate component class: URL [jar:file:/C:/Users/Tharsanak/.m2/repository/io/springfox/springfox-schema/3.0.0/springfox-schema-3.0.0.jar!/springfox/documentation/schema/plugins/PropertyDiscriminatorBasedInheritancePlugin.class]
2024-07-12 15:45:47.092 DEBUG o.s.c.a.ClassPathBeanDefinitionScanner:441 - Identified candidate component class: URL [jar:file:/C:/Users/Tharsanak/.m2/repository/io/springfox/springfox-schema/3.0.0/springfox-schema-3.0.0.jar!/springfox/documentation/schema/plugins/XmlModelPlugin.class]
2024-07-12 15:45:47.094 DEBUG o.s.c.a.ClassPathBeanDefinitionScanner:441 - Identified candidate component class: URL [jar:file:/C:/Users/Tharsanak/.m2/repository/io/springfox/springfox-schema/3.0.0/springfox-schema-3.0.0.jar!/springfox/documentation/schema/plugins/SchemaPluginsManager.class]
2024-07-12 15:45:47.095 DEBUG o.s.c.a.ClassPathBeanDefinitionScanner:441 - Identified candidate component class: URL [jar:file:/C:/Users/Tharsanak/.m2/repository/io/springfox/springfox-schema/3.0.0/springfox-schema-3.0.0.jar!/springfox/documentation/schema/plugins/JsonIgnorePropertiesModelPlugin.class]
2024-07-12 15:45:47.101 DEBUG o.s.c.a.ClassPathBeanDefinitionScanner:441 - Identified candidate component class: URL [jar:file:/C:/Users/Tharsanak/.m2/repository/io/springfox/springfox-schema/3.0.0/springfox-schema-3.0.0.jar!/springfox/documentation/schema/property/CachingModelPropertiesProvider.class]
2024-07-12 15:45:47.103 DEBUG o.s.c.a.ClassPathBeanDefinitionScanner:441 - Identified candidate component class: URL [jar:file:/C:/Users/Tharsanak/.m2/repository/io/springfox/springfox-schema/3.0.0/springfox-schema-3.0.0.jar!/springfox/documentation/schema/property/ObjectMapperBeanPropertyNamingStrategy.class]
2024-07-12 15:45:47.106 DEBUG o.s.c.a.ClassPathBeanDefinitionScanner:441 - Identified candidate component class: URL [jar:file:/C:/Users/Tharsanak/.m2/repository/io/springfox/springfox-schema/3.0.0/springfox-schema-3.0.0.jar!/springfox/documentation/schema/property/bean/AccessorsProvider.class]
2024-07-12 15:45:47.110 DEBUG o.s.c.a.ClassPathBeanDefinitionScanner:441 - Identified candidate component class: URL [jar:file:/C:/Users/Tharsanak/.m2/repository/io/springfox/springfox-schema/3.0.0/springfox-schema-3.0.0.jar!/springfox/documentation/schema/property/field/FieldProvider.class]
2024-07-12 15:45:47.114 DEBUG o.s.c.a.ClassPathBeanDefinitionScanner:441 - Identified candidate component class: URL [jar:file:/C:/Users/Tharsanak/.m2/repository/io/springfox/springfox-schema/3.0.0/springfox-schema-3.0.0.jar!/springfox/documentation/schema/property/XmlPropertyPlugin.class]
2024-07-12 15:45:47.117 DEBUG o.s.c.a.ClassPathBeanDefinitionScanner:441 - Identified candidate component class: URL [jar:file:/C:/Users/Tharsanak/.m2/repository/io/springfox/springfox-schema/3.0.0/springfox-schema-3.0.0.jar!/springfox/documentation/schema/property/OptimizedModelPropertiesProvider.class]
2024-07-12 15:45:47.120 DEBUG o.s.c.a.ClassPathBeanDefinitionScanner:441 - Identified candidate component class: URL [jar:file:/C:/Users/Tharsanak/.m2/repository/io/springfox/springfox-schema/3.0.0/springfox-schema-3.0.0.jar!/springfox/documentation/schema/property/FactoryMethodProvider.class]
2024-07-12 15:45:47.122 DEBUG o.s.c.a.ClassPathBeanDefinitionScanner:441 - Identified candidate component class: URL [jar:file:/C:/Users/Tharsanak/.m2/repository/io/springfox/springfox-schema/3.0.0/springfox-schema-3.0.0.jar!/springfox/documentation/schema/property/ModelSpecificationFactory.class]
2024-07-12 15:45:47.128 DEBUG o.s.c.a.ClassPathBeanDefinitionScanner:441 - Identified candidate component class: URL [jar:file:/C:/Users/Tharsanak/.m2/repository/io/springfox/springfox-schema/3.0.0/springfox-schema-3.0.0.jar!/springfox/documentation/schema/CachingModelProvider.class]
2024-07-12 15:45:47.130 DEBUG o.s.c.a.ClassPathBeanDefinitionScanner:441 - Identified candidate component class: URL [jar:file:/C:/Users/Tharsanak/.m2/repository/io/springfox/springfox-schema/3.0.0/springfox-schema-3.0.0.jar!/springfox/documentation/schema/DefaultModelDependencyProvider.class]
2024-07-12 15:45:47.133 DEBUG o.s.c.a.ClassPathBeanDefinitionScanner:441 - Identified candidate component class: URL [jar:file:/C:/Users/Tharsanak/.m2/repository/io/springfox/springfox-schema/3.0.0/springfox-schema-3.0.0.jar!/springfox/documentation/schema/JacksonEnumTypeDeterminer.class]
2024-07-12 15:45:47.135 DEBUG o.s.c.a.ClassPathBeanDefinitionScanner:441 - Identified candidate component class: URL [jar:file:/C:/Users/Tharsanak/.m2/repository/io/springfox/springfox-schema/3.0.0/springfox-schema-3.0.0.jar!/springfox/documentation/schema/DefaultModelProvider.class]
2024-07-12 15:45:47.138 DEBUG o.s.c.a.ClassPathBeanDefinitionScanner:441 - Identified candidate component class: URL [jar:file:/C:/Users/Tharsanak/.m2/repository/io/springfox/springfox-schema/3.0.0/springfox-schema-3.0.0.jar!/springfox/documentation/schema/DefaultModelSpecificationProvider.class]
2024-07-12 15:45:47.798 ERROR o.s.b.SpringApplication:824 - Application run failed
java.lang.TypeNotPresentException: Type javax.servlet.http.HttpServletRequest not present
	at java.base/sun.reflect.generics.factory.CoreReflectionFactory.makeNamedType(CoreReflectionFactory.java:117)
	at java.base/sun.reflect.generics.visitor.Reifier.visitClassTypeSignature(Reifier.java:125)
	at java.base/sun.reflect.generics.tree.ClassTypeSignature.accept(ClassTypeSignature.java:49)
	at java.base/sun.reflect.generics.visitor.Reifier.reifyTypeArguments(Reifier.java:68)
	at java.base/sun.reflect.generics.visitor.Reifier.visitClassTypeSignature(Reifier.java:138)
	at java.base/sun.reflect.generics.tree.ClassTypeSignature.accept(ClassTypeSignature.java:49)
	at java.base/sun.reflect.generics.repository.ClassRepository.computeSuperInterfaces(ClassRepository.java:117)
	at java.base/sun.reflect.generics.repository.ClassRepository.getSuperInterfaces(ClassRepository.java:95)
	at java.base/java.lang.Class.getGenericInterfaces(Class.java:1211)
	at org.springframework.core.ResolvableType.getInterfaces(ResolvableType.java:503)
	at org.springframework.core.ResolvableType.as(ResolvableType.java:451)
	at org.springframework.core.ResolvableType.forClass(ResolvableType.java:1063)
	at org.springframework.plugin.core.config.PluginRegistriesBeanDefinitionRegistrar.getTargetType(PluginRegistriesBeanDefinitionRegistrar.java:101)
	at org.springframework.plugin.core.config.PluginRegistriesBeanDefinitionRegistrar.registerBeanDefinitions(PluginRegistriesBeanDefinitionRegistrar.java:71)
	at org.springframework.context.annotation.ImportBeanDefinitionRegistrar.registerBeanDefinitions(ImportBeanDefinitionRegistrar.java:86)
	at org.springframework.context.annotation.ConfigurationClassBeanDefinitionReader.lambda$loadBeanDefinitionsFromRegistrars$1(ConfigurationClassBeanDefinitionReader.java:372)
	at java.base/java.util.LinkedHashMap.forEach(LinkedHashMap.java:721)
	at org.springframework.context.annotation.ConfigurationClassBeanDefinitionReader.loadBeanDefinitionsFromRegistrars(ConfigurationClassBeanDefinitionReader.java:371)
	at org.springframework.context.annotation.ConfigurationClassBeanDefinitionReader.loadBeanDefinitionsForConfigurationClass(ConfigurationClassBeanDefinitionReader.java:148)
	at org.springframework.context.annotation.ConfigurationClassBeanDefinitionReader.loadBeanDefinitions(ConfigurationClassBeanDefinitionReader.java:120)
	at org.springframework.context.annotation.ConfigurationClassPostProcessor.processConfigBeanDefinitions(ConfigurationClassPostProcessor.java:427)
	at org.springframework.context.annotation.ConfigurationClassPostProcessor.postProcessBeanDefinitionRegistry(ConfigurationClassPostProcessor.java:287)
	at org.springframework.context.support.PostProcessorRegistrationDelegate.invokeBeanDefinitionRegistryPostProcessors(PostProcessorRegistrationDelegate.java:344)
	at org.springframework.context.support.PostProcessorRegistrationDelegate.invokeBeanFactoryPostProcessors(PostProcessorRegistrationDelegate.java:115)
	at org.springframework.context.support.AbstractApplicationContext.invokeBeanFactoryPostProcessors(AbstractApplicationContext.java:779)
	at org.springframework.context.support.AbstractApplicationContext.refresh(AbstractApplicationContext.java:597)
	at org.springframework.boot.web.servlet.context.ServletWebServerApplicationContext.refresh(ServletWebServerApplicationContext.java:146)
	at org.springframework.boot.SpringApplication.refresh(SpringApplication.java:738)
	at org.springframework.boot.SpringApplication.refreshContext(SpringApplication.java:440)
	at org.springframework.boot.SpringApplication.run(SpringApplication.java:316)
	at org.springframework.boot.SpringApplication.run(SpringApplication.java:1306)
	at org.springframework.boot.SpringApplication.run(SpringApplication.java:1295)
	at com.myproject.smsblock.SmsblockApplication.main(SmsblockApplication.java:13)
Caused by: java.lang.ClassNotFoundException: javax.servlet.http.HttpServletRequest
	at java.base/jdk.internal.loader.BuiltinClassLoader.loadClass(BuiltinClassLoader.java:641)
	at java.base/jdk.internal.loader.ClassLoaders$AppClassLoader.loadClass(ClassLoaders.java:188)
	at java.base/java.lang.ClassLoader.loadClass(ClassLoader.java:525)
	at java.base/java.lang.Class.forName0(Native Method)
	at java.base/java.lang.Class.forName(Class.java:467)
	at java.base/sun.reflect.generics.factory.CoreReflectionFactory.makeNamedType(CoreReflectionFactory.java:114)
	... 32 common frames omitted
2024-07-12 15:45:47.804 DEBUG o.s.b.w.s.c.AnnotationConfigServletWebServerApplicationContext:1062 - Closing org.springframework.boot.web.servlet.context.AnnotationConfigServletWebServerApplicationContext@1c481ff2, started on Fri Jul 12 15:45:46 IST 2024
