2024-07-12 11:42:44.431 DEBUG c.z.h.p.HikariPool:414 - HikariPool-1 - Before cleanup stats (total=50, active=0, idle=50, waiting=0)
2024-07-12 11:42:44.441 DEBUG c.z.h.p.HikariPool:414 - HikariPool-1 - After cleanup  stats (total=50, active=0, idle=50, waiting=0)
2024-07-12 11:42:44.442 DEBUG c.z.h.p.HikariPool:521 - HikariPool-1 - Fill pool skipped, pool has sufficient level or currently being filled (queueDepth=0).
2024-07-12 11:43:14.454 DEBUG c.z.h.p.HikariPool:414 - HikariPool-1 - Before cleanup stats (total=50, active=0, idle=50, waiting=0)
2024-07-12 11:43:14.454 DEBUG c.z.h.p.HikariPool:414 - HikariPool-1 - After cleanup  stats (total=50, active=0, idle=50, waiting=0)
2024-07-12 11:43:14.455 DEBUG c.z.h.p.HikariPool:521 - HikariPool-1 - Fill pool skipped, pool has sufficient level or currently being filled (queueDepth=0).
2024-07-12 11:43:16.234  INFO o.a.c.c.C.[.[.[/]:173 - Initializing Spring DispatcherServlet 'dispatcherServlet'
2024-07-12 11:43:16.235  INFO o.s.w.s.DispatcherServlet:532 - Initializing Servlet 'dispatcherServlet'
2024-07-12 11:43:16.235 DEBUG o.s.w.s.DispatcherServlet:528 - Detected StandardServletMultipartResolver
2024-07-12 11:43:16.235 DEBUG o.s.w.s.DispatcherServlet:552 - Detected AcceptHeaderLocaleResolver
2024-07-12 11:43:16.235 DEBUG o.s.w.s.DispatcherServlet:578 - Detected FixedThemeResolver
2024-07-12 11:43:16.237 DEBUG o.s.w.s.DispatcherServlet:728 - Detected org.springframework.web.servlet.view.DefaultRequestToViewNameTranslator@4b93a232
2024-07-12 11:43:16.237 DEBUG o.s.w.s.DispatcherServlet:792 - Detected org.springframework.web.servlet.support.SessionFlashMapManager@6b5fdbd0
2024-07-12 11:43:16.238 DEBUG o.s.w.s.DispatcherServlet:549 - enableLoggingRequestDetails='false': request parameters and headers will be masked to prevent unsafe logging of potentially sensitive data
2024-07-12 11:43:16.238  INFO o.s.w.s.DispatcherServlet:554 - Completed initialization in 3 ms
2024-07-12 11:43:16.272 DEBUG o.s.w.s.DispatcherServlet:120 - POST "/createMobile", parameters={}
2024-07-12 11:43:16.288 DEBUG o.s.w.s.m.m.a.RequestMappingHandlerMapping:528 - Mapped to com.mobitel.smsblock.controller.SmsBlockMobileController#saveSmsBlockMobile(SmsBlockMobileDto)
2024-07-12 11:43:16.290 DEBUG o.s.o.j.s.OpenEntityManagerInViewInterceptor:86 - Opening JPA EntityManager in OpenEntityManagerInViewInterceptor
2024-07-12 11:43:16.550 DEBUG o.s.w.s.m.m.a.RequestResponseBodyMethodProcessor:120 - Read "application/json;charset=UTF-8" to [com.mobitel.smsblock.dto.SmsBlockMobileDto@93bd43a]
2024-07-12 11:43:16.714 DEBUG o.s.w.s.m.m.a.HttpEntityMethodProcessor:275 - Using 'text/plain', given [*/*] and supported [text/plain, */*, application/json, application/*+json]
2024-07-12 11:43:16.715 DEBUG o.s.w.s.m.m.a.HttpEntityMethodProcessor:120 - Writing ["Phone number cannot be null or empty"]
2024-07-12 11:43:16.723 DEBUG o.s.o.j.s.OpenEntityManagerInViewInterceptor:111 - Closing JPA EntityManager in OpenEntityManagerInViewInterceptor
2024-07-12 11:43:16.725 DEBUG o.s.w.s.DispatcherServlet:1135 - Completed 400 BAD_REQUEST
2024-07-12 11:43:44.528 DEBUG c.z.h.p.HikariPool:414 - HikariPool-1 - Before cleanup stats (total=50, active=0, idle=50, waiting=0)
2024-07-12 11:43:44.529 DEBUG c.z.h.p.HikariPool:414 - HikariPool-1 - After cleanup  stats (total=50, active=0, idle=50, waiting=0)
2024-07-12 11:43:44.529 DEBUG c.z.h.p.HikariPool:521 - HikariPool-1 - Fill pool skipped, pool has sufficient level or currently being filled (queueDepth=0).
2024-07-12 11:44:14.536 DEBUG c.z.h.p.HikariPool:414 - HikariPool-1 - Before cleanup stats (total=50, active=0, idle=50, waiting=0)
2024-07-12 11:44:14.537 DEBUG c.z.h.p.HikariPool:414 - HikariPool-1 - After cleanup  stats (total=50, active=0, idle=50, waiting=0)
2024-07-12 11:44:14.537 DEBUG c.z.h.p.HikariPool:521 - HikariPool-1 - Fill pool skipped, pool has sufficient level or currently being filled (queueDepth=0).
2024-07-12 11:44:33.050 DEBUG o.s.w.s.DispatcherServlet:120 - POST "/createMobile", parameters={}
2024-07-12 11:44:33.051 DEBUG o.s.w.s.m.m.a.RequestMappingHandlerMapping:528 - Mapped to com.mobitel.smsblock.controller.SmsBlockMobileController#saveSmsBlockMobile(SmsBlockMobileDto)
2024-07-12 11:44:33.052 DEBUG o.s.o.j.s.OpenEntityManagerInViewInterceptor:86 - Opening JPA EntityManager in OpenEntityManagerInViewInterceptor
2024-07-12 11:44:33.053 DEBUG o.s.w.s.m.m.a.RequestResponseBodyMethodProcessor:120 - Read "application/json;charset=UTF-8" to [com.mobitel.smsblock.dto.SmsBlockMobileDto@5551bf34]
2024-07-12 11:44:33.055 DEBUG o.s.w.s.m.m.a.HttpEntityMethodProcessor:275 - Using 'text/plain', given [*/*] and supported [text/plain, */*, application/json, application/*+json]
2024-07-12 11:44:33.055 DEBUG o.s.w.s.m.m.a.HttpEntityMethodProcessor:120 - Writing ["Phone number cannot be null or empty"]
2024-07-12 11:44:33.056 DEBUG o.s.o.j.s.OpenEntityManagerInViewInterceptor:111 - Closing JPA EntityManager in OpenEntityManagerInViewInterceptor
2024-07-12 11:44:33.056 DEBUG o.s.w.s.DispatcherServlet:1135 - Completed 400 BAD_REQUEST
2024-07-12 11:44:42.140 DEBUG o.s.w.s.DispatcherServlet:120 - POST "/createMobile", parameters={}
2024-07-12 11:44:42.140 DEBUG o.s.w.s.m.m.a.RequestMappingHandlerMapping:528 - Mapped to com.mobitel.smsblock.controller.SmsBlockMobileController#saveSmsBlockMobile(SmsBlockMobileDto)
2024-07-12 11:44:42.141 DEBUG o.s.o.j.s.OpenEntityManagerInViewInterceptor:86 - Opening JPA EntityManager in OpenEntityManagerInViewInterceptor
2024-07-12 11:44:42.141 DEBUG o.s.w.s.m.m.a.RequestResponseBodyMethodProcessor:120 - Read "application/json;charset=UTF-8" to [com.mobitel.smsblock.dto.SmsBlockMobileDto@10cb8905]
2024-07-12 11:44:42.216 DEBUG o.h.o.s.a.create:33 - Created new SQL alias : s1_0
2024-07-12 11:44:42.217 DEBUG o.h.o.s.a.create:98 - Registration of TableGroup [StandardTableGroup(com.mobitel.smsblock.entity.SmsBlockMobile(1556599292154600))] with identifierForTableGroup [com.mobitel.smsblock.entity.SmsBlockMobile] for NavigablePath [com.mobitel.smsblock.entity.SmsBlockMobile] 
2024-07-12 11:44:42.224 DEBUG o.h.q.s.s.BaseSqmToSqlAstConverter:5700 - Determining mapping-model type for SqmParameter : org.hibernate.query.sqm.tree.expression.SqmJpaCriteriaParameterWrapper@36d599b
2024-07-12 11:44:42.225 DEBUG o.h.q.s.s.BaseSqmToSqlAstConverter:5590 - Determining mapping-model type for SqmPath : SqmBasicValuedSimplePath(com.mobitel.smsblock.entity.SmsBlockMobile(1556599292154600).mobileNo) 
2024-07-12 11:44:42.227 DEBUG o.h.q.s.s.BaseSqmToSqlAstConverter:5700 - Determining mapping-model type for SqmParameter : org.hibernate.query.sqm.tree.expression.SqmJpaCriteriaParameterWrapper@73d866f5
2024-07-12 11:44:42.228 DEBUG o.h.q.s.s.BaseSqmToSqlAstConverter:5590 - Determining mapping-model type for SqmPath : SqmBasicValuedSimplePath(com.mobitel.smsblock.entity.SmsBlockMobile(1556599292154600).status) 
2024-07-12 11:44:42.234 DEBUG o.h.o.r.g.AST:67 - DomainResult Graph:
 \-EntityResultImpl [com.mobitel.smsblock.entity.SmsBlockMobile(1556599292154600)]
 |  +-BasicFetch [com.mobitel.smsblock.entity.SmsBlockMobile(1556599292154600).activatedOn]
 |  +-BasicFetch [com.mobitel.smsblock.entity.SmsBlockMobile(1556599292154600).addedBy]
 |  +-BasicFetch [com.mobitel.smsblock.entity.SmsBlockMobile(1556599292154600).comment]
 |  +-BasicFetch [com.mobitel.smsblock.entity.SmsBlockMobile(1556599292154600).deactivatedBy]
 |  +-BasicFetch [com.mobitel.smsblock.entity.SmsBlockMobile(1556599292154600).deactivatedOn]
 |  +-BasicFetch [com.mobitel.smsblock.entity.SmsBlockMobile(1556599292154600).mobileNo]
 |  \-BasicFetch [com.mobitel.smsblock.entity.SmsBlockMobile(1556599292154600).status]

2024-07-12 11:44:42.235 DEBUG o.h.o.s.a.tree:46 - SQL AST Tree:
    SelectStatement {
      FromClause {
        StandardTableGroup (s1 : com.mobitel.smsblock.entity.SmsBlockMobile(1556599292154600)) {
          primaryTableReference : sms_block_mobile as s1_0
        }
      }
    }

2024-07-12 11:44:42.249 DEBUG o.h.o.s.exec:455 - Skipping reading Query result cache data: cache-enabled = false, cache-mode = NORMAL
2024-07-12 11:44:42.260 DEBUG o.h.o.results:76 - Initializer list:
	  com.mobitel.smsblock.entity.SmsBlockMobile(1556599292154600) -> EntityResultInitializer(com.mobitel.smsblock.entity.SmsBlockMobile(1556599292154600))@77209658 (SingleTableEntityPersister(com.mobitel.smsblock.entity.SmsBlockMobile))

2024-07-12 11:44:42.268 DEBUG o.h.SQL:133 - select s1_0.id,s1_0.activated_on,s1_0.added_by,s1_0.comment,s1_0.deactivated_by,s1_0.deactivated_on,s1_0.mobile_no,s1_0.status from sms_block_mobile s1_0 where s1_0.mobile_no=? and s1_0.status=?
2024-07-12 11:44:42.288 DEBUG o.s.o.j.JpaTransactionManager:374 - Found thread-bound EntityManager [SessionImpl(396856233<open>)] for JPA transaction
2024-07-12 11:44:42.289 DEBUG o.s.o.j.JpaTransactionManager:370 - Creating new transaction with name [org.springframework.data.jpa.repository.support.SimpleJpaRepository.save]: PROPAGATION_REQUIRED,ISOLATION_DEFAULT
2024-07-12 11:44:42.290 DEBUG o.h.e.t.i.TransactionImpl:53 - On TransactionImpl creation, JpaCompliance#isJpaTransactionComplianceEnabled == false
2024-07-12 11:44:42.290 DEBUG o.h.e.t.i.TransactionImpl:81 - begin
2024-07-12 11:44:42.292 DEBUG o.s.o.j.JpaTransactionManager:439 - Exposing JPA transaction as JDBC [org.springframework.orm.jpa.vendor.HibernateJpaDialect$HibernateConnectionHandle@57a32cea]
2024-07-12 11:44:42.296 DEBUG o.h.j.i.PersistenceUnitUtilImpl:89 - jakarta.persistence.PersistenceUnitUtil.getIdentifier is only intended to work with enhanced entities (although Hibernate also adapts this support to its proxies); however the passed entity was not enhanced (nor a proxy).. may not be able to read identifier
2024-07-12 11:44:42.308 DEBUG o.h.e.s.ActionQueue:290 - Executing identity-insert immediately
2024-07-12 11:44:42.316 DEBUG o.h.SQL:133 - insert into sms_block_mobile (activated_on,added_by,comment,deactivated_by,deactivated_on,mobile_no,status) values (?,?,?,?,?,?,?)
2024-07-12 11:44:42.352 DEBUG o.h.i.IdentifierGeneratorHelper:84 - Natively generated identity (com.mobitel.smsblock.entity.SmsBlockMobile) : 4
2024-07-12 11:44:42.353 DEBUG o.h.r.j.i.ResourceRegistryStandardImpl:105 - HHH000387: ResultSet's statement was not registered
2024-07-12 11:44:42.382 DEBUG o.h.r.j.i.ResourceRegistryStandardImpl:203 - Exception clearing maxRows/queryTimeout [No operations allowed after statement closed.]
2024-07-12 11:44:42.384 DEBUG o.s.o.j.JpaTransactionManager:740 - Initiating transaction commit
2024-07-12 11:44:42.384 DEBUG o.s.o.j.JpaTransactionManager:556 - Committing JPA transaction on EntityManager [SessionImpl(396856233<open>)]
2024-07-12 11:44:42.385 DEBUG o.h.e.t.i.TransactionImpl:98 - committing
2024-07-12 11:44:42.385 DEBUG o.h.e.i.AbstractFlushingEventListener:136 - Processing flush-time cascades
2024-07-12 11:44:42.386 DEBUG o.h.e.i.AbstractFlushingEventListener:185 - Dirty checking collections
2024-07-12 11:44:42.389 DEBUG o.h.e.i.AbstractFlushingEventListener:110 - Flushed: 0 insertions, 0 updates, 0 deletions to 1 objects
2024-07-12 11:44:42.390 DEBUG o.h.e.i.AbstractFlushingEventListener:117 - Flushed: 0 (re)creations, 0 updates, 0 removals to 0 collections
2024-07-12 11:44:42.391 DEBUG o.h.i.u.EntityPrinter:111 - Listing entities:
2024-07-12 11:44:42.391 DEBUG o.h.i.u.EntityPrinter:118 - com.mobitel.smsblock.entity.SmsBlockMobile{activatedOn=2024-07-12 11:44:42.2832903, addedBy=null, deactivatedOn=null, comment=Admin, id=4, mobileNo=0763688211, deactivatedBy=null, status=ACT}
2024-07-12 11:44:42.610 DEBUG o.s.o.j.JpaTransactionManager:652 - Not closing pre-bound JPA EntityManager after transaction
2024-07-12 11:44:42.662 DEBUG o.s.w.s.m.m.a.HttpEntityMethodProcessor:275 - Using 'application/json', given [*/*] and supported [application/json, application/*+json]
2024-07-12 11:44:42.669 DEBUG o.s.w.s.m.m.a.HttpEntityMethodProcessor:120 - Writing [SmsBlockMobile(id=4, mobileNo=0763688211, status=ACT, comment=Admin, activatedOn=2024-07-12 11:44:42 (truncated)...]
2024-07-12 11:44:42.701 DEBUG o.s.o.j.s.OpenEntityManagerInViewInterceptor:111 - Closing JPA EntityManager in OpenEntityManagerInViewInterceptor
2024-07-12 11:44:42.701 DEBUG o.s.w.s.DispatcherServlet:1135 - Completed 201 CREATED
