2023-12-08 09:29:06.133  INFO o.a.c.c.C.[.[.[/]:173 - Initializing Spring DispatcherServlet 'dispatcherServlet'
2023-12-08 09:29:06.136  INFO o.s.w.s.DispatcherServlet:532 - Initializing Servlet 'dispatcherServlet'
2023-12-08 09:29:06.137 DEBUG o.s.w.s.DispatcherServlet:528 - Detected StandardServletMultipartResolver
2023-12-08 09:29:06.138 DEBUG o.s.w.s.DispatcherServlet:552 - Detected AcceptHeaderLocaleResolver
2023-12-08 09:29:06.138 DEBUG o.s.w.s.DispatcherServlet:578 - Detected FixedThemeResolver
2023-12-08 09:29:06.140 DEBUG o.s.w.s.DispatcherServlet:728 - Detected org.springframework.web.servlet.view.DefaultRequestToViewNameTranslator@472d7f34
2023-12-08 09:29:06.142 DEBUG o.s.w.s.DispatcherServlet:792 - Detected org.springframework.web.servlet.support.SessionFlashMapManager@63513c1c
2023-12-08 09:29:06.143 DEBUG o.s.w.s.DispatcherServlet:549 - enableLoggingRequestDetails='false': request parameters and headers will be masked to prevent unsafe logging of potentially sensitive data
2023-12-08 09:29:06.144  INFO o.s.w.s.DispatcherServlet:554 - Completed initialization in 7 ms
2023-12-08 09:29:06.161 DEBUG o.s.w.s.DispatcherServlet:120 - GET "/mobile/undefined", parameters={}
2023-12-08 09:29:06.186 DEBUG o.s.w.s.m.m.a.RequestMappingHandlerMapping:528 - Mapped to com.myproject.smsblock.controller.SmsBlockBlacklistController#getBlocklistBySmsBlockMobile(Integer)
2023-12-08 09:29:06.207 DEBUG o.s.o.j.s.OpenEntityManagerInViewInterceptor:86 - Opening JPA EntityManager in OpenEntityManagerInViewInterceptor
2023-12-08 09:29:06.235 DEBUG o.s.w.m.HandlerMethod:186 - Could not resolve parameter [0] in public org.springframework.http.ResponseEntity<java.util.List<com.myproject.smsblock.dto.SmsBlockBlacklistDto>> com.myproject.smsblock.controller.SmsBlockBlacklistController.getBlocklistBySmsBlockMobile(java.lang.Integer): Failed to convert value of type 'java.lang.String' to required type 'java.lang.Integer'; For input string: "undefined"
2023-12-08 09:29:06.239  WARN o.s.w.s.m.s.DefaultHandlerExceptionResolver:207 - Resolved [org.springframework.web.method.annotation.MethodArgumentTypeMismatchException: Failed to convert value of type 'java.lang.String' to required type 'java.lang.Integer'; For input string: "undefined"]
2023-12-08 09:29:06.240 DEBUG o.s.o.j.s.OpenEntityManagerInViewInterceptor:111 - Closing JPA EntityManager in OpenEntityManagerInViewInterceptor
2023-12-08 09:29:06.242 DEBUG o.s.w.s.DispatcherServlet:1135 - Completed 400 BAD_REQUEST
2023-12-08 09:29:06.250 DEBUG o.s.w.s.DispatcherServlet:120 - "ERROR" dispatch for GET "/error", parameters={}
2023-12-08 09:29:06.252 DEBUG o.s.w.s.m.m.a.RequestMappingHandlerMapping:528 - Mapped to org.springframework.boot.autoconfigure.web.servlet.error.BasicErrorController#error(HttpServletRequest)
2023-12-08 09:29:06.252 DEBUG o.s.o.j.s.OpenEntityManagerInViewInterceptor:86 - Opening JPA EntityManager in OpenEntityManagerInViewInterceptor
2023-12-08 09:29:06.282 DEBUG o.s.w.s.m.m.a.HttpEntityMethodProcessor:275 - Using 'application/json', given [application/json, text/plain, */*] and supported [application/json, application/*+json]
2023-12-08 09:29:06.284 DEBUG o.s.w.s.m.m.a.HttpEntityMethodProcessor:120 - Writing [{timestamp=Fri Dec 08 09:29:06 IST 2023, status=400, error=Bad Request, path=/mobile/undefined}]
2023-12-08 09:29:06.340 DEBUG o.s.o.j.s.OpenEntityManagerInViewInterceptor:111 - Closing JPA EntityManager in OpenEntityManagerInViewInterceptor
2023-12-08 09:29:06.344 DEBUG o.s.w.s.DispatcherServlet:120 - GET "/mobile/undefined", parameters={}
2023-12-08 09:29:06.344 DEBUG o.s.w.s.DispatcherServlet:1132 - Exiting from "ERROR" dispatch, status 400
2023-12-08 09:29:06.345 DEBUG o.s.w.s.m.m.a.RequestMappingHandlerMapping:528 - Mapped to com.myproject.smsblock.controller.SmsBlockBlacklistController#getBlocklistBySmsBlockMobile(Integer)
2023-12-08 09:29:06.348 DEBUG o.s.o.j.s.OpenEntityManagerInViewInterceptor:86 - Opening JPA EntityManager in OpenEntityManagerInViewInterceptor
2023-12-08 09:29:06.350 DEBUG o.s.w.m.HandlerMethod:186 - Could not resolve parameter [0] in public org.springframework.http.ResponseEntity<java.util.List<com.myproject.smsblock.dto.SmsBlockBlacklistDto>> com.myproject.smsblock.controller.SmsBlockBlacklistController.getBlocklistBySmsBlockMobile(java.lang.Integer): Failed to convert value of type 'java.lang.String' to required type 'java.lang.Integer'; For input string: "undefined"
2023-12-08 09:29:06.352  WARN o.s.w.s.m.s.DefaultHandlerExceptionResolver:207 - Resolved [org.springframework.web.method.annotation.MethodArgumentTypeMismatchException: Failed to convert value of type 'java.lang.String' to required type 'java.lang.Integer'; For input string: "undefined"]
2023-12-08 09:29:06.352 DEBUG o.s.o.j.s.OpenEntityManagerInViewInterceptor:111 - Closing JPA EntityManager in OpenEntityManagerInViewInterceptor
2023-12-08 09:29:06.353 DEBUG o.s.w.s.DispatcherServlet:1135 - Completed 400 BAD_REQUEST
2023-12-08 09:29:06.354 DEBUG o.s.w.s.DispatcherServlet:120 - "ERROR" dispatch for GET "/error", parameters={}
2023-12-08 09:29:06.355 DEBUG o.s.w.s.m.m.a.RequestMappingHandlerMapping:528 - Mapped to org.springframework.boot.autoconfigure.web.servlet.error.BasicErrorController#error(HttpServletRequest)
2023-12-08 09:29:06.355 DEBUG o.s.o.j.s.OpenEntityManagerInViewInterceptor:86 - Opening JPA EntityManager in OpenEntityManagerInViewInterceptor
2023-12-08 09:29:06.356 DEBUG o.s.w.s.m.m.a.HttpEntityMethodProcessor:275 - Using 'application/json', given [application/json, text/plain, */*] and supported [application/json, application/*+json]
2023-12-08 09:29:06.357 DEBUG o.s.w.s.m.m.a.HttpEntityMethodProcessor:120 - Writing [{timestamp=Fri Dec 08 09:29:06 IST 2023, status=400, error=Bad Request, path=/mobile/undefined}]
2023-12-08 09:29:06.358 DEBUG o.s.o.j.s.OpenEntityManagerInViewInterceptor:111 - Closing JPA EntityManager in OpenEntityManagerInViewInterceptor
2023-12-08 09:29:06.359 DEBUG o.s.w.s.DispatcherServlet:1132 - Exiting from "ERROR" dispatch, status 400
2023-12-08 09:29:19.043 DEBUG c.z.h.p.HikariPool:414 - HikariPool-1 - Before cleanup stats (total=50, active=0, idle=50, waiting=0)
2023-12-08 09:29:19.043 DEBUG c.z.h.p.HikariPool:414 - HikariPool-1 - After cleanup  stats (total=50, active=0, idle=50, waiting=0)
2023-12-08 09:29:19.044 DEBUG c.z.h.p.HikariPool:521 - HikariPool-1 - Fill pool skipped, pool has sufficient level or currently being filled (queueDepth=0).
2023-12-08 09:29:49.045 DEBUG c.z.h.p.HikariPool:414 - HikariPool-1 - Before cleanup stats (total=50, active=0, idle=50, waiting=0)
2023-12-08 09:29:49.045 DEBUG c.z.h.p.HikariPool:414 - HikariPool-1 - After cleanup  stats (total=50, active=0, idle=50, waiting=0)
2023-12-08 09:29:49.046 DEBUG c.z.h.p.HikariPool:521 - HikariPool-1 - Fill pool skipped, pool has sufficient level or currently being filled (queueDepth=0).
2023-12-08 09:30:19.058 DEBUG c.z.h.p.HikariPool:414 - HikariPool-1 - Before cleanup stats (total=50, active=0, idle=50, waiting=0)
2023-12-08 09:30:19.060 DEBUG c.z.h.p.HikariPool:414 - HikariPool-1 - After cleanup  stats (total=50, active=0, idle=50, waiting=0)
2023-12-08 09:30:19.061 DEBUG c.z.h.p.HikariPool:521 - HikariPool-1 - Fill pool skipped, pool has sufficient level or currently being filled (queueDepth=0).
2023-12-08 09:30:23.966 DEBUG o.s.w.s.DispatcherServlet:120 - POST "/createMobile", parameters={}
2023-12-08 09:30:23.967 DEBUG o.s.w.s.m.m.a.RequestMappingHandlerMapping:528 - Mapped to com.myproject.smsblock.controller.SmsBlockMobileController#saveSmsBlockMobile(SmsBlockMobileDto)
2023-12-08 09:30:23.968 DEBUG o.s.o.j.s.OpenEntityManagerInViewInterceptor:86 - Opening JPA EntityManager in OpenEntityManagerInViewInterceptor
2023-12-08 09:30:24.017 DEBUG o.s.w.s.m.m.a.RequestResponseBodyMethodProcessor:120 - Read "application/json;charset=UTF-8" to [com.myproject.smsblock.dto.SmsBlockMobileDto@22253fb5]
2023-12-08 09:30:24.072 DEBUG o.h.o.s.a.create:33 - Created new SQL alias : s1_0
2023-12-08 09:30:24.073 DEBUG o.h.o.s.a.create:98 - Registration of TableGroup [StandardTableGroup(com.myproject.smsblock.entity.SmsBlockMobile(1529598621284400))] with identifierForTableGroup [com.myproject.smsblock.entity.SmsBlockMobile] for NavigablePath [com.myproject.smsblock.entity.SmsBlockMobile]
2023-12-08 09:30:24.088 DEBUG o.h.q.s.s.BaseSqmToSqlAstConverter:5700 - Determining mapping-model type for SqmParameter : org.hibernate.query.sqm.tree.expression.SqmJpaCriteriaParameterWrapper@74251845
2023-12-08 09:30:24.090 DEBUG o.h.q.s.s.BaseSqmToSqlAstConverter:5590 - Determining mapping-model type for SqmPath : SqmBasicValuedSimplePath(com.myproject.smsblock.entity.SmsBlockMobile(1529598621284400).mobileNo)
2023-12-08 09:30:24.094 DEBUG o.h.q.s.s.BaseSqmToSqlAstConverter:5700 - Determining mapping-model type for SqmParameter : org.hibernate.query.sqm.tree.expression.SqmJpaCriteriaParameterWrapper@3e892b1b
2023-12-08 09:30:24.094 DEBUG o.h.q.s.s.BaseSqmToSqlAstConverter:5590 - Determining mapping-model type for SqmPath : SqmBasicValuedSimplePath(com.myproject.smsblock.entity.SmsBlockMobile(1529598621284400).status)
2023-12-08 09:30:24.101 DEBUG o.h.o.r.g.AST:67 - DomainResult Graph:
 \-EntityResultImpl [com.myproject.smsblock.entity.SmsBlockMobile(1529598621284400)]
 |  +-BasicFetch [com.myproject.smsblock.entity.SmsBlockMobile(1529598621284400).activatedOn]
 |  +-BasicFetch [com.myproject.smsblock.entity.SmsBlockMobile(1529598621284400).addedBy]
 |  +-BasicFetch [com.myproject.smsblock.entity.SmsBlockMobile(1529598621284400).comment]
 |  +-BasicFetch [com.myproject.smsblock.entity.SmsBlockMobile(1529598621284400).deactivatedBy]
 |  +-BasicFetch [com.myproject.smsblock.entity.SmsBlockMobile(1529598621284400).deactivatedOn]
 |  +-BasicFetch [com.myproject.smsblock.entity.SmsBlockMobile(1529598621284400).mobileNo]
 |  \-BasicFetch [com.myproject.smsblock.entity.SmsBlockMobile(1529598621284400).status]

2023-12-08 09:30:24.102 DEBUG o.h.o.s.a.tree:46 - SQL AST Tree:
    SelectStatement {
      FromClause {
        StandardTableGroup (s1 : com.myproject.smsblock.entity.SmsBlockMobile(1529598621284400)) {
          primaryTableReference : sms_block_mobile as s1_0
        }
      }
    }

2023-12-08 09:30:24.124 DEBUG o.h.o.s.exec:455 - Skipping reading Query result cache data: cache-enabled = false, cache-mode = NORMAL
2023-12-08 09:30:24.141 DEBUG o.h.o.results:76 - Initializer list:
	  com.myproject.smsblock.entity.SmsBlockMobile(1529598621284400) -> EntityResultInitializer(com.myproject.smsblock.entity.SmsBlockMobile(1529598621284400))@1162730071 (SingleTableEntityPersister(com.myproject.smsblock.entity.SmsBlockMobile))

2023-12-08 09:30:24.147 DEBUG o.h.SQL:133 - select s1_0.id,s1_0.activated_on,s1_0.added_by,s1_0.comment,s1_0.deactivated_by,s1_0.deactivated_on,s1_0.mobile_no,s1_0.status from sms_block_mobile s1_0 where s1_0.mobile_no=? and s1_0.status=?
2023-12-08 09:30:24.163 DEBUG o.s.o.j.JpaTransactionManager:374 - Found thread-bound EntityManager [SessionImpl(503323004<open>)] for JPA transaction
2023-12-08 09:30:24.164 DEBUG o.s.o.j.JpaTransactionManager:370 - Creating new transaction with name [org.springframework.data.jpa.repository.support.SimpleJpaRepository.save]: PROPAGATION_REQUIRED,ISOLATION_DEFAULT
2023-12-08 09:30:24.166 DEBUG o.h.e.t.i.TransactionImpl:53 - On TransactionImpl creation, JpaCompliance#isJpaTransactionComplianceEnabled == false
2023-12-08 09:30:24.166 DEBUG o.h.e.t.i.TransactionImpl:81 - begin
2023-12-08 09:30:24.169 DEBUG o.s.o.j.JpaTransactionManager:439 - Exposing JPA transaction as JDBC [org.springframework.orm.jpa.vendor.HibernateJpaDialect$HibernateConnectionHandle@33e145ea]
2023-12-08 09:30:24.173 DEBUG o.h.j.i.PersistenceUnitUtilImpl:89 - jakarta.persistence.PersistenceUnitUtil.getIdentifier is only intended to work with enhanced entities (although Hibernate also adapts this support to its proxies); however the passed entity was not enhanced (nor a proxy).. may not be able to read identifier
2023-12-08 09:30:24.190 DEBUG o.h.e.s.ActionQueue:290 - Executing identity-insert immediately
2023-12-08 09:30:24.201 DEBUG o.h.SQL:133 - insert into sms_block_mobile (activated_on,added_by,comment,deactivated_by,deactivated_on,mobile_no,status) values (?,?,?,?,?,?,?)
2023-12-08 09:30:24.220 DEBUG o.h.i.IdentifierGeneratorHelper:84 - Natively generated identity (com.myproject.smsblock.entity.SmsBlockMobile) : 82
2023-12-08 09:30:24.221 DEBUG o.h.r.j.i.ResourceRegistryStandardImpl:105 - HHH000387: ResultSet's statement was not registered
2023-12-08 09:30:24.228 DEBUG o.h.r.j.i.ResourceRegistryStandardImpl:203 - Exception clearing maxRows/queryTimeout [No operations allowed after statement closed.]
2023-12-08 09:30:24.233 DEBUG o.s.o.j.JpaTransactionManager:740 - Initiating transaction commit
2023-12-08 09:30:24.234 DEBUG o.s.o.j.JpaTransactionManager:556 - Committing JPA transaction on EntityManager [SessionImpl(503323004<open>)]
2023-12-08 09:30:24.235 DEBUG o.h.e.t.i.TransactionImpl:98 - committing
2023-12-08 09:30:24.236 DEBUG o.h.e.i.AbstractFlushingEventListener:136 - Processing flush-time cascades
2023-12-08 09:30:24.237 DEBUG o.h.e.i.AbstractFlushingEventListener:185 - Dirty checking collections
2023-12-08 09:30:24.245 DEBUG o.h.e.i.AbstractFlushingEventListener:110 - Flushed: 0 insertions, 0 updates, 0 deletions to 1 objects
2023-12-08 09:30:24.246 DEBUG o.h.e.i.AbstractFlushingEventListener:117 - Flushed: 0 (re)creations, 0 updates, 0 removals to 0 collections
2023-12-08 09:30:24.247 DEBUG o.h.i.u.EntityPrinter:111 - Listing entities:
2023-12-08 09:30:24.248 DEBUG o.h.i.u.EntityPrinter:118 - com.myproject.smsblock.entity.SmsBlockMobile{activatedOn=2023-12-08 09:30:24.1566396, addedBy=Tharsana, deactivatedOn=null, comment=null, id=82, mobileNo=0763600822, deactivatedBy=null, status=ACT}
2023-12-08 09:30:24.376 DEBUG o.s.o.j.JpaTransactionManager:652 - Not closing pre-bound JPA EntityManager after transaction
2023-12-08 09:30:24.397 DEBUG o.s.w.s.m.m.a.HttpEntityMethodProcessor:275 - Using 'application/json', given [application/json, text/plain, */*] and supported [application/json, application/*+json]
2023-12-08 09:30:24.407 DEBUG o.s.w.s.m.m.a.HttpEntityMethodProcessor:120 - Writing [SmsBlockMobile(id=82, mobileNo=0763600822, status=ACT, comment=null, activatedOn=2023-12-08 09:30:24 (truncated)...]
2023-12-08 09:30:24.412 DEBUG o.s.o.j.s.OpenEntityManagerInViewInterceptor:111 - Closing JPA EntityManager in OpenEntityManagerInViewInterceptor
2023-12-08 09:30:24.413 DEBUG o.s.w.s.DispatcherServlet:1135 - Completed 201 CREATED
