2023-12-08 15:37:30.670 DEBUG c.z.h.p.HikariPool:414 - HikariPool-1 - Before cleanup stats (total=50, active=0, idle=50, waiting=0)
2023-12-08 15:37:30.679 DEBUG c.z.h.p.HikariPool:414 - HikariPool-1 - After cleanup  stats (total=50, active=0, idle=50, waiting=0)
2023-12-08 15:37:30.680 DEBUG c.z.h.p.HikariPool:521 - HikariPool-1 - Fill pool skipped, pool has sufficient level or currently being filled (queueDepth=0).
2023-12-08 15:38:00.689 DEBUG c.z.h.p.HikariPool:414 - HikariPool-1 - Before cleanup stats (total=50, active=0, idle=50, waiting=0)
2023-12-08 15:38:00.690 DEBUG c.z.h.p.HikariPool:414 - HikariPool-1 - After cleanup  stats (total=50, active=0, idle=50, waiting=0)
2023-12-08 15:38:00.690 DEBUG c.z.h.p.HikariPool:521 - HikariPool-1 - Fill pool skipped, pool has sufficient level or currently being filled (queueDepth=0).
2023-12-08 15:38:30.715 DEBUG c.z.h.p.HikariPool:414 - HikariPool-1 - Before cleanup stats (total=50, active=0, idle=50, waiting=0)
2023-12-08 15:38:30.715 DEBUG c.z.h.p.HikariPool:414 - HikariPool-1 - After cleanup  stats (total=50, active=0, idle=50, waiting=0)
2023-12-08 15:38:30.715 DEBUG c.z.h.p.HikariPool:521 - HikariPool-1 - Fill pool skipped, pool has sufficient level or currently being filled (queueDepth=0).
2023-12-08 15:38:41.911 DEBUG o.s.w.s.DispatcherServlet:120 - OPTIONS "/createMobile", parameters={}
2023-12-08 15:38:41.912 DEBUG o.s.w.s.m.m.a.RequestMappingHandlerMapping:528 - Mapped to com.mobitel.smsblock.controller.SmsBlockMobileController#saveSmsBlockMobile(SmsBlockMobileDto)
2023-12-08 15:38:41.912 DEBUG o.s.o.j.s.OpenEntityManagerInViewInterceptor:86 - Opening JPA EntityManager in OpenEntityManagerInViewInterceptor
2023-12-08 15:38:41.912 DEBUG o.s.o.j.s.OpenEntityManagerInViewInterceptor:111 - Closing JPA EntityManager in OpenEntityManagerInViewInterceptor
2023-12-08 15:38:41.914 DEBUG o.s.w.s.DispatcherServlet:1135 - Completed 200 OK
2023-12-08 15:38:41.917 DEBUG o.s.w.s.DispatcherServlet:120 - POST "/createMobile", parameters={}
2023-12-08 15:38:41.917 DEBUG o.s.w.s.m.m.a.RequestMappingHandlerMapping:528 - Mapped to com.mobitel.smsblock.controller.SmsBlockMobileController#saveSmsBlockMobile(SmsBlockMobileDto)
2023-12-08 15:38:41.918 DEBUG o.s.o.j.s.OpenEntityManagerInViewInterceptor:86 - Opening JPA EntityManager in OpenEntityManagerInViewInterceptor
2023-12-08 15:38:41.919 DEBUG o.s.w.s.m.m.a.RequestResponseBodyMethodProcessor:120 - Read "application/json;charset=UTF-8" to [com.mobitel.smsblock.dto.SmsBlockMobileDto@2f3a3386]
2023-12-08 15:38:41.921 DEBUG o.s.w.s.m.m.a.HttpEntityMethodProcessor:275 - Using 'application/json', given [application/json, text/plain, */*] and supported [text/plain, */*, application/json, application/*+json]
2023-12-08 15:38:41.921 DEBUG o.s.w.s.m.m.a.HttpEntityMethodProcessor:120 - Writing ["Phone number cannot be null or empty"]
2023-12-08 15:38:41.922 DEBUG o.s.o.j.s.OpenEntityManagerInViewInterceptor:111 - Closing JPA EntityManager in OpenEntityManagerInViewInterceptor
2023-12-08 15:38:41.922 DEBUG o.s.w.s.DispatcherServlet:1135 - Completed 400 BAD_REQUEST
2023-12-08 15:38:51.028 DEBUG o.s.w.s.DispatcherServlet:120 - POST "/createMobile", parameters={}
2023-12-08 15:38:51.028 DEBUG o.s.w.s.m.m.a.RequestMappingHandlerMapping:528 - Mapped to com.mobitel.smsblock.controller.SmsBlockMobileController#saveSmsBlockMobile(SmsBlockMobileDto)
2023-12-08 15:38:51.028 DEBUG o.s.o.j.s.OpenEntityManagerInViewInterceptor:86 - Opening JPA EntityManager in OpenEntityManagerInViewInterceptor
2023-12-08 15:38:51.031 DEBUG o.s.w.s.m.m.a.RequestResponseBodyMethodProcessor:120 - Read "application/json;charset=UTF-8" to [com.mobitel.smsblock.dto.SmsBlockMobileDto@654e2240]
2023-12-08 15:38:51.031 DEBUG o.h.o.s.a.create:33 - Created new SQL alias : s1_0
2023-12-08 15:38:51.031 DEBUG o.h.o.s.a.create:98 - Registration of TableGroup [StandardTableGroup(com.mobitel.smsblock.entity.SmsBlockMobile(1545794538938000))] with identifierForTableGroup [com.mobitel.smsblock.entity.SmsBlockMobile] for NavigablePath [com.mobitel.smsblock.entity.SmsBlockMobile] 
2023-12-08 15:38:51.035 DEBUG o.h.q.s.s.BaseSqmToSqlAstConverter:5700 - Determining mapping-model type for SqmParameter : org.hibernate.query.sqm.tree.expression.SqmJpaCriteriaParameterWrapper@999189b
2023-12-08 15:38:51.035 DEBUG o.h.q.s.s.BaseSqmToSqlAstConverter:5590 - Determining mapping-model type for SqmPath : SqmBasicValuedSimplePath(com.mobitel.smsblock.entity.SmsBlockMobile(1545794538938000).mobileNo) 
2023-12-08 15:38:51.036 DEBUG o.h.q.s.s.BaseSqmToSqlAstConverter:5700 - Determining mapping-model type for SqmParameter : org.hibernate.query.sqm.tree.expression.SqmJpaCriteriaParameterWrapper@28ef0b19
2023-12-08 15:38:51.037 DEBUG o.h.q.s.s.BaseSqmToSqlAstConverter:5590 - Determining mapping-model type for SqmPath : SqmBasicValuedSimplePath(com.mobitel.smsblock.entity.SmsBlockMobile(1545794538938000).status) 
2023-12-08 15:38:51.037 DEBUG o.h.o.r.g.AST:67 - DomainResult Graph:
 \-EntityResultImpl [com.mobitel.smsblock.entity.SmsBlockMobile(1545794538938000)]
 |  +-BasicFetch [com.mobitel.smsblock.entity.SmsBlockMobile(1545794538938000).activatedOn]
 |  +-BasicFetch [com.mobitel.smsblock.entity.SmsBlockMobile(1545794538938000).addedBy]
 |  +-BasicFetch [com.mobitel.smsblock.entity.SmsBlockMobile(1545794538938000).comment]
 |  +-BasicFetch [com.mobitel.smsblock.entity.SmsBlockMobile(1545794538938000).deactivatedBy]
 |  +-BasicFetch [com.mobitel.smsblock.entity.SmsBlockMobile(1545794538938000).deactivatedOn]
 |  +-BasicFetch [com.mobitel.smsblock.entity.SmsBlockMobile(1545794538938000).mobileNo]
 |  \-BasicFetch [com.mobitel.smsblock.entity.SmsBlockMobile(1545794538938000).status]

2023-12-08 15:38:51.038 DEBUG o.h.o.s.a.tree:46 - SQL AST Tree:
    SelectStatement {
      FromClause {
        StandardTableGroup (s1 : com.mobitel.smsblock.entity.SmsBlockMobile(1545794538938000)) {
          primaryTableReference : sms_block_mobile as s1_0
        }
      }
    }

2023-12-08 15:38:51.038 DEBUG o.h.o.s.exec:455 - Skipping reading Query result cache data: cache-enabled = false, cache-mode = NORMAL
2023-12-08 15:38:51.039 DEBUG o.h.o.results:76 - Initializer list:
	  com.mobitel.smsblock.entity.SmsBlockMobile(1545794538938000) -> EntityResultInitializer(com.mobitel.smsblock.entity.SmsBlockMobile(1545794538938000))@1792661354 (SingleTableEntityPersister(com.mobitel.smsblock.entity.SmsBlockMobile))

2023-12-08 15:38:51.039 DEBUG o.h.SQL:133 - select s1_0.id,s1_0.activated_on,s1_0.added_by,s1_0.comment,s1_0.deactivated_by,s1_0.deactivated_on,s1_0.mobile_no,s1_0.status from sms_block_mobile s1_0 where s1_0.mobile_no=? and s1_0.status=?
2023-12-08 15:38:51.061 DEBUG o.s.o.j.JpaTransactionManager:374 - Found thread-bound EntityManager [SessionImpl(1447753389<open>)] for JPA transaction
2023-12-08 15:38:51.061 DEBUG o.s.o.j.JpaTransactionManager:370 - Creating new transaction with name [org.springframework.data.jpa.repository.support.SimpleJpaRepository.save]: PROPAGATION_REQUIRED,ISOLATION_DEFAULT
2023-12-08 15:38:51.061 DEBUG o.h.e.t.i.TransactionImpl:53 - On TransactionImpl creation, JpaCompliance#isJpaTransactionComplianceEnabled == false
2023-12-08 15:38:51.061 DEBUG o.h.e.t.i.TransactionImpl:81 - begin
2023-12-08 15:38:51.061 DEBUG o.s.o.j.JpaTransactionManager:439 - Exposing JPA transaction as JDBC [org.springframework.orm.jpa.vendor.HibernateJpaDialect$HibernateConnectionHandle@22225f50]
2023-12-08 15:38:51.061 DEBUG o.h.j.i.PersistenceUnitUtilImpl:89 - jakarta.persistence.PersistenceUnitUtil.getIdentifier is only intended to work with enhanced entities (although Hibernate also adapts this support to its proxies); however the passed entity was not enhanced (nor a proxy).. may not be able to read identifier
2023-12-08 15:38:51.061 DEBUG o.h.e.s.ActionQueue:290 - Executing identity-insert immediately
2023-12-08 15:38:51.067 DEBUG o.h.SQL:133 - insert into sms_block_mobile (activated_on,added_by,comment,deactivated_by,deactivated_on,mobile_no,status) values (?,?,?,?,?,?,?)
2023-12-08 15:38:51.075 DEBUG o.h.i.IdentifierGeneratorHelper:84 - Natively generated identity (com.mobitel.smsblock.entity.SmsBlockMobile) : 90
2023-12-08 15:38:51.075 DEBUG o.h.r.j.i.ResourceRegistryStandardImpl:105 - HHH000387: ResultSet's statement was not registered
2023-12-08 15:38:51.079 DEBUG o.h.r.j.i.ResourceRegistryStandardImpl:203 - Exception clearing maxRows/queryTimeout [No operations allowed after statement closed.]
2023-12-08 15:38:51.079 DEBUG o.s.o.j.JpaTransactionManager:740 - Initiating transaction commit
2023-12-08 15:38:51.080 DEBUG o.s.o.j.JpaTransactionManager:556 - Committing JPA transaction on EntityManager [SessionImpl(1447753389<open>)]
2023-12-08 15:38:51.080 DEBUG o.h.e.t.i.TransactionImpl:98 - committing
2023-12-08 15:38:51.080 DEBUG o.h.e.i.AbstractFlushingEventListener:136 - Processing flush-time cascades
2023-12-08 15:38:51.081 DEBUG o.h.e.i.AbstractFlushingEventListener:185 - Dirty checking collections
2023-12-08 15:38:51.081 DEBUG o.h.e.i.AbstractFlushingEventListener:110 - Flushed: 0 insertions, 0 updates, 0 deletions to 1 objects
2023-12-08 15:38:51.081 DEBUG o.h.e.i.AbstractFlushingEventListener:117 - Flushed: 0 (re)creations, 0 updates, 0 removals to 0 collections
2023-12-08 15:38:51.081 DEBUG o.h.i.u.EntityPrinter:111 - Listing entities:
2023-12-08 15:38:51.082 DEBUG o.h.i.u.EntityPrinter:118 - com.mobitel.smsblock.entity.SmsBlockMobile{activatedOn=2023-12-08 15:38:51.0614703, addedBy=fuyju, deactivatedOn=null, comment=null, id=90, mobileNo=0998978670, deactivatedBy=null, status=ACT}
2023-12-08 15:38:51.195 DEBUG o.s.o.j.JpaTransactionManager:652 - Not closing pre-bound JPA EntityManager after transaction
2023-12-08 15:38:51.196 DEBUG o.s.w.s.m.m.a.HttpEntityMethodProcessor:275 - Using 'application/json', given [application/json, text/plain, */*] and supported [application/json, application/*+json]
2023-12-08 15:38:51.197 DEBUG o.s.w.s.m.m.a.HttpEntityMethodProcessor:120 - Writing [SmsBlockMobile(id=90, mobileNo=0998978670, status=ACT, comment=null, activatedOn=2023-12-08 15:38:51 (truncated)...]
2023-12-08 15:38:51.197 DEBUG o.s.o.j.s.OpenEntityManagerInViewInterceptor:111 - Closing JPA EntityManager in OpenEntityManagerInViewInterceptor
2023-12-08 15:38:51.198 DEBUG o.s.w.s.DispatcherServlet:1135 - Completed 201 CREATED
