2023-12-08 16:02:01.194 DEBUG c.z.h.p.HikariPool:414 - HikariPool-1 - Before cleanup stats (total=50, active=0, idle=50, waiting=0)
2023-12-08 16:02:01.197 DEBUG c.z.h.p.HikariPool:414 - HikariPool-1 - After cleanup  stats (total=50, active=0, idle=50, waiting=0)
2023-12-08 16:02:01.197 DEBUG c.z.h.p.HikariPool:521 - HikariPool-1 - Fill pool skipped, pool has sufficient level or currently being filled (queueDepth=0).
2023-12-08 16:02:31.201 DEBUG c.z.h.p.HikariPool:414 - HikariPool-1 - Before cleanup stats (total=50, active=0, idle=50, waiting=0)
2023-12-08 16:02:31.202 DEBUG c.z.h.p.HikariPool:414 - HikariPool-1 - After cleanup  stats (total=50, active=0, idle=50, waiting=0)
2023-12-08 16:02:31.203 DEBUG c.z.h.p.HikariPool:521 - HikariPool-1 - Fill pool skipped, pool has sufficient level or currently being filled (queueDepth=0).
2023-12-08 16:03:01.214 DEBUG c.z.h.p.HikariPool:414 - HikariPool-1 - Before cleanup stats (total=50, active=0, idle=50, waiting=0)
2023-12-08 16:03:01.215 DEBUG c.z.h.p.HikariPool:414 - HikariPool-1 - After cleanup  stats (total=50, active=0, idle=50, waiting=0)
2023-12-08 16:03:01.215 DEBUG c.z.h.p.HikariPool:521 - HikariPool-1 - Fill pool skipped, pool has sufficient level or currently being filled (queueDepth=0).
2023-12-08 16:03:31.218 DEBUG c.z.h.p.HikariPool:414 - HikariPool-1 - Before cleanup stats (total=50, active=0, idle=50, waiting=0)
2023-12-08 16:03:31.218 DEBUG c.z.h.p.HikariPool:414 - HikariPool-1 - After cleanup  stats (total=50, active=0, idle=50, waiting=0)
2023-12-08 16:03:31.218 DEBUG c.z.h.p.HikariPool:521 - HikariPool-1 - Fill pool skipped, pool has sufficient level or currently being filled (queueDepth=0).
2023-12-08 16:04:01.221 DEBUG c.z.h.p.HikariPool:414 - HikariPool-1 - Before cleanup stats (total=50, active=0, idle=50, waiting=0)
2023-12-08 16:04:01.222 DEBUG c.z.h.p.HikariPool:414 - HikariPool-1 - After cleanup  stats (total=50, active=0, idle=50, waiting=0)
2023-12-08 16:04:01.222 DEBUG c.z.h.p.HikariPool:521 - HikariPool-1 - Fill pool skipped, pool has sufficient level or currently being filled (queueDepth=0).
2023-12-08 16:04:29.895 DEBUG c.z.h.p.PoolBase:132 - HikariPool-1 - Closing connection com.mysql.cj.jdbc.ConnectionImpl@59bd0945: (connection has passed maxLifetime)
2023-12-08 16:04:29.906 DEBUG c.z.h.p.HikariPool:738 - HikariPool-1 - Added connection com.mysql.cj.jdbc.ConnectionImpl@5a47599
2023-12-08 16:04:31.229 DEBUG c.z.h.p.HikariPool:414 - HikariPool-1 - Before cleanup stats (total=50, active=0, idle=50, waiting=0)
2023-12-08 16:04:31.230 DEBUG c.z.h.p.HikariPool:414 - HikariPool-1 - After cleanup  stats (total=50, active=0, idle=50, waiting=0)
2023-12-08 16:04:31.230 DEBUG c.z.h.p.HikariPool:521 - HikariPool-1 - Fill pool skipped, pool has sufficient level or currently being filled (queueDepth=0).
2023-12-08 16:04:36.528 DEBUG c.z.h.p.PoolBase:132 - HikariPool-1 - Closing connection com.mysql.cj.jdbc.ConnectionImpl@29f478db: (connection has passed maxLifetime)
2023-12-08 16:04:36.568 DEBUG c.z.h.p.HikariPool:738 - HikariPool-1 - Added connection com.mysql.cj.jdbc.ConnectionImpl@441031cc
2023-12-08 16:04:39.577 DEBUG c.z.h.p.PoolBase:132 - HikariPool-1 - Closing connection com.mysql.cj.jdbc.ConnectionImpl@18a6a1de: (connection has passed maxLifetime)
2023-12-08 16:04:39.594 DEBUG c.z.h.p.HikariPool:738 - HikariPool-1 - Added connection com.mysql.cj.jdbc.ConnectionImpl@52d3bf7
2023-12-08 16:04:40.298 DEBUG c.z.h.p.PoolBase:132 - HikariPool-1 - Closing connection com.mysql.cj.jdbc.ConnectionImpl@7e59db1e: (connection has passed maxLifetime)
2023-12-08 16:04:40.335 DEBUG c.z.h.p.HikariPool:738 - HikariPool-1 - Added connection com.mysql.cj.jdbc.ConnectionImpl@34627ce8
2023-12-08 16:04:40.906 DEBUG c.z.h.p.PoolBase:132 - HikariPool-1 - Closing connection com.mysql.cj.jdbc.ConnectionImpl@599babe5: (connection has passed maxLifetime)
2023-12-08 16:04:40.928 DEBUG c.z.h.p.HikariPool:738 - HikariPool-1 - Added connection com.mysql.cj.jdbc.ConnectionImpl@6502c4b8
2023-12-08 16:04:44.762 DEBUG c.z.h.p.PoolBase:132 - HikariPool-1 - Closing connection com.mysql.cj.jdbc.ConnectionImpl@32d636be: (connection has passed maxLifetime)
2023-12-08 16:04:44.777 DEBUG c.z.h.p.HikariPool:738 - HikariPool-1 - Added connection com.mysql.cj.jdbc.ConnectionImpl@7e4f949e
2023-12-08 16:04:46.078 DEBUG c.z.h.p.PoolBase:132 - HikariPool-1 - Closing connection com.mysql.cj.jdbc.ConnectionImpl@7d42fe1a: (connection has passed maxLifetime)
2023-12-08 16:04:46.111 DEBUG c.z.h.p.HikariPool:738 - HikariPool-1 - Added connection com.mysql.cj.jdbc.ConnectionImpl@614c5d1b
2023-12-08 16:04:49.717 DEBUG c.z.h.p.PoolBase:132 - HikariPool-1 - Closing connection com.mysql.cj.jdbc.ConnectionImpl@4ff442d8: (connection has passed maxLifetime)
2023-12-08 16:04:49.727 DEBUG c.z.h.p.HikariPool:738 - HikariPool-1 - Added connection com.mysql.cj.jdbc.ConnectionImpl@534b9495
2023-12-08 16:04:50.137 DEBUG c.z.h.p.PoolBase:132 - HikariPool-1 - Closing connection com.mysql.cj.jdbc.ConnectionImpl@632e93bb: (connection has passed maxLifetime)
2023-12-08 16:04:50.159 DEBUG c.z.h.p.HikariPool:738 - HikariPool-1 - Added connection com.mysql.cj.jdbc.ConnectionImpl@1428c06
2023-12-08 16:04:52.579 DEBUG c.z.h.p.PoolBase:132 - HikariPool-1 - Closing connection com.mysql.cj.jdbc.ConnectionImpl@78895e91: (connection has passed maxLifetime)
2023-12-08 16:04:52.619 DEBUG c.z.h.p.HikariPool:738 - HikariPool-1 - Added connection com.mysql.cj.jdbc.ConnectionImpl@4fcbb690
2023-12-08 16:04:53.932 DEBUG c.z.h.p.PoolBase:132 - HikariPool-1 - Closing connection com.mysql.cj.jdbc.ConnectionImpl@b39556: (connection has passed maxLifetime)
2023-12-08 16:04:53.958 DEBUG c.z.h.p.HikariPool:738 - HikariPool-1 - Added connection com.mysql.cj.jdbc.ConnectionImpl@75d8ab87
2023-12-08 16:04:55.676 DEBUG c.z.h.p.PoolBase:132 - HikariPool-1 - Closing connection com.mysql.cj.jdbc.ConnectionImpl@436c1677: (connection has passed maxLifetime)
2023-12-08 16:04:55.710 DEBUG c.z.h.p.HikariPool:738 - HikariPool-1 - Added connection com.mysql.cj.jdbc.ConnectionImpl@7c6cae6b
2023-12-08 16:04:58.859 DEBUG c.z.h.p.PoolBase:132 - HikariPool-1 - Closing connection com.mysql.cj.jdbc.ConnectionImpl@401d7956: (connection has passed maxLifetime)
2023-12-08 16:04:58.867 DEBUG c.z.h.p.HikariPool:738 - HikariPool-1 - Added connection com.mysql.cj.jdbc.ConnectionImpl@55e725d1
2023-12-08 16:04:59.174 DEBUG c.z.h.p.PoolBase:132 - HikariPool-1 - Closing connection com.mysql.cj.jdbc.ConnectionImpl@6bd9dfa: (connection has passed maxLifetime)
2023-12-08 16:04:59.211 DEBUG c.z.h.p.HikariPool:738 - HikariPool-1 - Added connection com.mysql.cj.jdbc.ConnectionImpl@2d5193f5
2023-12-08 16:04:59.361 DEBUG c.z.h.p.PoolBase:132 - HikariPool-1 - Closing connection com.mysql.cj.jdbc.ConnectionImpl@28c01185: (connection has passed maxLifetime)
2023-12-08 16:04:59.371 DEBUG c.z.h.p.HikariPool:738 - HikariPool-1 - Added connection com.mysql.cj.jdbc.ConnectionImpl@3da80eab
2023-12-08 16:04:59.641 DEBUG c.z.h.p.PoolBase:132 - HikariPool-1 - Closing connection com.mysql.cj.jdbc.ConnectionImpl@56c92082: (connection has passed maxLifetime)
2023-12-08 16:04:59.650 DEBUG c.z.h.p.HikariPool:738 - HikariPool-1 - Added connection com.mysql.cj.jdbc.ConnectionImpl@13f8368c
2023-12-08 16:04:59.736 DEBUG c.z.h.p.PoolBase:132 - HikariPool-1 - Closing connection com.mysql.cj.jdbc.ConnectionImpl@7713cacf: (connection has passed maxLifetime)
2023-12-08 16:04:59.758 DEBUG c.z.h.p.HikariPool:738 - HikariPool-1 - Added connection com.mysql.cj.jdbc.ConnectionImpl@54686091
2023-12-08 16:05:00.081 DEBUG c.z.h.p.PoolBase:132 - HikariPool-1 - Closing connection com.mysql.cj.jdbc.ConnectionImpl@7cc7c2a9: (connection has passed maxLifetime)
2023-12-08 16:05:00.093 DEBUG c.z.h.p.HikariPool:738 - HikariPool-1 - Added connection com.mysql.cj.jdbc.ConnectionImpl@a459118
2023-12-08 16:05:01.239 DEBUG c.z.h.p.HikariPool:414 - HikariPool-1 - Before cleanup stats (total=50, active=0, idle=50, waiting=0)
2023-12-08 16:05:01.239 DEBUG c.z.h.p.HikariPool:414 - HikariPool-1 - After cleanup  stats (total=50, active=0, idle=50, waiting=0)
2023-12-08 16:05:01.240 DEBUG c.z.h.p.HikariPool:521 - HikariPool-1 - Fill pool skipped, pool has sufficient level or currently being filled (queueDepth=0).
2023-12-08 16:05:02.193 DEBUG c.z.h.p.PoolBase:132 - HikariPool-1 - Closing connection com.mysql.cj.jdbc.ConnectionImpl@7caf4d19: (connection has passed maxLifetime)
2023-12-08 16:05:02.224 DEBUG c.z.h.p.HikariPool:738 - HikariPool-1 - Added connection com.mysql.cj.jdbc.ConnectionImpl@73eae428
2023-12-08 16:05:05.624 DEBUG c.z.h.p.PoolBase:132 - HikariPool-1 - Closing connection com.mysql.cj.jdbc.ConnectionImpl@47ab39ec: (connection has passed maxLifetime)
2023-12-08 16:05:05.634 DEBUG c.z.h.p.HikariPool:738 - HikariPool-1 - Added connection com.mysql.cj.jdbc.ConnectionImpl@51d8fd7b
2023-12-08 16:05:06.324 DEBUG c.z.h.p.PoolBase:132 - HikariPool-1 - Closing connection com.mysql.cj.jdbc.ConnectionImpl@146d78d0: (connection has passed maxLifetime)
2023-12-08 16:05:06.338 DEBUG c.z.h.p.HikariPool:738 - HikariPool-1 - Added connection com.mysql.cj.jdbc.ConnectionImpl@1aaf8c33
2023-12-08 16:05:06.562 DEBUG c.z.h.p.PoolBase:132 - HikariPool-1 - Closing connection com.mysql.cj.jdbc.ConnectionImpl@54feb046: (connection has passed maxLifetime)
2023-12-08 16:05:06.580 DEBUG c.z.h.p.HikariPool:738 - HikariPool-1 - Added connection com.mysql.cj.jdbc.ConnectionImpl@602b8572
2023-12-08 16:05:07.295 DEBUG c.z.h.p.PoolBase:132 - HikariPool-1 - Closing connection com.mysql.cj.jdbc.ConnectionImpl@6ca0d9a9: (connection has passed maxLifetime)
2023-12-08 16:05:07.316 DEBUG c.z.h.p.HikariPool:738 - HikariPool-1 - Added connection com.mysql.cj.jdbc.ConnectionImpl@3fd96755
2023-12-08 16:05:11.405 DEBUG c.z.h.p.PoolBase:132 - HikariPool-1 - Closing connection com.mysql.cj.jdbc.ConnectionImpl@1cab8933: (connection has passed maxLifetime)
2023-12-08 16:05:11.431 DEBUG c.z.h.p.HikariPool:738 - HikariPool-1 - Added connection com.mysql.cj.jdbc.ConnectionImpl@10666f6
2023-12-08 16:05:13.034 DEBUG c.z.h.p.PoolBase:132 - HikariPool-1 - Closing connection com.mysql.cj.jdbc.ConnectionImpl@2d621e2: (connection has passed maxLifetime)
2023-12-08 16:05:13.057 DEBUG c.z.h.p.HikariPool:738 - HikariPool-1 - Added connection com.mysql.cj.jdbc.ConnectionImpl@218645f4
2023-12-08 16:05:13.627 DEBUG c.z.h.p.PoolBase:132 - HikariPool-1 - Closing connection com.mysql.cj.jdbc.ConnectionImpl@472f74aa: (connection has passed maxLifetime)
2023-12-08 16:05:13.637 DEBUG c.z.h.p.HikariPool:738 - HikariPool-1 - Added connection com.mysql.cj.jdbc.ConnectionImpl@7d706078
2023-12-08 16:05:14.049 DEBUG c.z.h.p.PoolBase:132 - HikariPool-1 - Closing connection com.mysql.cj.jdbc.ConnectionImpl@f4ff9d: (connection has passed maxLifetime)
2023-12-08 16:05:14.065 DEBUG c.z.h.p.HikariPool:738 - HikariPool-1 - Added connection com.mysql.cj.jdbc.ConnectionImpl@301b3b7c
