2023-12-08 11:59:59.112 DEBUG c.z.h.p.HikariPool:414 - HikariPool-1 - Before cleanup stats (total=50, active=0, idle=50, waiting=0)
2023-12-08 11:59:59.120 DEBUG c.z.h.p.HikariPool:414 - HikariPool-1 - After cleanup  stats (total=50, active=0, idle=50, waiting=0)
2023-12-08 11:59:59.122 DEBUG c.z.h.p.HikariPool:521 - HikariPool-1 - Fill pool skipped, pool has sufficient level or currently being filled (queueDepth=0).
2023-12-08 12:00:19.983  INFO o.a.c.c.C.[.[.[/]:173 - Initializing Spring DispatcherServlet 'dispatcherServlet'
2023-12-08 12:00:19.984  INFO o.s.w.s.DispatcherServlet:532 - Initializing Servlet 'dispatcherServlet'
2023-12-08 12:00:19.984 DEBUG o.s.w.s.DispatcherServlet:528 - Detected StandardServletMultipartResolver
2023-12-08 12:00:19.985 DEBUG o.s.w.s.DispatcherServlet:552 - Detected AcceptHeaderLocaleResolver
2023-12-08 12:00:19.985 DEBUG o.s.w.s.DispatcherServlet:578 - Detected FixedThemeResolver
2023-12-08 12:00:19.986 DEBUG o.s.w.s.DispatcherServlet:728 - Detected org.springframework.web.servlet.view.DefaultRequestToViewNameTranslator@181a6784
2023-12-08 12:00:19.987 DEBUG o.s.w.s.DispatcherServlet:792 - Detected org.springframework.web.servlet.support.SessionFlashMapManager@67b5da40
2023-12-08 12:00:19.987 DEBUG o.s.w.s.DispatcherServlet:549 - enableLoggingRequestDetails='false': request parameters and headers will be masked to prevent unsafe logging of potentially sensitive data
2023-12-08 12:00:19.987  INFO o.s.w.s.DispatcherServlet:554 - Completed initialization in 3 ms
2023-12-08 12:00:19.995 DEBUG o.s.w.s.DispatcherServlet:120 - OPTIONS "/createMobile", parameters={}
2023-12-08 12:00:20.009 DEBUG o.s.w.s.m.m.a.RequestMappingHandlerMapping:528 - Mapped to com.myproject.smsblock.controller.SmsBlockMobileController#saveSmsBlockMobile(SmsBlockMobileDto)
2023-12-08 12:00:20.012 DEBUG o.s.o.j.s.OpenEntityManagerInViewInterceptor:86 - Opening JPA EntityManager in OpenEntityManagerInViewInterceptor
2023-12-08 12:00:20.032 DEBUG o.s.o.j.s.OpenEntityManagerInViewInterceptor:111 - Closing JPA EntityManager in OpenEntityManagerInViewInterceptor
2023-12-08 12:00:20.035 DEBUG o.s.w.s.DispatcherServlet:1135 - Completed 200 OK
2023-12-08 12:00:20.045 DEBUG o.s.w.s.DispatcherServlet:120 - POST "/createMobile", parameters={}
2023-12-08 12:00:20.045 DEBUG o.s.w.s.m.m.a.RequestMappingHandlerMapping:528 - Mapped to com.myproject.smsblock.controller.SmsBlockMobileController#saveSmsBlockMobile(SmsBlockMobileDto)
2023-12-08 12:00:20.048 DEBUG o.s.o.j.s.OpenEntityManagerInViewInterceptor:86 - Opening JPA EntityManager in OpenEntityManagerInViewInterceptor
2023-12-08 12:00:20.138 DEBUG o.s.w.s.m.m.a.RequestResponseBodyMethodProcessor:120 - Read "application/json;charset=UTF-8" to [com.myproject.smsblock.dto.SmsBlockMobileDto@19c2fe3b]
2023-12-08 12:00:20.154 DEBUG o.s.w.s.m.m.a.HttpEntityMethodProcessor:275 - Using 'application/json', given [application/json, text/plain, */*] and supported [text/plain, */*, application/json, application/*+json]
2023-12-08 12:00:20.155 DEBUG o.s.w.s.m.m.a.HttpEntityMethodProcessor:120 - Writing ["Phone number cannot be null or empty"]
2023-12-08 12:00:20.159 DEBUG o.s.o.j.s.OpenEntityManagerInViewInterceptor:111 - Closing JPA EntityManager in OpenEntityManagerInViewInterceptor
2023-12-08 12:00:20.159 DEBUG o.s.w.s.DispatcherServlet:1135 - Completed 400 BAD_REQUEST
2023-12-08 12:00:23.101 DEBUG o.s.w.s.DispatcherServlet:120 - POST "/createMobile", parameters={}
2023-12-08 12:00:23.102 DEBUG o.s.w.s.m.m.a.RequestMappingHandlerMapping:528 - Mapped to com.myproject.smsblock.controller.SmsBlockMobileController#saveSmsBlockMobile(SmsBlockMobileDto)
2023-12-08 12:00:23.103 DEBUG o.s.o.j.s.OpenEntityManagerInViewInterceptor:86 - Opening JPA EntityManager in OpenEntityManagerInViewInterceptor
2023-12-08 12:00:23.104 DEBUG o.s.w.s.m.m.a.RequestResponseBodyMethodProcessor:120 - Read "application/json;charset=UTF-8" to [com.myproject.smsblock.dto.SmsBlockMobileDto@1f85135d]
2023-12-08 12:00:23.105 DEBUG o.s.w.s.m.m.a.HttpEntityMethodProcessor:275 - Using 'application/json', given [application/json, text/plain, */*] and supported [text/plain, */*, application/json, application/*+json]
2023-12-08 12:00:23.105 DEBUG o.s.w.s.m.m.a.HttpEntityMethodProcessor:120 - Writing ["Phone number cannot be null or empty"]
2023-12-08 12:00:23.106 DEBUG o.s.o.j.s.OpenEntityManagerInViewInterceptor:111 - Closing JPA EntityManager in OpenEntityManagerInViewInterceptor
2023-12-08 12:00:23.107 DEBUG o.s.w.s.DispatcherServlet:1135 - Completed 400 BAD_REQUEST
2023-12-08 12:00:27.143 DEBUG o.s.w.s.DispatcherServlet:120 - POST "/createMobile", parameters={}
2023-12-08 12:00:27.144 DEBUG o.s.w.s.m.m.a.RequestMappingHandlerMapping:528 - Mapped to com.myproject.smsblock.controller.SmsBlockMobileController#saveSmsBlockMobile(SmsBlockMobileDto)
2023-12-08 12:00:27.146 DEBUG o.s.o.j.s.OpenEntityManagerInViewInterceptor:86 - Opening JPA EntityManager in OpenEntityManagerInViewInterceptor
2023-12-08 12:00:27.147 DEBUG o.s.w.s.m.m.a.RequestResponseBodyMethodProcessor:120 - Read "application/json;charset=UTF-8" to [com.myproject.smsblock.dto.SmsBlockMobileDto@51a20c6b]
2023-12-08 12:00:27.204 DEBUG o.h.o.s.a.create:33 - Created new SQL alias : s1_0
2023-12-08 12:00:27.204 DEBUG o.h.o.s.a.create:98 - Registration of TableGroup [StandardTableGroup(com.myproject.smsblock.entity.SmsBlockMobile(1538639481327000))] with identifierForTableGroup [com.myproject.smsblock.entity.SmsBlockMobile] for NavigablePath [com.myproject.smsblock.entity.SmsBlockMobile]
2023-12-08 12:00:27.221 DEBUG o.h.q.s.s.BaseSqmToSqlAstConverter:5700 - Determining mapping-model type for SqmParameter : org.hibernate.query.sqm.tree.expression.SqmJpaCriteriaParameterWrapper@f9d077e
2023-12-08 12:00:27.222 DEBUG o.h.q.s.s.BaseSqmToSqlAstConverter:5590 - Determining mapping-model type for SqmPath : SqmBasicValuedSimplePath(com.myproject.smsblock.entity.SmsBlockMobile(1538639481327000).mobileNo)
2023-12-08 12:00:27.226 DEBUG o.h.q.s.s.BaseSqmToSqlAstConverter:5700 - Determining mapping-model type for SqmParameter : org.hibernate.query.sqm.tree.expression.SqmJpaCriteriaParameterWrapper@3afe4a15
2023-12-08 12:00:27.227 DEBUG o.h.q.s.s.BaseSqmToSqlAstConverter:5590 - Determining mapping-model type for SqmPath : SqmBasicValuedSimplePath(com.myproject.smsblock.entity.SmsBlockMobile(1538639481327000).status)
2023-12-08 12:00:27.232 DEBUG o.h.o.r.g.AST:67 - DomainResult Graph:
 \-EntityResultImpl [com.myproject.smsblock.entity.SmsBlockMobile(1538639481327000)]
 |  +-BasicFetch [com.myproject.smsblock.entity.SmsBlockMobile(1538639481327000).activatedOn]
 |  +-BasicFetch [com.myproject.smsblock.entity.SmsBlockMobile(1538639481327000).addedBy]
 |  +-BasicFetch [com.myproject.smsblock.entity.SmsBlockMobile(1538639481327000).comment]
 |  +-BasicFetch [com.myproject.smsblock.entity.SmsBlockMobile(1538639481327000).deactivatedBy]
 |  +-BasicFetch [com.myproject.smsblock.entity.SmsBlockMobile(1538639481327000).deactivatedOn]
 |  +-BasicFetch [com.myproject.smsblock.entity.SmsBlockMobile(1538639481327000).mobileNo]
 |  \-BasicFetch [com.myproject.smsblock.entity.SmsBlockMobile(1538639481327000).status]

2023-12-08 12:00:27.232 DEBUG o.h.o.s.a.tree:46 - SQL AST Tree:
    SelectStatement {
      FromClause {
        StandardTableGroup (s1 : com.myproject.smsblock.entity.SmsBlockMobile(1538639481327000)) {
          primaryTableReference : sms_block_mobile as s1_0
        }
      }
    }

2023-12-08 12:00:27.244 DEBUG o.h.o.s.exec:455 - Skipping reading Query result cache data: cache-enabled = false, cache-mode = NORMAL
2023-12-08 12:00:27.259 DEBUG o.h.o.results:76 - Initializer list:
	  com.myproject.smsblock.entity.SmsBlockMobile(1538639481327000) -> EntityResultInitializer(com.myproject.smsblock.entity.SmsBlockMobile(1538639481327000))@1476020563 (SingleTableEntityPersister(com.myproject.smsblock.entity.SmsBlockMobile))

2023-12-08 12:00:27.263 DEBUG o.h.SQL:133 - select s1_0.id,s1_0.activated_on,s1_0.added_by,s1_0.comment,s1_0.deactivated_by,s1_0.deactivated_on,s1_0.mobile_no,s1_0.status from sms_block_mobile s1_0 where s1_0.mobile_no=? and s1_0.status=?
2023-12-08 12:00:27.269 DEBUG o.h.o.results:61 - Extracted JDBC value [0] - [47]
2023-12-08 12:00:27.271 DEBUG o.h.o.r.l.entity:300 - (EntityResultInitializer) Hydrated EntityKey (com.myproject.smsblock.entity.SmsBlockMobile(1538639481327000)): 47
2023-12-08 12:00:27.273 DEBUG o.h.o.r.l.entity:689 - (EntityResultInitializer) Created new entity instance [com.myproject.smsblock.entity.SmsBlockMobile(1538639481327000)#47] : 1856749755
2023-12-08 12:00:27.274 DEBUG o.h.o.results:61 - Extracted JDBC value [1] - [2023-12-05 14:34:38.0]
2023-12-08 12:00:27.274 DEBUG o.h.o.results:61 - Extracted JDBC value [2] - [q]
2023-12-08 12:00:27.275 DEBUG o.h.o.results:61 - Extracted JDBC value [3] - [null]
2023-12-08 12:00:27.275 DEBUG o.h.o.results:61 - Extracted JDBC value [4] - [null]
2023-12-08 12:00:27.276 DEBUG o.h.o.results:61 - Extracted JDBC value [5] - [null]
2023-12-08 12:00:27.276 DEBUG o.h.o.results:61 - Extracted JDBC value [6] - [0729892222]
2023-12-08 12:00:27.276 DEBUG o.h.o.results:61 - Extracted JDBC value [7] - [ACT]
2023-12-08 12:00:27.281 DEBUG o.h.o.r.l.entity:889 - (EntityResultInitializer) Done materializing entityInstance : com.myproject.smsblock.entity.SmsBlockMobile(1538639481327000)#47
2023-12-08 12:00:27.282 DEBUG o.h.o.r.loading:93 - Calling top-level assembler (0 / 1) : org.hibernate.sql.results.graph.entity.internal.EntityAssembler@76233c89
2023-12-08 12:00:27.286 DEBUG o.s.w.s.m.m.a.HttpEntityMethodProcessor:275 - Using 'application/json', given [application/json, text/plain, */*] and supported [*/*]
2023-12-08 12:00:27.287 DEBUG o.s.o.j.s.OpenEntityManagerInViewInterceptor:111 - Closing JPA EntityManager in OpenEntityManagerInViewInterceptor
2023-12-08 12:00:27.287 DEBUG o.s.w.s.DispatcherServlet:1135 - Completed 409 CONFLICT
2023-12-08 12:00:29.135 DEBUG c.z.h.p.HikariPool:414 - HikariPool-1 - Before cleanup stats (total=50, active=0, idle=50, waiting=0)
2023-12-08 12:00:29.136 DEBUG c.z.h.p.HikariPool:414 - HikariPool-1 - After cleanup  stats (total=50, active=0, idle=50, waiting=0)
2023-12-08 12:00:29.136 DEBUG c.z.h.p.HikariPool:521 - HikariPool-1 - Fill pool skipped, pool has sufficient level or currently being filled (queueDepth=0).
