2023-12-08 09:30:49.062 DEBUG c.z.h.p.HikariPool:414 - HikariPool-1 - Before cleanup stats (total=50, active=0, idle=50, waiting=0)
2023-12-08 09:30:49.070 DEBUG c.z.h.p.HikariPool:414 - HikariPool-1 - After cleanup  stats (total=50, active=0, idle=50, waiting=0)
2023-12-08 09:30:49.071 DEBUG c.z.h.p.HikariPool:521 - HikariPool-1 - Fill pool skipped, pool has sufficient level or currently being filled (queueDepth=0).
2023-12-08 09:31:07.292 DEBUG o.s.w.s.DispatcherServlet:120 - POST "/createMobile", parameters={}
2023-12-08 09:31:07.293 DEBUG o.s.w.s.m.m.a.RequestMappingHandlerMapping:528 - Mapped to com.mobitel.smsblock.controller.SmsBlockMobileController#saveSmsBlockMobile(SmsBlockMobileDto)
2023-12-08 09:31:07.312 DEBUG o.s.o.j.s.OpenEntityManagerInViewInterceptor:86 - Opening JPA EntityManager in OpenEntityManagerInViewInterceptor
2023-12-08 09:31:07.314 DEBUG o.s.w.s.m.m.a.RequestResponseBodyMethodProcessor:120 - Read "application/json;charset=UTF-8" to [com.mobitel.smsblock.dto.SmsBlockMobileDto@6bf868a7]
2023-12-08 09:31:07.315 DEBUG o.h.o.s.a.create:33 - Created new SQL alias : s1_0
2023-12-08 09:31:07.316 DEBUG o.h.o.s.a.create:98 - Registration of TableGroup [StandardTableGroup(com.mobitel.smsblock.entity.SmsBlockMobile(1529598621284400))] with identifierForTableGroup [com.mobitel.smsblock.entity.SmsBlockMobile] for NavigablePath [com.mobitel.smsblock.entity.SmsBlockMobile] 
2023-12-08 09:31:07.316 DEBUG o.h.q.s.s.BaseSqmToSqlAstConverter:5700 - Determining mapping-model type for SqmParameter : org.hibernate.query.sqm.tree.expression.SqmJpaCriteriaParameterWrapper@653f8ba8
2023-12-08 09:31:07.316 DEBUG o.h.q.s.s.BaseSqmToSqlAstConverter:5590 - Determining mapping-model type for SqmPath : SqmBasicValuedSimplePath(com.mobitel.smsblock.entity.SmsBlockMobile(1529598621284400).mobileNo) 
2023-12-08 09:31:07.317 DEBUG o.h.q.s.s.BaseSqmToSqlAstConverter:5700 - Determining mapping-model type for SqmParameter : org.hibernate.query.sqm.tree.expression.SqmJpaCriteriaParameterWrapper@610003d7
2023-12-08 09:31:07.317 DEBUG o.h.q.s.s.BaseSqmToSqlAstConverter:5590 - Determining mapping-model type for SqmPath : SqmBasicValuedSimplePath(com.mobitel.smsblock.entity.SmsBlockMobile(1529598621284400).status) 
2023-12-08 09:31:07.317 DEBUG o.h.o.r.g.AST:67 - DomainResult Graph:
 \-EntityResultImpl [com.mobitel.smsblock.entity.SmsBlockMobile(1529598621284400)]
 |  +-BasicFetch [com.mobitel.smsblock.entity.SmsBlockMobile(1529598621284400).activatedOn]
 |  +-BasicFetch [com.mobitel.smsblock.entity.SmsBlockMobile(1529598621284400).addedBy]
 |  +-BasicFetch [com.mobitel.smsblock.entity.SmsBlockMobile(1529598621284400).comment]
 |  +-BasicFetch [com.mobitel.smsblock.entity.SmsBlockMobile(1529598621284400).deactivatedBy]
 |  +-BasicFetch [com.mobitel.smsblock.entity.SmsBlockMobile(1529598621284400).deactivatedOn]
 |  +-BasicFetch [com.mobitel.smsblock.entity.SmsBlockMobile(1529598621284400).mobileNo]
 |  \-BasicFetch [com.mobitel.smsblock.entity.SmsBlockMobile(1529598621284400).status]

2023-12-08 09:31:07.317 DEBUG o.h.o.s.a.tree:46 - SQL AST Tree:
    SelectStatement {
      FromClause {
        StandardTableGroup (s1 : com.mobitel.smsblock.entity.SmsBlockMobile(1529598621284400)) {
          primaryTableReference : sms_block_mobile as s1_0
        }
      }
    }

2023-12-08 09:31:07.318 DEBUG o.h.o.s.exec:455 - Skipping reading Query result cache data: cache-enabled = false, cache-mode = NORMAL
2023-12-08 09:31:07.318 DEBUG o.h.o.results:76 - Initializer list:
	  com.mobitel.smsblock.entity.SmsBlockMobile(1529598621284400) -> EntityResultInitializer(com.mobitel.smsblock.entity.SmsBlockMobile(1529598621284400))@1947432916 (SingleTableEntityPersister(com.mobitel.smsblock.entity.SmsBlockMobile))

2023-12-08 09:31:07.318 DEBUG o.h.SQL:133 - select s1_0.id,s1_0.activated_on,s1_0.added_by,s1_0.comment,s1_0.deactivated_by,s1_0.deactivated_on,s1_0.mobile_no,s1_0.status from sms_block_mobile s1_0 where s1_0.mobile_no=? and s1_0.status=?
2023-12-08 09:31:07.321 DEBUG o.h.o.results:61 - Extracted JDBC value [0] - [82]
2023-12-08 09:31:07.322 DEBUG o.h.o.r.l.entity:300 - (EntityResultInitializer) Hydrated EntityKey (com.mobitel.smsblock.entity.SmsBlockMobile(1529598621284400)): 82
2023-12-08 09:31:07.324 DEBUG o.h.o.r.l.entity:689 - (EntityResultInitializer) Created new entity instance [com.mobitel.smsblock.entity.SmsBlockMobile(1529598621284400)#82] : 1170490947
2023-12-08 09:31:07.324 DEBUG o.h.o.results:61 - Extracted JDBC value [1] - [2023-12-08 09:30:24.0]
2023-12-08 09:31:07.325 DEBUG o.h.o.results:61 - Extracted JDBC value [2] - [Tharsana]
2023-12-08 09:31:07.325 DEBUG o.h.o.results:61 - Extracted JDBC value [3] - [null]
2023-12-08 09:31:07.325 DEBUG o.h.o.results:61 - Extracted JDBC value [4] - [null]
2023-12-08 09:31:07.325 DEBUG o.h.o.results:61 - Extracted JDBC value [5] - [null]
2023-12-08 09:31:07.326 DEBUG o.h.o.results:61 - Extracted JDBC value [6] - [0763600822]
2023-12-08 09:31:07.326 DEBUG o.h.o.results:61 - Extracted JDBC value [7] - [ACT]
2023-12-08 09:31:07.327 DEBUG o.h.o.r.l.entity:889 - (EntityResultInitializer) Done materializing entityInstance : com.mobitel.smsblock.entity.SmsBlockMobile(1529598621284400)#82
2023-12-08 09:31:07.327 DEBUG o.h.o.r.loading:93 - Calling top-level assembler (0 / 1) : org.hibernate.sql.results.graph.entity.internal.EntityAssembler@15e3139a
2023-12-08 09:31:07.330 DEBUG o.s.w.s.m.m.a.HttpEntityMethodProcessor:275 - Using 'application/json', given [application/json, text/plain, */*] and supported [application/json, application/*+json]
2023-12-08 09:31:07.331 DEBUG o.s.w.s.m.m.a.HttpEntityMethodProcessor:305 - Nothing to write: null body
2023-12-08 09:31:07.331 DEBUG o.s.o.j.s.OpenEntityManagerInViewInterceptor:111 - Closing JPA EntityManager in OpenEntityManagerInViewInterceptor
2023-12-08 09:31:07.332 DEBUG o.s.w.s.DispatcherServlet:1135 - Completed 409 CONFLICT
2023-12-08 09:31:12.069 DEBUG o.s.w.s.DispatcherServlet:120 - POST "/createMobile", parameters={}
2023-12-08 09:31:12.070 DEBUG o.s.w.s.m.m.a.RequestMappingHandlerMapping:528 - Mapped to com.mobitel.smsblock.controller.SmsBlockMobileController#saveSmsBlockMobile(SmsBlockMobileDto)
2023-12-08 09:31:12.071 DEBUG o.s.o.j.s.OpenEntityManagerInViewInterceptor:86 - Opening JPA EntityManager in OpenEntityManagerInViewInterceptor
2023-12-08 09:31:12.073 DEBUG o.s.w.s.m.m.a.RequestResponseBodyMethodProcessor:120 - Read "application/json;charset=UTF-8" to [com.mobitel.smsblock.dto.SmsBlockMobileDto@597dc91]
2023-12-08 09:31:12.074 DEBUG o.h.o.s.a.create:33 - Created new SQL alias : s1_0
2023-12-08 09:31:12.075 DEBUG o.h.o.s.a.create:98 - Registration of TableGroup [StandardTableGroup(com.mobitel.smsblock.entity.SmsBlockMobile(1529598621284400))] with identifierForTableGroup [com.mobitel.smsblock.entity.SmsBlockMobile] for NavigablePath [com.mobitel.smsblock.entity.SmsBlockMobile] 
2023-12-08 09:31:12.076 DEBUG o.h.q.s.s.BaseSqmToSqlAstConverter:5700 - Determining mapping-model type for SqmParameter : org.hibernate.query.sqm.tree.expression.SqmJpaCriteriaParameterWrapper@b503253
2023-12-08 09:31:12.076 DEBUG o.h.q.s.s.BaseSqmToSqlAstConverter:5590 - Determining mapping-model type for SqmPath : SqmBasicValuedSimplePath(com.mobitel.smsblock.entity.SmsBlockMobile(1529598621284400).mobileNo) 
2023-12-08 09:31:12.077 DEBUG o.h.q.s.s.BaseSqmToSqlAstConverter:5700 - Determining mapping-model type for SqmParameter : org.hibernate.query.sqm.tree.expression.SqmJpaCriteriaParameterWrapper@f6fb7e1
2023-12-08 09:31:12.078 DEBUG o.h.q.s.s.BaseSqmToSqlAstConverter:5590 - Determining mapping-model type for SqmPath : SqmBasicValuedSimplePath(com.mobitel.smsblock.entity.SmsBlockMobile(1529598621284400).status) 
2023-12-08 09:31:12.079 DEBUG o.h.o.r.g.AST:67 - DomainResult Graph:
 \-EntityResultImpl [com.mobitel.smsblock.entity.SmsBlockMobile(1529598621284400)]
 |  +-BasicFetch [com.mobitel.smsblock.entity.SmsBlockMobile(1529598621284400).activatedOn]
 |  +-BasicFetch [com.mobitel.smsblock.entity.SmsBlockMobile(1529598621284400).addedBy]
 |  +-BasicFetch [com.mobitel.smsblock.entity.SmsBlockMobile(1529598621284400).comment]
 |  +-BasicFetch [com.mobitel.smsblock.entity.SmsBlockMobile(1529598621284400).deactivatedBy]
 |  +-BasicFetch [com.mobitel.smsblock.entity.SmsBlockMobile(1529598621284400).deactivatedOn]
 |  +-BasicFetch [com.mobitel.smsblock.entity.SmsBlockMobile(1529598621284400).mobileNo]
 |  \-BasicFetch [com.mobitel.smsblock.entity.SmsBlockMobile(1529598621284400).status]

2023-12-08 09:31:12.080 DEBUG o.h.o.s.a.tree:46 - SQL AST Tree:
    SelectStatement {
      FromClause {
        StandardTableGroup (s1 : com.mobitel.smsblock.entity.SmsBlockMobile(1529598621284400)) {
          primaryTableReference : sms_block_mobile as s1_0
        }
      }
    }

2023-12-08 09:31:12.080 DEBUG o.h.o.s.exec:455 - Skipping reading Query result cache data: cache-enabled = false, cache-mode = NORMAL
2023-12-08 09:31:12.080 DEBUG o.h.o.results:76 - Initializer list:
	  com.mobitel.smsblock.entity.SmsBlockMobile(1529598621284400) -> EntityResultInitializer(com.mobitel.smsblock.entity.SmsBlockMobile(1529598621284400))@164560910 (SingleTableEntityPersister(com.mobitel.smsblock.entity.SmsBlockMobile))

2023-12-08 09:31:12.081 DEBUG o.h.SQL:133 - select s1_0.id,s1_0.activated_on,s1_0.added_by,s1_0.comment,s1_0.deactivated_by,s1_0.deactivated_on,s1_0.mobile_no,s1_0.status from sms_block_mobile s1_0 where s1_0.mobile_no=? and s1_0.status=?
2023-12-08 09:31:12.082 DEBUG o.s.o.j.JpaTransactionManager:374 - Found thread-bound EntityManager [SessionImpl(394837770<open>)] for JPA transaction
2023-12-08 09:31:12.082 DEBUG o.s.o.j.JpaTransactionManager:370 - Creating new transaction with name [org.springframework.data.jpa.repository.support.SimpleJpaRepository.save]: PROPAGATION_REQUIRED,ISOLATION_DEFAULT
2023-12-08 09:31:12.083 DEBUG o.h.e.t.i.TransactionImpl:53 - On TransactionImpl creation, JpaCompliance#isJpaTransactionComplianceEnabled == false
2023-12-08 09:31:12.083 DEBUG o.h.e.t.i.TransactionImpl:81 - begin
2023-12-08 09:31:12.083 DEBUG o.s.o.j.JpaTransactionManager:439 - Exposing JPA transaction as JDBC [org.springframework.orm.jpa.vendor.HibernateJpaDialect$HibernateConnectionHandle@5d55eee2]
2023-12-08 09:31:12.084 DEBUG o.h.j.i.PersistenceUnitUtilImpl:89 - jakarta.persistence.PersistenceUnitUtil.getIdentifier is only intended to work with enhanced entities (although Hibernate also adapts this support to its proxies); however the passed entity was not enhanced (nor a proxy).. may not be able to read identifier
2023-12-08 09:31:12.084 DEBUG o.h.e.s.ActionQueue:290 - Executing identity-insert immediately
2023-12-08 09:31:12.084 DEBUG o.h.SQL:133 - insert into sms_block_mobile (activated_on,added_by,comment,deactivated_by,deactivated_on,mobile_no,status) values (?,?,?,?,?,?,?)
2023-12-08 09:31:12.086 DEBUG o.h.i.IdentifierGeneratorHelper:84 - Natively generated identity (com.mobitel.smsblock.entity.SmsBlockMobile) : 83
2023-12-08 09:31:12.086 DEBUG o.h.r.j.i.ResourceRegistryStandardImpl:105 - HHH000387: ResultSet's statement was not registered
2023-12-08 09:31:12.086 DEBUG o.h.r.j.i.ResourceRegistryStandardImpl:203 - Exception clearing maxRows/queryTimeout [No operations allowed after statement closed.]
2023-12-08 09:31:12.087 DEBUG o.s.o.j.JpaTransactionManager:740 - Initiating transaction commit
2023-12-08 09:31:12.087 DEBUG o.s.o.j.JpaTransactionManager:556 - Committing JPA transaction on EntityManager [SessionImpl(394837770<open>)]
2023-12-08 09:31:12.087 DEBUG o.h.e.t.i.TransactionImpl:98 - committing
2023-12-08 09:31:12.087 DEBUG o.h.e.i.AbstractFlushingEventListener:136 - Processing flush-time cascades
2023-12-08 09:31:12.087 DEBUG o.h.e.i.AbstractFlushingEventListener:185 - Dirty checking collections
2023-12-08 09:31:12.088 DEBUG o.h.e.i.AbstractFlushingEventListener:110 - Flushed: 0 insertions, 0 updates, 0 deletions to 1 objects
2023-12-08 09:31:12.088 DEBUG o.h.e.i.AbstractFlushingEventListener:117 - Flushed: 0 (re)creations, 0 updates, 0 removals to 0 collections
2023-12-08 09:31:12.088 DEBUG o.h.i.u.EntityPrinter:111 - Listing entities:
2023-12-08 09:31:12.089 DEBUG o.h.i.u.EntityPrinter:118 - com.mobitel.smsblock.entity.SmsBlockMobile{activatedOn=2023-12-08 09:31:12.082119, addedBy=Tharsana, deactivatedOn=null, comment=null, id=83, mobileNo=0763600821, deactivatedBy=null, status=ACT}
2023-12-08 09:31:12.448 DEBUG o.s.o.j.JpaTransactionManager:652 - Not closing pre-bound JPA EntityManager after transaction
2023-12-08 09:31:12.450 DEBUG o.s.w.s.m.m.a.HttpEntityMethodProcessor:275 - Using 'application/json', given [application/json, text/plain, */*] and supported [application/json, application/*+json]
2023-12-08 09:31:12.452 DEBUG o.s.w.s.m.m.a.HttpEntityMethodProcessor:120 - Writing [SmsBlockMobile(id=83, mobileNo=0763600821, status=ACT, comment=null, activatedOn=2023-12-08 09:31:12 (truncated)...]
2023-12-08 09:31:12.456 DEBUG o.s.o.j.s.OpenEntityManagerInViewInterceptor:111 - Closing JPA EntityManager in OpenEntityManagerInViewInterceptor
2023-12-08 09:31:12.457 DEBUG o.s.w.s.DispatcherServlet:1135 - Completed 201 CREATED
2023-12-08 09:31:14.129 DEBUG o.s.w.s.DispatcherServlet:120 - GET "/mobile/83", parameters={}
2023-12-08 09:31:14.130 DEBUG o.s.w.s.m.m.a.RequestMappingHandlerMapping:528 - Mapped to com.mobitel.smsblock.controller.SmsBlockBlacklistController#getBlocklistBySmsBlockMobile(Integer)
2023-12-08 09:31:14.131 DEBUG o.s.o.j.s.OpenEntityManagerInViewInterceptor:86 - Opening JPA EntityManager in OpenEntityManagerInViewInterceptor
2023-12-08 09:31:14.144 DEBUG o.h.o.s.a.create:33 - Created new SQL alias : s1_0
2023-12-08 09:31:14.144 DEBUG o.h.o.s.a.create:98 - Registration of TableGroup [StandardTableGroup(com.mobitel.smsblock.entity.SmsBlockBlacklist(s))] with identifierForTableGroup [com.mobitel.smsblock.entity.SmsBlockBlacklist] for NavigablePath [com.mobitel.smsblock.entity.SmsBlockBlacklist] 
2023-12-08 09:31:14.146 DEBUG o.h.o.s.a.create:98 - Registration of TableGroup [org.hibernate.sql.ast.tree.from.LazyTableGroup@35772369] with identifierForTableGroup [com.mobitel.smsblock.entity.SmsBlockBlacklist.smsBlockMobile] for NavigablePath [com.mobitel.smsblock.entity.SmsBlockBlacklist.smsBlockMobile] 
2023-12-08 09:31:14.149 DEBUG o.h.q.s.s.BaseSqmToSqlAstConverter:5700 - Determining mapping-model type for SqmParameter : SqmNamedParameter(smsBlockMobile)
2023-12-08 09:31:14.150 DEBUG o.h.q.s.s.BaseSqmToSqlAstConverter:5590 - Determining mapping-model type for SqmPath : SqmBasicValuedSimplePath(com.mobitel.smsblock.entity.SmsBlockBlacklist(s).smsBlockMobile.id) 
2023-12-08 09:31:14.150 DEBUG o.h.q.s.s.BaseSqmToSqlAstConverter:5590 - Determining mapping-model type for SqmPath : SqmBasicValuedSimplePath(com.mobitel.smsblock.entity.SmsBlockBlacklist(s).status) 
2023-12-08 09:31:14.151 DEBUG o.h.o.r.g.AST:67 - DomainResult Graph:
 \-DynamicInstantiationResultImpl

2023-12-08 09:31:14.151 DEBUG o.h.o.s.a.tree:46 - SQL AST Tree:
    SelectStatement {
      FromClause {
        StandardTableGroup (s1 : com.mobitel.smsblock.entity.SmsBlockBlacklist(s)) {
          primaryTableReference : sms_block_blacklisted_mobile as s1_0
          TableGroupJoins {
             join LazyTableGroup (s2 : com.mobitel.smsblock.entity.SmsBlockBlacklist(s).smsBlockMobile) {
            }
          }
        }
      }
    }

2023-12-08 09:31:14.152 DEBUG o.h.o.s.exec:455 - Skipping reading Query result cache data: cache-enabled = false, cache-mode = NORMAL
2023-12-08 09:31:14.154 DEBUG o.h.o.results:56 - Initializer list is empty
2023-12-08 09:31:14.154 DEBUG o.h.SQL:133 - select s1_0.blacklist_mobile,s1_0.sms_block_mobile_id,s1_0.comment,s1_0.activated_on,s1_0.added_by from sms_block_blacklisted_mobile s1_0 where s1_0.sms_block_mobile_id=? and s1_0.status='ACT'
2023-12-08 09:31:14.160 DEBUG o.s.w.s.m.m.a.HttpEntityMethodProcessor:275 - Using 'application/json', given [application/json, text/plain, */*] and supported [application/json, application/*+json]
2023-12-08 09:31:14.161 DEBUG o.s.w.s.m.m.a.HttpEntityMethodProcessor:120 - Writing [[]]
2023-12-08 09:31:14.162 DEBUG o.s.o.j.s.OpenEntityManagerInViewInterceptor:111 - Closing JPA EntityManager in OpenEntityManagerInViewInterceptor
2023-12-08 09:31:14.162 DEBUG o.s.w.s.DispatcherServlet:1135 - Completed 200 OK
2023-12-08 09:31:14.165 DEBUG o.s.w.s.DispatcherServlet:120 - GET "/mobile/83", parameters={}
2023-12-08 09:31:14.166 DEBUG o.s.w.s.m.m.a.RequestMappingHandlerMapping:528 - Mapped to com.mobitel.smsblock.controller.SmsBlockBlacklistController#getBlocklistBySmsBlockMobile(Integer)
2023-12-08 09:31:14.167 DEBUG o.s.o.j.s.OpenEntityManagerInViewInterceptor:86 - Opening JPA EntityManager in OpenEntityManagerInViewInterceptor
2023-12-08 09:31:14.170 DEBUG o.h.o.s.exec:455 - Skipping reading Query result cache data: cache-enabled = false, cache-mode = NORMAL
2023-12-08 09:31:14.171 DEBUG o.h.o.results:56 - Initializer list is empty
2023-12-08 09:31:14.171 DEBUG o.h.SQL:133 - select s1_0.blacklist_mobile,s1_0.sms_block_mobile_id,s1_0.comment,s1_0.activated_on,s1_0.added_by from sms_block_blacklisted_mobile s1_0 where s1_0.sms_block_mobile_id=? and s1_0.status='ACT'
2023-12-08 09:31:14.173 DEBUG o.s.w.s.m.m.a.HttpEntityMethodProcessor:275 - Using 'application/json', given [application/json, text/plain, */*] and supported [application/json, application/*+json]
2023-12-08 09:31:14.174 DEBUG o.s.w.s.m.m.a.HttpEntityMethodProcessor:120 - Writing [[]]
2023-12-08 09:31:14.175 DEBUG o.s.o.j.s.OpenEntityManagerInViewInterceptor:111 - Closing JPA EntityManager in OpenEntityManagerInViewInterceptor
2023-12-08 09:31:14.175 DEBUG o.s.w.s.DispatcherServlet:1135 - Completed 200 OK
