2023-12-08 15:17:30.267 DEBUG c.z.h.p.HikariPool:414 - HikariPool-1 - Before cleanup stats (total=50, active=0, idle=50, waiting=0)
2023-12-08 15:17:30.272 DEBUG c.z.h.p.HikariPool:414 - HikariPool-1 - After cleanup  stats (total=50, active=0, idle=50, waiting=0)
2023-12-08 15:17:30.273 DEBUG c.z.h.p.HikariPool:521 - HikariPool-1 - Fill pool skipped, pool has sufficient level or currently being filled (queueDepth=0).
2023-12-08 15:17:31.151 DEBUG o.s.w.s.DispatcherServlet:120 - OPTIONS "/deleteBlacklistMobile/0998978674", parameters={}
2023-12-08 15:17:31.152 DEBUG o.s.w.s.m.m.a.RequestMappingHandlerMapping:528 - Mapped to com.myproject.smsblock.controller.SmsBlockBlacklistController#deactivateSmsBlacklistMobile(SmsBlockBlacklistDto)
2023-12-08 15:17:31.154 DEBUG o.s.o.j.s.OpenEntityManagerInViewInterceptor:86 - Opening JPA EntityManager in OpenEntityManagerInViewInterceptor
2023-12-08 15:17:31.155 DEBUG o.s.o.j.s.OpenEntityManagerInViewInterceptor:111 - Closing JPA EntityManager in OpenEntityManagerInViewInterceptor
2023-12-08 15:17:31.155 DEBUG o.s.w.s.DispatcherServlet:1135 - Completed 200 OK
2023-12-08 15:17:31.158 DEBUG o.s.w.s.DispatcherServlet:120 - PUT "/deleteBlacklistMobile/0998978674", parameters={}
2023-12-08 15:17:31.159 DEBUG o.s.w.s.m.m.a.RequestMappingHandlerMapping:528 - Mapped to com.myproject.smsblock.controller.SmsBlockBlacklistController#deactivateSmsBlacklistMobile(SmsBlockBlacklistDto)
2023-12-08 15:17:31.159 DEBUG o.s.o.j.s.OpenEntityManagerInViewInterceptor:86 - Opening JPA EntityManager in OpenEntityManagerInViewInterceptor
2023-12-08 15:17:31.160 DEBUG o.s.w.s.m.m.a.RequestResponseBodyMethodProcessor:120 - Read "application/json;charset=UTF-8" to [com.myproject.smsblock.dto.SmsBlockBlacklistDto@6d2985a5]
2023-12-08 15:17:31.161 DEBUG o.h.o.s.a.create:33 - Created new SQL alias : s1_0
2023-12-08 15:17:31.162 DEBUG o.h.o.s.a.create:98 - Registration of TableGroup [StandardTableGroup(com.myproject.smsblock.entity.SmsBlockBlacklist(1545793118366300))] with identifierForTableGroup [com.myproject.smsblock.entity.SmsBlockBlacklist] for NavigablePath [com.myproject.smsblock.entity.SmsBlockBlacklist]
2023-12-08 15:17:31.163 DEBUG o.h.o.s.a.create:98 - Registration of TableGroup [org.hibernate.sql.ast.tree.from.LazyTableGroup@5a7dea93] with identifierForTableGroup [com.myproject.smsblock.entity.SmsBlockBlacklist.smsBlockMobile] for NavigablePath [com.myproject.smsblock.entity.SmsBlockBlacklist.smsBlockMobile]
2023-12-08 15:17:31.164 DEBUG o.h.q.s.s.BaseSqmToSqlAstConverter:5700 - Determining mapping-model type for SqmParameter : org.hibernate.query.sqm.tree.expression.SqmJpaCriteriaParameterWrapper@6aa26bfb
2023-12-08 15:17:31.164 DEBUG o.h.q.s.s.BaseSqmToSqlAstConverter:5590 - Determining mapping-model type for SqmPath : SqmBasicValuedSimplePath(com.myproject.smsblock.entity.SmsBlockBlacklist(1545793118366300).blacklistMobile)
2023-12-08 15:17:31.165 DEBUG o.h.o.r.g.AST:67 - DomainResult Graph:
 \-EntityResultImpl [com.myproject.smsblock.entity.SmsBlockBlacklist(1545793118366300)]
 |  +-BasicFetch [com.myproject.smsblock.entity.SmsBlockBlacklist(1545793118366300).activatedOn]
 |  +-BasicFetch [com.myproject.smsblock.entity.SmsBlockBlacklist(1545793118366300).addedBy]
 |  +-BasicFetch [com.myproject.smsblock.entity.SmsBlockBlacklist(1545793118366300).blacklistMobile]
 |  +-BasicFetch [com.myproject.smsblock.entity.SmsBlockBlacklist(1545793118366300).comment]
 |  +-BasicFetch [com.myproject.smsblock.entity.SmsBlockBlacklist(1545793118366300).deactivatedBy]
 |  +-BasicFetch [com.myproject.smsblock.entity.SmsBlockBlacklist(1545793118366300).deactivatedOn]
 |  +-EntityFetchSelectImpl [com.myproject.smsblock.entity.SmsBlockBlacklist(1545793118366300).smsBlockMobile]
 |  \-BasicFetch [com.myproject.smsblock.entity.SmsBlockBlacklist(1545793118366300).status]

2023-12-08 15:17:31.165 DEBUG o.h.o.s.a.tree:46 - SQL AST Tree:
    SelectStatement {
      FromClause {
        StandardTableGroup (s1 : com.myproject.smsblock.entity.SmsBlockBlacklist(1545793118366300)) {
          primaryTableReference : sms_block_blacklisted_mobile as s1_0
          TableGroupJoins {
            left  join LazyTableGroup (s2 : com.myproject.smsblock.entity.SmsBlockBlacklist(1545793118366300).smsBlockMobile) {
            }
          }
        }
      }
    }

2023-12-08 15:17:31.166 DEBUG o.h.o.s.exec:455 - Skipping reading Query result cache data: cache-enabled = false, cache-mode = NORMAL
2023-12-08 15:17:31.166 DEBUG o.h.o.results:76 - Initializer list:
	  com.myproject.smsblock.entity.SmsBlockBlacklist(1545793118366300).smsBlockMobile -> EntitySelectFetchInitializer(com.myproject.smsblock.entity.SmsBlockBlacklist(1545793118366300).smsBlockMobile)@39590375 (ToOneAttributeMapping(NavigableRole[com.myproject.smsblock.entity.SmsBlockBlacklist.smsBlockMobile])@63001427)
	  com.myproject.smsblock.entity.SmsBlockBlacklist(1545793118366300) -> EntityResultInitializer(com.myproject.smsblock.entity.SmsBlockBlacklist(1545793118366300))@384730342 (SingleTableEntityPersister(com.myproject.smsblock.entity.SmsBlockBlacklist))

2023-12-08 15:17:31.167 DEBUG o.h.SQL:133 - select s1_0.id,s1_0.activated_on,s1_0.added_by,s1_0.blacklist_mobile,s1_0.comment,s1_0.deactivated_by,s1_0.deactivated_on,s1_0.sms_block_mobile_id,s1_0.status from sms_block_blacklisted_mobile s1_0 where s1_0.blacklist_mobile=?
2023-12-08 15:17:31.169 DEBUG o.h.o.results:61 - Extracted JDBC value [0] - [64]
2023-12-08 15:17:31.170 DEBUG o.h.o.r.l.entity:300 - (EntityResultInitializer) Hydrated EntityKey (com.myproject.smsblock.entity.SmsBlockBlacklist(1545793118366300)): 64
2023-12-08 15:17:31.170 DEBUG o.h.o.r.l.entity:689 - (EntityResultInitializer) Created new entity instance [com.myproject.smsblock.entity.SmsBlockBlacklist(1545793118366300)#64] : 2015661572
2023-12-08 15:17:31.171 DEBUG o.h.o.results:61 - Extracted JDBC value [7] - [88]
2023-12-08 15:17:31.171 DEBUG o.h.o.r.l.entity:190 - (EntitySelectFetchInitializer) Invoking session#internalLoad for entity (com.myproject.smsblock.entity.SmsBlockBlacklist(1545793118366300).smsBlockMobile#88) : 88
2023-12-08 15:17:31.172 DEBUG o.h.o.s.exec:455 - Skipping reading Query result cache data: cache-enabled = false, cache-mode = IGNORE
2023-12-08 15:17:31.172 DEBUG o.h.o.results:76 - Initializer list:
	  com.myproject.smsblock.entity.SmsBlockMobile -> EntityResultInitializer(com.myproject.smsblock.entity.SmsBlockMobile)@437251154 (SingleTableEntityPersister(com.myproject.smsblock.entity.SmsBlockMobile))

2023-12-08 15:17:31.173 DEBUG o.h.SQL:133 - select s1_0.id,s1_0.activated_on,s1_0.added_by,s1_0.comment,s1_0.deactivated_by,s1_0.deactivated_on,s1_0.mobile_no,s1_0.status from sms_block_mobile s1_0 where s1_0.id=?
2023-12-08 15:17:31.175 DEBUG o.h.o.r.l.entity:300 - (EntityResultInitializer) Hydrated EntityKey (com.myproject.smsblock.entity.SmsBlockMobile): 88
2023-12-08 15:17:31.176 DEBUG o.h.o.r.l.entity:689 - (EntityResultInitializer) Created new entity instance [com.myproject.smsblock.entity.SmsBlockMobile#88] : 1077171434
2023-12-08 15:17:31.176 DEBUG o.h.o.results:61 - Extracted JDBC value [1] - [2023-12-08 15:17:16.0]
2023-12-08 15:17:31.177 DEBUG o.h.o.results:61 - Extracted JDBC value [2] - [fuyju]
2023-12-08 15:17:31.177 DEBUG o.h.o.results:61 - Extracted JDBC value [3] - [null]
2023-12-08 15:17:31.177 DEBUG o.h.o.results:61 - Extracted JDBC value [4] - [null]
2023-12-08 15:17:31.178 DEBUG o.h.o.results:61 - Extracted JDBC value [5] - [null]
2023-12-08 15:17:31.178 DEBUG o.h.o.results:61 - Extracted JDBC value [6] - [0998978674]
2023-12-08 15:17:31.178 DEBUG o.h.o.results:61 - Extracted JDBC value [7] - [ACT]
2023-12-08 15:17:31.179 DEBUG o.h.o.r.l.entity:889 - (EntityResultInitializer) Done materializing entityInstance : com.myproject.smsblock.entity.SmsBlockMobile#88
2023-12-08 15:17:31.179 DEBUG o.h.o.r.loading:93 - Calling top-level assembler (0 / 1) : org.hibernate.sql.results.graph.entity.internal.EntityAssembler@253c4dc2
2023-12-08 15:17:31.180 DEBUG o.h.o.r.l.entity:216 - (EntitySelectFetchInitializer) Entity [com.myproject.smsblock.entity.SmsBlockBlacklist(1545793118366300).smsBlockMobile#88] : 88 has being loaded by session.internalLoad.
2023-12-08 15:17:31.180 DEBUG o.h.o.results:61 - Extracted JDBC value [1] - [2023-12-08 15:17:23.0]
2023-12-08 15:17:31.181 DEBUG o.h.o.results:61 - Extracted JDBC value [2] - [fuyju]
2023-12-08 15:17:31.181 DEBUG o.h.o.results:61 - Extracted JDBC value [3] - [0998978674]
2023-12-08 15:17:31.181 DEBUG o.h.o.results:61 - Extracted JDBC value [4] - [null]
2023-12-08 15:17:31.182 DEBUG o.h.o.results:61 - Extracted JDBC value [5] - [null]
2023-12-08 15:17:31.182 DEBUG o.h.o.results:61 - Extracted JDBC value [6] - [null]
2023-12-08 15:17:31.183 DEBUG o.h.o.results:61 - Extracted JDBC value [8] - [ACT]
2023-12-08 15:17:31.183 DEBUG o.h.o.r.l.entity:889 - (EntityResultInitializer) Done materializing entityInstance : com.myproject.smsblock.entity.SmsBlockBlacklist(1545793118366300)#64
2023-12-08 15:17:31.184 DEBUG o.h.o.r.loading:93 - Calling top-level assembler (0 / 1) : org.hibernate.sql.results.graph.entity.internal.EntityAssembler@40db0793
2023-12-08 15:17:31.184 DEBUG o.s.o.j.JpaTransactionManager:374 - Found thread-bound EntityManager [SessionImpl(1698661292<open>)] for JPA transaction
2023-12-08 15:17:31.185 DEBUG o.s.o.j.JpaTransactionManager:370 - Creating new transaction with name [org.springframework.data.jpa.repository.support.SimpleJpaRepository.save]: PROPAGATION_REQUIRED,ISOLATION_DEFAULT
2023-12-08 15:17:31.185 DEBUG o.h.e.t.i.TransactionImpl:53 - On TransactionImpl creation, JpaCompliance#isJpaTransactionComplianceEnabled == false
2023-12-08 15:17:31.185 DEBUG o.h.e.t.i.TransactionImpl:81 - begin
2023-12-08 15:17:31.186 DEBUG o.s.o.j.JpaTransactionManager:439 - Exposing JPA transaction as JDBC [org.springframework.orm.jpa.vendor.HibernateJpaDialect$HibernateConnectionHandle@5ecf6bdb]
2023-12-08 15:17:31.187 DEBUG o.h.j.i.PersistenceUnitUtilImpl:89 - jakarta.persistence.PersistenceUnitUtil.getIdentifier is only intended to work with enhanced entities (although Hibernate also adapts this support to its proxies); however the passed entity was not enhanced (nor a proxy).. may not be able to read identifier
2023-12-08 15:17:31.187 DEBUG o.s.o.j.JpaTransactionManager:740 - Initiating transaction commit
2023-12-08 15:17:31.188 DEBUG o.s.o.j.JpaTransactionManager:556 - Committing JPA transaction on EntityManager [SessionImpl(1698661292<open>)]
2023-12-08 15:17:31.188 DEBUG o.h.e.t.i.TransactionImpl:98 - committing
2023-12-08 15:17:31.188 DEBUG o.h.e.i.AbstractFlushingEventListener:136 - Processing flush-time cascades
2023-12-08 15:17:31.189 DEBUG o.h.e.i.AbstractFlushingEventListener:185 - Dirty checking collections
2023-12-08 15:17:31.189 DEBUG o.h.e.i.AbstractFlushingEventListener:110 - Flushed: 0 insertions, 1 updates, 0 deletions to 2 objects
2023-12-08 15:17:31.189 DEBUG o.h.e.i.AbstractFlushingEventListener:117 - Flushed: 0 (re)creations, 0 updates, 0 removals to 0 collections
2023-12-08 15:17:31.190 DEBUG o.h.i.u.EntityPrinter:111 - Listing entities:
2023-12-08 15:17:31.190 DEBUG o.h.i.u.EntityPrinter:118 - com.myproject.smsblock.entity.SmsBlockBlacklist{activatedOn=2023-12-08 15:17:23.0, smsBlockMobile=com.myproject.smsblock.entity.SmsBlockMobile#88, addedBy=fuyju, deactivatedOn=2023-12-08 15:17:31.1840855, blacklistMobile=0998978674, comment=null, id=64, deactivatedBy=fuyju, status=DEACT}
2023-12-08 15:17:31.190 DEBUG o.h.i.u.EntityPrinter:118 - com.myproject.smsblock.entity.SmsBlockMobile{activatedOn=2023-12-08 15:17:16.0, addedBy=fuyju, deactivatedOn=null, comment=null, id=88, mobileNo=0998978674, deactivatedBy=null, status=ACT}
2023-12-08 15:17:31.191 DEBUG o.h.SQL:133 - update sms_block_blacklisted_mobile set activated_on=?,added_by=?,blacklist_mobile=?,comment=?,deactivated_by=?,deactivated_on=?,sms_block_mobile_id=?,status=? where id=?
2023-12-08 15:17:31.307 DEBUG o.s.o.j.JpaTransactionManager:652 - Not closing pre-bound JPA EntityManager after transaction
2023-12-08 15:17:31.309 DEBUG o.s.w.s.m.m.a.HttpEntityMethodProcessor:275 - Using 'application/json', given [application/json, text/plain, */*] and supported [text/plain, */*, application/json, application/*+json]
2023-12-08 15:17:31.309 DEBUG o.s.w.s.m.m.a.HttpEntityMethodProcessor:120 - Writing ["Deactivated"]
2023-12-08 15:17:31.311 DEBUG o.s.o.j.s.OpenEntityManagerInViewInterceptor:111 - Closing JPA EntityManager in OpenEntityManagerInViewInterceptor
2023-12-08 15:17:31.312 DEBUG o.s.w.s.DispatcherServlet:1135 - Completed 200 OK
2023-12-08 15:17:36.535 DEBUG o.s.w.s.DispatcherServlet:120 - POST "/createBlockMobile/88", parameters={}
2023-12-08 15:17:36.536 DEBUG o.s.w.s.m.m.a.RequestMappingHandlerMapping:528 - Mapped to com.myproject.smsblock.controller.SmsBlockBlacklistController#saveSmsBlockBlacklist(SmsBlockBlacklistDto, SmsBlockMobile)
2023-12-08 15:17:36.536 DEBUG o.s.o.j.s.OpenEntityManagerInViewInterceptor:86 - Opening JPA EntityManager in OpenEntityManagerInViewInterceptor
2023-12-08 15:17:36.537 DEBUG o.s.w.s.m.m.a.RequestResponseBodyMethodProcessor:120 - Read "application/json;charset=UTF-8" to [com.myproject.smsblock.dto.SmsBlockBlacklistDto@210d17b6]
2023-12-08 15:17:36.539 DEBUG o.s.o.j.JpaTransactionManager:374 - Found thread-bound EntityManager [SessionImpl(1750160411<open>)] for JPA transaction
2023-12-08 15:17:36.539 DEBUG o.s.o.j.JpaTransactionManager:370 - Creating new transaction with name [org.springframework.data.jpa.repository.support.SimpleJpaRepository.findById]: PROPAGATION_REQUIRED,ISOLATION_DEFAULT,readOnly
2023-12-08 15:17:36.540 DEBUG o.s.j.d.DataSourceUtils:188 - Setting JDBC Connection [HikariProxyConnection@716116161 wrapping com.mysql.cj.jdbc.ConnectionImpl@e2b4997] read-only
2023-12-08 15:17:36.541 DEBUG o.h.e.t.i.TransactionImpl:53 - On TransactionImpl creation, JpaCompliance#isJpaTransactionComplianceEnabled == false
2023-12-08 15:17:36.541 DEBUG o.h.e.t.i.TransactionImpl:81 - begin
2023-12-08 15:17:36.543 DEBUG o.s.o.j.JpaTransactionManager:439 - Exposing JPA transaction as JDBC [org.springframework.orm.jpa.vendor.HibernateJpaDialect$HibernateConnectionHandle@6e1bc9ec]
2023-12-08 15:17:36.544 DEBUG o.h.o.s.exec:455 - Skipping reading Query result cache data: cache-enabled = false, cache-mode = IGNORE
2023-12-08 15:17:36.545 DEBUG o.h.o.results:76 - Initializer list:
	  com.myproject.smsblock.entity.SmsBlockMobile -> EntityResultInitializer(com.myproject.smsblock.entity.SmsBlockMobile)@386564898 (SingleTableEntityPersister(com.myproject.smsblock.entity.SmsBlockMobile))

2023-12-08 15:17:36.546 DEBUG o.h.SQL:133 - select s1_0.id,s1_0.activated_on,s1_0.added_by,s1_0.comment,s1_0.deactivated_by,s1_0.deactivated_on,s1_0.mobile_no,s1_0.status from sms_block_mobile s1_0 where s1_0.id=?
2023-12-08 15:17:36.547 DEBUG o.h.o.r.l.entity:300 - (EntityResultInitializer) Hydrated EntityKey (com.myproject.smsblock.entity.SmsBlockMobile): 88
2023-12-08 15:17:36.548 DEBUG o.h.o.r.l.entity:689 - (EntityResultInitializer) Created new entity instance [com.myproject.smsblock.entity.SmsBlockMobile#88] : 1590662005
2023-12-08 15:17:36.549 DEBUG o.h.o.results:61 - Extracted JDBC value [1] - [2023-12-08 15:17:16.0]
2023-12-08 15:17:36.549 DEBUG o.h.o.results:61 - Extracted JDBC value [2] - [fuyju]
2023-12-08 15:17:36.550 DEBUG o.h.o.results:61 - Extracted JDBC value [3] - [null]
2023-12-08 15:17:36.550 DEBUG o.h.o.results:61 - Extracted JDBC value [4] - [null]
2023-12-08 15:17:36.551 DEBUG o.h.o.results:61 - Extracted JDBC value [5] - [null]
2023-12-08 15:17:36.552 DEBUG o.h.o.results:61 - Extracted JDBC value [6] - [0998978674]
2023-12-08 15:17:36.552 DEBUG o.h.o.results:61 - Extracted JDBC value [7] - [ACT]
2023-12-08 15:17:36.552 DEBUG o.h.o.r.l.entity:889 - (EntityResultInitializer) Done materializing entityInstance : com.myproject.smsblock.entity.SmsBlockMobile#88
2023-12-08 15:17:36.554 DEBUG o.h.o.r.loading:93 - Calling top-level assembler (0 / 1) : org.hibernate.sql.results.graph.entity.internal.EntityAssembler@1d1f181d
2023-12-08 15:17:36.554 DEBUG o.s.o.j.JpaTransactionManager:740 - Initiating transaction commit
2023-12-08 15:17:36.554 DEBUG o.s.o.j.JpaTransactionManager:556 - Committing JPA transaction on EntityManager [SessionImpl(1750160411<open>)]
2023-12-08 15:17:36.555 DEBUG o.h.e.t.i.TransactionImpl:98 - committing
2023-12-08 15:17:36.556 DEBUG o.s.j.d.DataSourceUtils:252 - Resetting read-only flag of JDBC Connection [HikariProxyConnection@716116161 wrapping com.mysql.cj.jdbc.ConnectionImpl@e2b4997]
2023-12-08 15:17:36.558 DEBUG o.s.o.j.JpaTransactionManager:652 - Not closing pre-bound JPA EntityManager after transaction
2023-12-08 15:17:36.558 DEBUG o.h.o.s.a.create:33 - Created new SQL alias : s1_0
2023-12-08 15:17:36.559 DEBUG o.h.o.s.a.create:98 - Registration of TableGroup [StandardTableGroup(com.myproject.smsblock.entity.SmsBlockBlacklist(1545793118366300))] with identifierForTableGroup [com.myproject.smsblock.entity.SmsBlockBlacklist] for NavigablePath [com.myproject.smsblock.entity.SmsBlockBlacklist]
2023-12-08 15:17:36.561 DEBUG o.h.o.s.a.create:98 - Registration of TableGroup [org.hibernate.sql.ast.tree.from.LazyTableGroup@391db7d7] with identifierForTableGroup [com.myproject.smsblock.entity.SmsBlockBlacklist.smsBlockMobile] for NavigablePath [com.myproject.smsblock.entity.SmsBlockBlacklist.smsBlockMobile]
2023-12-08 15:17:36.561 DEBUG o.h.q.s.s.BaseSqmToSqlAstConverter:5700 - Determining mapping-model type for SqmParameter : org.hibernate.query.sqm.tree.expression.SqmJpaCriteriaParameterWrapper@7ed1f33a
2023-12-08 15:17:36.561 DEBUG o.h.q.s.s.BaseSqmToSqlAstConverter:5590 - Determining mapping-model type for SqmPath : SqmBasicValuedSimplePath(com.myproject.smsblock.entity.SmsBlockBlacklist(1545793118366300).blacklistMobile)
2023-12-08 15:17:36.562 DEBUG o.h.o.r.g.AST:67 - DomainResult Graph:
 \-EntityResultImpl [com.myproject.smsblock.entity.SmsBlockBlacklist(1545793118366300)]
 |  +-BasicFetch [com.myproject.smsblock.entity.SmsBlockBlacklist(1545793118366300).activatedOn]
 |  +-BasicFetch [com.myproject.smsblock.entity.SmsBlockBlacklist(1545793118366300).addedBy]
 |  +-BasicFetch [com.myproject.smsblock.entity.SmsBlockBlacklist(1545793118366300).blacklistMobile]
 |  +-BasicFetch [com.myproject.smsblock.entity.SmsBlockBlacklist(1545793118366300).comment]
 |  +-BasicFetch [com.myproject.smsblock.entity.SmsBlockBlacklist(1545793118366300).deactivatedBy]
 |  +-BasicFetch [com.myproject.smsblock.entity.SmsBlockBlacklist(1545793118366300).deactivatedOn]
 |  +-EntityFetchSelectImpl [com.myproject.smsblock.entity.SmsBlockBlacklist(1545793118366300).smsBlockMobile]
 |  \-BasicFetch [com.myproject.smsblock.entity.SmsBlockBlacklist(1545793118366300).status]

2023-12-08 15:17:36.562 DEBUG o.h.o.s.a.tree:46 - SQL AST Tree:
    SelectStatement {
      FromClause {
        StandardTableGroup (s1 : com.myproject.smsblock.entity.SmsBlockBlacklist(1545793118366300)) {
          primaryTableReference : sms_block_blacklisted_mobile as s1_0
          TableGroupJoins {
            left  join LazyTableGroup (s2 : com.myproject.smsblock.entity.SmsBlockBlacklist(1545793118366300).smsBlockMobile) {
            }
          }
        }
      }
    }

2023-12-08 15:17:36.564 DEBUG o.h.o.s.exec:455 - Skipping reading Query result cache data: cache-enabled = false, cache-mode = NORMAL
2023-12-08 15:17:36.564 DEBUG o.h.o.results:76 - Initializer list:
	  com.myproject.smsblock.entity.SmsBlockBlacklist(1545793118366300).smsBlockMobile -> EntitySelectFetchInitializer(com.myproject.smsblock.entity.SmsBlockBlacklist(1545793118366300).smsBlockMobile)@189629370 (ToOneAttributeMapping(NavigableRole[com.myproject.smsblock.entity.SmsBlockBlacklist.smsBlockMobile])@63001427)
	  com.myproject.smsblock.entity.SmsBlockBlacklist(1545793118366300) -> EntityResultInitializer(com.myproject.smsblock.entity.SmsBlockBlacklist(1545793118366300))@1796725646 (SingleTableEntityPersister(com.myproject.smsblock.entity.SmsBlockBlacklist))

2023-12-08 15:17:36.564 DEBUG o.h.SQL:133 - select s1_0.id,s1_0.activated_on,s1_0.added_by,s1_0.blacklist_mobile,s1_0.comment,s1_0.deactivated_by,s1_0.deactivated_on,s1_0.sms_block_mobile_id,s1_0.status from sms_block_blacklisted_mobile s1_0 where s1_0.blacklist_mobile=?
2023-12-08 15:17:36.566 DEBUG o.h.o.results:61 - Extracted JDBC value [0] - [64]
2023-12-08 15:17:36.567 DEBUG o.h.o.r.l.entity:300 - (EntityResultInitializer) Hydrated EntityKey (com.myproject.smsblock.entity.SmsBlockBlacklist(1545793118366300)): 64
2023-12-08 15:17:36.568 DEBUG o.h.o.r.l.entity:689 - (EntityResultInitializer) Created new entity instance [com.myproject.smsblock.entity.SmsBlockBlacklist(1545793118366300)#64] : 96544285
2023-12-08 15:17:36.568 DEBUG o.h.o.results:61 - Extracted JDBC value [7] - [88]
2023-12-08 15:17:36.569 DEBUG o.h.o.results:61 - Extracted JDBC value [1] - [2023-12-08 15:17:23.0]
2023-12-08 15:17:36.569 DEBUG o.h.o.results:61 - Extracted JDBC value [2] - [fuyju]
2023-12-08 15:17:36.569 DEBUG o.h.o.results:61 - Extracted JDBC value [3] - [0998978674]
2023-12-08 15:17:36.570 DEBUG o.h.o.results:61 - Extracted JDBC value [4] - [null]
2023-12-08 15:17:36.570 DEBUG o.h.o.results:61 - Extracted JDBC value [5] - [fuyju]
2023-12-08 15:17:36.570 DEBUG o.h.o.results:61 - Extracted JDBC value [6] - [2023-12-08 15:17:31.0]
2023-12-08 15:17:36.571 DEBUG o.h.o.results:61 - Extracted JDBC value [8] - [DEACT]
2023-12-08 15:17:36.571 DEBUG o.h.o.r.l.entity:889 - (EntityResultInitializer) Done materializing entityInstance : com.myproject.smsblock.entity.SmsBlockBlacklist(1545793118366300)#64
2023-12-08 15:17:36.572 DEBUG o.h.o.r.loading:93 - Calling top-level assembler (0 / 1) : org.hibernate.sql.results.graph.entity.internal.EntityAssembler@50df5680
2023-12-08 15:17:36.572 DEBUG o.s.o.j.JpaTransactionManager:374 - Found thread-bound EntityManager [SessionImpl(1750160411<open>)] for JPA transaction
2023-12-08 15:17:36.573 DEBUG o.s.o.j.JpaTransactionManager:370 - Creating new transaction with name [org.springframework.data.jpa.repository.support.SimpleJpaRepository.save]: PROPAGATION_REQUIRED,ISOLATION_DEFAULT
2023-12-08 15:17:36.573 DEBUG o.h.e.t.i.TransactionImpl:81 - begin
2023-12-08 15:17:36.574 DEBUG o.s.o.j.JpaTransactionManager:439 - Exposing JPA transaction as JDBC [org.springframework.orm.jpa.vendor.HibernateJpaDialect$HibernateConnectionHandle@3f3a78ac]
2023-12-08 15:17:36.574 DEBUG o.h.j.i.PersistenceUnitUtilImpl:89 - jakarta.persistence.PersistenceUnitUtil.getIdentifier is only intended to work with enhanced entities (although Hibernate also adapts this support to its proxies); however the passed entity was not enhanced (nor a proxy).. may not be able to read identifier
2023-12-08 15:17:36.575 DEBUG o.h.e.s.ActionQueue:290 - Executing identity-insert immediately
2023-12-08 15:17:36.576 DEBUG o.h.SQL:133 - insert into sms_block_blacklisted_mobile (activated_on,added_by,blacklist_mobile,comment,deactivated_by,deactivated_on,sms_block_mobile_id,status) values (?,?,?,?,?,?,?,?)
2023-12-08 15:17:36.578 DEBUG o.h.i.IdentifierGeneratorHelper:84 - Natively generated identity (com.myproject.smsblock.entity.SmsBlockBlacklist) : 65
2023-12-08 15:17:36.578 DEBUG o.h.r.j.i.ResourceRegistryStandardImpl:105 - HHH000387: ResultSet's statement was not registered
2023-12-08 15:17:36.579 DEBUG o.h.r.j.i.ResourceRegistryStandardImpl:203 - Exception clearing maxRows/queryTimeout [No operations allowed after statement closed.]
2023-12-08 15:17:36.580 DEBUG o.s.o.j.JpaTransactionManager:740 - Initiating transaction commit
2023-12-08 15:17:36.580 DEBUG o.s.o.j.JpaTransactionManager:556 - Committing JPA transaction on EntityManager [SessionImpl(1750160411<open>)]
2023-12-08 15:17:36.580 DEBUG o.h.e.t.i.TransactionImpl:98 - committing
2023-12-08 15:17:36.581 DEBUG o.h.e.i.AbstractFlushingEventListener:136 - Processing flush-time cascades
2023-12-08 15:17:36.581 DEBUG o.h.e.i.AbstractFlushingEventListener:185 - Dirty checking collections
2023-12-08 15:17:36.582 DEBUG o.h.e.i.AbstractFlushingEventListener:110 - Flushed: 0 insertions, 0 updates, 0 deletions to 3 objects
2023-12-08 15:17:36.582 DEBUG o.h.e.i.AbstractFlushingEventListener:117 - Flushed: 0 (re)creations, 0 updates, 0 removals to 0 collections
2023-12-08 15:17:36.582 DEBUG o.h.i.u.EntityPrinter:111 - Listing entities:
2023-12-08 15:17:36.583 DEBUG o.h.i.u.EntityPrinter:118 - com.myproject.smsblock.entity.SmsBlockBlacklist{activatedOn=2023-12-08 15:17:36.572665, smsBlockMobile=com.myproject.smsblock.entity.SmsBlockMobile#88, addedBy=fuyju, deactivatedOn=null, blacklistMobile=0998978674, comment=null, id=65, deactivatedBy=null, status=ACT}
2023-12-08 15:17:36.583 DEBUG o.h.i.u.EntityPrinter:118 - com.myproject.smsblock.entity.SmsBlockBlacklist{activatedOn=2023-12-08 15:17:23.0, smsBlockMobile=com.myproject.smsblock.entity.SmsBlockMobile#88, addedBy=fuyju, deactivatedOn=2023-12-08 15:17:31.0, blacklistMobile=0998978674, comment=null, id=64, deactivatedBy=fuyju, status=DEACT}
2023-12-08 15:17:36.584 DEBUG o.h.i.u.EntityPrinter:118 - com.myproject.smsblock.entity.SmsBlockMobile{activatedOn=2023-12-08 15:17:16.0, addedBy=fuyju, deactivatedOn=null, comment=null, id=88, mobileNo=0998978674, deactivatedBy=null, status=ACT}
2023-12-08 15:17:36.737 DEBUG o.s.o.j.JpaTransactionManager:652 - Not closing pre-bound JPA EntityManager after transaction
2023-12-08 15:17:36.738 DEBUG o.s.w.s.m.m.a.HttpEntityMethodProcessor:275 - Using 'application/json', given [application/json, text/plain, */*] and supported [text/plain, */*, application/json, application/*+json]
2023-12-08 15:17:36.738 DEBUG o.s.w.s.m.m.a.HttpEntityMethodProcessor:120 - Writing ["Saved"]
2023-12-08 15:17:36.739 DEBUG o.s.o.j.s.OpenEntityManagerInViewInterceptor:111 - Closing JPA EntityManager in OpenEntityManagerInViewInterceptor
2023-12-08 15:17:36.740 DEBUG o.s.w.s.DispatcherServlet:1135 - Completed 201 CREATED
2023-12-08 15:17:38.835 DEBUG o.s.w.s.DispatcherServlet:120 - GET "/mobile/88", parameters={}
2023-12-08 15:17:38.836 DEBUG o.s.w.s.m.m.a.RequestMappingHandlerMapping:528 - Mapped to com.myproject.smsblock.controller.SmsBlockBlacklistController#getBlocklistBySmsBlockMobile(Integer)
2023-12-08 15:17:38.836 DEBUG o.s.o.j.s.OpenEntityManagerInViewInterceptor:86 - Opening JPA EntityManager in OpenEntityManagerInViewInterceptor
2023-12-08 15:17:38.842 DEBUG o.h.o.s.exec:455 - Skipping reading Query result cache data: cache-enabled = false, cache-mode = NORMAL
2023-12-08 15:17:38.843 DEBUG o.h.o.results:56 - Initializer list is empty
2023-12-08 15:17:38.843 DEBUG o.h.SQL:133 - select s1_0.blacklist_mobile,s1_0.sms_block_mobile_id,s1_0.comment,s1_0.activated_on,s1_0.added_by from sms_block_blacklisted_mobile s1_0 where s1_0.sms_block_mobile_id=? and s1_0.status='ACT'
2023-12-08 15:17:38.845 DEBUG o.h.o.r.loading:93 - Calling top-level assembler (0 / 1) : org.hibernate.sql.results.graph.instantiation.internal.DynamicInstantiationAssemblerConstructorImpl@38b43384
2023-12-08 15:17:38.846 DEBUG o.h.o.results:61 - Extracted JDBC value [0] - [0998978674]
2023-12-08 15:17:38.846 DEBUG o.h.o.results:61 - Extracted JDBC value [1] - [88]
2023-12-08 15:17:38.846 DEBUG o.h.o.results:61 - Extracted JDBC value [2] - [null]
2023-12-08 15:17:38.847 DEBUG o.h.o.results:61 - Extracted JDBC value [3] - [2023-12-08 15:17:37.0]
2023-12-08 15:17:38.850 DEBUG o.h.o.results:61 - Extracted JDBC value [4] - [fuyju]
2023-12-08 15:17:38.851 DEBUG o.s.w.s.m.m.a.HttpEntityMethodProcessor:275 - Using 'application/json', given [application/json, text/plain, */*] and supported [application/json, application/*+json]
2023-12-08 15:17:38.852 DEBUG o.s.w.s.m.m.a.HttpEntityMethodProcessor:120 - Writing [[com.myproject.smsblock.dto.SmsBlockBlacklistDto@6f274a3e]]
2023-12-08 15:17:38.853 DEBUG o.s.o.j.s.OpenEntityManagerInViewInterceptor:111 - Closing JPA EntityManager in OpenEntityManagerInViewInterceptor
2023-12-08 15:17:38.853 DEBUG o.s.w.s.DispatcherServlet:1135 - Completed 200 OK
2023-12-08 15:17:38.855 DEBUG o.s.w.s.DispatcherServlet:120 - GET "/mobile/88", parameters={}
2023-12-08 15:17:38.856 DEBUG o.s.w.s.m.m.a.RequestMappingHandlerMapping:528 - Mapped to com.myproject.smsblock.controller.SmsBlockBlacklistController#getBlocklistBySmsBlockMobile(Integer)
2023-12-08 15:17:38.856 DEBUG o.s.o.j.s.OpenEntityManagerInViewInterceptor:86 - Opening JPA EntityManager in OpenEntityManagerInViewInterceptor
2023-12-08 15:17:38.858 DEBUG o.h.o.s.exec:455 - Skipping reading Query result cache data: cache-enabled = false, cache-mode = NORMAL
2023-12-08 15:17:38.859 DEBUG o.h.o.results:56 - Initializer list is empty
2023-12-08 15:17:38.860 DEBUG o.h.SQL:133 - select s1_0.blacklist_mobile,s1_0.sms_block_mobile_id,s1_0.comment,s1_0.activated_on,s1_0.added_by from sms_block_blacklisted_mobile s1_0 where s1_0.sms_block_mobile_id=? and s1_0.status='ACT'
2023-12-08 15:17:38.862 DEBUG o.h.o.r.loading:93 - Calling top-level assembler (0 / 1) : org.hibernate.sql.results.graph.instantiation.internal.DynamicInstantiationAssemblerConstructorImpl@5c7d1f2e
2023-12-08 15:17:38.863 DEBUG o.h.o.results:61 - Extracted JDBC value [0] - [0998978674]
2023-12-08 15:17:38.863 DEBUG o.h.o.results:61 - Extracted JDBC value [1] - [88]
2023-12-08 15:17:38.863 DEBUG o.h.o.results:61 - Extracted JDBC value [2] - [null]
2023-12-08 15:17:38.863 DEBUG o.h.o.results:61 - Extracted JDBC value [3] - [2023-12-08 15:17:37.0]
2023-12-08 15:17:38.864 DEBUG o.h.o.results:61 - Extracted JDBC value [4] - [fuyju]
2023-12-08 15:17:38.865 DEBUG o.s.w.s.m.m.a.HttpEntityMethodProcessor:275 - Using 'application/json', given [application/json, text/plain, */*] and supported [application/json, application/*+json]
2023-12-08 15:17:38.865 DEBUG o.s.w.s.m.m.a.HttpEntityMethodProcessor:120 - Writing [[com.myproject.smsblock.dto.SmsBlockBlacklistDto@1a2b0d43]]
2023-12-08 15:17:38.866 DEBUG o.s.o.j.s.OpenEntityManagerInViewInterceptor:111 - Closing JPA EntityManager in OpenEntityManagerInViewInterceptor
2023-12-08 15:17:38.867 DEBUG o.s.w.s.DispatcherServlet:1135 - Completed 200 OK
