2023-12-08 16:05:16.174 DEBUG c.z.h.p.PoolBase:132 - HikariPool-1 - Closing connection com.mysql.cj.jdbc.ConnectionImpl@3282799f: (connection has passed maxLifetime)
2023-12-08 16:05:16.186 DEBUG c.z.h.p.HikariPool:738 - HikariPool-1 - Added connection com.mysql.cj.jdbc.ConnectionImpl@1d43ca56
2023-12-08 16:05:16.446 DEBUG c.z.h.p.PoolBase:132 - HikariPool-1 - Closing connection com.mysql.cj.jdbc.ConnectionImpl@4dd37864: (connection has passed maxLifetime)
2023-12-08 16:05:16.454 DEBUG c.z.h.p.HikariPool:738 - HikariPool-1 - Added connection com.mysql.cj.jdbc.ConnectionImpl@5cfbd641
2023-12-08 16:05:16.901 DEBUG c.z.h.p.PoolBase:132 - HikariPool-1 - Closing connection com.mysql.cj.jdbc.ConnectionImpl@34dfa9f2: (connection has passed maxLifetime)
2023-12-08 16:05:16.929 DEBUG c.z.h.p.HikariPool:738 - HikariPool-1 - Added connection com.mysql.cj.jdbc.ConnectionImpl@4c1b7359
2023-12-08 16:05:19.537 DEBUG c.z.h.p.PoolBase:132 - HikariPool-1 - Closing connection com.mysql.cj.jdbc.ConnectionImpl@9afd326: (connection has passed maxLifetime)
2023-12-08 16:05:19.569 DEBUG c.z.h.p.HikariPool:738 - HikariPool-1 - Added connection com.mysql.cj.jdbc.ConnectionImpl@6d7b5354
2023-12-08 16:05:19.711 DEBUG c.z.h.p.PoolBase:132 - HikariPool-1 - Closing connection com.mysql.cj.jdbc.ConnectionImpl@132147a3: (connection has passed maxLifetime)
2023-12-08 16:05:19.741 DEBUG c.z.h.p.HikariPool:738 - HikariPool-1 - Added connection com.mysql.cj.jdbc.ConnectionImpl@7def5de3
2023-12-08 16:05:21.343 DEBUG c.z.h.p.PoolBase:132 - HikariPool-1 - Closing connection com.mysql.cj.jdbc.ConnectionImpl@551ff892: (connection has passed maxLifetime)
2023-12-08 16:05:21.366 DEBUG c.z.h.p.HikariPool:738 - HikariPool-1 - Added connection com.mysql.cj.jdbc.ConnectionImpl@23298a7a
2023-12-08 16:05:23.656 DEBUG c.z.h.p.PoolBase:132 - HikariPool-1 - Closing connection com.mysql.cj.jdbc.ConnectionImpl@5470c13a: (connection has passed maxLifetime)
2023-12-08 16:05:23.671 DEBUG c.z.h.p.HikariPool:738 - HikariPool-1 - Added connection com.mysql.cj.jdbc.ConnectionImpl@5246aa9
2023-12-08 16:05:25.748 DEBUG c.z.h.p.PoolBase:132 - HikariPool-1 - Closing connection com.mysql.cj.jdbc.ConnectionImpl@30df7ec9: (connection has passed maxLifetime)
2023-12-08 16:05:25.780 DEBUG c.z.h.p.HikariPool:738 - HikariPool-1 - Added connection com.mysql.cj.jdbc.ConnectionImpl@2f4f059
2023-12-08 16:05:27.343 DEBUG c.z.h.p.PoolBase:132 - HikariPool-1 - Closing connection com.mysql.cj.jdbc.ConnectionImpl@6b36a374: (connection has passed maxLifetime)
2023-12-08 16:05:27.373 DEBUG c.z.h.p.HikariPool:738 - HikariPool-1 - Added connection com.mysql.cj.jdbc.ConnectionImpl@3fe18e06
2023-12-08 16:05:30.777 DEBUG c.z.h.p.PoolBase:132 - HikariPool-1 - Closing connection com.mysql.cj.jdbc.ConnectionImpl@15ddc2b2: (connection has passed maxLifetime)
2023-12-08 16:05:30.788 DEBUG c.z.h.p.HikariPool:738 - HikariPool-1 - Added connection com.mysql.cj.jdbc.ConnectionImpl@795e363a
2023-12-08 16:05:31.245 DEBUG c.z.h.p.HikariPool:414 - HikariPool-1 - Before cleanup stats (total=50, active=0, idle=50, waiting=0)
2023-12-08 16:05:31.245 DEBUG c.z.h.p.HikariPool:414 - HikariPool-1 - After cleanup  stats (total=50, active=0, idle=50, waiting=0)
2023-12-08 16:05:31.246 DEBUG c.z.h.p.HikariPool:521 - HikariPool-1 - Fill pool skipped, pool has sufficient level or currently being filled (queueDepth=0).
2023-12-08 16:05:31.701 DEBUG c.z.h.p.PoolBase:132 - HikariPool-1 - Closing connection com.mysql.cj.jdbc.ConnectionImpl@3d024c29: (connection has passed maxLifetime)
2023-12-08 16:05:31.720 DEBUG c.z.h.p.HikariPool:738 - HikariPool-1 - Added connection com.mysql.cj.jdbc.ConnectionImpl@65104942
2023-12-08 16:05:31.984 DEBUG c.z.h.p.PoolBase:132 - HikariPool-1 - Closing connection com.mysql.cj.jdbc.ConnectionImpl@65c28f73: (connection has passed maxLifetime)
2023-12-08 16:05:32.001 DEBUG c.z.h.p.HikariPool:738 - HikariPool-1 - Added connection com.mysql.cj.jdbc.ConnectionImpl@5a53f683
2023-12-08 16:05:34.256 DEBUG c.z.h.p.PoolBase:132 - HikariPool-1 - Closing connection com.mysql.cj.jdbc.ConnectionImpl@185e41e4: (connection has passed maxLifetime)
2023-12-08 16:05:34.289 DEBUG c.z.h.p.HikariPool:738 - HikariPool-1 - Added connection com.mysql.cj.jdbc.ConnectionImpl@7878b28a
2023-12-08 16:05:35.230 DEBUG c.z.h.p.PoolBase:132 - HikariPool-1 - Closing connection com.mysql.cj.jdbc.ConnectionImpl@1c10b95d: (connection has passed maxLifetime)
2023-12-08 16:05:35.258 DEBUG c.z.h.p.HikariPool:738 - HikariPool-1 - Added connection com.mysql.cj.jdbc.ConnectionImpl@4833847e
2023-12-08 16:05:38.323 DEBUG c.z.h.p.PoolBase:132 - HikariPool-1 - Closing connection com.mysql.cj.jdbc.ConnectionImpl@4c6116c2: (connection has passed maxLifetime)
2023-12-08 16:05:38.340 DEBUG c.z.h.p.HikariPool:738 - HikariPool-1 - Added connection com.mysql.cj.jdbc.ConnectionImpl@478620c9
2023-12-08 16:05:38.557 DEBUG c.z.h.p.PoolBase:132 - HikariPool-1 - Closing connection com.mysql.cj.jdbc.ConnectionImpl@17378486: (connection has passed maxLifetime)
2023-12-08 16:05:38.573 DEBUG c.z.h.p.HikariPool:738 - HikariPool-1 - Added connection com.mysql.cj.jdbc.ConnectionImpl@12b7a458
2023-12-08 16:05:39.687 DEBUG c.z.h.p.PoolBase:132 - HikariPool-1 - Closing connection com.mysql.cj.jdbc.ConnectionImpl@7c3f4612: (connection has passed maxLifetime)
2023-12-08 16:05:39.716 DEBUG c.z.h.p.HikariPool:738 - HikariPool-1 - Added connection com.mysql.cj.jdbc.ConnectionImpl@27da7518
2023-12-08 16:05:41.236 DEBUG c.z.h.p.PoolBase:132 - HikariPool-1 - Closing connection com.mysql.cj.jdbc.ConnectionImpl@50bd1d45: (connection has passed maxLifetime)
2023-12-08 16:05:41.257 DEBUG c.z.h.p.HikariPool:738 - HikariPool-1 - Added connection com.mysql.cj.jdbc.ConnectionImpl@508f808d
2023-12-08 16:05:45.486 DEBUG c.z.h.p.PoolBase:132 - HikariPool-1 - Closing connection com.mysql.cj.jdbc.ConnectionImpl@286ef68e: (connection has passed maxLifetime)
2023-12-08 16:05:45.508 DEBUG c.z.h.p.HikariPool:738 - HikariPool-1 - Added connection com.mysql.cj.jdbc.ConnectionImpl@11aca67f
2023-12-08 16:05:48.274 DEBUG c.z.h.p.PoolBase:132 - HikariPool-1 - Closing connection com.mysql.cj.jdbc.ConnectionImpl@79e84f32: (connection has passed maxLifetime)
2023-12-08 16:05:48.287 DEBUG c.z.h.p.HikariPool:738 - HikariPool-1 - Added connection com.mysql.cj.jdbc.ConnectionImpl@69985e19
2023-12-08 16:05:50.084 DEBUG c.z.h.p.PoolBase:132 - HikariPool-1 - Closing connection com.mysql.cj.jdbc.ConnectionImpl@50cb643b: (connection has passed maxLifetime)
2023-12-08 16:05:50.105 DEBUG c.z.h.p.HikariPool:738 - HikariPool-1 - Added connection com.mysql.cj.jdbc.ConnectionImpl@2b048d44
2023-12-08 16:05:55.254 DEBUG c.z.h.p.PoolBase:132 - HikariPool-1 - Closing connection com.mysql.cj.jdbc.ConnectionImpl@4d097a7d: (connection has passed maxLifetime)
2023-12-08 16:05:55.265 DEBUG c.z.h.p.HikariPool:738 - HikariPool-1 - Added connection com.mysql.cj.jdbc.ConnectionImpl@65ff7b5d
2023-12-08 16:05:57.743 DEBUG c.z.h.p.PoolBase:132 - HikariPool-1 - Closing connection com.mysql.cj.jdbc.ConnectionImpl@7c77bb9a: (connection has passed maxLifetime)
2023-12-08 16:05:57.757 DEBUG c.z.h.p.HikariPool:738 - HikariPool-1 - Added connection com.mysql.cj.jdbc.ConnectionImpl@24c27166
2023-12-08 16:06:01.257 DEBUG c.z.h.p.HikariPool:414 - HikariPool-1 - Before cleanup stats (total=50, active=0, idle=50, waiting=0)
2023-12-08 16:06:01.257 DEBUG c.z.h.p.HikariPool:414 - HikariPool-1 - After cleanup  stats (total=50, active=0, idle=50, waiting=0)
2023-12-08 16:06:01.257 DEBUG c.z.h.p.HikariPool:521 - HikariPool-1 - Fill pool skipped, pool has sufficient level or currently being filled (queueDepth=0).
2023-12-08 16:06:31.269 DEBUG c.z.h.p.HikariPool:414 - HikariPool-1 - Before cleanup stats (total=50, active=0, idle=50, waiting=0)
2023-12-08 16:06:31.269 DEBUG c.z.h.p.HikariPool:414 - HikariPool-1 - After cleanup  stats (total=50, active=0, idle=50, waiting=0)
2023-12-08 16:06:31.270 DEBUG c.z.h.p.HikariPool:521 - HikariPool-1 - Fill pool skipped, pool has sufficient level or currently being filled (queueDepth=0).
2023-12-08 16:07:01.281 DEBUG c.z.h.p.HikariPool:414 - HikariPool-1 - Before cleanup stats (total=50, active=0, idle=50, waiting=0)
2023-12-08 16:07:01.282 DEBUG c.z.h.p.HikariPool:414 - HikariPool-1 - After cleanup  stats (total=50, active=0, idle=50, waiting=0)
2023-12-08 16:07:01.282 DEBUG c.z.h.p.HikariPool:521 - HikariPool-1 - Fill pool skipped, pool has sufficient level or currently being filled (queueDepth=0).
2023-12-08 16:07:31.293 DEBUG c.z.h.p.HikariPool:414 - HikariPool-1 - Before cleanup stats (total=50, active=0, idle=50, waiting=0)
2023-12-08 16:07:31.294 DEBUG c.z.h.p.HikariPool:414 - HikariPool-1 - After cleanup  stats (total=50, active=0, idle=50, waiting=0)
2023-12-08 16:07:31.295 DEBUG c.z.h.p.HikariPool:521 - HikariPool-1 - Fill pool skipped, pool has sufficient level or currently being filled (queueDepth=0).
2023-12-08 16:08:01.297 DEBUG c.z.h.p.HikariPool:414 - HikariPool-1 - Before cleanup stats (total=50, active=0, idle=50, waiting=0)
2023-12-08 16:08:01.297 DEBUG c.z.h.p.HikariPool:414 - HikariPool-1 - After cleanup  stats (total=50, active=0, idle=50, waiting=0)
2023-12-08 16:08:01.297 DEBUG c.z.h.p.HikariPool:521 - HikariPool-1 - Fill pool skipped, pool has sufficient level or currently being filled (queueDepth=0).
2023-12-08 16:08:31.307 DEBUG c.z.h.p.HikariPool:414 - HikariPool-1 - Before cleanup stats (total=50, active=0, idle=50, waiting=0)
2023-12-08 16:08:31.307 DEBUG c.z.h.p.HikariPool:414 - HikariPool-1 - After cleanup  stats (total=50, active=0, idle=50, waiting=0)
2023-12-08 16:08:31.308 DEBUG c.z.h.p.HikariPool:521 - HikariPool-1 - Fill pool skipped, pool has sufficient level or currently being filled (queueDepth=0).
2023-12-08 16:09:01.319 DEBUG c.z.h.p.HikariPool:414 - HikariPool-1 - Before cleanup stats (total=50, active=0, idle=50, waiting=0)
2023-12-08 16:09:01.319 DEBUG c.z.h.p.HikariPool:414 - HikariPool-1 - After cleanup  stats (total=50, active=0, idle=50, waiting=0)
2023-12-08 16:09:01.320 DEBUG c.z.h.p.HikariPool:521 - HikariPool-1 - Fill pool skipped, pool has sufficient level or currently being filled (queueDepth=0).
2023-12-08 16:09:31.324 DEBUG c.z.h.p.HikariPool:414 - HikariPool-1 - Before cleanup stats (total=50, active=0, idle=50, waiting=0)
2023-12-08 16:09:31.324 DEBUG c.z.h.p.HikariPool:414 - HikariPool-1 - After cleanup  stats (total=50, active=0, idle=50, waiting=0)
2023-12-08 16:09:31.324 DEBUG c.z.h.p.HikariPool:521 - HikariPool-1 - Fill pool skipped, pool has sufficient level or currently being filled (queueDepth=0).
