2024-07-12 15:46:59.804 DEBUG c.z.h.p.HikariPool:414 - HikariPool-1 - Before cleanup stats (total=50, active=0, idle=50, waiting=0)
2024-07-12 15:46:59.810 DEBUG c.z.h.p.HikariPool:414 - HikariPool-1 - After cleanup  stats (total=50, active=0, idle=50, waiting=0)
2024-07-12 15:46:59.810 DEBUG c.z.h.p.HikariPool:521 - HikariPool-1 - Fill pool skipped, pool has sufficient level or currently being filled (queueDepth=0).
2024-07-12 15:47:29.812 DEBUG c.z.h.p.HikariPool:414 - HikariPool-1 - Before cleanup stats (total=50, active=0, idle=50, waiting=0)
2024-07-12 15:47:29.813 DEBUG c.z.h.p.HikariPool:414 - HikariPool-1 - After cleanup  stats (total=50, active=0, idle=50, waiting=0)
2024-07-12 15:47:29.814 DEBUG c.z.h.p.HikariPool:521 - HikariPool-1 - Fill pool skipped, pool has sufficient level or currently being filled (queueDepth=0).
2024-07-12 15:47:59.826 DEBUG c.z.h.p.HikariPool:414 - HikariPool-1 - Before cleanup stats (total=50, active=0, idle=50, waiting=0)
2024-07-12 15:47:59.826 DEBUG c.z.h.p.HikariPool:414 - HikariPool-1 - After cleanup  stats (total=50, active=0, idle=50, waiting=0)
2024-07-12 15:47:59.827 DEBUG c.z.h.p.HikariPool:521 - HikariPool-1 - Fill pool skipped, pool has sufficient level or currently being filled (queueDepth=0).
2024-07-12 15:48:29.830 DEBUG c.z.h.p.HikariPool:414 - HikariPool-1 - Before cleanup stats (total=50, active=0, idle=50, waiting=0)
2024-07-12 15:48:29.832 DEBUG c.z.h.p.HikariPool:414 - HikariPool-1 - After cleanup  stats (total=50, active=0, idle=50, waiting=0)
2024-07-12 15:48:29.832 DEBUG c.z.h.p.HikariPool:521 - HikariPool-1 - Fill pool skipped, pool has sufficient level or currently being filled (queueDepth=0).
2024-07-12 15:48:59.846 DEBUG c.z.h.p.HikariPool:414 - HikariPool-1 - Before cleanup stats (total=50, active=0, idle=50, waiting=0)
2024-07-12 15:48:59.847 DEBUG c.z.h.p.HikariPool:414 - HikariPool-1 - After cleanup  stats (total=50, active=0, idle=50, waiting=0)
2024-07-12 15:48:59.847 DEBUG c.z.h.p.HikariPool:521 - HikariPool-1 - Fill pool skipped, pool has sufficient level or currently being filled (queueDepth=0).
2024-07-12 15:49:00.833 DEBUG o.s.b.a.ApplicationAvailabilityBean:77 - Application availability state ReadinessState changed from ACCEPTING_TRAFFIC to REFUSING_TRAFFIC
2024-07-12 15:49:00.834 DEBUG o.s.b.w.s.c.AnnotationConfigServletWebServerApplicationContext:1062 - Closing org.springframework.boot.web.servlet.context.AnnotationConfigServletWebServerApplicationContext@1c481ff2, started on Fri Jul 12 15:46:25 IST 2024
2024-07-12 15:49:00.836 DEBUG o.s.c.s.DefaultLifecycleProcessor:366 - Stopping beans in phase 2147482623
2024-07-12 15:49:00.838 DEBUG o.s.c.s.DefaultLifecycleProcessor:239 - Bean 'webServerGracefulShutdown' completed its stop procedure
2024-07-12 15:49:00.838 DEBUG o.s.c.s.DefaultLifecycleProcessor:366 - Stopping beans in phase 2147481599
2024-07-12 15:49:00.874 DEBUG o.s.c.s.DefaultLifecycleProcessor:239 - Bean 'webServerStartStop' completed its stop procedure
2024-07-12 15:49:00.875 DEBUG o.s.c.s.DefaultLifecycleProcessor:366 - Stopping beans in phase -2147483647
2024-07-12 15:49:00.875 DEBUG o.s.c.s.DefaultLifecycleProcessor:239 - Bean 'springBootLoggingLifecycle' completed its stop procedure
2024-07-12 15:49:00.876 DEBUG o.s.s.c.ThreadPoolTaskExecutor:224 - Shutting down ExecutorService 'applicationTaskExecutor'
2024-07-12 15:49:00.877  INFO o.s.o.j.LocalContainerEntityManagerFactoryBean:650 - Closing JPA EntityManagerFactory for persistence unit 'default'
2024-07-12 15:49:00.878 DEBUG o.h.i.SessionFactoryImpl:864 - HHH000031: Closing
2024-07-12 15:49:00.879 DEBUG o.h.t.s.TypeConfiguration$Scope:550 - Un-scoping TypeConfiguration [org.hibernate.type.spi.TypeConfiguration$Scope@79664846] from SessionFactory [org.hibernate.internal.SessionFactoryImpl@4c3c31a5]
2024-07-12 15:49:00.879 DEBUG o.h.s.i.AbstractServiceRegistryImpl:413 - Implicitly destroying ServiceRegistry on de-registration of all child ServiceRegistries
2024-07-12 15:49:00.880 DEBUG o.h.b.r.i.BootstrapServiceRegistryImpl:296 - Implicitly destroying Boot-strap registry on de-registration of all child ServiceRegistries
2024-07-12 15:49:00.881  INFO c.z.h.HikariDataSource:350 - HikariPool-1 - Shutdown initiated...
2024-07-12 15:49:00.881 DEBUG c.z.h.p.HikariPool:414 - HikariPool-1 - Before shutdown stats (total=50, active=0, idle=50, waiting=0)
2024-07-12 15:49:00.883 DEBUG c.z.h.p.PoolBase:132 - HikariPool-1 - Closing connection com.mysql.cj.jdbc.ConnectionImpl@70c56434: (connection evicted)
2024-07-12 15:49:00.886 DEBUG c.z.h.p.PoolBase:132 - HikariPool-1 - Closing connection com.mysql.cj.jdbc.ConnectionImpl@4606170f: (connection evicted)
2024-07-12 15:49:00.887 DEBUG c.z.h.p.PoolBase:132 - HikariPool-1 - Closing connection com.mysql.cj.jdbc.ConnectionImpl@2629e840: (connection evicted)
2024-07-12 15:49:00.888 DEBUG c.z.h.p.PoolBase:132 - HikariPool-1 - Closing connection com.mysql.cj.jdbc.ConnectionImpl@12c491b3: (connection evicted)
2024-07-12 15:49:00.889 DEBUG c.z.h.p.PoolBase:132 - HikariPool-1 - Closing connection com.mysql.cj.jdbc.ConnectionImpl@226732c0: (connection evicted)
2024-07-12 15:49:00.891 DEBUG c.z.h.p.PoolBase:132 - HikariPool-1 - Closing connection com.mysql.cj.jdbc.ConnectionImpl@642da4c0: (connection evicted)
2024-07-12 15:49:00.892 DEBUG c.z.h.p.PoolBase:132 - HikariPool-1 - Closing connection com.mysql.cj.jdbc.ConnectionImpl@1984d6e6: (connection evicted)
2024-07-12 15:49:00.893 DEBUG c.z.h.p.PoolBase:132 - HikariPool-1 - Closing connection com.mysql.cj.jdbc.ConnectionImpl@55e0ac70: (connection evicted)
2024-07-12 15:49:00.894 DEBUG c.z.h.p.PoolBase:132 - HikariPool-1 - Closing connection com.mysql.cj.jdbc.ConnectionImpl@185a6ea2: (connection evicted)
2024-07-12 15:49:00.894 DEBUG c.z.h.p.PoolBase:132 - HikariPool-1 - Closing connection com.mysql.cj.jdbc.ConnectionImpl@4632623: (connection evicted)
2024-07-12 15:49:00.895 DEBUG c.z.h.p.PoolBase:132 - HikariPool-1 - Closing connection com.mysql.cj.jdbc.ConnectionImpl@108924bf: (connection evicted)
2024-07-12 15:49:00.897 DEBUG c.z.h.p.PoolBase:132 - HikariPool-1 - Closing connection com.mysql.cj.jdbc.ConnectionImpl@791c2c72: (connection evicted)
2024-07-12 15:49:00.897 DEBUG c.z.h.p.PoolBase:132 - HikariPool-1 - Closing connection com.mysql.cj.jdbc.ConnectionImpl@41cccc89: (connection evicted)
2024-07-12 15:49:00.899 DEBUG c.z.h.p.PoolBase:132 - HikariPool-1 - Closing connection com.mysql.cj.jdbc.ConnectionImpl@330e3113: (connection evicted)
2024-07-12 15:49:00.899 DEBUG c.z.h.p.PoolBase:132 - HikariPool-1 - Closing connection com.mysql.cj.jdbc.ConnectionImpl@15888159: (connection evicted)
2024-07-12 15:49:00.900 DEBUG c.z.h.p.PoolBase:132 - HikariPool-1 - Closing connection com.mysql.cj.jdbc.ConnectionImpl@4b68114f: (connection evicted)
2024-07-12 15:49:00.901 DEBUG c.z.h.p.PoolBase:132 - HikariPool-1 - Closing connection com.mysql.cj.jdbc.ConnectionImpl@16e2d3cc: (connection evicted)
2024-07-12 15:49:00.902 DEBUG c.z.h.p.PoolBase:132 - HikariPool-1 - Closing connection com.mysql.cj.jdbc.ConnectionImpl@65cc62cc: (connection evicted)
2024-07-12 15:49:00.902 DEBUG c.z.h.p.PoolBase:132 - HikariPool-1 - Closing connection com.mysql.cj.jdbc.ConnectionImpl@28518c4b: (connection evicted)
2024-07-12 15:49:00.903 DEBUG c.z.h.p.PoolBase:132 - HikariPool-1 - Closing connection com.mysql.cj.jdbc.ConnectionImpl@6f484c87: (connection evicted)
2024-07-12 15:49:00.904 DEBUG c.z.h.p.PoolBase:132 - HikariPool-1 - Closing connection com.mysql.cj.jdbc.ConnectionImpl@901f1bc: (connection evicted)
2024-07-12 15:49:00.905 DEBUG c.z.h.p.PoolBase:132 - HikariPool-1 - Closing connection com.mysql.cj.jdbc.ConnectionImpl@6992aec7: (connection evicted)
2024-07-12 15:49:00.907 DEBUG c.z.h.p.PoolBase:132 - HikariPool-1 - Closing connection com.mysql.cj.jdbc.ConnectionImpl@728f3142: (connection evicted)
2024-07-12 15:49:00.908 DEBUG c.z.h.p.PoolBase:132 - HikariPool-1 - Closing connection com.mysql.cj.jdbc.ConnectionImpl@552af00c: (connection evicted)
2024-07-12 15:49:00.909 DEBUG c.z.h.p.PoolBase:132 - HikariPool-1 - Closing connection com.mysql.cj.jdbc.ConnectionImpl@76b1373: (connection evicted)
2024-07-12 15:49:00.910 DEBUG c.z.h.p.PoolBase:132 - HikariPool-1 - Closing connection com.mysql.cj.jdbc.ConnectionImpl@38f7687d: (connection evicted)
2024-07-12 15:49:00.911 DEBUG c.z.h.p.PoolBase:132 - HikariPool-1 - Closing connection com.mysql.cj.jdbc.ConnectionImpl@422c90e1: (connection evicted)
2024-07-12 15:49:00.912 DEBUG c.z.h.p.PoolBase:132 - HikariPool-1 - Closing connection com.mysql.cj.jdbc.ConnectionImpl@1a9cb25: (connection evicted)
2024-07-12 15:49:00.913 DEBUG c.z.h.p.PoolBase:132 - HikariPool-1 - Closing connection com.mysql.cj.jdbc.ConnectionImpl@25601e1d: (connection evicted)
2024-07-12 15:49:00.914 DEBUG c.z.h.p.PoolBase:132 - HikariPool-1 - Closing connection com.mysql.cj.jdbc.ConnectionImpl@1f485655: (connection evicted)
2024-07-12 15:49:00.915 DEBUG c.z.h.p.PoolBase:132 - HikariPool-1 - Closing connection com.mysql.cj.jdbc.ConnectionImpl@5092dd8f: (connection evicted)
2024-07-12 15:49:00.916 DEBUG c.z.h.p.PoolBase:132 - HikariPool-1 - Closing connection com.mysql.cj.jdbc.ConnectionImpl@675468c2: (connection evicted)
2024-07-12 15:49:00.917 DEBUG c.z.h.p.PoolBase:132 - HikariPool-1 - Closing connection com.mysql.cj.jdbc.ConnectionImpl@69ad0695: (connection evicted)
2024-07-12 15:49:00.918 DEBUG c.z.h.p.PoolBase:132 - HikariPool-1 - Closing connection com.mysql.cj.jdbc.ConnectionImpl@c7001ea: (connection evicted)
2024-07-12 15:49:00.918 DEBUG c.z.h.p.PoolBase:132 - HikariPool-1 - Closing connection com.mysql.cj.jdbc.ConnectionImpl@cbe4106: (connection evicted)
2024-07-12 15:49:00.919 DEBUG c.z.h.p.PoolBase:132 - HikariPool-1 - Closing connection com.mysql.cj.jdbc.ConnectionImpl@7b0296c2: (connection evicted)
2024-07-12 15:49:00.920 DEBUG c.z.h.p.PoolBase:132 - HikariPool-1 - Closing connection com.mysql.cj.jdbc.ConnectionImpl@3b6ef3d7: (connection evicted)
2024-07-12 15:49:00.921 DEBUG c.z.h.p.PoolBase:132 - HikariPool-1 - Closing connection com.mysql.cj.jdbc.ConnectionImpl@2e8a154d: (connection evicted)
2024-07-12 15:49:00.922 DEBUG c.z.h.p.PoolBase:132 - HikariPool-1 - Closing connection com.mysql.cj.jdbc.ConnectionImpl@1684fa4f: (connection evicted)
2024-07-12 15:49:00.922 DEBUG c.z.h.p.PoolBase:132 - HikariPool-1 - Closing connection com.mysql.cj.jdbc.ConnectionImpl@20ba2167: (connection evicted)
2024-07-12 15:49:00.924 DEBUG c.z.h.p.PoolBase:132 - HikariPool-1 - Closing connection com.mysql.cj.jdbc.ConnectionImpl@92960ca: (connection evicted)
2024-07-12 15:49:00.924 DEBUG c.z.h.p.PoolBase:132 - HikariPool-1 - Closing connection com.mysql.cj.jdbc.ConnectionImpl@54cb034: (connection evicted)
2024-07-12 15:49:00.925 DEBUG c.z.h.p.PoolBase:132 - HikariPool-1 - Closing connection com.mysql.cj.jdbc.ConnectionImpl@abab3b0: (connection evicted)
2024-07-12 15:49:00.926 DEBUG c.z.h.p.PoolBase:132 - HikariPool-1 - Closing connection com.mysql.cj.jdbc.ConnectionImpl@7e399804: (connection evicted)
2024-07-12 15:49:00.927 DEBUG c.z.h.p.PoolBase:132 - HikariPool-1 - Closing connection com.mysql.cj.jdbc.ConnectionImpl@54c94a53: (connection evicted)
2024-07-12 15:49:00.928 DEBUG c.z.h.p.PoolBase:132 - HikariPool-1 - Closing connection com.mysql.cj.jdbc.ConnectionImpl@5a9d6948: (connection evicted)
2024-07-12 15:49:00.929 DEBUG c.z.h.p.PoolBase:132 - HikariPool-1 - Closing connection com.mysql.cj.jdbc.ConnectionImpl@455593a9: (connection evicted)
2024-07-12 15:49:00.930 DEBUG c.z.h.p.PoolBase:132 - HikariPool-1 - Closing connection com.mysql.cj.jdbc.ConnectionImpl@2d135a47: (connection evicted)
2024-07-12 15:49:00.931 DEBUG c.z.h.p.PoolBase:132 - HikariPool-1 - Closing connection com.mysql.cj.jdbc.ConnectionImpl@19b54996: (connection evicted)
2024-07-12 15:49:00.932 DEBUG c.z.h.p.PoolBase:132 - HikariPool-1 - Closing connection com.mysql.cj.jdbc.ConnectionImpl@1fba53c3: (connection evicted)
2024-07-12 15:49:00.933 DEBUG c.z.h.p.HikariPool:414 - HikariPool-1 - After shutdown stats (total=0, active=0, idle=0, waiting=0)
2024-07-12 15:49:00.933  INFO c.z.h.HikariDataSource:352 - HikariPool-1 - Shutdown completed.
