2023-12-08 14:07:56.367 DEBUG o.s.w.s.DispatcherServlet:120 - OPTIONS "/deleteBlacklistMobile/0729892222", parameters={}
2023-12-08 14:07:56.372 DEBUG o.s.w.s.m.m.a.RequestMappingHandlerMapping:528 - Mapped to com.myproject.smsblock.controller.SmsBlockBlacklistController#deactivateSmsBlacklistMobile(SmsBlockBlacklistDto)
2023-12-08 14:07:56.373 DEBUG o.s.o.j.s.OpenEntityManagerInViewInterceptor:86 - Opening JPA EntityManager in OpenEntityManagerInViewInterceptor
2023-12-08 14:07:56.375 DEBUG o.s.o.j.s.OpenEntityManagerInViewInterceptor:111 - Closing JPA EntityManager in OpenEntityManagerInViewInterceptor
2023-12-08 14:07:56.376 DEBUG o.s.w.s.DispatcherServlet:1135 - Completed 200 OK
2023-12-08 14:07:56.380 DEBUG o.s.w.s.DispatcherServlet:120 - PUT "/deleteBlacklistMobile/0729892222", parameters={}
2023-12-08 14:07:56.382 DEBUG o.s.w.s.m.m.a.RequestMappingHandlerMapping:528 - Mapped to com.myproject.smsblock.controller.SmsBlockBlacklistController#deactivateSmsBlacklistMobile(SmsBlockBlacklistDto)
2023-12-08 14:07:56.383 DEBUG o.s.o.j.s.OpenEntityManagerInViewInterceptor:86 - Opening JPA EntityManager in OpenEntityManagerInViewInterceptor
2023-12-08 14:07:56.384 DEBUG o.s.w.s.m.m.a.RequestResponseBodyMethodProcessor:120 - Read "application/json;charset=UTF-8" to [com.myproject.smsblock.dto.SmsBlockBlacklistDto@2a8df109]
2023-12-08 14:07:56.385 DEBUG o.h.o.s.a.create:33 - Created new SQL alias : s1_0
2023-12-08 14:07:56.386 DEBUG o.h.o.s.a.create:98 - Registration of TableGroup [StandardTableGroup(com.myproject.smsblock.entity.SmsBlockBlacklist(1545793118366300))] with identifierForTableGroup [com.myproject.smsblock.entity.SmsBlockBlacklist] for NavigablePath [com.myproject.smsblock.entity.SmsBlockBlacklist]
2023-12-08 14:07:56.387 DEBUG o.h.o.s.a.create:98 - Registration of TableGroup [org.hibernate.sql.ast.tree.from.LazyTableGroup@1569b952] with identifierForTableGroup [com.myproject.smsblock.entity.SmsBlockBlacklist.smsBlockMobile] for NavigablePath [com.myproject.smsblock.entity.SmsBlockBlacklist.smsBlockMobile]
2023-12-08 14:07:56.387 DEBUG o.h.q.s.s.BaseSqmToSqlAstConverter:5700 - Determining mapping-model type for SqmParameter : org.hibernate.query.sqm.tree.expression.SqmJpaCriteriaParameterWrapper@44f99202
2023-12-08 14:07:56.388 DEBUG o.h.q.s.s.BaseSqmToSqlAstConverter:5590 - Determining mapping-model type for SqmPath : SqmBasicValuedSimplePath(com.myproject.smsblock.entity.SmsBlockBlacklist(1545793118366300).blacklistMobile)
2023-12-08 14:07:56.389 DEBUG o.h.o.r.g.AST:67 - DomainResult Graph:
 \-EntityResultImpl [com.myproject.smsblock.entity.SmsBlockBlacklist(1545793118366300)]
 |  +-BasicFetch [com.myproject.smsblock.entity.SmsBlockBlacklist(1545793118366300).activatedOn]
 |  +-BasicFetch [com.myproject.smsblock.entity.SmsBlockBlacklist(1545793118366300).addedBy]
 |  +-BasicFetch [com.myproject.smsblock.entity.SmsBlockBlacklist(1545793118366300).blacklistMobile]
 |  +-BasicFetch [com.myproject.smsblock.entity.SmsBlockBlacklist(1545793118366300).comment]
 |  +-BasicFetch [com.myproject.smsblock.entity.SmsBlockBlacklist(1545793118366300).deactivatedBy]
 |  +-BasicFetch [com.myproject.smsblock.entity.SmsBlockBlacklist(1545793118366300).deactivatedOn]
 |  +-EntityFetchSelectImpl [com.myproject.smsblock.entity.SmsBlockBlacklist(1545793118366300).smsBlockMobile]
 |  \-BasicFetch [com.myproject.smsblock.entity.SmsBlockBlacklist(1545793118366300).status]

2023-12-08 14:07:56.389 DEBUG o.h.o.s.a.tree:46 - SQL AST Tree:
    SelectStatement {
      FromClause {
        StandardTableGroup (s1 : com.myproject.smsblock.entity.SmsBlockBlacklist(1545793118366300)) {
          primaryTableReference : sms_block_blacklisted_mobile as s1_0
          TableGroupJoins {
            left  join LazyTableGroup (s2 : com.myproject.smsblock.entity.SmsBlockBlacklist(1545793118366300).smsBlockMobile) {
            }
          }
        }
      }
    }

2023-12-08 14:07:56.390 DEBUG o.h.o.s.exec:455 - Skipping reading Query result cache data: cache-enabled = false, cache-mode = NORMAL
2023-12-08 14:07:56.391 DEBUG o.h.o.results:76 - Initializer list:
	  com.myproject.smsblock.entity.SmsBlockBlacklist(1545793118366300).smsBlockMobile -> EntitySelectFetchInitializer(com.myproject.smsblock.entity.SmsBlockBlacklist(1545793118366300).smsBlockMobile)@1489561290 (ToOneAttributeMapping(NavigableRole[com.myproject.smsblock.entity.SmsBlockBlacklist.smsBlockMobile])@63001427)
	  com.myproject.smsblock.entity.SmsBlockBlacklist(1545793118366300) -> EntityResultInitializer(com.myproject.smsblock.entity.SmsBlockBlacklist(1545793118366300))@1239176130 (SingleTableEntityPersister(com.myproject.smsblock.entity.SmsBlockBlacklist))

2023-12-08 14:07:56.392 DEBUG o.h.SQL:133 - select s1_0.id,s1_0.activated_on,s1_0.added_by,s1_0.blacklist_mobile,s1_0.comment,s1_0.deactivated_by,s1_0.deactivated_on,s1_0.sms_block_mobile_id,s1_0.status from sms_block_blacklisted_mobile s1_0 where s1_0.blacklist_mobile=?
2023-12-08 14:07:56.396 DEBUG o.h.o.results:61 - Extracted JDBC value [0] - [37]
2023-12-08 14:07:56.398 DEBUG o.h.o.r.l.entity:300 - (EntityResultInitializer) Hydrated EntityKey (com.myproject.smsblock.entity.SmsBlockBlacklist(1545793118366300)): 37
2023-12-08 14:07:56.399 DEBUG o.h.o.r.l.entity:689 - (EntityResultInitializer) Created new entity instance [com.myproject.smsblock.entity.SmsBlockBlacklist(1545793118366300)#37] : 374204367
2023-12-08 14:07:56.399 DEBUG o.h.o.results:61 - Extracted JDBC value [7] - [42]
2023-12-08 14:07:56.400 DEBUG o.h.o.r.l.entity:190 - (EntitySelectFetchInitializer) Invoking session#internalLoad for entity (com.myproject.smsblock.entity.SmsBlockBlacklist(1545793118366300).smsBlockMobile#42) : 42
2023-12-08 14:07:56.400 DEBUG o.h.o.s.exec:455 - Skipping reading Query result cache data: cache-enabled = false, cache-mode = IGNORE
2023-12-08 14:07:56.401 DEBUG o.h.o.results:76 - Initializer list:
	  com.myproject.smsblock.entity.SmsBlockMobile -> EntityResultInitializer(com.myproject.smsblock.entity.SmsBlockMobile)@1025827975 (SingleTableEntityPersister(com.myproject.smsblock.entity.SmsBlockMobile))

2023-12-08 14:07:56.401 DEBUG o.h.SQL:133 - select s1_0.id,s1_0.activated_on,s1_0.added_by,s1_0.comment,s1_0.deactivated_by,s1_0.deactivated_on,s1_0.mobile_no,s1_0.status from sms_block_mobile s1_0 where s1_0.id=?
2023-12-08 14:07:56.403 DEBUG o.h.o.r.l.entity:300 - (EntityResultInitializer) Hydrated EntityKey (com.myproject.smsblock.entity.SmsBlockMobile): 42
2023-12-08 14:07:56.403 DEBUG o.h.o.r.l.entity:689 - (EntityResultInitializer) Created new entity instance [com.myproject.smsblock.entity.SmsBlockMobile#42] : 127285055
2023-12-08 14:07:56.404 DEBUG o.h.o.results:61 - Extracted JDBC value [1] - [2023-12-05 10:49:59.0]
2023-12-08 14:07:56.404 DEBUG o.h.o.results:61 - Extracted JDBC value [2] - [jhhj]
2023-12-08 14:07:56.405 DEBUG o.h.o.results:61 - Extracted JDBC value [3] - [null]
2023-12-08 14:07:56.405 DEBUG o.h.o.results:61 - Extracted JDBC value [4] - [null]
2023-12-08 14:07:56.405 DEBUG o.h.o.results:61 - Extracted JDBC value [5] - [null]
2023-12-08 14:07:56.405 DEBUG o.h.o.results:61 - Extracted JDBC value [6] - [+0712397911]
2023-12-08 14:07:56.406 DEBUG o.h.o.results:61 - Extracted JDBC value [7] - [ACT]
2023-12-08 14:07:56.406 DEBUG o.h.o.r.l.entity:889 - (EntityResultInitializer) Done materializing entityInstance : com.myproject.smsblock.entity.SmsBlockMobile#42
2023-12-08 14:07:56.407 DEBUG o.h.o.r.loading:93 - Calling top-level assembler (0 / 1) : org.hibernate.sql.results.graph.entity.internal.EntityAssembler@1d8ceb96
2023-12-08 14:07:56.407 DEBUG o.h.o.r.l.entity:216 - (EntitySelectFetchInitializer) Entity [com.myproject.smsblock.entity.SmsBlockBlacklist(1545793118366300).smsBlockMobile#42] : 42 has being loaded by session.internalLoad.
2023-12-08 14:07:56.407 DEBUG o.h.o.results:61 - Extracted JDBC value [1] - [2023-12-06 15:08:57.0]
2023-12-08 14:07:56.408 DEBUG o.h.o.results:61 - Extracted JDBC value [2] - [tharsana]
2023-12-08 14:07:56.408 DEBUG o.h.o.results:61 - Extracted JDBC value [3] - [0729892222]
2023-12-08 14:07:56.408 DEBUG o.h.o.results:61 - Extracted JDBC value [4] - [null]
2023-12-08 14:07:56.408 DEBUG o.h.o.results:61 - Extracted JDBC value [5] - [tharsana]
2023-12-08 14:07:56.409 DEBUG o.h.o.results:61 - Extracted JDBC value [6] - [2023-12-08 12:11:27.0]
2023-12-08 14:07:56.409 DEBUG o.h.o.results:61 - Extracted JDBC value [8] - [DEACT]
2023-12-08 14:07:56.409 DEBUG o.h.o.r.l.entity:889 - (EntityResultInitializer) Done materializing entityInstance : com.myproject.smsblock.entity.SmsBlockBlacklist(1545793118366300)#37
2023-12-08 14:07:56.410 DEBUG o.h.o.r.loading:93 - Calling top-level assembler (0 / 1) : org.hibernate.sql.results.graph.entity.internal.EntityAssembler@57d44fa8
2023-12-08 14:07:56.410 DEBUG o.h.o.results:61 - Extracted JDBC value [0] - [62]
2023-12-08 14:07:56.410 DEBUG o.h.o.r.l.entity:300 - (EntityResultInitializer) Hydrated EntityKey (com.myproject.smsblock.entity.SmsBlockBlacklist(1545793118366300)): 62
2023-12-08 14:07:56.411 DEBUG o.h.o.r.l.entity:689 - (EntityResultInitializer) Created new entity instance [com.myproject.smsblock.entity.SmsBlockBlacklist(1545793118366300)#62] : 1632478626
2023-12-08 14:07:56.411 DEBUG o.h.o.results:61 - Extracted JDBC value [7] - [86]
2023-12-08 14:07:56.411 DEBUG o.h.o.r.l.entity:190 - (EntitySelectFetchInitializer) Invoking session#internalLoad for entity (com.myproject.smsblock.entity.SmsBlockBlacklist(1545793118366300).smsBlockMobile#86) : 86
2023-12-08 14:07:56.411 DEBUG o.h.o.s.exec:455 - Skipping reading Query result cache data: cache-enabled = false, cache-mode = IGNORE
2023-12-08 14:07:56.412 DEBUG o.h.o.results:76 - Initializer list:
	  com.myproject.smsblock.entity.SmsBlockMobile -> EntityResultInitializer(com.myproject.smsblock.entity.SmsBlockMobile)@468136518 (SingleTableEntityPersister(com.myproject.smsblock.entity.SmsBlockMobile))

2023-12-08 14:07:56.412 DEBUG o.h.SQL:133 - select s1_0.id,s1_0.activated_on,s1_0.added_by,s1_0.comment,s1_0.deactivated_by,s1_0.deactivated_on,s1_0.mobile_no,s1_0.status from sms_block_mobile s1_0 where s1_0.id=?
2023-12-08 14:07:56.414 DEBUG o.h.o.r.l.entity:300 - (EntityResultInitializer) Hydrated EntityKey (com.myproject.smsblock.entity.SmsBlockMobile): 86
2023-12-08 14:07:56.414 DEBUG o.h.o.r.l.entity:689 - (EntityResultInitializer) Created new entity instance [com.myproject.smsblock.entity.SmsBlockMobile#86] : 127519940
2023-12-08 14:07:56.414 DEBUG o.h.o.results:61 - Extracted JDBC value [1] - [2023-12-08 14:07:35.0]
2023-12-08 14:07:56.415 DEBUG o.h.o.results:61 - Extracted JDBC value [2] - [tharsana]
2023-12-08 14:07:56.415 DEBUG o.h.o.results:61 - Extracted JDBC value [3] - [null]
2023-12-08 14:07:56.416 DEBUG o.h.o.results:61 - Extracted JDBC value [4] - [null]
2023-12-08 14:07:56.416 DEBUG o.h.o.results:61 - Extracted JDBC value [5] - [null]
2023-12-08 14:07:56.416 DEBUG o.h.o.results:61 - Extracted JDBC value [6] - [0729892220]
2023-12-08 14:07:56.416 DEBUG o.h.o.results:61 - Extracted JDBC value [7] - [ACT]
2023-12-08 14:07:56.417 DEBUG o.h.o.r.l.entity:889 - (EntityResultInitializer) Done materializing entityInstance : com.myproject.smsblock.entity.SmsBlockMobile#86
2023-12-08 14:07:56.417 DEBUG o.h.o.r.loading:93 - Calling top-level assembler (0 / 1) : org.hibernate.sql.results.graph.entity.internal.EntityAssembler@254eab73
2023-12-08 14:07:56.418 DEBUG o.h.o.r.l.entity:216 - (EntitySelectFetchInitializer) Entity [com.myproject.smsblock.entity.SmsBlockBlacklist(1545793118366300).smsBlockMobile#86] : 86 has being loaded by session.internalLoad.
2023-12-08 14:07:56.418 DEBUG o.h.o.results:61 - Extracted JDBC value [1] - [2023-12-08 14:07:49.0]
2023-12-08 14:07:56.418 DEBUG o.h.o.results:61 - Extracted JDBC value [2] - [tharsana]
2023-12-08 14:07:56.418 DEBUG o.h.o.results:61 - Extracted JDBC value [3] - [0729892222]
2023-12-08 14:07:56.418 DEBUG o.h.o.results:61 - Extracted JDBC value [4] - [null]
2023-12-08 14:07:56.419 DEBUG o.h.o.results:61 - Extracted JDBC value [5] - [null]
2023-12-08 14:07:56.419 DEBUG o.h.o.results:61 - Extracted JDBC value [6] - [null]
2023-12-08 14:07:56.419 DEBUG o.h.o.results:61 - Extracted JDBC value [8] - [ACT]
2023-12-08 14:07:56.420 DEBUG o.h.o.r.l.entity:889 - (EntityResultInitializer) Done materializing entityInstance : com.myproject.smsblock.entity.SmsBlockBlacklist(1545793118366300)#62
2023-12-08 14:07:56.420 DEBUG o.h.o.r.loading:93 - Calling top-level assembler (0 / 1) : org.hibernate.sql.results.graph.entity.internal.EntityAssembler@57d44fa8
2023-12-08 14:07:56.421 DEBUG o.s.o.j.JpaTransactionManager:374 - Found thread-bound EntityManager [SessionImpl(742047636<open>)] for JPA transaction
2023-12-08 14:07:56.421 DEBUG o.s.o.j.JpaTransactionManager:370 - Creating new transaction with name [org.springframework.data.jpa.repository.support.SimpleJpaRepository.save]: PROPAGATION_REQUIRED,ISOLATION_DEFAULT
2023-12-08 14:07:56.422 DEBUG o.h.e.t.i.TransactionImpl:53 - On TransactionImpl creation, JpaCompliance#isJpaTransactionComplianceEnabled == false
2023-12-08 14:07:56.422 DEBUG o.h.e.t.i.TransactionImpl:81 - begin
2023-12-08 14:07:56.423 DEBUG o.s.o.j.JpaTransactionManager:439 - Exposing JPA transaction as JDBC [org.springframework.orm.jpa.vendor.HibernateJpaDialect$HibernateConnectionHandle@15c95347]
2023-12-08 14:07:56.423 DEBUG o.h.j.i.PersistenceUnitUtilImpl:89 - jakarta.persistence.PersistenceUnitUtil.getIdentifier is only intended to work with enhanced entities (although Hibernate also adapts this support to its proxies); however the passed entity was not enhanced (nor a proxy).. may not be able to read identifier
2023-12-08 14:07:56.425 DEBUG o.s.o.j.JpaTransactionManager:740 - Initiating transaction commit
2023-12-08 14:07:56.425 DEBUG o.s.o.j.JpaTransactionManager:556 - Committing JPA transaction on EntityManager [SessionImpl(742047636<open>)]
2023-12-08 14:07:56.426 DEBUG o.h.e.t.i.TransactionImpl:98 - committing
2023-12-08 14:07:56.426 DEBUG o.h.e.i.AbstractFlushingEventListener:136 - Processing flush-time cascades
2023-12-08 14:07:56.426 DEBUG o.h.e.i.AbstractFlushingEventListener:185 - Dirty checking collections
2023-12-08 14:07:56.429 DEBUG o.h.e.i.AbstractFlushingEventListener:110 - Flushed: 0 insertions, 1 updates, 0 deletions to 4 objects
2023-12-08 14:07:56.429 DEBUG o.h.e.i.AbstractFlushingEventListener:117 - Flushed: 0 (re)creations, 0 updates, 0 removals to 0 collections
2023-12-08 14:07:56.429 DEBUG o.h.i.u.EntityPrinter:111 - Listing entities:
2023-12-08 14:07:56.429 DEBUG o.h.i.u.EntityPrinter:118 - com.myproject.smsblock.entity.SmsBlockBlacklist{activatedOn=2023-12-08 14:07:49.0, smsBlockMobile=com.myproject.smsblock.entity.SmsBlockMobile#86, addedBy=tharsana, deactivatedOn=2023-12-08 14:07:56.421337, blacklistMobile=0729892222, comment=null, id=62, deactivatedBy=tharsana, status=DEACT}
2023-12-08 14:07:56.430 DEBUG o.h.i.u.EntityPrinter:118 - com.myproject.smsblock.entity.SmsBlockMobile{activatedOn=2023-12-08 14:07:35.0, addedBy=tharsana, deactivatedOn=null, comment=null, id=86, mobileNo=0729892220, deactivatedBy=null, status=ACT}
2023-12-08 14:07:56.430 DEBUG o.h.i.u.EntityPrinter:118 - com.myproject.smsblock.entity.SmsBlockMobile{activatedOn=2023-12-05 10:49:59.0, addedBy=jhhj, deactivatedOn=null, comment=null, id=42, mobileNo=+0712397911, deactivatedBy=null, status=ACT}
2023-12-08 14:07:56.430 DEBUG o.h.i.u.EntityPrinter:118 - com.myproject.smsblock.entity.SmsBlockBlacklist{activatedOn=2023-12-06 15:08:57.0, smsBlockMobile=com.myproject.smsblock.entity.SmsBlockMobile#42, addedBy=tharsana, deactivatedOn=2023-12-08 12:11:27.0, blacklistMobile=0729892222, comment=null, id=37, deactivatedBy=tharsana, status=DEACT}
2023-12-08 14:07:56.436 DEBUG o.h.SQL:133 - update sms_block_blacklisted_mobile set activated_on=?,added_by=?,blacklist_mobile=?,comment=?,deactivated_by=?,deactivated_on=?,sms_block_mobile_id=?,status=? where id=?
2023-12-08 14:07:56.563 DEBUG o.s.o.j.JpaTransactionManager:652 - Not closing pre-bound JPA EntityManager after transaction
2023-12-08 14:07:56.565 DEBUG o.s.w.s.m.m.a.HttpEntityMethodProcessor:275 - Using 'application/json', given [application/json, text/plain, */*] and supported [text/plain, */*, application/json, application/*+json]
2023-12-08 14:07:56.566 DEBUG o.s.w.s.m.m.a.HttpEntityMethodProcessor:120 - Writing ["Deactivated"]
2023-12-08 14:07:56.568 DEBUG o.s.o.j.s.OpenEntityManagerInViewInterceptor:111 - Closing JPA EntityManager in OpenEntityManagerInViewInterceptor
2023-12-08 14:07:56.570 DEBUG o.s.w.s.DispatcherServlet:1135 - Completed 200 OK
2023-12-08 14:07:58.683 DEBUG c.z.h.p.HikariPool:414 - HikariPool-1 - Before cleanup stats (total=50, active=0, idle=50, waiting=0)
2023-12-08 14:07:58.685 DEBUG c.z.h.p.HikariPool:414 - HikariPool-1 - After cleanup  stats (total=50, active=0, idle=50, waiting=0)
2023-12-08 14:07:58.685 DEBUG c.z.h.p.HikariPool:521 - HikariPool-1 - Fill pool skipped, pool has sufficient level or currently being filled (queueDepth=0).
2023-12-08 14:08:00.389 DEBUG o.s.w.s.DispatcherServlet:120 - PUT "/deleteBlacklistMobile/0729892222", parameters={}
2023-12-08 14:08:00.390 DEBUG o.s.w.s.m.m.a.RequestMappingHandlerMapping:528 - Mapped to com.myproject.smsblock.controller.SmsBlockBlacklistController#deactivateSmsBlacklistMobile(SmsBlockBlacklistDto)
2023-12-08 14:08:00.391 DEBUG o.s.o.j.s.OpenEntityManagerInViewInterceptor:86 - Opening JPA EntityManager in OpenEntityManagerInViewInterceptor
2023-12-08 14:08:00.392 DEBUG o.s.w.s.m.m.a.RequestResponseBodyMethodProcessor:120 - Read "application/json;charset=UTF-8" to [com.myproject.smsblock.dto.SmsBlockBlacklistDto@45442f80]
2023-12-08 14:08:00.393 DEBUG o.h.o.s.a.create:33 - Created new SQL alias : s1_0
2023-12-08 14:08:00.394 DEBUG o.h.o.s.a.create:98 - Registration of TableGroup [StandardTableGroup(com.myproject.smsblock.entity.SmsBlockBlacklist(1545793118366300))] with identifierForTableGroup [com.myproject.smsblock.entity.SmsBlockBlacklist] for NavigablePath [com.myproject.smsblock.entity.SmsBlockBlacklist]
2023-12-08 14:08:00.395 DEBUG o.h.o.s.a.create:98 - Registration of TableGroup [org.hibernate.sql.ast.tree.from.LazyTableGroup@5e023a7f] with identifierForTableGroup [com.myproject.smsblock.entity.SmsBlockBlacklist.smsBlockMobile] for NavigablePath [com.myproject.smsblock.entity.SmsBlockBlacklist.smsBlockMobile]
2023-12-08 14:08:00.395 DEBUG o.h.q.s.s.BaseSqmToSqlAstConverter:5700 - Determining mapping-model type for SqmParameter : org.hibernate.query.sqm.tree.expression.SqmJpaCriteriaParameterWrapper@5fb29003
2023-12-08 14:08:00.396 DEBUG o.h.q.s.s.BaseSqmToSqlAstConverter:5590 - Determining mapping-model type for SqmPath : SqmBasicValuedSimplePath(com.myproject.smsblock.entity.SmsBlockBlacklist(1545793118366300).blacklistMobile)
2023-12-08 14:08:00.397 DEBUG o.h.o.r.g.AST:67 - DomainResult Graph:
 \-EntityResultImpl [com.myproject.smsblock.entity.SmsBlockBlacklist(1545793118366300)]
 |  +-BasicFetch [com.myproject.smsblock.entity.SmsBlockBlacklist(1545793118366300).activatedOn]
 |  +-BasicFetch [com.myproject.smsblock.entity.SmsBlockBlacklist(1545793118366300).addedBy]
 |  +-BasicFetch [com.myproject.smsblock.entity.SmsBlockBlacklist(1545793118366300).blacklistMobile]
 |  +-BasicFetch [com.myproject.smsblock.entity.SmsBlockBlacklist(1545793118366300).comment]
 |  +-BasicFetch [com.myproject.smsblock.entity.SmsBlockBlacklist(1545793118366300).deactivatedBy]
 |  +-BasicFetch [com.myproject.smsblock.entity.SmsBlockBlacklist(1545793118366300).deactivatedOn]
 |  +-EntityFetchSelectImpl [com.myproject.smsblock.entity.SmsBlockBlacklist(1545793118366300).smsBlockMobile]
 |  \-BasicFetch [com.myproject.smsblock.entity.SmsBlockBlacklist(1545793118366300).status]

2023-12-08 14:08:00.397 DEBUG o.h.o.s.a.tree:46 - SQL AST Tree:
    SelectStatement {
      FromClause {
        StandardTableGroup (s1 : com.myproject.smsblock.entity.SmsBlockBlacklist(1545793118366300)) {
          primaryTableReference : sms_block_blacklisted_mobile as s1_0
          TableGroupJoins {
            left  join LazyTableGroup (s2 : com.myproject.smsblock.entity.SmsBlockBlacklist(1545793118366300).smsBlockMobile) {
            }
          }
        }
      }
    }

2023-12-08 14:08:00.398 DEBUG o.h.o.s.exec:455 - Skipping reading Query result cache data: cache-enabled = false, cache-mode = NORMAL
2023-12-08 14:08:00.399 DEBUG o.h.o.results:76 - Initializer list:
	  com.myproject.smsblock.entity.SmsBlockBlacklist(1545793118366300).smsBlockMobile -> EntitySelectFetchInitializer(com.myproject.smsblock.entity.SmsBlockBlacklist(1545793118366300).smsBlockMobile)@1898417088 (ToOneAttributeMapping(NavigableRole[com.myproject.smsblock.entity.SmsBlockBlacklist.smsBlockMobile])@63001427)
	  com.myproject.smsblock.entity.SmsBlockBlacklist(1545793118366300) -> EntityResultInitializer(com.myproject.smsblock.entity.SmsBlockBlacklist(1545793118366300))@2115534608 (SingleTableEntityPersister(com.myproject.smsblock.entity.SmsBlockBlacklist))

2023-12-08 14:08:00.399 DEBUG o.h.SQL:133 - select s1_0.id,s1_0.activated_on,s1_0.added_by,s1_0.blacklist_mobile,s1_0.comment,s1_0.deactivated_by,s1_0.deactivated_on,s1_0.sms_block_mobile_id,s1_0.status from sms_block_blacklisted_mobile s1_0 where s1_0.blacklist_mobile=?
2023-12-08 14:08:00.402 DEBUG o.h.o.results:61 - Extracted JDBC value [0] - [37]
2023-12-08 14:08:00.402 DEBUG o.h.o.r.l.entity:300 - (EntityResultInitializer) Hydrated EntityKey (com.myproject.smsblock.entity.SmsBlockBlacklist(1545793118366300)): 37
2023-12-08 14:08:00.403 DEBUG o.h.o.r.l.entity:689 - (EntityResultInitializer) Created new entity instance [com.myproject.smsblock.entity.SmsBlockBlacklist(1545793118366300)#37] : 924307687
2023-12-08 14:08:00.403 DEBUG o.h.o.results:61 - Extracted JDBC value [7] - [42]
2023-12-08 14:08:00.404 DEBUG o.h.o.r.l.entity:190 - (EntitySelectFetchInitializer) Invoking session#internalLoad for entity (com.myproject.smsblock.entity.SmsBlockBlacklist(1545793118366300).smsBlockMobile#42) : 42
2023-12-08 14:08:00.404 DEBUG o.h.o.s.exec:455 - Skipping reading Query result cache data: cache-enabled = false, cache-mode = IGNORE
2023-12-08 14:08:00.405 DEBUG o.h.o.results:76 - Initializer list:
	  com.myproject.smsblock.entity.SmsBlockMobile -> EntityResultInitializer(com.myproject.smsblock.entity.SmsBlockMobile)@172673514 (SingleTableEntityPersister(com.myproject.smsblock.entity.SmsBlockMobile))

2023-12-08 14:08:00.405 DEBUG o.h.SQL:133 - select s1_0.id,s1_0.activated_on,s1_0.added_by,s1_0.comment,s1_0.deactivated_by,s1_0.deactivated_on,s1_0.mobile_no,s1_0.status from sms_block_mobile s1_0 where s1_0.id=?
2023-12-08 14:08:00.407 DEBUG o.h.o.r.l.entity:300 - (EntityResultInitializer) Hydrated EntityKey (com.myproject.smsblock.entity.SmsBlockMobile): 42
2023-12-08 14:08:00.408 DEBUG o.h.o.r.l.entity:689 - (EntityResultInitializer) Created new entity instance [com.myproject.smsblock.entity.SmsBlockMobile#42] : 1659044657
2023-12-08 14:08:00.409 DEBUG o.h.o.results:61 - Extracted JDBC value [1] - [2023-12-05 10:49:59.0]
2023-12-08 14:08:00.409 DEBUG o.h.o.results:61 - Extracted JDBC value [2] - [jhhj]
2023-12-08 14:08:00.409 DEBUG o.h.o.results:61 - Extracted JDBC value [3] - [null]
2023-12-08 14:08:00.410 DEBUG o.h.o.results:61 - Extracted JDBC value [4] - [null]
2023-12-08 14:08:00.410 DEBUG o.h.o.results:61 - Extracted JDBC value [5] - [null]
2023-12-08 14:08:00.410 DEBUG o.h.o.results:61 - Extracted JDBC value [6] - [+0712397911]
2023-12-08 14:08:00.411 DEBUG o.h.o.results:61 - Extracted JDBC value [7] - [ACT]
2023-12-08 14:08:00.411 DEBUG o.h.o.r.l.entity:889 - (EntityResultInitializer) Done materializing entityInstance : com.myproject.smsblock.entity.SmsBlockMobile#42
2023-12-08 14:08:00.412 DEBUG o.h.o.r.loading:93 - Calling top-level assembler (0 / 1) : org.hibernate.sql.results.graph.entity.internal.EntityAssembler@3e3a931e
2023-12-08 14:08:00.412 DEBUG o.h.o.r.l.entity:216 - (EntitySelectFetchInitializer) Entity [com.myproject.smsblock.entity.SmsBlockBlacklist(1545793118366300).smsBlockMobile#42] : 42 has being loaded by session.internalLoad.
2023-12-08 14:08:00.413 DEBUG o.h.o.results:61 - Extracted JDBC value [1] - [2023-12-06 15:08:57.0]
2023-12-08 14:08:00.414 DEBUG o.h.o.results:61 - Extracted JDBC value [2] - [tharsana]
2023-12-08 14:08:00.415 DEBUG o.h.o.results:61 - Extracted JDBC value [3] - [0729892222]
2023-12-08 14:08:00.415 DEBUG o.h.o.results:61 - Extracted JDBC value [4] - [null]
2023-12-08 14:08:00.416 DEBUG o.h.o.results:61 - Extracted JDBC value [5] - [tharsana]
2023-12-08 14:08:00.416 DEBUG o.h.o.results:61 - Extracted JDBC value [6] - [2023-12-08 12:11:27.0]
2023-12-08 14:08:00.416 DEBUG o.h.o.results:61 - Extracted JDBC value [8] - [DEACT]
2023-12-08 14:08:00.417 DEBUG o.h.o.r.l.entity:889 - (EntityResultInitializer) Done materializing entityInstance : com.myproject.smsblock.entity.SmsBlockBlacklist(1545793118366300)#37
2023-12-08 14:08:00.417 DEBUG o.h.o.r.loading:93 - Calling top-level assembler (0 / 1) : org.hibernate.sql.results.graph.entity.internal.EntityAssembler@248bf401
2023-12-08 14:08:00.418 DEBUG o.h.o.results:61 - Extracted JDBC value [0] - [62]
2023-12-08 14:08:00.419 DEBUG o.h.o.r.l.entity:300 - (EntityResultInitializer) Hydrated EntityKey (com.myproject.smsblock.entity.SmsBlockBlacklist(1545793118366300)): 62
2023-12-08 14:08:00.419 DEBUG o.h.o.r.l.entity:689 - (EntityResultInitializer) Created new entity instance [com.myproject.smsblock.entity.SmsBlockBlacklist(1545793118366300)#62] : 1577816362
2023-12-08 14:08:00.419 DEBUG o.h.o.results:61 - Extracted JDBC value [7] - [86]
2023-12-08 14:08:00.420 DEBUG o.h.o.r.l.entity:190 - (EntitySelectFetchInitializer) Invoking session#internalLoad for entity (com.myproject.smsblock.entity.SmsBlockBlacklist(1545793118366300).smsBlockMobile#86) : 86
2023-12-08 14:08:00.420 DEBUG o.h.o.s.exec:455 - Skipping reading Query result cache data: cache-enabled = false, cache-mode = IGNORE
2023-12-08 14:08:00.421 DEBUG o.h.o.results:76 - Initializer list:
	  com.myproject.smsblock.entity.SmsBlockMobile -> EntityResultInitializer(com.myproject.smsblock.entity.SmsBlockMobile)@885214102 (SingleTableEntityPersister(com.myproject.smsblock.entity.SmsBlockMobile))

2023-12-08 14:08:00.421 DEBUG o.h.SQL:133 - select s1_0.id,s1_0.activated_on,s1_0.added_by,s1_0.comment,s1_0.deactivated_by,s1_0.deactivated_on,s1_0.mobile_no,s1_0.status from sms_block_mobile s1_0 where s1_0.id=?
2023-12-08 14:08:00.423 DEBUG o.h.o.r.l.entity:300 - (EntityResultInitializer) Hydrated EntityKey (com.myproject.smsblock.entity.SmsBlockMobile): 86
2023-12-08 14:08:00.425 DEBUG o.h.o.r.l.entity:689 - (EntityResultInitializer) Created new entity instance [com.myproject.smsblock.entity.SmsBlockMobile#86] : 1285500565
2023-12-08 14:08:00.425 DEBUG o.h.o.results:61 - Extracted JDBC value [1] - [2023-12-08 14:07:35.0]
2023-12-08 14:08:00.426 DEBUG o.h.o.results:61 - Extracted JDBC value [2] - [tharsana]
2023-12-08 14:08:00.426 DEBUG o.h.o.results:61 - Extracted JDBC value [3] - [null]
2023-12-08 14:08:00.427 DEBUG o.h.o.results:61 - Extracted JDBC value [4] - [null]
2023-12-08 14:08:00.428 DEBUG o.h.o.results:61 - Extracted JDBC value [5] - [null]
2023-12-08 14:08:00.428 DEBUG o.h.o.results:61 - Extracted JDBC value [6] - [0729892220]
2023-12-08 14:08:00.429 DEBUG o.h.o.results:61 - Extracted JDBC value [7] - [ACT]
2023-12-08 14:08:00.429 DEBUG o.h.o.r.l.entity:889 - (EntityResultInitializer) Done materializing entityInstance : com.myproject.smsblock.entity.SmsBlockMobile#86
2023-12-08 14:08:00.430 DEBUG o.h.o.r.loading:93 - Calling top-level assembler (0 / 1) : org.hibernate.sql.results.graph.entity.internal.EntityAssembler@58f2ddc0
2023-12-08 14:08:00.430 DEBUG o.h.o.r.l.entity:216 - (EntitySelectFetchInitializer) Entity [com.myproject.smsblock.entity.SmsBlockBlacklist(1545793118366300).smsBlockMobile#86] : 86 has being loaded by session.internalLoad.
2023-12-08 14:08:00.431 DEBUG o.h.o.results:61 - Extracted JDBC value [1] - [2023-12-08 14:07:49.0]
2023-12-08 14:08:00.431 DEBUG o.h.o.results:61 - Extracted JDBC value [2] - [tharsana]
2023-12-08 14:08:00.432 DEBUG o.h.o.results:61 - Extracted JDBC value [3] - [0729892222]
2023-12-08 14:08:00.432 DEBUG o.h.o.results:61 - Extracted JDBC value [4] - [null]
2023-12-08 14:08:00.433 DEBUG o.h.o.results:61 - Extracted JDBC value [5] - [tharsana]
2023-12-08 14:08:00.433 DEBUG o.h.o.results:61 - Extracted JDBC value [6] - [2023-12-08 14:07:56.0]
2023-12-08 14:08:00.434 DEBUG o.h.o.results:61 - Extracted JDBC value [8] - [DEACT]
2023-12-08 14:08:00.434 DEBUG o.h.o.r.l.entity:889 - (EntityResultInitializer) Done materializing entityInstance : com.myproject.smsblock.entity.SmsBlockBlacklist(1545793118366300)#62
2023-12-08 14:08:00.435 DEBUG o.h.o.r.loading:93 - Calling top-level assembler (0 / 1) : org.hibernate.sql.results.graph.entity.internal.EntityAssembler@248bf401
2023-12-08 14:08:00.436 DEBUG o.s.w.s.m.m.a.HttpEntityMethodProcessor:275 - Using 'application/json', given [application/json, text/plain, */*] and supported [text/plain, */*, application/json, application/*+json]
2023-12-08 14:08:00.436 DEBUG o.s.w.s.m.m.a.HttpEntityMethodProcessor:120 - Writing ["Phone number does not exist"]
2023-12-08 14:08:00.437 DEBUG o.s.o.j.s.OpenEntityManagerInViewInterceptor:111 - Closing JPA EntityManager in OpenEntityManagerInViewInterceptor
2023-12-08 14:08:00.438 DEBUG o.s.w.s.DispatcherServlet:1135 - Completed 404 NOT_FOUND
