2023-12-08 16:10:01.329 DEBUG c.z.h.p.HikariPool:414 - HikariPool-1 - Before cleanup stats (total=50, active=0, idle=50, waiting=0)
2023-12-08 16:10:01.333 DEBUG c.z.h.p.HikariPool:414 - HikariPool-1 - After cleanup  stats (total=50, active=0, idle=50, waiting=0)
2023-12-08 16:10:01.333 DEBUG c.z.h.p.HikariPool:521 - HikariPool-1 - Fill pool skipped, pool has sufficient level or currently being filled (queueDepth=0).
2023-12-08 16:10:31.341 DEBUG c.z.h.p.HikariPool:414 - HikariPool-1 - Before cleanup stats (total=50, active=0, idle=50, waiting=0)
2023-12-08 16:10:31.341 DEBUG c.z.h.p.HikariPool:414 - HikariPool-1 - After cleanup  stats (total=50, active=0, idle=50, waiting=0)
2023-12-08 16:10:31.342 DEBUG c.z.h.p.HikariPool:521 - HikariPool-1 - Fill pool skipped, pool has sufficient level or currently being filled (queueDepth=0).
2023-12-08 16:11:01.348 DEBUG c.z.h.p.HikariPool:414 - HikariPool-1 - Before cleanup stats (total=50, active=0, idle=50, waiting=0)
2023-12-08 16:11:01.348 DEBUG c.z.h.p.HikariPool:414 - HikariPool-1 - After cleanup  stats (total=50, active=0, idle=50, waiting=0)
2023-12-08 16:11:01.349 DEBUG c.z.h.p.HikariPool:521 - HikariPool-1 - Fill pool skipped, pool has sufficient level or currently being filled (queueDepth=0).
2023-12-08 16:11:31.360 DEBUG c.z.h.p.HikariPool:414 - HikariPool-1 - Before cleanup stats (total=50, active=0, idle=50, waiting=0)
2023-12-08 16:11:31.360 DEBUG c.z.h.p.HikariPool:414 - HikariPool-1 - After cleanup  stats (total=50, active=0, idle=50, waiting=0)
2023-12-08 16:11:31.360 DEBUG c.z.h.p.HikariPool:521 - HikariPool-1 - Fill pool skipped, pool has sufficient level or currently being filled (queueDepth=0).
2023-12-08 16:12:01.368 DEBUG c.z.h.p.HikariPool:414 - HikariPool-1 - Before cleanup stats (total=50, active=0, idle=50, waiting=0)
2023-12-08 16:12:01.370 DEBUG c.z.h.p.HikariPool:414 - HikariPool-1 - After cleanup  stats (total=50, active=0, idle=50, waiting=0)
2023-12-08 16:12:01.371 DEBUG c.z.h.p.HikariPool:521 - HikariPool-1 - Fill pool skipped, pool has sufficient level or currently being filled (queueDepth=0).
2023-12-08 16:12:31.379 DEBUG c.z.h.p.HikariPool:414 - HikariPool-1 - Before cleanup stats (total=50, active=0, idle=50, waiting=0)
2023-12-08 16:12:31.380 DEBUG c.z.h.p.HikariPool:414 - HikariPool-1 - After cleanup  stats (total=50, active=0, idle=50, waiting=0)
2023-12-08 16:12:31.380 DEBUG c.z.h.p.HikariPool:521 - HikariPool-1 - Fill pool skipped, pool has sufficient level or currently being filled (queueDepth=0).
2023-12-08 16:13:01.395 DEBUG c.z.h.p.HikariPool:414 - HikariPool-1 - Before cleanup stats (total=50, active=0, idle=50, waiting=0)
2023-12-08 16:13:01.395 DEBUG c.z.h.p.HikariPool:414 - HikariPool-1 - After cleanup  stats (total=50, active=0, idle=50, waiting=0)
2023-12-08 16:13:01.395 DEBUG c.z.h.p.HikariPool:521 - HikariPool-1 - Fill pool skipped, pool has sufficient level or currently being filled (queueDepth=0).
2023-12-08 16:13:31.404 DEBUG c.z.h.p.HikariPool:414 - HikariPool-1 - Before cleanup stats (total=50, active=0, idle=50, waiting=0)
2023-12-08 16:13:31.405 DEBUG c.z.h.p.HikariPool:414 - HikariPool-1 - After cleanup  stats (total=50, active=0, idle=50, waiting=0)
2023-12-08 16:13:31.405 DEBUG c.z.h.p.HikariPool:521 - HikariPool-1 - Fill pool skipped, pool has sufficient level or currently being filled (queueDepth=0).
2023-12-08 16:14:01.414 DEBUG c.z.h.p.HikariPool:414 - HikariPool-1 - Before cleanup stats (total=50, active=0, idle=50, waiting=0)
2023-12-08 16:14:01.415 DEBUG c.z.h.p.HikariPool:414 - HikariPool-1 - After cleanup  stats (total=50, active=0, idle=50, waiting=0)
2023-12-08 16:14:01.416 DEBUG c.z.h.p.HikariPool:521 - HikariPool-1 - Fill pool skipped, pool has sufficient level or currently being filled (queueDepth=0).
2023-12-08 16:14:31.420 DEBUG c.z.h.p.HikariPool:414 - HikariPool-1 - Before cleanup stats (total=50, active=0, idle=50, waiting=0)
2023-12-08 16:14:31.420 DEBUG c.z.h.p.HikariPool:414 - HikariPool-1 - After cleanup  stats (total=50, active=0, idle=50, waiting=0)
2023-12-08 16:14:31.420 DEBUG c.z.h.p.HikariPool:521 - HikariPool-1 - Fill pool skipped, pool has sufficient level or currently being filled (queueDepth=0).
2023-12-08 16:15:01.430 DEBUG c.z.h.p.HikariPool:414 - HikariPool-1 - Before cleanup stats (total=50, active=0, idle=50, waiting=0)
2023-12-08 16:15:01.430 DEBUG c.z.h.p.HikariPool:414 - HikariPool-1 - After cleanup  stats (total=50, active=0, idle=50, waiting=0)
2023-12-08 16:15:01.431 DEBUG c.z.h.p.HikariPool:521 - HikariPool-1 - Fill pool skipped, pool has sufficient level or currently being filled (queueDepth=0).
2023-12-08 16:15:31.444 DEBUG c.z.h.p.HikariPool:414 - HikariPool-1 - Before cleanup stats (total=50, active=0, idle=50, waiting=0)
2023-12-08 16:15:31.444 DEBUG c.z.h.p.HikariPool:414 - HikariPool-1 - After cleanup  stats (total=50, active=0, idle=50, waiting=0)
2023-12-08 16:15:31.444 DEBUG c.z.h.p.HikariPool:521 - HikariPool-1 - Fill pool skipped, pool has sufficient level or currently being filled (queueDepth=0).
2023-12-08 16:16:01.456 DEBUG c.z.h.p.HikariPool:414 - HikariPool-1 - Before cleanup stats (total=50, active=0, idle=50, waiting=0)
2023-12-08 16:16:01.457 DEBUG c.z.h.p.HikariPool:414 - HikariPool-1 - After cleanup  stats (total=50, active=0, idle=50, waiting=0)
2023-12-08 16:16:01.457 DEBUG c.z.h.p.HikariPool:521 - HikariPool-1 - Fill pool skipped, pool has sufficient level or currently being filled (queueDepth=0).
2023-12-08 16:16:31.463 DEBUG c.z.h.p.HikariPool:414 - HikariPool-1 - Before cleanup stats (total=50, active=0, idle=50, waiting=0)
2023-12-08 16:16:31.464 DEBUG c.z.h.p.HikariPool:414 - HikariPool-1 - After cleanup  stats (total=50, active=0, idle=50, waiting=0)
2023-12-08 16:16:31.464 DEBUG c.z.h.p.HikariPool:521 - HikariPool-1 - Fill pool skipped, pool has sufficient level or currently being filled (queueDepth=0).
2023-12-08 16:17:01.469 DEBUG c.z.h.p.HikariPool:414 - HikariPool-1 - Before cleanup stats (total=50, active=0, idle=50, waiting=0)
2023-12-08 16:17:01.469 DEBUG c.z.h.p.HikariPool:414 - HikariPool-1 - After cleanup  stats (total=50, active=0, idle=50, waiting=0)
2023-12-08 16:17:01.470 DEBUG c.z.h.p.HikariPool:521 - HikariPool-1 - Fill pool skipped, pool has sufficient level or currently being filled (queueDepth=0).
2023-12-08 16:17:31.483 DEBUG c.z.h.p.HikariPool:414 - HikariPool-1 - Before cleanup stats (total=50, active=0, idle=50, waiting=0)
2023-12-08 16:17:31.484 DEBUG c.z.h.p.HikariPool:414 - HikariPool-1 - After cleanup  stats (total=50, active=0, idle=50, waiting=0)
2023-12-08 16:17:31.484 DEBUG c.z.h.p.HikariPool:521 - HikariPool-1 - Fill pool skipped, pool has sufficient level or currently being filled (queueDepth=0).
2023-12-08 16:18:01.489 DEBUG c.z.h.p.HikariPool:414 - HikariPool-1 - Before cleanup stats (total=50, active=0, idle=50, waiting=0)
2023-12-08 16:18:01.489 DEBUG c.z.h.p.HikariPool:414 - HikariPool-1 - After cleanup  stats (total=50, active=0, idle=50, waiting=0)
2023-12-08 16:18:01.489 DEBUG c.z.h.p.HikariPool:521 - HikariPool-1 - Fill pool skipped, pool has sufficient level or currently being filled (queueDepth=0).
2023-12-08 16:18:31.490 DEBUG c.z.h.p.HikariPool:414 - HikariPool-1 - Before cleanup stats (total=50, active=0, idle=50, waiting=0)
2023-12-08 16:18:31.491 DEBUG c.z.h.p.HikariPool:414 - HikariPool-1 - After cleanup  stats (total=50, active=0, idle=50, waiting=0)
2023-12-08 16:18:31.492 DEBUG c.z.h.p.HikariPool:521 - HikariPool-1 - Fill pool skipped, pool has sufficient level or currently being filled (queueDepth=0).
2023-12-08 16:19:01.494 DEBUG c.z.h.p.HikariPool:414 - HikariPool-1 - Before cleanup stats (total=50, active=0, idle=50, waiting=0)
2023-12-08 16:19:01.495 DEBUG c.z.h.p.HikariPool:414 - HikariPool-1 - After cleanup  stats (total=50, active=0, idle=50, waiting=0)
2023-12-08 16:19:01.495 DEBUG c.z.h.p.HikariPool:521 - HikariPool-1 - Fill pool skipped, pool has sufficient level or currently being filled (queueDepth=0).
2023-12-08 16:19:21.047 DEBUG o.s.w.s.DispatcherServlet:120 - OPTIONS "/createMobile", parameters={}
2023-12-08 16:19:21.048 DEBUG o.s.w.s.m.m.a.RequestMappingHandlerMapping:528 - Mapped to com.mobitel.smsblock.controller.SmsBlockMobileController#saveSmsBlockMobile(SmsBlockMobileDto)
2023-12-08 16:19:21.048 DEBUG o.s.o.j.s.OpenEntityManagerInViewInterceptor:86 - Opening JPA EntityManager in OpenEntityManagerInViewInterceptor
2023-12-08 16:19:21.049 DEBUG o.s.o.j.s.OpenEntityManagerInViewInterceptor:111 - Closing JPA EntityManager in OpenEntityManagerInViewInterceptor
2023-12-08 16:19:21.050 DEBUG o.s.w.s.DispatcherServlet:1135 - Completed 200 OK
2023-12-08 16:19:21.052 DEBUG o.s.w.s.DispatcherServlet:120 - POST "/createMobile", parameters={}
2023-12-08 16:19:21.053 DEBUG o.s.w.s.m.m.a.RequestMappingHandlerMapping:528 - Mapped to com.mobitel.smsblock.controller.SmsBlockMobileController#saveSmsBlockMobile(SmsBlockMobileDto)
2023-12-08 16:19:21.053 DEBUG o.s.o.j.s.OpenEntityManagerInViewInterceptor:86 - Opening JPA EntityManager in OpenEntityManagerInViewInterceptor
2023-12-08 16:19:21.054 DEBUG o.s.w.s.m.m.a.RequestResponseBodyMethodProcessor:120 - Read "application/json;charset=UTF-8" to [com.mobitel.smsblock.dto.SmsBlockMobileDto@66187cd9]
2023-12-08 16:19:21.055 DEBUG o.s.w.s.m.m.a.HttpEntityMethodProcessor:275 - Using 'application/json', given [application/json, text/plain, */*] and supported [text/plain, */*, application/json, application/*+json]
2023-12-08 16:19:21.056 DEBUG o.s.w.s.m.m.a.HttpEntityMethodProcessor:120 - Writing ["Phone number cannot be null or empty"]
2023-12-08 16:19:21.056 DEBUG o.s.o.j.s.OpenEntityManagerInViewInterceptor:111 - Closing JPA EntityManager in OpenEntityManagerInViewInterceptor
2023-12-08 16:19:21.056 DEBUG o.s.w.s.DispatcherServlet:1135 - Completed 400 BAD_REQUEST
2023-12-08 16:19:23.194 DEBUG o.s.w.s.DispatcherServlet:120 - GET "/mobile/undefined", parameters={}
2023-12-08 16:19:23.195 DEBUG o.s.w.s.m.m.a.RequestMappingHandlerMapping:528 - Mapped to com.mobitel.smsblock.controller.SmsBlockBlacklistController#getBlocklistBySmsBlockMobile(Integer)
2023-12-08 16:19:23.196 DEBUG o.s.o.j.s.OpenEntityManagerInViewInterceptor:86 - Opening JPA EntityManager in OpenEntityManagerInViewInterceptor
2023-12-08 16:19:23.198 DEBUG o.s.w.m.HandlerMethod:186 - Could not resolve parameter [0] in public org.springframework.http.ResponseEntity<java.util.List<com.mobitel.smsblock.dto.SmsBlockBlacklistDto>> com.mobitel.smsblock.controller.SmsBlockBlacklistController.getBlocklistBySmsBlockMobile(java.lang.Integer): Failed to convert value of type 'java.lang.String' to required type 'java.lang.Integer'; For input string: "undefined"
2023-12-08 16:19:23.198  WARN o.s.w.s.m.s.DefaultHandlerExceptionResolver:207 - Resolved [org.springframework.web.method.annotation.MethodArgumentTypeMismatchException: Failed to convert value of type 'java.lang.String' to required type 'java.lang.Integer'; For input string: "undefined"]
2023-12-08 16:19:23.199 DEBUG o.s.o.j.s.OpenEntityManagerInViewInterceptor:111 - Closing JPA EntityManager in OpenEntityManagerInViewInterceptor
2023-12-08 16:19:23.199 DEBUG o.s.w.s.DispatcherServlet:1135 - Completed 400 BAD_REQUEST
2023-12-08 16:19:23.200 DEBUG o.s.w.s.DispatcherServlet:120 - "ERROR" dispatch for GET "/error", parameters={}
2023-12-08 16:19:23.201 DEBUG o.s.w.s.m.m.a.RequestMappingHandlerMapping:528 - Mapped to org.springframework.boot.autoconfigure.web.servlet.error.BasicErrorController#error(HttpServletRequest)
2023-12-08 16:19:23.201 DEBUG o.s.o.j.s.OpenEntityManagerInViewInterceptor:86 - Opening JPA EntityManager in OpenEntityManagerInViewInterceptor
2023-12-08 16:19:23.202 DEBUG o.s.w.s.m.m.a.HttpEntityMethodProcessor:275 - Using 'application/json', given [application/json, text/plain, */*] and supported [application/json, application/*+json]
2023-12-08 16:19:23.202 DEBUG o.s.w.s.m.m.a.HttpEntityMethodProcessor:120 - Writing [{timestamp=Fri Dec 08 16:19:23 IST 2023, status=400, error=Bad Request, path=/mobile/undefined}]
2023-12-08 16:19:23.203 DEBUG o.s.o.j.s.OpenEntityManagerInViewInterceptor:111 - Closing JPA EntityManager in OpenEntityManagerInViewInterceptor
2023-12-08 16:19:23.203 DEBUG o.s.w.s.DispatcherServlet:1132 - Exiting from "ERROR" dispatch, status 400
2023-12-08 16:19:23.593 DEBUG o.s.w.s.DispatcherServlet:120 - GET "/mobile/undefined", parameters={}
2023-12-08 16:19:23.594 DEBUG o.s.w.s.m.m.a.RequestMappingHandlerMapping:528 - Mapped to com.mobitel.smsblock.controller.SmsBlockBlacklistController#getBlocklistBySmsBlockMobile(Integer)
2023-12-08 16:19:23.594 DEBUG o.s.o.j.s.OpenEntityManagerInViewInterceptor:86 - Opening JPA EntityManager in OpenEntityManagerInViewInterceptor
2023-12-08 16:19:23.595 DEBUG o.s.w.m.HandlerMethod:186 - Could not resolve parameter [0] in public org.springframework.http.ResponseEntity<java.util.List<com.mobitel.smsblock.dto.SmsBlockBlacklistDto>> com.mobitel.smsblock.controller.SmsBlockBlacklistController.getBlocklistBySmsBlockMobile(java.lang.Integer): Failed to convert value of type 'java.lang.String' to required type 'java.lang.Integer'; For input string: "undefined"
2023-12-08 16:19:23.595  WARN o.s.w.s.m.s.DefaultHandlerExceptionResolver:207 - Resolved [org.springframework.web.method.annotation.MethodArgumentTypeMismatchException: Failed to convert value of type 'java.lang.String' to required type 'java.lang.Integer'; For input string: "undefined"]
2023-12-08 16:19:23.596 DEBUG o.s.o.j.s.OpenEntityManagerInViewInterceptor:111 - Closing JPA EntityManager in OpenEntityManagerInViewInterceptor
2023-12-08 16:19:23.596 DEBUG o.s.w.s.DispatcherServlet:1135 - Completed 400 BAD_REQUEST
2023-12-08 16:19:23.596 DEBUG o.s.w.s.DispatcherServlet:120 - "ERROR" dispatch for GET "/error", parameters={}
2023-12-08 16:19:23.597 DEBUG o.s.w.s.m.m.a.RequestMappingHandlerMapping:528 - Mapped to org.springframework.boot.autoconfigure.web.servlet.error.BasicErrorController#error(HttpServletRequest)
2023-12-08 16:19:23.597 DEBUG o.s.o.j.s.OpenEntityManagerInViewInterceptor:86 - Opening JPA EntityManager in OpenEntityManagerInViewInterceptor
2023-12-08 16:19:23.597 DEBUG o.s.w.s.m.m.a.HttpEntityMethodProcessor:275 - Using 'application/json', given [application/json, text/plain, */*] and supported [application/json, application/*+json]
2023-12-08 16:19:23.598 DEBUG o.s.w.s.m.m.a.HttpEntityMethodProcessor:120 - Writing [{timestamp=Fri Dec 08 16:19:23 IST 2023, status=400, error=Bad Request, path=/mobile/undefined}]
2023-12-08 16:19:23.598 DEBUG o.s.o.j.s.OpenEntityManagerInViewInterceptor:111 - Closing JPA EntityManager in OpenEntityManagerInViewInterceptor
2023-12-08 16:19:23.599 DEBUG o.s.w.s.DispatcherServlet:1132 - Exiting from "ERROR" dispatch, status 400
2023-12-08 16:19:26.341 DEBUG o.s.w.s.DispatcherServlet:120 - OPTIONS "/deleteBlacklistMobile/", parameters={}
2023-12-08 16:19:26.342 DEBUG o.s.w.s.h.SimpleUrlHandlerMapping:528 - Mapped to ResourceHttpRequestHandler [classpath [META-INF/resources/], classpath [resources/], classpath [static/], classpath [public/], ServletContext [/]]
2023-12-08 16:19:26.343 DEBUG o.s.o.j.s.OpenEntityManagerInViewInterceptor:86 - Opening JPA EntityManager in OpenEntityManagerInViewInterceptor
2023-12-08 16:19:26.343 DEBUG o.s.o.j.s.OpenEntityManagerInViewInterceptor:111 - Closing JPA EntityManager in OpenEntityManagerInViewInterceptor
2023-12-08 16:19:26.344 DEBUG o.s.w.s.DispatcherServlet:1135 - Completed 403 FORBIDDEN
2023-12-08 16:19:29.585 DEBUG o.s.w.s.DispatcherServlet:120 - OPTIONS "/deactivateMobile/", parameters={}
2023-12-08 16:19:29.586 DEBUG o.s.w.s.h.SimpleUrlHandlerMapping:528 - Mapped to ResourceHttpRequestHandler [classpath [META-INF/resources/], classpath [resources/], classpath [static/], classpath [public/], ServletContext [/]]
2023-12-08 16:19:29.586 DEBUG o.s.o.j.s.OpenEntityManagerInViewInterceptor:86 - Opening JPA EntityManager in OpenEntityManagerInViewInterceptor
2023-12-08 16:19:29.586 DEBUG o.s.o.j.s.OpenEntityManagerInViewInterceptor:111 - Closing JPA EntityManager in OpenEntityManagerInViewInterceptor
2023-12-08 16:19:29.587 DEBUG o.s.w.s.DispatcherServlet:1135 - Completed 403 FORBIDDEN
