2023-12-08 11:15:53.575 DEBUG c.z.h.p.HikariPool:414 - HikariPool-1 - Before cleanup stats (total=50, active=0, idle=50, waiting=0)
2023-12-08 11:15:53.578 DEBUG c.z.h.p.HikariPool:414 - HikariPool-1 - After cleanup  stats (total=50, active=0, idle=50, waiting=0)
2023-12-08 11:15:53.579 DEBUG c.z.h.p.HikariPool:521 - HikariPool-1 - Fill pool skipped, pool has sufficient level or currently being filled (queueDepth=0).
2023-12-08 11:16:23.587 DEBUG c.z.h.p.HikariPool:414 - HikariPool-1 - Before cleanup stats (total=50, active=0, idle=50, waiting=0)
2023-12-08 11:16:23.589 DEBUG c.z.h.p.HikariPool:414 - HikariPool-1 - After cleanup  stats (total=50, active=0, idle=50, waiting=0)
2023-12-08 11:16:23.590 DEBUG c.z.h.p.HikariPool:521 - HikariPool-1 - Fill pool skipped, pool has sufficient level or currently being filled (queueDepth=0).
2023-12-08 11:16:53.594 DEBUG c.z.h.p.HikariPool:414 - HikariPool-1 - Before cleanup stats (total=50, active=0, idle=50, waiting=0)
2023-12-08 11:16:53.594 DEBUG c.z.h.p.HikariPool:414 - HikariPool-1 - After cleanup  stats (total=50, active=0, idle=50, waiting=0)
2023-12-08 11:16:53.594 DEBUG c.z.h.p.HikariPool:521 - HikariPool-1 - Fill pool skipped, pool has sufficient level or currently being filled (queueDepth=0).
2023-12-08 11:17:23.601 DEBUG c.z.h.p.HikariPool:414 - HikariPool-1 - Before cleanup stats (total=50, active=0, idle=50, waiting=0)
2023-12-08 11:17:23.602 DEBUG c.z.h.p.HikariPool:414 - HikariPool-1 - After cleanup  stats (total=50, active=0, idle=50, waiting=0)
2023-12-08 11:17:23.602 DEBUG c.z.h.p.HikariPool:521 - HikariPool-1 - Fill pool skipped, pool has sufficient level or currently being filled (queueDepth=0).
2023-12-08 11:17:53.605 DEBUG c.z.h.p.HikariPool:414 - HikariPool-1 - Before cleanup stats (total=50, active=0, idle=50, waiting=0)
2023-12-08 11:17:53.606 DEBUG c.z.h.p.HikariPool:414 - HikariPool-1 - After cleanup  stats (total=50, active=0, idle=50, waiting=0)
2023-12-08 11:17:53.606 DEBUG c.z.h.p.HikariPool:521 - HikariPool-1 - Fill pool skipped, pool has sufficient level or currently being filled (queueDepth=0).
2023-12-08 11:18:23.614 DEBUG c.z.h.p.HikariPool:414 - HikariPool-1 - Before cleanup stats (total=50, active=0, idle=50, waiting=0)
2023-12-08 11:18:23.615 DEBUG c.z.h.p.HikariPool:414 - HikariPool-1 - After cleanup  stats (total=50, active=0, idle=50, waiting=0)
2023-12-08 11:18:23.616 DEBUG c.z.h.p.HikariPool:521 - HikariPool-1 - Fill pool skipped, pool has sufficient level or currently being filled (queueDepth=0).
2023-12-08 11:18:53.624 DEBUG c.z.h.p.HikariPool:414 - HikariPool-1 - Before cleanup stats (total=50, active=0, idle=50, waiting=0)
2023-12-08 11:18:53.625 DEBUG c.z.h.p.HikariPool:414 - HikariPool-1 - After cleanup  stats (total=50, active=0, idle=50, waiting=0)
2023-12-08 11:18:53.626 DEBUG c.z.h.p.HikariPool:521 - HikariPool-1 - Fill pool skipped, pool has sufficient level or currently being filled (queueDepth=0).
2023-12-08 11:19:23.639 DEBUG c.z.h.p.HikariPool:414 - HikariPool-1 - Before cleanup stats (total=50, active=0, idle=50, waiting=0)
2023-12-08 11:19:23.641 DEBUG c.z.h.p.HikariPool:414 - HikariPool-1 - After cleanup  stats (total=50, active=0, idle=50, waiting=0)
2023-12-08 11:19:23.641 DEBUG c.z.h.p.HikariPool:521 - HikariPool-1 - Fill pool skipped, pool has sufficient level or currently being filled (queueDepth=0).
2023-12-08 11:19:53.658 DEBUG c.z.h.p.HikariPool:414 - HikariPool-1 - Before cleanup stats (total=50, active=0, idle=50, waiting=0)
2023-12-08 11:19:53.658 DEBUG c.z.h.p.HikariPool:414 - HikariPool-1 - After cleanup  stats (total=50, active=0, idle=50, waiting=0)
2023-12-08 11:19:53.659 DEBUG c.z.h.p.HikariPool:521 - HikariPool-1 - Fill pool skipped, pool has sufficient level or currently being filled (queueDepth=0).
2023-12-08 11:20:23.663 DEBUG c.z.h.p.HikariPool:414 - HikariPool-1 - Before cleanup stats (total=50, active=0, idle=50, waiting=0)
2023-12-08 11:20:23.665 DEBUG c.z.h.p.HikariPool:414 - HikariPool-1 - After cleanup  stats (total=50, active=0, idle=50, waiting=0)
2023-12-08 11:20:23.665 DEBUG c.z.h.p.HikariPool:521 - HikariPool-1 - Fill pool skipped, pool has sufficient level or currently being filled (queueDepth=0).
2023-12-08 11:20:53.669 DEBUG c.z.h.p.HikariPool:414 - HikariPool-1 - Before cleanup stats (total=50, active=0, idle=50, waiting=0)
2023-12-08 11:20:53.670 DEBUG c.z.h.p.HikariPool:414 - HikariPool-1 - After cleanup  stats (total=50, active=0, idle=50, waiting=0)
2023-12-08 11:20:53.670 DEBUG c.z.h.p.HikariPool:521 - HikariPool-1 - Fill pool skipped, pool has sufficient level or currently being filled (queueDepth=0).
2023-12-08 11:21:23.678 DEBUG c.z.h.p.HikariPool:414 - HikariPool-1 - Before cleanup stats (total=50, active=0, idle=50, waiting=0)
2023-12-08 11:21:23.678 DEBUG c.z.h.p.HikariPool:414 - HikariPool-1 - After cleanup  stats (total=50, active=0, idle=50, waiting=0)
2023-12-08 11:21:23.679 DEBUG c.z.h.p.HikariPool:521 - HikariPool-1 - Fill pool skipped, pool has sufficient level or currently being filled (queueDepth=0).
2023-12-08 11:21:53.683 DEBUG c.z.h.p.HikariPool:414 - HikariPool-1 - Before cleanup stats (total=50, active=0, idle=50, waiting=0)
2023-12-08 11:21:53.683 DEBUG c.z.h.p.HikariPool:414 - HikariPool-1 - After cleanup  stats (total=50, active=0, idle=50, waiting=0)
2023-12-08 11:21:53.683 DEBUG c.z.h.p.HikariPool:521 - HikariPool-1 - Fill pool skipped, pool has sufficient level or currently being filled (queueDepth=0).
2023-12-08 11:22:14.532  INFO o.a.c.c.C.[.[.[/]:173 - Initializing Spring DispatcherServlet 'dispatcherServlet'
2023-12-08 11:22:14.533  INFO o.s.w.s.DispatcherServlet:532 - Initializing Servlet 'dispatcherServlet'
2023-12-08 11:22:14.533 DEBUG o.s.w.s.DispatcherServlet:528 - Detected StandardServletMultipartResolver
2023-12-08 11:22:14.533 DEBUG o.s.w.s.DispatcherServlet:552 - Detected AcceptHeaderLocaleResolver
2023-12-08 11:22:14.533 DEBUG o.s.w.s.DispatcherServlet:578 - Detected FixedThemeResolver
2023-12-08 11:22:14.535 DEBUG o.s.w.s.DispatcherServlet:728 - Detected org.springframework.web.servlet.view.DefaultRequestToViewNameTranslator@3f808ad9
2023-12-08 11:22:14.535 DEBUG o.s.w.s.DispatcherServlet:792 - Detected org.springframework.web.servlet.support.SessionFlashMapManager@4ca83ec3
2023-12-08 11:22:14.536 DEBUG o.s.w.s.DispatcherServlet:549 - enableLoggingRequestDetails='false': request parameters and headers will be masked to prevent unsafe logging of potentially sensitive data
2023-12-08 11:22:14.536  INFO o.s.w.s.DispatcherServlet:554 - Completed initialization in 3 ms
2023-12-08 11:22:14.549 DEBUG o.s.w.s.DispatcherServlet:120 - OPTIONS "/createBlockMobile/undefined", parameters={}
2023-12-08 11:22:14.569 DEBUG o.s.w.s.m.m.a.RequestMappingHandlerMapping:528 - Mapped to com.mobitel.smsblock.controller.SmsBlockBlacklistController#saveSmsBlockBlacklist(SmsBlockBlacklistDto, SmsBlockMobile)
2023-12-08 11:22:14.571 DEBUG o.s.o.j.s.OpenEntityManagerInViewInterceptor:86 - Opening JPA EntityManager in OpenEntityManagerInViewInterceptor
2023-12-08 11:22:14.587 DEBUG o.s.o.j.s.OpenEntityManagerInViewInterceptor:111 - Closing JPA EntityManager in OpenEntityManagerInViewInterceptor
2023-12-08 11:22:14.589 DEBUG o.s.w.s.DispatcherServlet:1135 - Completed 200 OK
2023-12-08 11:22:14.597 DEBUG o.s.w.s.DispatcherServlet:120 - POST "/createBlockMobile/undefined", parameters={}
2023-12-08 11:22:14.599 DEBUG o.s.w.s.m.m.a.RequestMappingHandlerMapping:528 - Mapped to com.mobitel.smsblock.controller.SmsBlockBlacklistController#saveSmsBlockBlacklist(SmsBlockBlacklistDto, SmsBlockMobile)
2023-12-08 11:22:14.602 DEBUG o.s.o.j.s.OpenEntityManagerInViewInterceptor:86 - Opening JPA EntityManager in OpenEntityManagerInViewInterceptor
2023-12-08 11:22:14.708 DEBUG o.s.w.s.m.m.a.RequestResponseBodyMethodProcessor:120 - Read "application/json;charset=UTF-8" to [com.mobitel.smsblock.dto.SmsBlockBlacklistDto@421bbdea]
2023-12-08 11:22:14.740 DEBUG o.s.w.m.HandlerMethod:186 - Could not resolve parameter [1] in public org.springframework.http.ResponseEntity<java.lang.String> com.mobitel.smsblock.controller.SmsBlockBlacklistController.saveSmsBlockBlacklist(com.mobitel.smsblock.dto.SmsBlockBlacklistDto,com.mobitel.smsblock.entity.SmsBlockMobile): Failed to convert value of type 'java.lang.String' to required type 'com.mobitel.smsblock.entity.SmsBlockMobile'; Failed to convert from type [java.lang.String] to type [java.lang.Integer] for value [undefined]
2023-12-08 11:22:14.746  WARN o.s.w.s.m.s.DefaultHandlerExceptionResolver:207 - Resolved [org.springframework.web.method.annotation.MethodArgumentTypeMismatchException: Failed to convert value of type 'java.lang.String' to required type 'com.mobitel.smsblock.entity.SmsBlockMobile'; Failed to convert from type [java.lang.String] to type [java.lang.Integer] for value [undefined]]
2023-12-08 11:22:14.747 DEBUG o.s.o.j.s.OpenEntityManagerInViewInterceptor:111 - Closing JPA EntityManager in OpenEntityManagerInViewInterceptor
2023-12-08 11:22:14.748 DEBUG o.s.w.s.DispatcherServlet:1135 - Completed 400 BAD_REQUEST
2023-12-08 11:22:14.758 DEBUG o.s.w.s.DispatcherServlet:120 - "ERROR" dispatch for POST "/error", parameters={}
2023-12-08 11:22:14.760 DEBUG o.s.w.s.m.m.a.RequestMappingHandlerMapping:528 - Mapped to org.springframework.boot.autoconfigure.web.servlet.error.BasicErrorController#error(HttpServletRequest)
2023-12-08 11:22:14.761 DEBUG o.s.o.j.s.OpenEntityManagerInViewInterceptor:86 - Opening JPA EntityManager in OpenEntityManagerInViewInterceptor
2023-12-08 11:22:14.783 DEBUG o.s.w.s.m.m.a.HttpEntityMethodProcessor:275 - Using 'application/json', given [application/json, text/plain, */*] and supported [application/json, application/*+json]
2023-12-08 11:22:14.786 DEBUG o.s.w.s.m.m.a.HttpEntityMethodProcessor:120 - Writing [{timestamp=Fri Dec 08 11:22:14 IST 2023, status=400, error=Bad Request, path=/createBlockMobile/unde (truncated)...]
2023-12-08 11:22:14.812 DEBUG o.s.o.j.s.OpenEntityManagerInViewInterceptor:111 - Closing JPA EntityManager in OpenEntityManagerInViewInterceptor
2023-12-08 11:22:14.816 DEBUG o.s.w.s.DispatcherServlet:1132 - Exiting from "ERROR" dispatch, status 400
2023-12-08 11:22:23.697 DEBUG c.z.h.p.HikariPool:414 - HikariPool-1 - Before cleanup stats (total=50, active=0, idle=50, waiting=0)
2023-12-08 11:22:23.697 DEBUG c.z.h.p.HikariPool:414 - HikariPool-1 - After cleanup  stats (total=50, active=0, idle=50, waiting=0)
2023-12-08 11:22:23.698 DEBUG c.z.h.p.HikariPool:521 - HikariPool-1 - Fill pool skipped, pool has sufficient level or currently being filled (queueDepth=0).
