2023-12-08 14:08:16.560 DEBUG o.s.w.s.DispatcherServlet:120 - PUT "/deleteBlacklistMobile/0729892222", parameters={}
2023-12-08 14:08:16.565 DEBUG o.s.w.s.m.m.a.RequestMappingHandlerMapping:528 - Mapped to com.myproject.smsblock.controller.SmsBlockBlacklistController#deactivateSmsBlacklistMobile(SmsBlockBlacklistDto)
2023-12-08 14:08:16.566 DEBUG o.s.o.j.s.OpenEntityManagerInViewInterceptor:86 - Opening JPA EntityManager in OpenEntityManagerInViewInterceptor
2023-12-08 14:08:16.567 DEBUG o.s.w.s.m.m.a.RequestResponseBodyMethodProcessor:120 - Read "application/json;charset=UTF-8" to [com.myproject.smsblock.dto.SmsBlockBlacklistDto@1d6e7473]
2023-12-08 14:08:16.568 DEBUG o.h.o.s.a.create:33 - Created new SQL alias : s1_0
2023-12-08 14:08:16.570 DEBUG o.h.o.s.a.create:98 - Registration of TableGroup [StandardTableGroup(com.myproject.smsblock.entity.SmsBlockBlacklist(1545793118366300))] with identifierForTableGroup [com.myproject.smsblock.entity.SmsBlockBlacklist] for NavigablePath [com.myproject.smsblock.entity.SmsBlockBlacklist]
2023-12-08 14:08:16.572 DEBUG o.h.o.s.a.create:98 - Registration of TableGroup [org.hibernate.sql.ast.tree.from.LazyTableGroup@21123484] with identifierForTableGroup [com.myproject.smsblock.entity.SmsBlockBlacklist.smsBlockMobile] for NavigablePath [com.myproject.smsblock.entity.SmsBlockBlacklist.smsBlockMobile]
2023-12-08 14:08:16.572 DEBUG o.h.q.s.s.BaseSqmToSqlAstConverter:5700 - Determining mapping-model type for SqmParameter : org.hibernate.query.sqm.tree.expression.SqmJpaCriteriaParameterWrapper@185fa958
2023-12-08 14:08:16.572 DEBUG o.h.q.s.s.BaseSqmToSqlAstConverter:5590 - Determining mapping-model type for SqmPath : SqmBasicValuedSimplePath(com.myproject.smsblock.entity.SmsBlockBlacklist(1545793118366300).blacklistMobile)
2023-12-08 14:08:16.573 DEBUG o.h.o.r.g.AST:67 - DomainResult Graph:
 \-EntityResultImpl [com.myproject.smsblock.entity.SmsBlockBlacklist(1545793118366300)]
 |  +-BasicFetch [com.myproject.smsblock.entity.SmsBlockBlacklist(1545793118366300).activatedOn]
 |  +-BasicFetch [com.myproject.smsblock.entity.SmsBlockBlacklist(1545793118366300).addedBy]
 |  +-BasicFetch [com.myproject.smsblock.entity.SmsBlockBlacklist(1545793118366300).blacklistMobile]
 |  +-BasicFetch [com.myproject.smsblock.entity.SmsBlockBlacklist(1545793118366300).comment]
 |  +-BasicFetch [com.myproject.smsblock.entity.SmsBlockBlacklist(1545793118366300).deactivatedBy]
 |  +-BasicFetch [com.myproject.smsblock.entity.SmsBlockBlacklist(1545793118366300).deactivatedOn]
 |  +-EntityFetchSelectImpl [com.myproject.smsblock.entity.SmsBlockBlacklist(1545793118366300).smsBlockMobile]
 |  \-BasicFetch [com.myproject.smsblock.entity.SmsBlockBlacklist(1545793118366300).status]

2023-12-08 14:08:16.574 DEBUG o.h.o.s.a.tree:46 - SQL AST Tree:
    SelectStatement {
      FromClause {
        StandardTableGroup (s1 : com.myproject.smsblock.entity.SmsBlockBlacklist(1545793118366300)) {
          primaryTableReference : sms_block_blacklisted_mobile as s1_0
          TableGroupJoins {
            left  join LazyTableGroup (s2 : com.myproject.smsblock.entity.SmsBlockBlacklist(1545793118366300).smsBlockMobile) {
            }
          }
        }
      }
    }

2023-12-08 14:08:16.574 DEBUG o.h.o.s.exec:455 - Skipping reading Query result cache data: cache-enabled = false, cache-mode = NORMAL
2023-12-08 14:08:16.575 DEBUG o.h.o.results:76 - Initializer list:
	  com.myproject.smsblock.entity.SmsBlockBlacklist(1545793118366300).smsBlockMobile -> EntitySelectFetchInitializer(com.myproject.smsblock.entity.SmsBlockBlacklist(1545793118366300).smsBlockMobile)@567428159 (ToOneAttributeMapping(NavigableRole[com.myproject.smsblock.entity.SmsBlockBlacklist.smsBlockMobile])@63001427)
	  com.myproject.smsblock.entity.SmsBlockBlacklist(1545793118366300) -> EntityResultInitializer(com.myproject.smsblock.entity.SmsBlockBlacklist(1545793118366300))@870484258 (SingleTableEntityPersister(com.myproject.smsblock.entity.SmsBlockBlacklist))

2023-12-08 14:08:16.575 DEBUG o.h.SQL:133 - select s1_0.id,s1_0.activated_on,s1_0.added_by,s1_0.blacklist_mobile,s1_0.comment,s1_0.deactivated_by,s1_0.deactivated_on,s1_0.sms_block_mobile_id,s1_0.status from sms_block_blacklisted_mobile s1_0 where s1_0.blacklist_mobile=?
2023-12-08 14:08:16.578 DEBUG o.h.o.results:61 - Extracted JDBC value [0] - [37]
2023-12-08 14:08:16.579 DEBUG o.h.o.r.l.entity:300 - (EntityResultInitializer) Hydrated EntityKey (com.myproject.smsblock.entity.SmsBlockBlacklist(1545793118366300)): 37
2023-12-08 14:08:16.580 DEBUG o.h.o.r.l.entity:689 - (EntityResultInitializer) Created new entity instance [com.myproject.smsblock.entity.SmsBlockBlacklist(1545793118366300)#37] : 1708600841
2023-12-08 14:08:16.581 DEBUG o.h.o.results:61 - Extracted JDBC value [7] - [42]
2023-12-08 14:08:16.581 DEBUG o.h.o.r.l.entity:190 - (EntitySelectFetchInitializer) Invoking session#internalLoad for entity (com.myproject.smsblock.entity.SmsBlockBlacklist(1545793118366300).smsBlockMobile#42) : 42
2023-12-08 14:08:16.582 DEBUG o.h.o.s.exec:455 - Skipping reading Query result cache data: cache-enabled = false, cache-mode = IGNORE
2023-12-08 14:08:16.582 DEBUG o.h.o.results:76 - Initializer list:
	  com.myproject.smsblock.entity.SmsBlockMobile -> EntityResultInitializer(com.myproject.smsblock.entity.SmsBlockMobile)@1113264136 (SingleTableEntityPersister(com.myproject.smsblock.entity.SmsBlockMobile))

2023-12-08 14:08:16.583 DEBUG o.h.SQL:133 - select s1_0.id,s1_0.activated_on,s1_0.added_by,s1_0.comment,s1_0.deactivated_by,s1_0.deactivated_on,s1_0.mobile_no,s1_0.status from sms_block_mobile s1_0 where s1_0.id=?
2023-12-08 14:08:16.585 DEBUG o.h.o.r.l.entity:300 - (EntityResultInitializer) Hydrated EntityKey (com.myproject.smsblock.entity.SmsBlockMobile): 42
2023-12-08 14:08:16.586 DEBUG o.h.o.r.l.entity:689 - (EntityResultInitializer) Created new entity instance [com.myproject.smsblock.entity.SmsBlockMobile#42] : 1361606136
2023-12-08 14:08:16.586 DEBUG o.h.o.results:61 - Extracted JDBC value [1] - [2023-12-05 10:49:59.0]
2023-12-08 14:08:16.587 DEBUG o.h.o.results:61 - Extracted JDBC value [2] - [jhhj]
2023-12-08 14:08:16.587 DEBUG o.h.o.results:61 - Extracted JDBC value [3] - [null]
2023-12-08 14:08:16.587 DEBUG o.h.o.results:61 - Extracted JDBC value [4] - [null]
2023-12-08 14:08:16.588 DEBUG o.h.o.results:61 - Extracted JDBC value [5] - [null]
2023-12-08 14:08:16.588 DEBUG o.h.o.results:61 - Extracted JDBC value [6] - [+0712397911]
2023-12-08 14:08:16.589 DEBUG o.h.o.results:61 - Extracted JDBC value [7] - [ACT]
2023-12-08 14:08:16.589 DEBUG o.h.o.r.l.entity:889 - (EntityResultInitializer) Done materializing entityInstance : com.myproject.smsblock.entity.SmsBlockMobile#42
2023-12-08 14:08:16.590 DEBUG o.h.o.r.loading:93 - Calling top-level assembler (0 / 1) : org.hibernate.sql.results.graph.entity.internal.EntityAssembler@4b69e485
2023-12-08 14:08:16.590 DEBUG o.h.o.r.l.entity:216 - (EntitySelectFetchInitializer) Entity [com.myproject.smsblock.entity.SmsBlockBlacklist(1545793118366300).smsBlockMobile#42] : 42 has being loaded by session.internalLoad.
2023-12-08 14:08:16.591 DEBUG o.h.o.results:61 - Extracted JDBC value [1] - [2023-12-06 15:08:57.0]
2023-12-08 14:08:16.591 DEBUG o.h.o.results:61 - Extracted JDBC value [2] - [tharsana]
2023-12-08 14:08:16.591 DEBUG o.h.o.results:61 - Extracted JDBC value [3] - [0729892222]
2023-12-08 14:08:16.592 DEBUG o.h.o.results:61 - Extracted JDBC value [4] - [null]
2023-12-08 14:08:16.592 DEBUG o.h.o.results:61 - Extracted JDBC value [5] - [tharsana]
2023-12-08 14:08:16.592 DEBUG o.h.o.results:61 - Extracted JDBC value [6] - [2023-12-08 12:11:27.0]
2023-12-08 14:08:16.593 DEBUG o.h.o.results:61 - Extracted JDBC value [8] - [DEACT]
2023-12-08 14:08:16.593 DEBUG o.h.o.r.l.entity:889 - (EntityResultInitializer) Done materializing entityInstance : com.myproject.smsblock.entity.SmsBlockBlacklist(1545793118366300)#37
2023-12-08 14:08:16.594 DEBUG o.h.o.r.loading:93 - Calling top-level assembler (0 / 1) : org.hibernate.sql.results.graph.entity.internal.EntityAssembler@21f49ea4
2023-12-08 14:08:16.595 DEBUG o.h.o.results:61 - Extracted JDBC value [0] - [62]
2023-12-08 14:08:16.595 DEBUG o.h.o.r.l.entity:300 - (EntityResultInitializer) Hydrated EntityKey (com.myproject.smsblock.entity.SmsBlockBlacklist(1545793118366300)): 62
2023-12-08 14:08:16.596 DEBUG o.h.o.r.l.entity:689 - (EntityResultInitializer) Created new entity instance [com.myproject.smsblock.entity.SmsBlockBlacklist(1545793118366300)#62] : 870426839
2023-12-08 14:08:16.596 DEBUG o.h.o.results:61 - Extracted JDBC value [7] - [86]
2023-12-08 14:08:16.597 DEBUG o.h.o.r.l.entity:190 - (EntitySelectFetchInitializer) Invoking session#internalLoad for entity (com.myproject.smsblock.entity.SmsBlockBlacklist(1545793118366300).smsBlockMobile#86) : 86
2023-12-08 14:08:16.598 DEBUG o.h.o.s.exec:455 - Skipping reading Query result cache data: cache-enabled = false, cache-mode = IGNORE
2023-12-08 14:08:16.599 DEBUG o.h.o.results:76 - Initializer list:
	  com.myproject.smsblock.entity.SmsBlockMobile -> EntityResultInitializer(com.myproject.smsblock.entity.SmsBlockMobile)@933773282 (SingleTableEntityPersister(com.myproject.smsblock.entity.SmsBlockMobile))

2023-12-08 14:08:16.599 DEBUG o.h.SQL:133 - select s1_0.id,s1_0.activated_on,s1_0.added_by,s1_0.comment,s1_0.deactivated_by,s1_0.deactivated_on,s1_0.mobile_no,s1_0.status from sms_block_mobile s1_0 where s1_0.id=?
2023-12-08 14:08:16.601 DEBUG o.h.o.r.l.entity:300 - (EntityResultInitializer) Hydrated EntityKey (com.myproject.smsblock.entity.SmsBlockMobile): 86
2023-12-08 14:08:16.602 DEBUG o.h.o.r.l.entity:689 - (EntityResultInitializer) Created new entity instance [com.myproject.smsblock.entity.SmsBlockMobile#86] : 1284785946
2023-12-08 14:08:16.602 DEBUG o.h.o.results:61 - Extracted JDBC value [1] - [2023-12-08 14:07:35.0]
2023-12-08 14:08:16.603 DEBUG o.h.o.results:61 - Extracted JDBC value [2] - [tharsana]
2023-12-08 14:08:16.604 DEBUG o.h.o.results:61 - Extracted JDBC value [3] - [null]
2023-12-08 14:08:16.604 DEBUG o.h.o.results:61 - Extracted JDBC value [4] - [null]
2023-12-08 14:08:16.605 DEBUG o.h.o.results:61 - Extracted JDBC value [5] - [null]
2023-12-08 14:08:16.606 DEBUG o.h.o.results:61 - Extracted JDBC value [6] - [0729892220]
2023-12-08 14:08:16.607 DEBUG o.h.o.results:61 - Extracted JDBC value [7] - [ACT]
2023-12-08 14:08:16.608 DEBUG o.h.o.r.l.entity:889 - (EntityResultInitializer) Done materializing entityInstance : com.myproject.smsblock.entity.SmsBlockMobile#86
2023-12-08 14:08:16.609 DEBUG o.h.o.r.loading:93 - Calling top-level assembler (0 / 1) : org.hibernate.sql.results.graph.entity.internal.EntityAssembler@3a352645
2023-12-08 14:08:16.609 DEBUG o.h.o.r.l.entity:216 - (EntitySelectFetchInitializer) Entity [com.myproject.smsblock.entity.SmsBlockBlacklist(1545793118366300).smsBlockMobile#86] : 86 has being loaded by session.internalLoad.
2023-12-08 14:08:16.610 DEBUG o.h.o.results:61 - Extracted JDBC value [1] - [2023-12-08 14:07:49.0]
2023-12-08 14:08:16.610 DEBUG o.h.o.results:61 - Extracted JDBC value [2] - [tharsana]
2023-12-08 14:08:16.612 DEBUG o.h.o.results:61 - Extracted JDBC value [3] - [0729892222]
2023-12-08 14:08:16.612 DEBUG o.h.o.results:61 - Extracted JDBC value [4] - [null]
2023-12-08 14:08:16.612 DEBUG o.h.o.results:61 - Extracted JDBC value [5] - [tharsana]
2023-12-08 14:08:16.613 DEBUG o.h.o.results:61 - Extracted JDBC value [6] - [2023-12-08 14:07:56.0]
2023-12-08 14:08:16.613 DEBUG o.h.o.results:61 - Extracted JDBC value [8] - [DEACT]
2023-12-08 14:08:16.613 DEBUG o.h.o.r.l.entity:889 - (EntityResultInitializer) Done materializing entityInstance : com.myproject.smsblock.entity.SmsBlockBlacklist(1545793118366300)#62
2023-12-08 14:08:16.614 DEBUG o.h.o.r.loading:93 - Calling top-level assembler (0 / 1) : org.hibernate.sql.results.graph.entity.internal.EntityAssembler@21f49ea4
2023-12-08 14:08:16.614 DEBUG o.h.o.results:61 - Extracted JDBC value [0] - [63]
2023-12-08 14:08:16.614 DEBUG o.h.o.r.l.entity:300 - (EntityResultInitializer) Hydrated EntityKey (com.myproject.smsblock.entity.SmsBlockBlacklist(1545793118366300)): 63
2023-12-08 14:08:16.616 DEBUG o.h.o.r.l.entity:689 - (EntityResultInitializer) Created new entity instance [com.myproject.smsblock.entity.SmsBlockBlacklist(1545793118366300)#63] : 438223726
2023-12-08 14:08:16.616 DEBUG o.h.o.results:61 - Extracted JDBC value [7] - [86]
2023-12-08 14:08:16.616 DEBUG o.h.o.results:61 - Extracted JDBC value [1] - [2023-12-08 14:08:12.0]
2023-12-08 14:08:16.616 DEBUG o.h.o.results:61 - Extracted JDBC value [2] - [tharsana]
2023-12-08 14:08:16.617 DEBUG o.h.o.results:61 - Extracted JDBC value [3] - [0729892222]
2023-12-08 14:08:16.617 DEBUG o.h.o.results:61 - Extracted JDBC value [4] - [null]
2023-12-08 14:08:16.617 DEBUG o.h.o.results:61 - Extracted JDBC value [5] - [null]
2023-12-08 14:08:16.617 DEBUG o.h.o.results:61 - Extracted JDBC value [6] - [null]
2023-12-08 14:08:16.618 DEBUG o.h.o.results:61 - Extracted JDBC value [8] - [ACT]
2023-12-08 14:08:16.618 DEBUG o.h.o.r.l.entity:889 - (EntityResultInitializer) Done materializing entityInstance : com.myproject.smsblock.entity.SmsBlockBlacklist(1545793118366300)#63
2023-12-08 14:08:16.618 DEBUG o.h.o.r.loading:93 - Calling top-level assembler (0 / 1) : org.hibernate.sql.results.graph.entity.internal.EntityAssembler@21f49ea4
2023-12-08 14:08:16.619 DEBUG o.s.o.j.JpaTransactionManager:374 - Found thread-bound EntityManager [SessionImpl(1732836464<open>)] for JPA transaction
2023-12-08 14:08:16.619 DEBUG o.s.o.j.JpaTransactionManager:370 - Creating new transaction with name [org.springframework.data.jpa.repository.support.SimpleJpaRepository.save]: PROPAGATION_REQUIRED,ISOLATION_DEFAULT
2023-12-08 14:08:16.619 DEBUG o.h.e.t.i.TransactionImpl:53 - On TransactionImpl creation, JpaCompliance#isJpaTransactionComplianceEnabled == false
2023-12-08 14:08:16.619 DEBUG o.h.e.t.i.TransactionImpl:81 - begin
2023-12-08 14:08:16.620 DEBUG o.s.o.j.JpaTransactionManager:439 - Exposing JPA transaction as JDBC [org.springframework.orm.jpa.vendor.HibernateJpaDialect$HibernateConnectionHandle@31c082a6]
2023-12-08 14:08:16.620 DEBUG o.h.j.i.PersistenceUnitUtilImpl:89 - jakarta.persistence.PersistenceUnitUtil.getIdentifier is only intended to work with enhanced entities (although Hibernate also adapts this support to its proxies); however the passed entity was not enhanced (nor a proxy).. may not be able to read identifier
2023-12-08 14:08:16.621 DEBUG o.s.o.j.JpaTransactionManager:740 - Initiating transaction commit
2023-12-08 14:08:16.621 DEBUG o.s.o.j.JpaTransactionManager:556 - Committing JPA transaction on EntityManager [SessionImpl(1732836464<open>)]
2023-12-08 14:08:16.621 DEBUG o.h.e.t.i.TransactionImpl:98 - committing
2023-12-08 14:08:16.621 DEBUG o.h.e.i.AbstractFlushingEventListener:136 - Processing flush-time cascades
2023-12-08 14:08:16.622 DEBUG o.h.e.i.AbstractFlushingEventListener:185 - Dirty checking collections
2023-12-08 14:08:16.622 DEBUG o.h.e.i.AbstractFlushingEventListener:110 - Flushed: 0 insertions, 1 updates, 0 deletions to 5 objects
2023-12-08 14:08:16.623 DEBUG o.h.e.i.AbstractFlushingEventListener:117 - Flushed: 0 (re)creations, 0 updates, 0 removals to 0 collections
2023-12-08 14:08:16.623 DEBUG o.h.i.u.EntityPrinter:111 - Listing entities:
2023-12-08 14:08:16.623 DEBUG o.h.i.u.EntityPrinter:118 - com.myproject.smsblock.entity.SmsBlockBlacklist{activatedOn=2023-12-08 14:08:12.0, smsBlockMobile=com.myproject.smsblock.entity.SmsBlockMobile#86, addedBy=tharsana, deactivatedOn=2023-12-08 14:08:16.6190683, blacklistMobile=0729892222, comment=null, id=63, deactivatedBy=null, status=DEACT}
2023-12-08 14:08:16.623 DEBUG o.h.i.u.EntityPrinter:118 - com.myproject.smsblock.entity.SmsBlockBlacklist{activatedOn=2023-12-08 14:07:49.0, smsBlockMobile=com.myproject.smsblock.entity.SmsBlockMobile#86, addedBy=tharsana, deactivatedOn=2023-12-08 14:07:56.0, blacklistMobile=0729892222, comment=null, id=62, deactivatedBy=tharsana, status=DEACT}
2023-12-08 14:08:16.624 DEBUG o.h.i.u.EntityPrinter:118 - com.myproject.smsblock.entity.SmsBlockMobile{activatedOn=2023-12-08 14:07:35.0, addedBy=tharsana, deactivatedOn=null, comment=null, id=86, mobileNo=0729892220, deactivatedBy=null, status=ACT}
2023-12-08 14:08:16.624 DEBUG o.h.i.u.EntityPrinter:118 - com.myproject.smsblock.entity.SmsBlockMobile{activatedOn=2023-12-05 10:49:59.0, addedBy=jhhj, deactivatedOn=null, comment=null, id=42, mobileNo=+0712397911, deactivatedBy=null, status=ACT}
2023-12-08 14:08:16.624 DEBUG o.h.i.u.EntityPrinter:118 - com.myproject.smsblock.entity.SmsBlockBlacklist{activatedOn=2023-12-06 15:08:57.0, smsBlockMobile=com.myproject.smsblock.entity.SmsBlockMobile#42, addedBy=tharsana, deactivatedOn=2023-12-08 12:11:27.0, blacklistMobile=0729892222, comment=null, id=37, deactivatedBy=tharsana, status=DEACT}
2023-12-08 14:08:16.625 DEBUG o.h.SQL:133 - update sms_block_blacklisted_mobile set activated_on=?,added_by=?,blacklist_mobile=?,comment=?,deactivated_by=?,deactivated_on=?,sms_block_mobile_id=?,status=? where id=?
2023-12-08 14:08:16.745 DEBUG o.s.o.j.JpaTransactionManager:652 - Not closing pre-bound JPA EntityManager after transaction
2023-12-08 14:08:16.748 DEBUG o.s.w.s.m.m.a.HttpEntityMethodProcessor:275 - Using 'application/json', given [application/json, text/plain, */*] and supported [text/plain, */*, application/json, application/*+json]
2023-12-08 14:08:16.749 DEBUG o.s.w.s.m.m.a.HttpEntityMethodProcessor:120 - Writing ["Deactivated"]
2023-12-08 14:08:16.752 DEBUG o.s.o.j.s.OpenEntityManagerInViewInterceptor:111 - Closing JPA EntityManager in OpenEntityManagerInViewInterceptor
2023-12-08 14:08:16.754 DEBUG o.s.w.s.DispatcherServlet:1135 - Completed 200 OK
2023-12-08 14:08:16.963 DEBUG o.s.w.s.DispatcherServlet:120 - GET "/mobile/86", parameters={}
2023-12-08 14:08:16.964 DEBUG o.s.w.s.m.m.a.RequestMappingHandlerMapping:528 - Mapped to com.myproject.smsblock.controller.SmsBlockBlacklistController#getBlocklistBySmsBlockMobile(Integer)
2023-12-08 14:08:16.965 DEBUG o.s.o.j.s.OpenEntityManagerInViewInterceptor:86 - Opening JPA EntityManager in OpenEntityManagerInViewInterceptor
2023-12-08 14:08:16.967 DEBUG o.h.o.s.exec:455 - Skipping reading Query result cache data: cache-enabled = false, cache-mode = NORMAL
2023-12-08 14:08:16.968 DEBUG o.h.o.results:56 - Initializer list is empty
2023-12-08 14:08:16.968 DEBUG o.h.SQL:133 - select s1_0.blacklist_mobile,s1_0.sms_block_mobile_id,s1_0.comment,s1_0.activated_on,s1_0.added_by from sms_block_blacklisted_mobile s1_0 where s1_0.sms_block_mobile_id=? and s1_0.status='ACT'
2023-12-08 14:08:16.971 DEBUG o.s.w.s.m.m.a.HttpEntityMethodProcessor:275 - Using 'application/json', given [application/json, text/plain, */*] and supported [application/json, application/*+json]
2023-12-08 14:08:16.971 DEBUG o.s.w.s.m.m.a.HttpEntityMethodProcessor:120 - Writing [[]]
2023-12-08 14:08:16.973 DEBUG o.s.o.j.s.OpenEntityManagerInViewInterceptor:111 - Closing JPA EntityManager in OpenEntityManagerInViewInterceptor
2023-12-08 14:08:16.975 DEBUG o.s.w.s.DispatcherServlet:1135 - Completed 200 OK
2023-12-08 14:08:16.978 DEBUG o.s.w.s.DispatcherServlet:120 - GET "/mobile/86", parameters={}
2023-12-08 14:08:16.978 DEBUG o.s.w.s.m.m.a.RequestMappingHandlerMapping:528 - Mapped to com.myproject.smsblock.controller.SmsBlockBlacklistController#getBlocklistBySmsBlockMobile(Integer)
2023-12-08 14:08:16.979 DEBUG o.s.o.j.s.OpenEntityManagerInViewInterceptor:86 - Opening JPA EntityManager in OpenEntityManagerInViewInterceptor
2023-12-08 14:08:16.983 DEBUG o.h.o.s.exec:455 - Skipping reading Query result cache data: cache-enabled = false, cache-mode = NORMAL
2023-12-08 14:08:16.983 DEBUG o.h.o.results:56 - Initializer list is empty
2023-12-08 14:08:16.984 DEBUG o.h.SQL:133 - select s1_0.blacklist_mobile,s1_0.sms_block_mobile_id,s1_0.comment,s1_0.activated_on,s1_0.added_by from sms_block_blacklisted_mobile s1_0 where s1_0.sms_block_mobile_id=? and s1_0.status='ACT'
2023-12-08 14:08:16.987 DEBUG o.s.w.s.m.m.a.HttpEntityMethodProcessor:275 - Using 'application/json', given [application/json, text/plain, */*] and supported [application/json, application/*+json]
2023-12-08 14:08:16.987 DEBUG o.s.w.s.m.m.a.HttpEntityMethodProcessor:120 - Writing [[]]
2023-12-08 14:08:16.988 DEBUG o.s.o.j.s.OpenEntityManagerInViewInterceptor:111 - Closing JPA EntityManager in OpenEntityManagerInViewInterceptor
2023-12-08 14:08:16.989 DEBUG o.s.w.s.DispatcherServlet:1135 - Completed 200 OK
2023-12-08 14:08:26.062 DEBUG o.s.w.s.DispatcherServlet:120 - OPTIONS "/deactivateMobile/0729892220", parameters={}
2023-12-08 14:08:26.063 DEBUG o.s.w.s.m.m.a.RequestMappingHandlerMapping:528 - Mapped to com.myproject.smsblock.controller.SmsBlockMobileController#deactivateSmsBlockMobile(SmsBlockMobileDto, String)
2023-12-08 14:08:26.063 DEBUG o.s.o.j.s.OpenEntityManagerInViewInterceptor:86 - Opening JPA EntityManager in OpenEntityManagerInViewInterceptor
2023-12-08 14:08:26.064 DEBUG o.s.o.j.s.OpenEntityManagerInViewInterceptor:111 - Closing JPA EntityManager in OpenEntityManagerInViewInterceptor
2023-12-08 14:08:26.064 DEBUG o.s.w.s.DispatcherServlet:1135 - Completed 200 OK
2023-12-08 14:08:26.068 DEBUG o.s.w.s.DispatcherServlet:120 - PUT "/deactivateMobile/0729892220", parameters={}
2023-12-08 14:08:26.069 DEBUG o.s.w.s.m.m.a.RequestMappingHandlerMapping:528 - Mapped to com.myproject.smsblock.controller.SmsBlockMobileController#deactivateSmsBlockMobile(SmsBlockMobileDto, String)
2023-12-08 14:08:26.069 DEBUG o.s.o.j.s.OpenEntityManagerInViewInterceptor:86 - Opening JPA EntityManager in OpenEntityManagerInViewInterceptor
2023-12-08 14:08:26.071 DEBUG o.s.w.s.m.m.a.RequestResponseBodyMethodProcessor:120 - Read "application/json;charset=UTF-8" to [com.myproject.smsblock.dto.SmsBlockMobileDto@481009d1]
2023-12-08 14:08:26.073 DEBUG o.h.o.s.a.create:33 - Created new SQL alias : s1_0
2023-12-08 14:08:26.074 DEBUG o.h.o.s.a.create:98 - Registration of TableGroup [StandardTableGroup(com.myproject.smsblock.entity.SmsBlockMobile(1545794538938000))] with identifierForTableGroup [com.myproject.smsblock.entity.SmsBlockMobile] for NavigablePath [com.myproject.smsblock.entity.SmsBlockMobile]
2023-12-08 14:08:26.075 DEBUG o.h.q.s.s.BaseSqmToSqlAstConverter:5700 - Determining mapping-model type for SqmParameter : org.hibernate.query.sqm.tree.expression.SqmJpaCriteriaParameterWrapper@6c2d1ce
2023-12-08 14:08:26.077 DEBUG o.h.q.s.s.BaseSqmToSqlAstConverter:5590 - Determining mapping-model type for SqmPath : SqmBasicValuedSimplePath(com.myproject.smsblock.entity.SmsBlockMobile(1545794538938000).mobileNo)
2023-12-08 14:08:26.077 DEBUG o.h.q.s.s.BaseSqmToSqlAstConverter:5700 - Determining mapping-model type for SqmParameter : org.hibernate.query.sqm.tree.expression.SqmJpaCriteriaParameterWrapper@248b793
2023-12-08 14:08:26.077 DEBUG o.h.q.s.s.BaseSqmToSqlAstConverter:5590 - Determining mapping-model type for SqmPath : SqmBasicValuedSimplePath(com.myproject.smsblock.entity.SmsBlockMobile(1545794538938000).status)
2023-12-08 14:08:26.078 DEBUG o.h.o.r.g.AST:67 - DomainResult Graph:
 \-EntityResultImpl [com.myproject.smsblock.entity.SmsBlockMobile(1545794538938000)]
 |  +-BasicFetch [com.myproject.smsblock.entity.SmsBlockMobile(1545794538938000).activatedOn]
 |  +-BasicFetch [com.myproject.smsblock.entity.SmsBlockMobile(1545794538938000).addedBy]
 |  +-BasicFetch [com.myproject.smsblock.entity.SmsBlockMobile(1545794538938000).comment]
 |  +-BasicFetch [com.myproject.smsblock.entity.SmsBlockMobile(1545794538938000).deactivatedBy]
 |  +-BasicFetch [com.myproject.smsblock.entity.SmsBlockMobile(1545794538938000).deactivatedOn]
 |  +-BasicFetch [com.myproject.smsblock.entity.SmsBlockMobile(1545794538938000).mobileNo]
 |  \-BasicFetch [com.myproject.smsblock.entity.SmsBlockMobile(1545794538938000).status]

2023-12-08 14:08:26.078 DEBUG o.h.o.s.a.tree:46 - SQL AST Tree:
    SelectStatement {
      FromClause {
        StandardTableGroup (s1 : com.myproject.smsblock.entity.SmsBlockMobile(1545794538938000)) {
          primaryTableReference : sms_block_mobile as s1_0
        }
      }
    }

2023-12-08 14:08:26.079 DEBUG o.h.o.s.exec:455 - Skipping reading Query result cache data: cache-enabled = false, cache-mode = NORMAL
2023-12-08 14:08:26.080 DEBUG o.h.o.results:76 - Initializer list:
	  com.myproject.smsblock.entity.SmsBlockMobile(1545794538938000) -> EntityResultInitializer(com.myproject.smsblock.entity.SmsBlockMobile(1545794538938000))@321551232 (SingleTableEntityPersister(com.myproject.smsblock.entity.SmsBlockMobile))

2023-12-08 14:08:26.080 DEBUG o.h.SQL:133 - select s1_0.id,s1_0.activated_on,s1_0.added_by,s1_0.comment,s1_0.deactivated_by,s1_0.deactivated_on,s1_0.mobile_no,s1_0.status from sms_block_mobile s1_0 where s1_0.mobile_no=? and s1_0.status=?
2023-12-08 14:08:26.083 DEBUG o.h.o.results:61 - Extracted JDBC value [0] - [86]
2023-12-08 14:08:26.083 DEBUG o.h.o.r.l.entity:300 - (EntityResultInitializer) Hydrated EntityKey (com.myproject.smsblock.entity.SmsBlockMobile(1545794538938000)): 86
2023-12-08 14:08:26.084 DEBUG o.h.o.r.l.entity:689 - (EntityResultInitializer) Created new entity instance [com.myproject.smsblock.entity.SmsBlockMobile(1545794538938000)#86] : 1952551942
2023-12-08 14:08:26.084 DEBUG o.h.o.results:61 - Extracted JDBC value [1] - [2023-12-08 14:07:35.0]
2023-12-08 14:08:26.085 DEBUG o.h.o.results:61 - Extracted JDBC value [2] - [tharsana]
2023-12-08 14:08:26.085 DEBUG o.h.o.results:61 - Extracted JDBC value [3] - [null]
2023-12-08 14:08:26.086 DEBUG o.h.o.results:61 - Extracted JDBC value [4] - [null]
2023-12-08 14:08:26.086 DEBUG o.h.o.results:61 - Extracted JDBC value [5] - [null]
2023-12-08 14:08:26.086 DEBUG o.h.o.results:61 - Extracted JDBC value [6] - [0729892220]
2023-12-08 14:08:26.087 DEBUG o.h.o.results:61 - Extracted JDBC value [7] - [ACT]
2023-12-08 14:08:26.088 DEBUG o.h.o.r.l.entity:889 - (EntityResultInitializer) Done materializing entityInstance : com.myproject.smsblock.entity.SmsBlockMobile(1545794538938000)#86
2023-12-08 14:08:26.088 DEBUG o.h.o.r.loading:93 - Calling top-level assembler (0 / 1) : org.hibernate.sql.results.graph.entity.internal.EntityAssembler@34d70771
2023-12-08 14:08:26.089 DEBUG o.s.o.j.JpaTransactionManager:374 - Found thread-bound EntityManager [SessionImpl(1474313852<open>)] for JPA transaction
2023-12-08 14:08:26.089 DEBUG o.s.o.j.JpaTransactionManager:370 - Creating new transaction with name [org.springframework.data.jpa.repository.support.SimpleJpaRepository.save]: PROPAGATION_REQUIRED,ISOLATION_DEFAULT
2023-12-08 14:08:26.089 DEBUG o.h.e.t.i.TransactionImpl:53 - On TransactionImpl creation, JpaCompliance#isJpaTransactionComplianceEnabled == false
2023-12-08 14:08:26.090 DEBUG o.h.e.t.i.TransactionImpl:81 - begin
2023-12-08 14:08:26.091 DEBUG o.s.o.j.JpaTransactionManager:439 - Exposing JPA transaction as JDBC [org.springframework.orm.jpa.vendor.HibernateJpaDialect$HibernateConnectionHandle@2fd94122]
2023-12-08 14:08:26.091 DEBUG o.h.j.i.PersistenceUnitUtilImpl:89 - jakarta.persistence.PersistenceUnitUtil.getIdentifier is only intended to work with enhanced entities (although Hibernate also adapts this support to its proxies); however the passed entity was not enhanced (nor a proxy).. may not be able to read identifier
2023-12-08 14:08:26.092 DEBUG o.s.o.j.JpaTransactionManager:740 - Initiating transaction commit
2023-12-08 14:08:26.093 DEBUG o.s.o.j.JpaTransactionManager:556 - Committing JPA transaction on EntityManager [SessionImpl(1474313852<open>)]
2023-12-08 14:08:26.093 DEBUG o.h.e.t.i.TransactionImpl:98 - committing
2023-12-08 14:08:26.093 DEBUG o.h.e.i.AbstractFlushingEventListener:136 - Processing flush-time cascades
2023-12-08 14:08:26.093 DEBUG o.h.e.i.AbstractFlushingEventListener:185 - Dirty checking collections
2023-12-08 14:08:26.094 DEBUG o.h.e.i.AbstractFlushingEventListener:110 - Flushed: 0 insertions, 1 updates, 0 deletions to 1 objects
2023-12-08 14:08:26.094 DEBUG o.h.e.i.AbstractFlushingEventListener:117 - Flushed: 0 (re)creations, 0 updates, 0 removals to 0 collections
2023-12-08 14:08:26.094 DEBUG o.h.i.u.EntityPrinter:111 - Listing entities:
2023-12-08 14:08:26.095 DEBUG o.h.i.u.EntityPrinter:118 - com.myproject.smsblock.entity.SmsBlockMobile{activatedOn=2023-12-08 14:07:35.0, addedBy=tharsana, deactivatedOn=2023-12-08 14:08:26.0891517, comment=null, id=86, mobileNo=0729892220, deactivatedBy=tharsana, status=DEACT}
2023-12-08 14:08:26.096 DEBUG o.h.SQL:133 - update sms_block_mobile set activated_on=?,added_by=?,comment=?,deactivated_by=?,deactivated_on=?,mobile_no=?,status=? where id=?
2023-12-08 14:08:26.278 DEBUG o.s.o.j.JpaTransactionManager:652 - Not closing pre-bound JPA EntityManager after transaction
2023-12-08 14:08:26.280 DEBUG o.s.w.s.m.m.a.HttpEntityMethodProcessor:275 - Using 'application/json', given [application/json, text/plain, */*] and supported [text/plain, */*, application/json, application/*+json]
2023-12-08 14:08:26.282 DEBUG o.s.w.s.m.m.a.HttpEntityMethodProcessor:120 - Writing ["Deactivated"]
2023-12-08 14:08:26.284 DEBUG o.s.o.j.s.OpenEntityManagerInViewInterceptor:111 - Closing JPA EntityManager in OpenEntityManagerInViewInterceptor
2023-12-08 14:08:26.287 DEBUG o.s.w.s.DispatcherServlet:1135 - Completed 200 OK
