2023-12-08 14:33:48.404 DEBUG o.s.w.s.DispatcherServlet:120 - OPTIONS "/deleteBlacklistMobile/", parameters={}
2023-12-08 14:33:48.410 DEBUG o.s.w.s.h.SimpleUrlHandlerMapping:528 - Mapped to ResourceHttpRequestHandler [classpath [META-INF/resources/], classpath [resources/], classpath [static/], classpath [public/], ServletContext [/]]
2023-12-08 14:33:48.411 DEBUG o.s.o.j.s.OpenEntityManagerInViewInterceptor:86 - Opening JPA EntityManager in OpenEntityManagerInViewInterceptor
2023-12-08 14:33:48.413 DEBUG o.s.o.j.s.OpenEntityManagerInViewInterceptor:111 - Closing JPA EntityManager in OpenEntityManagerInViewInterceptor
2023-12-08 14:33:48.414 DEBUG o.s.w.s.DispatcherServlet:1135 - Completed 403 FORBIDDEN
2023-12-08 14:33:56.562 DEBUG o.s.w.s.DispatcherServlet:120 - OPTIONS "/deleteBlacklistMobile/", parameters={}
2023-12-08 14:33:56.562 DEBUG o.s.w.s.h.SimpleUrlHandlerMapping:528 - Mapped to ResourceHttpRequestHandler [classpath [META-INF/resources/], classpath [resources/], classpath [static/], classpath [public/], ServletContext [/]]
2023-12-08 14:33:56.563 DEBUG o.s.o.j.s.OpenEntityManagerInViewInterceptor:86 - Opening JPA EntityManager in OpenEntityManagerInViewInterceptor
2023-12-08 14:33:56.564 DEBUG o.s.o.j.s.OpenEntityManagerInViewInterceptor:111 - Closing JPA EntityManager in OpenEntityManagerInViewInterceptor
2023-12-08 14:33:56.565 DEBUG o.s.w.s.DispatcherServlet:1135 - Completed 403 FORBIDDEN
2023-12-08 14:33:59.314 DEBUG c.z.h.p.HikariPool:414 - HikariPool-1 - Before cleanup stats (total=50, active=0, idle=50, waiting=0)
2023-12-08 14:33:59.316 DEBUG c.z.h.p.HikariPool:414 - HikariPool-1 - After cleanup  stats (total=50, active=0, idle=50, waiting=0)
2023-12-08 14:33:59.316 DEBUG c.z.h.p.HikariPool:521 - HikariPool-1 - Fill pool skipped, pool has sufficient level or currently being filled (queueDepth=0).
2023-12-08 14:34:17.255 DEBUG c.z.h.p.PoolBase:132 - HikariPool-1 - Closing connection com.mysql.cj.jdbc.ConnectionImpl@4f7bdf7: (connection has passed maxLifetime)
2023-12-08 14:34:17.303 DEBUG c.z.h.p.HikariPool:738 - HikariPool-1 - Added connection com.mysql.cj.jdbc.ConnectionImpl@25c0fd85
2023-12-08 14:34:23.138 DEBUG c.z.h.p.PoolBase:132 - HikariPool-1 - Closing connection com.mysql.cj.jdbc.ConnectionImpl@63f29d9e: (connection has passed maxLifetime)
2023-12-08 14:34:23.153 DEBUG c.z.h.p.HikariPool:738 - HikariPool-1 - Added connection com.mysql.cj.jdbc.ConnectionImpl@718bec58
2023-12-08 14:34:25.881 DEBUG c.z.h.p.PoolBase:132 - HikariPool-1 - Closing connection com.mysql.cj.jdbc.ConnectionImpl@7a3b745e: (connection has passed maxLifetime)
2023-12-08 14:34:25.918 DEBUG c.z.h.p.HikariPool:738 - HikariPool-1 - Added connection com.mysql.cj.jdbc.ConnectionImpl@30b6e663
2023-12-08 14:34:26.207 DEBUG c.z.h.p.PoolBase:132 - HikariPool-1 - Closing connection com.mysql.cj.jdbc.ConnectionImpl@762da3b7: (connection has passed maxLifetime)
2023-12-08 14:34:26.264 DEBUG c.z.h.p.HikariPool:738 - HikariPool-1 - Added connection com.mysql.cj.jdbc.ConnectionImpl@1cc1724
2023-12-08 14:34:26.334 DEBUG c.z.h.p.PoolBase:132 - HikariPool-1 - Closing connection com.mysql.cj.jdbc.ConnectionImpl@6a77f4c6: (connection has passed maxLifetime)
2023-12-08 14:34:26.367 DEBUG c.z.h.p.HikariPool:738 - HikariPool-1 - Added connection com.mysql.cj.jdbc.ConnectionImpl@5099192c
2023-12-08 14:34:28.445 DEBUG c.z.h.p.PoolBase:132 - HikariPool-1 - Closing connection com.mysql.cj.jdbc.ConnectionImpl@172dab33: (connection has passed maxLifetime)
2023-12-08 14:34:28.472 DEBUG c.z.h.p.HikariPool:738 - HikariPool-1 - Added connection com.mysql.cj.jdbc.ConnectionImpl@40ca3cf9
2023-12-08 14:34:29.331 DEBUG c.z.h.p.HikariPool:414 - HikariPool-1 - Before cleanup stats (total=50, active=0, idle=50, waiting=0)
2023-12-08 14:34:29.332 DEBUG c.z.h.p.HikariPool:414 - HikariPool-1 - After cleanup  stats (total=50, active=0, idle=50, waiting=0)
2023-12-08 14:34:29.333 DEBUG c.z.h.p.HikariPool:521 - HikariPool-1 - Fill pool skipped, pool has sufficient level or currently being filled (queueDepth=0).
2023-12-08 14:34:29.334 DEBUG c.z.h.p.PoolBase:132 - HikariPool-1 - Closing connection com.mysql.cj.jdbc.ConnectionImpl@1d778bc4: (connection has passed maxLifetime)
2023-12-08 14:34:29.373 DEBUG c.z.h.p.HikariPool:738 - HikariPool-1 - Added connection com.mysql.cj.jdbc.ConnectionImpl@54d7a51c
2023-12-08 14:34:29.489 DEBUG c.z.h.p.PoolBase:132 - HikariPool-1 - Closing connection com.mysql.cj.jdbc.ConnectionImpl@2be6f33f: (connection has passed maxLifetime)
2023-12-08 14:34:29.524 DEBUG c.z.h.p.HikariPool:738 - HikariPool-1 - Added connection com.mysql.cj.jdbc.ConnectionImpl@17319ce9
2023-12-08 14:34:31.464 DEBUG c.z.h.p.PoolBase:132 - HikariPool-1 - Closing connection com.mysql.cj.jdbc.ConnectionImpl@527d418e: (connection has passed maxLifetime)
2023-12-08 14:34:31.500 DEBUG c.z.h.p.HikariPool:738 - HikariPool-1 - Added connection com.mysql.cj.jdbc.ConnectionImpl@4e26d43f
2023-12-08 14:34:32.730 DEBUG c.z.h.p.PoolBase:132 - HikariPool-1 - Closing connection com.mysql.cj.jdbc.ConnectionImpl@654a579b: (connection has passed maxLifetime)
2023-12-08 14:34:32.746 DEBUG c.z.h.p.HikariPool:335 - HikariPool-1 - Add connection elided, waiting=0, adders pending/running=2
2023-12-08 14:34:32.746 DEBUG c.z.h.p.PoolBase:132 - HikariPool-1 - Closing connection com.mysql.cj.jdbc.ConnectionImpl@1457225b: (connection has passed maxLifetime)
2023-12-08 14:34:32.747 DEBUG c.z.h.p.HikariPool:738 - HikariPool-1 - Added connection com.mysql.cj.jdbc.ConnectionImpl@39a31253
2023-12-08 14:34:32.783 DEBUG c.z.h.p.HikariPool:738 - HikariPool-1 - Added connection com.mysql.cj.jdbc.ConnectionImpl@659c2322
2023-12-08 14:34:33.059 DEBUG c.z.h.p.PoolBase:132 - HikariPool-1 - Closing connection com.mysql.cj.jdbc.ConnectionImpl@16843c5a: (connection has passed maxLifetime)
2023-12-08 14:34:33.078 DEBUG c.z.h.p.HikariPool:738 - HikariPool-1 - Added connection com.mysql.cj.jdbc.ConnectionImpl@1691d117
2023-12-08 14:34:34.514 DEBUG c.z.h.p.PoolBase:132 - HikariPool-1 - Closing connection com.mysql.cj.jdbc.ConnectionImpl@230f5693: (connection has passed maxLifetime)
2023-12-08 14:34:34.551 DEBUG c.z.h.p.HikariPool:738 - HikariPool-1 - Added connection com.mysql.cj.jdbc.ConnectionImpl@13ae3bdf
2023-12-08 14:34:35.597 DEBUG c.z.h.p.PoolBase:132 - HikariPool-1 - Closing connection com.mysql.cj.jdbc.ConnectionImpl@21ab11c7: (connection has passed maxLifetime)
2023-12-08 14:34:35.633 DEBUG c.z.h.p.HikariPool:738 - HikariPool-1 - Added connection com.mysql.cj.jdbc.ConnectionImpl@3773b088
2023-12-08 14:34:35.848 DEBUG c.z.h.p.PoolBase:132 - HikariPool-1 - Closing connection com.mysql.cj.jdbc.ConnectionImpl@709c407e: (connection has passed maxLifetime)
2023-12-08 14:34:35.891 DEBUG c.z.h.p.HikariPool:738 - HikariPool-1 - Added connection com.mysql.cj.jdbc.ConnectionImpl@3edc0f9f
2023-12-08 14:34:37.020 DEBUG c.z.h.p.PoolBase:132 - HikariPool-1 - Closing connection com.mysql.cj.jdbc.ConnectionImpl@1281168c: (connection has passed maxLifetime)
2023-12-08 14:34:37.053 DEBUG c.z.h.p.HikariPool:738 - HikariPool-1 - Added connection com.mysql.cj.jdbc.ConnectionImpl@2de2c0d6
2023-12-08 14:34:37.319 DEBUG c.z.h.p.PoolBase:132 - HikariPool-1 - Closing connection com.mysql.cj.jdbc.ConnectionImpl@57643b84: (connection has passed maxLifetime)
2023-12-08 14:34:37.351 DEBUG c.z.h.p.HikariPool:738 - HikariPool-1 - Added connection com.mysql.cj.jdbc.ConnectionImpl@5ac383e8
2023-12-08 14:34:38.982 DEBUG c.z.h.p.PoolBase:132 - HikariPool-1 - Closing connection com.mysql.cj.jdbc.ConnectionImpl@6632c3b4: (connection has passed maxLifetime)
2023-12-08 14:34:39.016 DEBUG c.z.h.p.HikariPool:738 - HikariPool-1 - Added connection com.mysql.cj.jdbc.ConnectionImpl@18e082b7
2023-12-08 14:34:39.438 DEBUG c.z.h.p.PoolBase:132 - HikariPool-1 - Closing connection com.mysql.cj.jdbc.ConnectionImpl@27c9f9cc: (connection has passed maxLifetime)
2023-12-08 14:34:39.469 DEBUG c.z.h.p.HikariPool:738 - HikariPool-1 - Added connection com.mysql.cj.jdbc.ConnectionImpl@340df1b9
2023-12-08 14:34:39.516 DEBUG c.z.h.p.PoolBase:132 - HikariPool-1 - Closing connection com.mysql.cj.jdbc.ConnectionImpl@7445d7a0: (connection has passed maxLifetime)
2023-12-08 14:34:39.547 DEBUG c.z.h.p.HikariPool:335 - HikariPool-1 - Add connection elided, waiting=0, adders pending/running=2
2023-12-08 14:34:39.547 DEBUG c.z.h.p.PoolBase:132 - HikariPool-1 - Closing connection com.mysql.cj.jdbc.ConnectionImpl@871d885: (connection has passed maxLifetime)
2023-12-08 14:34:39.547 DEBUG c.z.h.p.HikariPool:738 - HikariPool-1 - Added connection com.mysql.cj.jdbc.ConnectionImpl@73932b8e
2023-12-08 14:34:39.596 DEBUG c.z.h.p.HikariPool:738 - HikariPool-1 - Added connection com.mysql.cj.jdbc.ConnectionImpl@65947a15
2023-12-08 14:34:39.859 DEBUG c.z.h.p.PoolBase:132 - HikariPool-1 - Closing connection com.mysql.cj.jdbc.ConnectionImpl@380aa8bb: (connection has passed maxLifetime)
2023-12-08 14:34:39.893 DEBUG c.z.h.p.HikariPool:738 - HikariPool-1 - Added connection com.mysql.cj.jdbc.ConnectionImpl@37bcc5a4
2023-12-08 14:34:40.397 DEBUG c.z.h.p.PoolBase:132 - HikariPool-1 - Closing connection com.mysql.cj.jdbc.ConnectionImpl@10f909e2: (connection has passed maxLifetime)
2023-12-08 14:34:40.431 DEBUG c.z.h.p.HikariPool:738 - HikariPool-1 - Added connection com.mysql.cj.jdbc.ConnectionImpl@3193920e
2023-12-08 14:34:40.678 DEBUG c.z.h.p.PoolBase:132 - HikariPool-1 - Closing connection com.mysql.cj.jdbc.ConnectionImpl@45cab7cc: (connection has passed maxLifetime)
2023-12-08 14:34:40.712 DEBUG c.z.h.p.HikariPool:738 - HikariPool-1 - Added connection com.mysql.cj.jdbc.ConnectionImpl@770b71ac
2023-12-08 14:34:40.927 DEBUG c.z.h.p.PoolBase:132 - HikariPool-1 - Closing connection com.mysql.cj.jdbc.ConnectionImpl@25e54883: (connection has passed maxLifetime)
2023-12-08 14:34:40.962 DEBUG c.z.h.p.HikariPool:738 - HikariPool-1 - Added connection com.mysql.cj.jdbc.ConnectionImpl@259a9d4e
2023-12-08 14:34:42.271 DEBUG c.z.h.p.PoolBase:132 - HikariPool-1 - Closing connection com.mysql.cj.jdbc.ConnectionImpl@26a0ae67: (connection has passed maxLifetime)
2023-12-08 14:34:42.302 DEBUG c.z.h.p.PoolBase:132 - HikariPool-1 - Closing connection com.mysql.cj.jdbc.ConnectionImpl@5a29bded: (connection has passed maxLifetime)
2023-12-08 14:34:42.302 DEBUG c.z.h.p.HikariPool:335 - HikariPool-1 - Add connection elided, waiting=0, adders pending/running=2
2023-12-08 14:34:42.306 DEBUG c.z.h.p.HikariPool:738 - HikariPool-1 - Added connection com.mysql.cj.jdbc.ConnectionImpl@778c66b1
2023-12-08 14:34:42.361 DEBUG c.z.h.p.HikariPool:738 - HikariPool-1 - Added connection com.mysql.cj.jdbc.ConnectionImpl@2d7fea95
2023-12-08 14:34:42.818 DEBUG c.z.h.p.PoolBase:132 - HikariPool-1 - Closing connection com.mysql.cj.jdbc.ConnectionImpl@2c732b5: (connection has passed maxLifetime)
2023-12-08 14:34:42.859 DEBUG c.z.h.p.HikariPool:738 - HikariPool-1 - Added connection com.mysql.cj.jdbc.ConnectionImpl@554bff8b
2023-12-08 14:34:43.103 DEBUG c.z.h.p.PoolBase:132 - HikariPool-1 - Closing connection com.mysql.cj.jdbc.ConnectionImpl@2deec2cc: (connection has passed maxLifetime)
2023-12-08 14:34:43.126 DEBUG c.z.h.p.HikariPool:738 - HikariPool-1 - Added connection com.mysql.cj.jdbc.ConnectionImpl@2886ac37
2023-12-08 14:34:43.392 DEBUG c.z.h.p.PoolBase:132 - HikariPool-1 - Closing connection com.mysql.cj.jdbc.ConnectionImpl@33cd28e8: (connection has passed maxLifetime)
2023-12-08 14:34:43.415 DEBUG c.z.h.p.HikariPool:738 - HikariPool-1 - Added connection com.mysql.cj.jdbc.ConnectionImpl@562e3391
2023-12-08 14:34:43.789 DEBUG c.z.h.p.PoolBase:132 - HikariPool-1 - Closing connection com.mysql.cj.jdbc.ConnectionImpl@2f9e96b5: (connection has passed maxLifetime)
2023-12-08 14:34:43.808 DEBUG c.z.h.p.HikariPool:738 - HikariPool-1 - Added connection com.mysql.cj.jdbc.ConnectionImpl@4ffa48ba
2023-12-08 14:34:44.054 DEBUG c.z.h.p.PoolBase:132 - HikariPool-1 - Closing connection com.mysql.cj.jdbc.ConnectionImpl@679afd0f: (connection has passed maxLifetime)
2023-12-08 14:34:44.073 DEBUG c.z.h.p.HikariPool:738 - HikariPool-1 - Added connection com.mysql.cj.jdbc.ConnectionImpl@2df85bdd
2023-12-08 14:34:45.057 DEBUG c.z.h.p.PoolBase:132 - HikariPool-1 - Closing connection com.mysql.cj.jdbc.ConnectionImpl@5da2e337: (connection has passed maxLifetime)
2023-12-08 14:34:45.091 DEBUG c.z.h.p.HikariPool:738 - HikariPool-1 - Added connection com.mysql.cj.jdbc.ConnectionImpl@678301b4
2023-12-08 14:34:47.095 DEBUG c.z.h.p.PoolBase:132 - HikariPool-1 - Closing connection com.mysql.cj.jdbc.ConnectionImpl@f2a3e91: (connection has passed maxLifetime)
2023-12-08 14:34:47.146 DEBUG c.z.h.p.HikariPool:738 - HikariPool-1 - Added connection com.mysql.cj.jdbc.ConnectionImpl@685a6be1
2023-12-08 14:34:48.700 DEBUG c.z.h.p.PoolBase:132 - HikariPool-1 - Closing connection com.mysql.cj.jdbc.ConnectionImpl@3bf7db0a: (connection has passed maxLifetime)
2023-12-08 14:34:48.738 DEBUG c.z.h.p.HikariPool:738 - HikariPool-1 - Added connection com.mysql.cj.jdbc.ConnectionImpl@64b79cfc
