2023-12-08 11:35:05.835 DEBUG o.s.w.s.DispatcherServlet:120 - POST "/createBlockMobile/42", parameters={}
2023-12-08 11:35:05.838 DEBUG o.s.w.s.m.m.a.RequestMappingHandlerMapping:528 - Mapped to com.mobitel.smsblock.controller.SmsBlockBlacklistController#saveSmsBlockBlacklist(SmsBlockBlacklistDto, SmsBlockMobile)
2023-12-08 11:35:05.839 DEBUG o.s.o.j.s.OpenEntityManagerInViewInterceptor:86 - Opening JPA EntityManager in OpenEntityManagerInViewInterceptor
2023-12-08 11:35:05.840 DEBUG o.s.w.s.m.m.a.RequestResponseBodyMethodProcessor:120 - Read "application/json;charset=UTF-8" to [com.mobitel.smsblock.dto.SmsBlockBlacklistDto@45639d3a]
2023-12-08 11:35:05.841 DEBUG o.s.o.j.JpaTransactionManager:374 - Found thread-bound EntityManager [SessionImpl(1398970836<open>)] for JPA transaction
2023-12-08 11:35:05.842 DEBUG o.s.o.j.JpaTransactionManager:370 - Creating new transaction with name [org.springframework.data.jpa.repository.support.SimpleJpaRepository.findById]: PROPAGATION_REQUIRED,ISOLATION_DEFAULT,readOnly
2023-12-08 11:35:05.843 DEBUG o.s.j.d.DataSourceUtils:188 - Setting JDBC Connection [HikariProxyConnection@1498524864 wrapping com.mysql.cj.jdbc.ConnectionImpl@5ea66931] read-only
2023-12-08 11:35:05.844 DEBUG o.h.e.t.i.TransactionImpl:53 - On TransactionImpl creation, JpaCompliance#isJpaTransactionComplianceEnabled == false
2023-12-08 11:35:05.844 DEBUG o.h.e.t.i.TransactionImpl:81 - begin
2023-12-08 11:35:05.845 DEBUG o.s.o.j.JpaTransactionManager:439 - Exposing JPA transaction as JDBC [org.springframework.orm.jpa.vendor.HibernateJpaDialect$HibernateConnectionHandle@35c68382]
2023-12-08 11:35:05.846 DEBUG o.h.o.s.exec:455 - Skipping reading Query result cache data: cache-enabled = false, cache-mode = IGNORE
2023-12-08 11:35:05.847 DEBUG o.h.o.results:76 - Initializer list:
	  com.mobitel.smsblock.entity.SmsBlockMobile -> EntityResultInitializer(com.mobitel.smsblock.entity.SmsBlockMobile)@1629818454 (SingleTableEntityPersister(com.mobitel.smsblock.entity.SmsBlockMobile))

2023-12-08 11:35:05.847 DEBUG o.h.SQL:133 - select s1_0.id,s1_0.activated_on,s1_0.added_by,s1_0.comment,s1_0.deactivated_by,s1_0.deactivated_on,s1_0.mobile_no,s1_0.status from sms_block_mobile s1_0 where s1_0.id=?
2023-12-08 11:35:05.848 DEBUG o.h.o.r.l.entity:300 - (EntityResultInitializer) Hydrated EntityKey (com.mobitel.smsblock.entity.SmsBlockMobile): 42
2023-12-08 11:35:05.849 DEBUG o.h.o.r.l.entity:689 - (EntityResultInitializer) Created new entity instance [com.mobitel.smsblock.entity.SmsBlockMobile#42] : 662313255
2023-12-08 11:35:05.849 DEBUG o.h.o.results:61 - Extracted JDBC value [1] - [2023-12-05 10:49:59.0]
2023-12-08 11:35:05.849 DEBUG o.h.o.results:61 - Extracted JDBC value [2] - [jhhj]
2023-12-08 11:35:05.849 DEBUG o.h.o.results:61 - Extracted JDBC value [3] - [null]
2023-12-08 11:35:05.850 DEBUG o.h.o.results:61 - Extracted JDBC value [4] - [null]
2023-12-08 11:35:05.850 DEBUG o.h.o.results:61 - Extracted JDBC value [5] - [null]
2023-12-08 11:35:05.850 DEBUG o.h.o.results:61 - Extracted JDBC value [6] - [+0712397911]
2023-12-08 11:35:05.850 DEBUG o.h.o.results:61 - Extracted JDBC value [7] - [ACT]
2023-12-08 11:35:05.851 DEBUG o.h.o.r.l.entity:889 - (EntityResultInitializer) Done materializing entityInstance : com.mobitel.smsblock.entity.SmsBlockMobile#42
2023-12-08 11:35:05.851 DEBUG o.h.o.r.loading:93 - Calling top-level assembler (0 / 1) : org.hibernate.sql.results.graph.entity.internal.EntityAssembler@6e64e420
2023-12-08 11:35:05.851 DEBUG o.s.o.j.JpaTransactionManager:740 - Initiating transaction commit
2023-12-08 11:35:05.851 DEBUG o.s.o.j.JpaTransactionManager:556 - Committing JPA transaction on EntityManager [SessionImpl(1398970836<open>)]
2023-12-08 11:35:05.852 DEBUG o.h.e.t.i.TransactionImpl:98 - committing
2023-12-08 11:35:05.852 DEBUG o.s.j.d.DataSourceUtils:252 - Resetting read-only flag of JDBC Connection [HikariProxyConnection@1498524864 wrapping com.mysql.cj.jdbc.ConnectionImpl@5ea66931]
2023-12-08 11:35:05.853 DEBUG o.s.o.j.JpaTransactionManager:652 - Not closing pre-bound JPA EntityManager after transaction
2023-12-08 11:35:05.854 DEBUG o.s.w.s.m.m.a.HttpEntityMethodProcessor:275 - Using 'application/json', given [application/json, text/plain, */*] and supported [text/plain, */*, application/json, application/*+json]
2023-12-08 11:35:05.854 DEBUG o.s.w.s.m.m.a.HttpEntityMethodProcessor:120 - Writing ["Phone number cannot be null or empty"]
2023-12-08 11:35:05.855 DEBUG o.s.o.j.s.OpenEntityManagerInViewInterceptor:111 - Closing JPA EntityManager in OpenEntityManagerInViewInterceptor
2023-12-08 11:35:05.856 DEBUG o.s.w.s.DispatcherServlet:1135 - Completed 400 BAD_REQUEST
2023-12-08 11:35:23.944 DEBUG c.z.h.p.HikariPool:414 - HikariPool-1 - Before cleanup stats (total=50, active=0, idle=50, waiting=0)
2023-12-08 11:35:23.945 DEBUG c.z.h.p.HikariPool:414 - HikariPool-1 - After cleanup  stats (total=50, active=0, idle=50, waiting=0)
2023-12-08 11:35:23.945 DEBUG c.z.h.p.HikariPool:521 - HikariPool-1 - Fill pool skipped, pool has sufficient level or currently being filled (queueDepth=0).
2023-12-08 11:35:36.223 DEBUG o.s.w.s.DispatcherServlet:120 - POST "/createMobile", parameters={}
2023-12-08 11:35:36.224 DEBUG o.s.w.s.m.m.a.RequestMappingHandlerMapping:528 - Mapped to com.mobitel.smsblock.controller.SmsBlockMobileController#saveSmsBlockMobile(SmsBlockMobileDto)
2023-12-08 11:35:36.225 DEBUG o.s.o.j.s.OpenEntityManagerInViewInterceptor:86 - Opening JPA EntityManager in OpenEntityManagerInViewInterceptor
2023-12-08 11:35:36.226 DEBUG o.s.w.s.m.m.a.RequestResponseBodyMethodProcessor:120 - Read "application/json;charset=UTF-8" to [com.mobitel.smsblock.dto.SmsBlockMobileDto@1fc18662]
2023-12-08 11:35:36.226 DEBUG o.s.w.s.m.m.a.HttpEntityMethodProcessor:275 - Using 'application/json', given [application/json, text/plain, */*] and supported [application/json, application/*+json]
2023-12-08 11:35:36.227 DEBUG o.s.w.s.m.m.a.HttpEntityMethodProcessor:305 - Nothing to write: null body
2023-12-08 11:35:36.227 DEBUG o.s.o.j.s.OpenEntityManagerInViewInterceptor:111 - Closing JPA EntityManager in OpenEntityManagerInViewInterceptor
2023-12-08 11:35:36.228 DEBUG o.s.w.s.DispatcherServlet:1135 - Completed 400 BAD_REQUEST
2023-12-08 11:35:53.956 DEBUG c.z.h.p.HikariPool:414 - HikariPool-1 - Before cleanup stats (total=50, active=0, idle=50, waiting=0)
2023-12-08 11:35:53.956 DEBUG c.z.h.p.HikariPool:414 - HikariPool-1 - After cleanup  stats (total=50, active=0, idle=50, waiting=0)
2023-12-08 11:35:53.957 DEBUG c.z.h.p.HikariPool:521 - HikariPool-1 - Fill pool skipped, pool has sufficient level or currently being filled (queueDepth=0).
2023-12-08 11:36:23.961 DEBUG c.z.h.p.HikariPool:414 - HikariPool-1 - Before cleanup stats (total=50, active=0, idle=50, waiting=0)
2023-12-08 11:36:23.962 DEBUG c.z.h.p.HikariPool:414 - HikariPool-1 - After cleanup  stats (total=50, active=0, idle=50, waiting=0)
2023-12-08 11:36:23.963 DEBUG c.z.h.p.HikariPool:521 - HikariPool-1 - Fill pool skipped, pool has sufficient level or currently being filled (queueDepth=0).
2023-12-08 11:36:53.970 DEBUG c.z.h.p.HikariPool:414 - HikariPool-1 - Before cleanup stats (total=50, active=0, idle=50, waiting=0)
2023-12-08 11:36:53.971 DEBUG c.z.h.p.HikariPool:414 - HikariPool-1 - After cleanup  stats (total=50, active=0, idle=50, waiting=0)
2023-12-08 11:36:53.971 DEBUG c.z.h.p.HikariPool:521 - HikariPool-1 - Fill pool skipped, pool has sufficient level or currently being filled (queueDepth=0).
2023-12-08 11:37:23.979 DEBUG c.z.h.p.HikariPool:414 - HikariPool-1 - Before cleanup stats (total=50, active=0, idle=50, waiting=0)
2023-12-08 11:37:23.979 DEBUG c.z.h.p.HikariPool:414 - HikariPool-1 - After cleanup  stats (total=50, active=0, idle=50, waiting=0)
2023-12-08 11:37:23.980 DEBUG c.z.h.p.HikariPool:521 - HikariPool-1 - Fill pool skipped, pool has sufficient level or currently being filled (queueDepth=0).
2023-12-08 11:37:53.987 DEBUG c.z.h.p.HikariPool:414 - HikariPool-1 - Before cleanup stats (total=50, active=0, idle=50, waiting=0)
2023-12-08 11:37:53.988 DEBUG c.z.h.p.HikariPool:414 - HikariPool-1 - After cleanup  stats (total=50, active=0, idle=50, waiting=0)
2023-12-08 11:37:53.988 DEBUG c.z.h.p.HikariPool:521 - HikariPool-1 - Fill pool skipped, pool has sufficient level or currently being filled (queueDepth=0).
2023-12-08 11:37:56.878 DEBUG o.s.w.s.DispatcherServlet:120 - OPTIONS "/deleteBlacklistMobile/", parameters={}
2023-12-08 11:37:56.878 DEBUG o.s.w.s.h.SimpleUrlHandlerMapping:528 - Mapped to ResourceHttpRequestHandler [classpath [META-INF/resources/], classpath [resources/], classpath [static/], classpath [public/], ServletContext [/]]
2023-12-08 11:37:56.879 DEBUG o.s.o.j.s.OpenEntityManagerInViewInterceptor:86 - Opening JPA EntityManager in OpenEntityManagerInViewInterceptor
2023-12-08 11:37:56.880 DEBUG o.s.o.j.s.OpenEntityManagerInViewInterceptor:111 - Closing JPA EntityManager in OpenEntityManagerInViewInterceptor
2023-12-08 11:37:56.880 DEBUG o.s.w.s.DispatcherServlet:1135 - Completed 403 FORBIDDEN
2023-12-08 11:38:24.000 DEBUG c.z.h.p.HikariPool:414 - HikariPool-1 - Before cleanup stats (total=50, active=0, idle=50, waiting=0)
2023-12-08 11:38:24.002 DEBUG c.z.h.p.HikariPool:414 - HikariPool-1 - After cleanup  stats (total=50, active=0, idle=50, waiting=0)
2023-12-08 11:38:24.003 DEBUG c.z.h.p.HikariPool:521 - HikariPool-1 - Fill pool skipped, pool has sufficient level or currently being filled (queueDepth=0).
2023-12-08 11:38:53.330 DEBUG o.s.w.s.DispatcherServlet:120 - POST "/createBlockMobile/undefined", parameters={}
2023-12-08 11:38:53.332 DEBUG o.s.w.s.m.m.a.RequestMappingHandlerMapping:528 - Mapped to com.mobitel.smsblock.controller.SmsBlockBlacklistController#saveSmsBlockBlacklist(SmsBlockBlacklistDto, SmsBlockMobile)
2023-12-08 11:38:53.333 DEBUG o.s.o.j.s.OpenEntityManagerInViewInterceptor:86 - Opening JPA EntityManager in OpenEntityManagerInViewInterceptor
2023-12-08 11:38:53.334 DEBUG o.s.w.s.m.m.a.RequestResponseBodyMethodProcessor:120 - Read "application/json;charset=UTF-8" to [com.mobitel.smsblock.dto.SmsBlockBlacklistDto@6b819bc2]
2023-12-08 11:38:53.335 DEBUG o.s.w.m.HandlerMethod:186 - Could not resolve parameter [1] in public org.springframework.http.ResponseEntity<java.lang.String> com.mobitel.smsblock.controller.SmsBlockBlacklistController.saveSmsBlockBlacklist(com.mobitel.smsblock.dto.SmsBlockBlacklistDto,com.mobitel.smsblock.entity.SmsBlockMobile): Failed to convert value of type 'java.lang.String' to required type 'com.mobitel.smsblock.entity.SmsBlockMobile'; Failed to convert from type [java.lang.String] to type [java.lang.Integer] for value [undefined]
2023-12-08 11:38:53.335  WARN o.s.w.s.m.s.DefaultHandlerExceptionResolver:207 - Resolved [org.springframework.web.method.annotation.MethodArgumentTypeMismatchException: Failed to convert value of type 'java.lang.String' to required type 'com.mobitel.smsblock.entity.SmsBlockMobile'; Failed to convert from type [java.lang.String] to type [java.lang.Integer] for value [undefined]]
2023-12-08 11:38:53.336 DEBUG o.s.o.j.s.OpenEntityManagerInViewInterceptor:111 - Closing JPA EntityManager in OpenEntityManagerInViewInterceptor
2023-12-08 11:38:53.336 DEBUG o.s.w.s.DispatcherServlet:1135 - Completed 400 BAD_REQUEST
2023-12-08 11:38:53.336 DEBUG o.s.w.s.DispatcherServlet:120 - "ERROR" dispatch for POST "/error", parameters={}
2023-12-08 11:38:53.337 DEBUG o.s.w.s.m.m.a.RequestMappingHandlerMapping:528 - Mapped to org.springframework.boot.autoconfigure.web.servlet.error.BasicErrorController#error(HttpServletRequest)
2023-12-08 11:38:53.337 DEBUG o.s.o.j.s.OpenEntityManagerInViewInterceptor:86 - Opening JPA EntityManager in OpenEntityManagerInViewInterceptor
2023-12-08 11:38:53.337 DEBUG o.s.w.s.m.m.a.HttpEntityMethodProcessor:275 - Using 'application/json', given [application/json, text/plain, */*] and supported [application/json, application/*+json]
2023-12-08 11:38:53.338 DEBUG o.s.w.s.m.m.a.HttpEntityMethodProcessor:120 - Writing [{timestamp=Fri Dec 08 11:38:53 IST 2023, status=400, error=Bad Request, path=/createBlockMobile/unde (truncated)...]
2023-12-08 11:38:53.339 DEBUG o.s.o.j.s.OpenEntityManagerInViewInterceptor:111 - Closing JPA EntityManager in OpenEntityManagerInViewInterceptor
2023-12-08 11:38:53.341 DEBUG o.s.w.s.DispatcherServlet:1132 - Exiting from "ERROR" dispatch, status 400
2023-12-08 11:38:54.015 DEBUG c.z.h.p.HikariPool:414 - HikariPool-1 - Before cleanup stats (total=50, active=0, idle=50, waiting=0)
2023-12-08 11:38:54.015 DEBUG c.z.h.p.HikariPool:414 - HikariPool-1 - After cleanup  stats (total=50, active=0, idle=50, waiting=0)
2023-12-08 11:38:54.015 DEBUG c.z.h.p.HikariPool:521 - HikariPool-1 - Fill pool skipped, pool has sufficient level or currently being filled (queueDepth=0).
2023-12-08 11:39:02.534 DEBUG o.s.w.s.DispatcherServlet:120 - POST "/createBlockMobile/42", parameters={}
2023-12-08 11:39:02.535 DEBUG o.s.w.s.m.m.a.RequestMappingHandlerMapping:528 - Mapped to com.mobitel.smsblock.controller.SmsBlockBlacklistController#saveSmsBlockBlacklist(SmsBlockBlacklistDto, SmsBlockMobile)
2023-12-08 11:39:02.535 DEBUG o.s.o.j.s.OpenEntityManagerInViewInterceptor:86 - Opening JPA EntityManager in OpenEntityManagerInViewInterceptor
2023-12-08 11:39:02.537 DEBUG o.s.w.s.m.m.a.RequestResponseBodyMethodProcessor:120 - Read "application/json;charset=UTF-8" to [com.mobitel.smsblock.dto.SmsBlockBlacklistDto@1d40f944]
2023-12-08 11:39:02.538 DEBUG o.s.o.j.JpaTransactionManager:374 - Found thread-bound EntityManager [SessionImpl(181927235<open>)] for JPA transaction
2023-12-08 11:39:02.538 DEBUG o.s.o.j.JpaTransactionManager:370 - Creating new transaction with name [org.springframework.data.jpa.repository.support.SimpleJpaRepository.findById]: PROPAGATION_REQUIRED,ISOLATION_DEFAULT,readOnly
2023-12-08 11:39:02.539 DEBUG o.s.j.d.DataSourceUtils:188 - Setting JDBC Connection [HikariProxyConnection@1220956071 wrapping com.mysql.cj.jdbc.ConnectionImpl@5ea66931] read-only
2023-12-08 11:39:02.540 DEBUG o.h.e.t.i.TransactionImpl:53 - On TransactionImpl creation, JpaCompliance#isJpaTransactionComplianceEnabled == false
2023-12-08 11:39:02.540 DEBUG o.h.e.t.i.TransactionImpl:81 - begin
2023-12-08 11:39:02.541 DEBUG o.s.o.j.JpaTransactionManager:439 - Exposing JPA transaction as JDBC [org.springframework.orm.jpa.vendor.HibernateJpaDialect$HibernateConnectionHandle@159786a7]
2023-12-08 11:39:02.542 DEBUG o.h.o.s.exec:455 - Skipping reading Query result cache data: cache-enabled = false, cache-mode = IGNORE
2023-12-08 11:39:02.542 DEBUG o.h.o.results:76 - Initializer list:
	  com.mobitel.smsblock.entity.SmsBlockMobile -> EntityResultInitializer(com.mobitel.smsblock.entity.SmsBlockMobile)@252172168 (SingleTableEntityPersister(com.mobitel.smsblock.entity.SmsBlockMobile))

2023-12-08 11:39:02.543 DEBUG o.h.SQL:133 - select s1_0.id,s1_0.activated_on,s1_0.added_by,s1_0.comment,s1_0.deactivated_by,s1_0.deactivated_on,s1_0.mobile_no,s1_0.status from sms_block_mobile s1_0 where s1_0.id=?
2023-12-08 11:39:02.545 DEBUG o.h.o.r.l.entity:300 - (EntityResultInitializer) Hydrated EntityKey (com.mobitel.smsblock.entity.SmsBlockMobile): 42
2023-12-08 11:39:02.545 DEBUG o.h.o.r.l.entity:689 - (EntityResultInitializer) Created new entity instance [com.mobitel.smsblock.entity.SmsBlockMobile#42] : 1774571871
2023-12-08 11:39:02.546 DEBUG o.h.o.results:61 - Extracted JDBC value [1] - [2023-12-05 10:49:59.0]
2023-12-08 11:39:02.546 DEBUG o.h.o.results:61 - Extracted JDBC value [2] - [jhhj]
2023-12-08 11:39:02.547 DEBUG o.h.o.results:61 - Extracted JDBC value [3] - [null]
2023-12-08 11:39:02.547 DEBUG o.h.o.results:61 - Extracted JDBC value [4] - [null]
2023-12-08 11:39:02.548 DEBUG o.h.o.results:61 - Extracted JDBC value [5] - [null]
2023-12-08 11:39:02.549 DEBUG o.h.o.results:61 - Extracted JDBC value [6] - [+0712397911]
2023-12-08 11:39:02.549 DEBUG o.h.o.results:61 - Extracted JDBC value [7] - [ACT]
2023-12-08 11:39:02.550 DEBUG o.h.o.r.l.entity:889 - (EntityResultInitializer) Done materializing entityInstance : com.mobitel.smsblock.entity.SmsBlockMobile#42
2023-12-08 11:39:02.551 DEBUG o.h.o.r.loading:93 - Calling top-level assembler (0 / 1) : org.hibernate.sql.results.graph.entity.internal.EntityAssembler@584fe078
2023-12-08 11:39:02.551 DEBUG o.s.o.j.JpaTransactionManager:740 - Initiating transaction commit
2023-12-08 11:39:02.552 DEBUG o.s.o.j.JpaTransactionManager:556 - Committing JPA transaction on EntityManager [SessionImpl(181927235<open>)]
2023-12-08 11:39:02.552 DEBUG o.h.e.t.i.TransactionImpl:98 - committing
2023-12-08 11:39:02.554 DEBUG o.s.j.d.DataSourceUtils:252 - Resetting read-only flag of JDBC Connection [HikariProxyConnection@1220956071 wrapping com.mysql.cj.jdbc.ConnectionImpl@5ea66931]
2023-12-08 11:39:02.554 DEBUG o.s.o.j.JpaTransactionManager:652 - Not closing pre-bound JPA EntityManager after transaction
2023-12-08 11:39:02.555 DEBUG o.s.w.s.m.m.a.HttpEntityMethodProcessor:275 - Using 'application/json', given [application/json, text/plain, */*] and supported [text/plain, */*, application/json, application/*+json]
2023-12-08 11:39:02.555 DEBUG o.s.w.s.m.m.a.HttpEntityMethodProcessor:120 - Writing ["Phone number cannot be null or empty"]
2023-12-08 11:39:02.557 DEBUG o.s.o.j.s.OpenEntityManagerInViewInterceptor:111 - Closing JPA EntityManager in OpenEntityManagerInViewInterceptor
2023-12-08 11:39:02.558 DEBUG o.s.w.s.DispatcherServlet:1135 - Completed 400 BAD_REQUEST
