2023-12-08 15:17:40.712 DEBUG o.s.w.s.DispatcherServlet:120 - PUT "/deleteBlacklistMobile/0998978674", parameters={}
2023-12-08 15:17:40.716 DEBUG o.s.w.s.m.m.a.RequestMappingHandlerMapping:528 - Mapped to com.mobitel.smsblock.controller.SmsBlockBlacklistController#deactivateSmsBlacklistMobile(SmsBlockBlacklistDto)
2023-12-08 15:17:40.717 DEBUG o.s.o.j.s.OpenEntityManagerInViewInterceptor:86 - Opening JPA EntityManager in OpenEntityManagerInViewInterceptor
2023-12-08 15:17:40.719 DEBUG o.s.w.s.m.m.a.RequestResponseBodyMethodProcessor:120 - Read "application/json;charset=UTF-8" to [com.mobitel.smsblock.dto.SmsBlockBlacklistDto@3c0b03c7]
2023-12-08 15:17:40.720 DEBUG o.h.o.s.a.create:33 - Created new SQL alias : s1_0
2023-12-08 15:17:40.722 DEBUG o.h.o.s.a.create:98 - Registration of TableGroup [StandardTableGroup(com.mobitel.smsblock.entity.SmsBlockBlacklist(1545793118366300))] with identifierForTableGroup [com.mobitel.smsblock.entity.SmsBlockBlacklist] for NavigablePath [com.mobitel.smsblock.entity.SmsBlockBlacklist] 
2023-12-08 15:17:40.723 DEBUG o.h.o.s.a.create:98 - Registration of TableGroup [org.hibernate.sql.ast.tree.from.LazyTableGroup@39e66766] with identifierForTableGroup [com.mobitel.smsblock.entity.SmsBlockBlacklist.smsBlockMobile] for NavigablePath [com.mobitel.smsblock.entity.SmsBlockBlacklist.smsBlockMobile] 
2023-12-08 15:17:40.723 DEBUG o.h.q.s.s.BaseSqmToSqlAstConverter:5700 - Determining mapping-model type for SqmParameter : org.hibernate.query.sqm.tree.expression.SqmJpaCriteriaParameterWrapper@616f0a0e
2023-12-08 15:17:40.724 DEBUG o.h.q.s.s.BaseSqmToSqlAstConverter:5590 - Determining mapping-model type for SqmPath : SqmBasicValuedSimplePath(com.mobitel.smsblock.entity.SmsBlockBlacklist(1545793118366300).blacklistMobile) 
2023-12-08 15:17:40.724 DEBUG o.h.o.r.g.AST:67 - DomainResult Graph:
 \-EntityResultImpl [com.mobitel.smsblock.entity.SmsBlockBlacklist(1545793118366300)]
 |  +-BasicFetch [com.mobitel.smsblock.entity.SmsBlockBlacklist(1545793118366300).activatedOn]
 |  +-BasicFetch [com.mobitel.smsblock.entity.SmsBlockBlacklist(1545793118366300).addedBy]
 |  +-BasicFetch [com.mobitel.smsblock.entity.SmsBlockBlacklist(1545793118366300).blacklistMobile]
 |  +-BasicFetch [com.mobitel.smsblock.entity.SmsBlockBlacklist(1545793118366300).comment]
 |  +-BasicFetch [com.mobitel.smsblock.entity.SmsBlockBlacklist(1545793118366300).deactivatedBy]
 |  +-BasicFetch [com.mobitel.smsblock.entity.SmsBlockBlacklist(1545793118366300).deactivatedOn]
 |  +-EntityFetchSelectImpl [com.mobitel.smsblock.entity.SmsBlockBlacklist(1545793118366300).smsBlockMobile]
 |  \-BasicFetch [com.mobitel.smsblock.entity.SmsBlockBlacklist(1545793118366300).status]

2023-12-08 15:17:40.725 DEBUG o.h.o.s.a.tree:46 - SQL AST Tree:
    SelectStatement {
      FromClause {
        StandardTableGroup (s1 : com.mobitel.smsblock.entity.SmsBlockBlacklist(1545793118366300)) {
          primaryTableReference : sms_block_blacklisted_mobile as s1_0
          TableGroupJoins {
            left  join LazyTableGroup (s2 : com.mobitel.smsblock.entity.SmsBlockBlacklist(1545793118366300).smsBlockMobile) {
            }
          }
        }
      }
    }

2023-12-08 15:17:40.725 DEBUG o.h.o.s.exec:455 - Skipping reading Query result cache data: cache-enabled = false, cache-mode = NORMAL
2023-12-08 15:17:40.726 DEBUG o.h.o.results:76 - Initializer list:
	  com.mobitel.smsblock.entity.SmsBlockBlacklist(1545793118366300).smsBlockMobile -> EntitySelectFetchInitializer(com.mobitel.smsblock.entity.SmsBlockBlacklist(1545793118366300).smsBlockMobile)@1152450656 (ToOneAttributeMapping(NavigableRole[com.mobitel.smsblock.entity.SmsBlockBlacklist.smsBlockMobile])@63001427)
	  com.mobitel.smsblock.entity.SmsBlockBlacklist(1545793118366300) -> EntityResultInitializer(com.mobitel.smsblock.entity.SmsBlockBlacklist(1545793118366300))@1097786030 (SingleTableEntityPersister(com.mobitel.smsblock.entity.SmsBlockBlacklist))

2023-12-08 15:17:40.726 DEBUG o.h.SQL:133 - select s1_0.id,s1_0.activated_on,s1_0.added_by,s1_0.blacklist_mobile,s1_0.comment,s1_0.deactivated_by,s1_0.deactivated_on,s1_0.sms_block_mobile_id,s1_0.status from sms_block_blacklisted_mobile s1_0 where s1_0.blacklist_mobile=?
2023-12-08 15:17:40.729 DEBUG o.h.o.results:61 - Extracted JDBC value [0] - [64]
2023-12-08 15:17:40.729 DEBUG o.h.o.r.l.entity:300 - (EntityResultInitializer) Hydrated EntityKey (com.mobitel.smsblock.entity.SmsBlockBlacklist(1545793118366300)): 64
2023-12-08 15:17:40.730 DEBUG o.h.o.r.l.entity:689 - (EntityResultInitializer) Created new entity instance [com.mobitel.smsblock.entity.SmsBlockBlacklist(1545793118366300)#64] : 1623380730
2023-12-08 15:17:40.730 DEBUG o.h.o.results:61 - Extracted JDBC value [7] - [88]
2023-12-08 15:17:40.731 DEBUG o.h.o.r.l.entity:190 - (EntitySelectFetchInitializer) Invoking session#internalLoad for entity (com.mobitel.smsblock.entity.SmsBlockBlacklist(1545793118366300).smsBlockMobile#88) : 88
2023-12-08 15:17:40.731 DEBUG o.h.o.s.exec:455 - Skipping reading Query result cache data: cache-enabled = false, cache-mode = IGNORE
2023-12-08 15:17:40.732 DEBUG o.h.o.results:76 - Initializer list:
	  com.mobitel.smsblock.entity.SmsBlockMobile -> EntityResultInitializer(com.mobitel.smsblock.entity.SmsBlockMobile)@1452222430 (SingleTableEntityPersister(com.mobitel.smsblock.entity.SmsBlockMobile))

2023-12-08 15:17:40.732 DEBUG o.h.SQL:133 - select s1_0.id,s1_0.activated_on,s1_0.added_by,s1_0.comment,s1_0.deactivated_by,s1_0.deactivated_on,s1_0.mobile_no,s1_0.status from sms_block_mobile s1_0 where s1_0.id=?
2023-12-08 15:17:40.734 DEBUG o.h.o.r.l.entity:300 - (EntityResultInitializer) Hydrated EntityKey (com.mobitel.smsblock.entity.SmsBlockMobile): 88
2023-12-08 15:17:40.734 DEBUG o.h.o.r.l.entity:689 - (EntityResultInitializer) Created new entity instance [com.mobitel.smsblock.entity.SmsBlockMobile#88] : 1875617486
2023-12-08 15:17:40.734 DEBUG o.h.o.results:61 - Extracted JDBC value [1] - [2023-12-08 15:17:16.0]
2023-12-08 15:17:40.734 DEBUG o.h.o.results:61 - Extracted JDBC value [2] - [fuyju]
2023-12-08 15:17:40.735 DEBUG o.h.o.results:61 - Extracted JDBC value [3] - [null]
2023-12-08 15:17:40.735 DEBUG o.h.o.results:61 - Extracted JDBC value [4] - [null]
2023-12-08 15:17:40.735 DEBUG o.h.o.results:61 - Extracted JDBC value [5] - [null]
2023-12-08 15:17:40.735 DEBUG o.h.o.results:61 - Extracted JDBC value [6] - [0998978674]
2023-12-08 15:17:40.736 DEBUG o.h.o.results:61 - Extracted JDBC value [7] - [ACT]
2023-12-08 15:17:40.736 DEBUG o.h.o.r.l.entity:889 - (EntityResultInitializer) Done materializing entityInstance : com.mobitel.smsblock.entity.SmsBlockMobile#88
2023-12-08 15:17:40.736 DEBUG o.h.o.r.loading:93 - Calling top-level assembler (0 / 1) : org.hibernate.sql.results.graph.entity.internal.EntityAssembler@40d5cd3e
2023-12-08 15:17:40.737 DEBUG o.h.o.r.l.entity:216 - (EntitySelectFetchInitializer) Entity [com.mobitel.smsblock.entity.SmsBlockBlacklist(1545793118366300).smsBlockMobile#88] : 88 has being loaded by session.internalLoad.
2023-12-08 15:17:40.737 DEBUG o.h.o.results:61 - Extracted JDBC value [1] - [2023-12-08 15:17:23.0]
2023-12-08 15:17:40.737 DEBUG o.h.o.results:61 - Extracted JDBC value [2] - [fuyju]
2023-12-08 15:17:40.738 DEBUG o.h.o.results:61 - Extracted JDBC value [3] - [0998978674]
2023-12-08 15:17:40.738 DEBUG o.h.o.results:61 - Extracted JDBC value [4] - [null]
2023-12-08 15:17:40.738 DEBUG o.h.o.results:61 - Extracted JDBC value [5] - [fuyju]
2023-12-08 15:17:40.738 DEBUG o.h.o.results:61 - Extracted JDBC value [6] - [2023-12-08 15:17:31.0]
2023-12-08 15:17:40.738 DEBUG o.h.o.results:61 - Extracted JDBC value [8] - [DEACT]
2023-12-08 15:17:40.739 DEBUG o.h.o.r.l.entity:889 - (EntityResultInitializer) Done materializing entityInstance : com.mobitel.smsblock.entity.SmsBlockBlacklist(1545793118366300)#64
2023-12-08 15:17:40.739 DEBUG o.h.o.r.loading:93 - Calling top-level assembler (0 / 1) : org.hibernate.sql.results.graph.entity.internal.EntityAssembler@570326e5
2023-12-08 15:17:40.739 DEBUG o.h.o.results:61 - Extracted JDBC value [0] - [65]
2023-12-08 15:17:40.740 DEBUG o.h.o.r.l.entity:300 - (EntityResultInitializer) Hydrated EntityKey (com.mobitel.smsblock.entity.SmsBlockBlacklist(1545793118366300)): 65
2023-12-08 15:17:40.740 DEBUG o.h.o.r.l.entity:689 - (EntityResultInitializer) Created new entity instance [com.mobitel.smsblock.entity.SmsBlockBlacklist(1545793118366300)#65] : 1707869981
2023-12-08 15:17:40.741 DEBUG o.h.o.results:61 - Extracted JDBC value [7] - [88]
2023-12-08 15:17:40.741 DEBUG o.h.o.results:61 - Extracted JDBC value [1] - [2023-12-08 15:17:37.0]
2023-12-08 15:17:40.741 DEBUG o.h.o.results:61 - Extracted JDBC value [2] - [fuyju]
2023-12-08 15:17:40.741 DEBUG o.h.o.results:61 - Extracted JDBC value [3] - [0998978674]
2023-12-08 15:17:40.742 DEBUG o.h.o.results:61 - Extracted JDBC value [4] - [null]
2023-12-08 15:17:40.742 DEBUG o.h.o.results:61 - Extracted JDBC value [5] - [null]
2023-12-08 15:17:40.742 DEBUG o.h.o.results:61 - Extracted JDBC value [6] - [null]
2023-12-08 15:17:40.742 DEBUG o.h.o.results:61 - Extracted JDBC value [8] - [ACT]
2023-12-08 15:17:40.742 DEBUG o.h.o.r.l.entity:889 - (EntityResultInitializer) Done materializing entityInstance : com.mobitel.smsblock.entity.SmsBlockBlacklist(1545793118366300)#65
2023-12-08 15:17:40.743 DEBUG o.h.o.r.loading:93 - Calling top-level assembler (0 / 1) : org.hibernate.sql.results.graph.entity.internal.EntityAssembler@570326e5
2023-12-08 15:17:40.744 DEBUG o.s.o.j.JpaTransactionManager:374 - Found thread-bound EntityManager [SessionImpl(699823297<open>)] for JPA transaction
2023-12-08 15:17:40.744 DEBUG o.s.o.j.JpaTransactionManager:370 - Creating new transaction with name [org.springframework.data.jpa.repository.support.SimpleJpaRepository.save]: PROPAGATION_REQUIRED,ISOLATION_DEFAULT
2023-12-08 15:17:40.744 DEBUG o.h.e.t.i.TransactionImpl:53 - On TransactionImpl creation, JpaCompliance#isJpaTransactionComplianceEnabled == false
2023-12-08 15:17:40.744 DEBUG o.h.e.t.i.TransactionImpl:81 - begin
2023-12-08 15:17:40.745 DEBUG o.s.o.j.JpaTransactionManager:439 - Exposing JPA transaction as JDBC [org.springframework.orm.jpa.vendor.HibernateJpaDialect$HibernateConnectionHandle@67cc5b1c]
2023-12-08 15:17:40.745 DEBUG o.h.j.i.PersistenceUnitUtilImpl:89 - jakarta.persistence.PersistenceUnitUtil.getIdentifier is only intended to work with enhanced entities (although Hibernate also adapts this support to its proxies); however the passed entity was not enhanced (nor a proxy).. may not be able to read identifier
2023-12-08 15:17:40.746 DEBUG o.s.o.j.JpaTransactionManager:740 - Initiating transaction commit
2023-12-08 15:17:40.746 DEBUG o.s.o.j.JpaTransactionManager:556 - Committing JPA transaction on EntityManager [SessionImpl(699823297<open>)]
2023-12-08 15:17:40.746 DEBUG o.h.e.t.i.TransactionImpl:98 - committing
2023-12-08 15:17:40.746 DEBUG o.h.e.i.AbstractFlushingEventListener:136 - Processing flush-time cascades
2023-12-08 15:17:40.747 DEBUG o.h.e.i.AbstractFlushingEventListener:185 - Dirty checking collections
2023-12-08 15:17:40.748 DEBUG o.h.e.i.AbstractFlushingEventListener:110 - Flushed: 0 insertions, 1 updates, 0 deletions to 3 objects
2023-12-08 15:17:40.748 DEBUG o.h.e.i.AbstractFlushingEventListener:117 - Flushed: 0 (re)creations, 0 updates, 0 removals to 0 collections
2023-12-08 15:17:40.748 DEBUG o.h.i.u.EntityPrinter:111 - Listing entities:
2023-12-08 15:17:40.748 DEBUG o.h.i.u.EntityPrinter:118 - com.mobitel.smsblock.entity.SmsBlockBlacklist{activatedOn=2023-12-08 15:17:37.0, smsBlockMobile=com.mobitel.smsblock.entity.SmsBlockMobile#88, addedBy=fuyju, deactivatedOn=2023-12-08 15:17:40.7440452, blacklistMobile=0998978674, comment=null, id=65, deactivatedBy=null, status=DEACT}
2023-12-08 15:17:40.748 DEBUG o.h.i.u.EntityPrinter:118 - com.mobitel.smsblock.entity.SmsBlockBlacklist{activatedOn=2023-12-08 15:17:23.0, smsBlockMobile=com.mobitel.smsblock.entity.SmsBlockMobile#88, addedBy=fuyju, deactivatedOn=2023-12-08 15:17:31.0, blacklistMobile=0998978674, comment=null, id=64, deactivatedBy=fuyju, status=DEACT}
2023-12-08 15:17:40.748 DEBUG o.h.i.u.EntityPrinter:118 - com.mobitel.smsblock.entity.SmsBlockMobile{activatedOn=2023-12-08 15:17:16.0, addedBy=fuyju, deactivatedOn=null, comment=null, id=88, mobileNo=0998978674, deactivatedBy=null, status=ACT}
2023-12-08 15:17:40.749 DEBUG o.h.SQL:133 - update sms_block_blacklisted_mobile set activated_on=?,added_by=?,blacklist_mobile=?,comment=?,deactivated_by=?,deactivated_on=?,sms_block_mobile_id=?,status=? where id=?
2023-12-08 15:17:40.824 DEBUG o.s.o.j.JpaTransactionManager:652 - Not closing pre-bound JPA EntityManager after transaction
2023-12-08 15:17:40.827 DEBUG o.s.w.s.m.m.a.HttpEntityMethodProcessor:275 - Using 'application/json', given [application/json, text/plain, */*] and supported [text/plain, */*, application/json, application/*+json]
2023-12-08 15:17:40.828 DEBUG o.s.w.s.m.m.a.HttpEntityMethodProcessor:120 - Writing ["Deactivated"]
2023-12-08 15:17:40.830 DEBUG o.s.o.j.s.OpenEntityManagerInViewInterceptor:111 - Closing JPA EntityManager in OpenEntityManagerInViewInterceptor
2023-12-08 15:17:40.832 DEBUG o.s.w.s.DispatcherServlet:1135 - Completed 200 OK
2023-12-08 15:17:41.068 DEBUG o.s.w.s.DispatcherServlet:120 - GET "/mobile/88", parameters={}
2023-12-08 15:17:41.068 DEBUG o.s.w.s.m.m.a.RequestMappingHandlerMapping:528 - Mapped to com.mobitel.smsblock.controller.SmsBlockBlacklistController#getBlocklistBySmsBlockMobile(Integer)
2023-12-08 15:17:41.069 DEBUG o.s.o.j.s.OpenEntityManagerInViewInterceptor:86 - Opening JPA EntityManager in OpenEntityManagerInViewInterceptor
2023-12-08 15:17:41.071 DEBUG o.h.o.s.exec:455 - Skipping reading Query result cache data: cache-enabled = false, cache-mode = NORMAL
2023-12-08 15:17:41.071 DEBUG o.h.o.results:56 - Initializer list is empty
2023-12-08 15:17:41.072 DEBUG o.h.SQL:133 - select s1_0.blacklist_mobile,s1_0.sms_block_mobile_id,s1_0.comment,s1_0.activated_on,s1_0.added_by from sms_block_blacklisted_mobile s1_0 where s1_0.sms_block_mobile_id=? and s1_0.status='ACT'
2023-12-08 15:17:41.074 DEBUG o.s.w.s.m.m.a.HttpEntityMethodProcessor:275 - Using 'application/json', given [application/json, text/plain, */*] and supported [application/json, application/*+json]
2023-12-08 15:17:41.075 DEBUG o.s.w.s.m.m.a.HttpEntityMethodProcessor:120 - Writing [[]]
2023-12-08 15:17:41.077 DEBUG o.s.o.j.s.OpenEntityManagerInViewInterceptor:111 - Closing JPA EntityManager in OpenEntityManagerInViewInterceptor
2023-12-08 15:17:41.077 DEBUG o.s.w.s.DispatcherServlet:1135 - Completed 200 OK
2023-12-08 15:17:41.081 DEBUG o.s.w.s.DispatcherServlet:120 - GET "/mobile/88", parameters={}
2023-12-08 15:17:41.082 DEBUG o.s.w.s.m.m.a.RequestMappingHandlerMapping:528 - Mapped to com.mobitel.smsblock.controller.SmsBlockBlacklistController#getBlocklistBySmsBlockMobile(Integer)
2023-12-08 15:17:41.083 DEBUG o.s.o.j.s.OpenEntityManagerInViewInterceptor:86 - Opening JPA EntityManager in OpenEntityManagerInViewInterceptor
2023-12-08 15:17:41.085 DEBUG o.h.o.s.exec:455 - Skipping reading Query result cache data: cache-enabled = false, cache-mode = NORMAL
2023-12-08 15:17:41.085 DEBUG o.h.o.results:56 - Initializer list is empty
2023-12-08 15:17:41.086 DEBUG o.h.SQL:133 - select s1_0.blacklist_mobile,s1_0.sms_block_mobile_id,s1_0.comment,s1_0.activated_on,s1_0.added_by from sms_block_blacklisted_mobile s1_0 where s1_0.sms_block_mobile_id=? and s1_0.status='ACT'
2023-12-08 15:17:41.089 DEBUG o.s.w.s.m.m.a.HttpEntityMethodProcessor:275 - Using 'application/json', given [application/json, text/plain, */*] and supported [application/json, application/*+json]
2023-12-08 15:17:41.089 DEBUG o.s.w.s.m.m.a.HttpEntityMethodProcessor:120 - Writing [[]]
2023-12-08 15:17:41.091 DEBUG o.s.o.j.s.OpenEntityManagerInViewInterceptor:111 - Closing JPA EntityManager in OpenEntityManagerInViewInterceptor
2023-12-08 15:17:41.091 DEBUG o.s.w.s.DispatcherServlet:1135 - Completed 200 OK
