2023-12-08 09:32:19.109 DEBUG c.z.h.p.HikariPool:414 - HikariPool-1 - Before cleanup stats (total=50, active=0, idle=50, waiting=0)
2023-12-08 09:32:19.111 DEBUG c.z.h.p.HikariPool:414 - HikariPool-1 - After cleanup  stats (total=50, active=0, idle=50, waiting=0)
2023-12-08 09:32:19.112 DEBUG c.z.h.p.HikariPool:521 - HikariPool-1 - Fill pool skipped, pool has sufficient level or currently being filled (queueDepth=0).
2023-12-08 09:32:44.987 DEBUG o.s.w.s.DispatcherServlet:120 - POST "/createBlockMobile/83", parameters={}
2023-12-08 09:32:44.988 DEBUG o.s.w.s.m.m.a.RequestMappingHandlerMapping:528 - Mapped to com.myproject.smsblock.controller.SmsBlockBlacklistController#saveSmsBlockBlacklist(SmsBlockBlacklistDto, SmsBlockMobile)
2023-12-08 09:32:44.989 DEBUG o.s.o.j.s.OpenEntityManagerInViewInterceptor:86 - Opening JPA EntityManager in OpenEntityManagerInViewInterceptor
2023-12-08 09:32:44.990 DEBUG o.s.w.s.m.m.a.RequestResponseBodyMethodProcessor:120 - Read "application/json;charset=UTF-8" to [com.myproject.smsblock.dto.SmsBlockBlacklistDto@314937fc]
2023-12-08 09:32:44.991 DEBUG o.s.o.j.JpaTransactionManager:374 - Found thread-bound EntityManager [SessionImpl(684663427<open>)] for JPA transaction
2023-12-08 09:32:44.992 DEBUG o.s.o.j.JpaTransactionManager:370 - Creating new transaction with name [org.springframework.data.jpa.repository.support.SimpleJpaRepository.findById]: PROPAGATION_REQUIRED,ISOLATION_DEFAULT,readOnly
2023-12-08 09:32:44.993 DEBUG o.s.j.d.DataSourceUtils:188 - Setting JDBC Connection [HikariProxyConnection@2087152972 wrapping com.mysql.cj.jdbc.ConnectionImpl@577f9dfd] read-only
2023-12-08 09:32:44.994 DEBUG o.h.e.t.i.TransactionImpl:53 - On TransactionImpl creation, JpaCompliance#isJpaTransactionComplianceEnabled == false
2023-12-08 09:32:44.994 DEBUG o.h.e.t.i.TransactionImpl:81 - begin
2023-12-08 09:32:44.995 DEBUG o.s.o.j.JpaTransactionManager:439 - Exposing JPA transaction as JDBC [org.springframework.orm.jpa.vendor.HibernateJpaDialect$HibernateConnectionHandle@5109fa50]
2023-12-08 09:32:44.996 DEBUG o.h.o.s.exec:455 - Skipping reading Query result cache data: cache-enabled = false, cache-mode = IGNORE
2023-12-08 09:32:44.997 DEBUG o.h.o.results:76 - Initializer list:
	  com.myproject.smsblock.entity.SmsBlockMobile -> EntityResultInitializer(com.myproject.smsblock.entity.SmsBlockMobile)@696766810 (SingleTableEntityPersister(com.myproject.smsblock.entity.SmsBlockMobile))

2023-12-08 09:32:44.997 DEBUG o.h.SQL:133 - select s1_0.id,s1_0.activated_on,s1_0.added_by,s1_0.comment,s1_0.deactivated_by,s1_0.deactivated_on,s1_0.mobile_no,s1_0.status from sms_block_mobile s1_0 where s1_0.id=?
2023-12-08 09:32:44.999 DEBUG o.h.o.r.l.entity:300 - (EntityResultInitializer) Hydrated EntityKey (com.myproject.smsblock.entity.SmsBlockMobile): 83
2023-12-08 09:32:45.000 DEBUG o.h.o.r.l.entity:689 - (EntityResultInitializer) Created new entity instance [com.myproject.smsblock.entity.SmsBlockMobile#83] : 553819217
2023-12-08 09:32:45.001 DEBUG o.h.o.results:61 - Extracted JDBC value [1] - [2023-12-08 09:31:12.0]
2023-12-08 09:32:45.001 DEBUG o.h.o.results:61 - Extracted JDBC value [2] - [Tharsana]
2023-12-08 09:32:45.002 DEBUG o.h.o.results:61 - Extracted JDBC value [3] - [null]
2023-12-08 09:32:45.002 DEBUG o.h.o.results:61 - Extracted JDBC value [4] - [null]
2023-12-08 09:32:45.002 DEBUG o.h.o.results:61 - Extracted JDBC value [5] - [null]
2023-12-08 09:32:45.003 DEBUG o.h.o.results:61 - Extracted JDBC value [6] - [0763600821]
2023-12-08 09:32:45.003 DEBUG o.h.o.results:61 - Extracted JDBC value [7] - [ACT]
2023-12-08 09:32:45.004 DEBUG o.h.o.r.l.entity:889 - (EntityResultInitializer) Done materializing entityInstance : com.myproject.smsblock.entity.SmsBlockMobile#83
2023-12-08 09:32:45.004 DEBUG o.h.o.r.loading:93 - Calling top-level assembler (0 / 1) : org.hibernate.sql.results.graph.entity.internal.EntityAssembler@3618842a
2023-12-08 09:32:45.004 DEBUG o.s.o.j.JpaTransactionManager:740 - Initiating transaction commit
2023-12-08 09:32:45.005 DEBUG o.s.o.j.JpaTransactionManager:556 - Committing JPA transaction on EntityManager [SessionImpl(684663427<open>)]
2023-12-08 09:32:45.005 DEBUG o.h.e.t.i.TransactionImpl:98 - committing
2023-12-08 09:32:45.007 DEBUG o.s.j.d.DataSourceUtils:252 - Resetting read-only flag of JDBC Connection [HikariProxyConnection@2087152972 wrapping com.mysql.cj.jdbc.ConnectionImpl@577f9dfd]
2023-12-08 09:32:45.008 DEBUG o.s.o.j.JpaTransactionManager:652 - Not closing pre-bound JPA EntityManager after transaction
2023-12-08 09:32:45.009 DEBUG o.h.o.s.a.create:33 - Created new SQL alias : s1_0
2023-12-08 09:32:45.009 DEBUG o.h.o.s.a.create:98 - Registration of TableGroup [StandardTableGroup(com.myproject.smsblock.entity.SmsBlockBlacklist(1529597578229800))] with identifierForTableGroup [com.myproject.smsblock.entity.SmsBlockBlacklist] for NavigablePath [com.myproject.smsblock.entity.SmsBlockBlacklist]
2023-12-08 09:32:45.010 DEBUG o.h.o.s.a.create:98 - Registration of TableGroup [org.hibernate.sql.ast.tree.from.LazyTableGroup@66a1b6c2] with identifierForTableGroup [com.myproject.smsblock.entity.SmsBlockBlacklist.smsBlockMobile] for NavigablePath [com.myproject.smsblock.entity.SmsBlockBlacklist.smsBlockMobile]
2023-12-08 09:32:45.010 DEBUG o.h.q.s.s.BaseSqmToSqlAstConverter:5700 - Determining mapping-model type for SqmParameter : org.hibernate.query.sqm.tree.expression.SqmJpaCriteriaParameterWrapper@21bfb9d3
2023-12-08 09:32:45.011 DEBUG o.h.q.s.s.BaseSqmToSqlAstConverter:5590 - Determining mapping-model type for SqmPath : SqmBasicValuedSimplePath(com.myproject.smsblock.entity.SmsBlockBlacklist(1529597578229800).blacklistMobile)
2023-12-08 09:32:45.011 DEBUG o.h.o.r.g.AST:67 - DomainResult Graph:
 \-EntityResultImpl [com.myproject.smsblock.entity.SmsBlockBlacklist(1529597578229800)]
 |  +-BasicFetch [com.myproject.smsblock.entity.SmsBlockBlacklist(1529597578229800).activatedOn]
 |  +-BasicFetch [com.myproject.smsblock.entity.SmsBlockBlacklist(1529597578229800).addedBy]
 |  +-BasicFetch [com.myproject.smsblock.entity.SmsBlockBlacklist(1529597578229800).blacklistMobile]
 |  +-BasicFetch [com.myproject.smsblock.entity.SmsBlockBlacklist(1529597578229800).comment]
 |  +-BasicFetch [com.myproject.smsblock.entity.SmsBlockBlacklist(1529597578229800).deactivatedBy]
 |  +-BasicFetch [com.myproject.smsblock.entity.SmsBlockBlacklist(1529597578229800).deactivatedOn]
 |  +-EntityFetchSelectImpl [com.myproject.smsblock.entity.SmsBlockBlacklist(1529597578229800).smsBlockMobile]
 |  \-BasicFetch [com.myproject.smsblock.entity.SmsBlockBlacklist(1529597578229800).status]

2023-12-08 09:32:45.011 DEBUG o.h.o.s.a.tree:46 - SQL AST Tree:
    SelectStatement {
      FromClause {
        StandardTableGroup (s1 : com.myproject.smsblock.entity.SmsBlockBlacklist(1529597578229800)) {
          primaryTableReference : sms_block_blacklisted_mobile as s1_0
          TableGroupJoins {
            left  join LazyTableGroup (s2 : com.myproject.smsblock.entity.SmsBlockBlacklist(1529597578229800).smsBlockMobile) {
            }
          }
        }
      }
    }

2023-12-08 09:32:45.012 DEBUG o.h.o.s.exec:455 - Skipping reading Query result cache data: cache-enabled = false, cache-mode = NORMAL
2023-12-08 09:32:45.012 DEBUG o.h.o.results:76 - Initializer list:
	  com.myproject.smsblock.entity.SmsBlockBlacklist(1529597578229800).smsBlockMobile -> EntitySelectFetchInitializer(com.myproject.smsblock.entity.SmsBlockBlacklist(1529597578229800).smsBlockMobile)@1303708388 (ToOneAttributeMapping(NavigableRole[com.myproject.smsblock.entity.SmsBlockBlacklist.smsBlockMobile])@320346137)
	  com.myproject.smsblock.entity.SmsBlockBlacklist(1529597578229800) -> EntityResultInitializer(com.myproject.smsblock.entity.SmsBlockBlacklist(1529597578229800))@198475170 (SingleTableEntityPersister(com.myproject.smsblock.entity.SmsBlockBlacklist))

2023-12-08 09:32:45.013 DEBUG o.h.SQL:133 - select s1_0.id,s1_0.activated_on,s1_0.added_by,s1_0.blacklist_mobile,s1_0.comment,s1_0.deactivated_by,s1_0.deactivated_on,s1_0.sms_block_mobile_id,s1_0.status from sms_block_blacklisted_mobile s1_0 where s1_0.blacklist_mobile=?
2023-12-08 09:32:45.015 DEBUG o.s.o.j.JpaTransactionManager:374 - Found thread-bound EntityManager [SessionImpl(684663427<open>)] for JPA transaction
2023-12-08 09:32:45.015 DEBUG o.s.o.j.JpaTransactionManager:370 - Creating new transaction with name [org.springframework.data.jpa.repository.support.SimpleJpaRepository.save]: PROPAGATION_REQUIRED,ISOLATION_DEFAULT
2023-12-08 09:32:45.016 DEBUG o.h.e.t.i.TransactionImpl:81 - begin
2023-12-08 09:32:45.017 DEBUG o.s.o.j.JpaTransactionManager:439 - Exposing JPA transaction as JDBC [org.springframework.orm.jpa.vendor.HibernateJpaDialect$HibernateConnectionHandle@7e94e1ec]
2023-12-08 09:32:45.017 DEBUG o.h.j.i.PersistenceUnitUtilImpl:89 - jakarta.persistence.PersistenceUnitUtil.getIdentifier is only intended to work with enhanced entities (although Hibernate also adapts this support to its proxies); however the passed entity was not enhanced (nor a proxy).. may not be able to read identifier
2023-12-08 09:32:45.018 DEBUG o.h.e.s.ActionQueue:290 - Executing identity-insert immediately
2023-12-08 09:32:45.018 DEBUG o.h.SQL:133 - insert into sms_block_blacklisted_mobile (activated_on,added_by,blacklist_mobile,comment,deactivated_by,deactivated_on,sms_block_mobile_id,status) values (?,?,?,?,?,?,?,?)
2023-12-08 09:32:45.020 DEBUG o.h.i.IdentifierGeneratorHelper:84 - Natively generated identity (com.myproject.smsblock.entity.SmsBlockBlacklist) : 61
2023-12-08 09:32:45.020 DEBUG o.h.r.j.i.ResourceRegistryStandardImpl:105 - HHH000387: ResultSet's statement was not registered
2023-12-08 09:32:45.020 DEBUG o.h.r.j.i.ResourceRegistryStandardImpl:203 - Exception clearing maxRows/queryTimeout [No operations allowed after statement closed.]
2023-12-08 09:32:45.021 DEBUG o.s.o.j.JpaTransactionManager:740 - Initiating transaction commit
2023-12-08 09:32:45.021 DEBUG o.s.o.j.JpaTransactionManager:556 - Committing JPA transaction on EntityManager [SessionImpl(684663427<open>)]
2023-12-08 09:32:45.021 DEBUG o.h.e.t.i.TransactionImpl:98 - committing
2023-12-08 09:32:45.021 DEBUG o.h.e.i.AbstractFlushingEventListener:136 - Processing flush-time cascades
2023-12-08 09:32:45.021 DEBUG o.h.e.i.AbstractFlushingEventListener:185 - Dirty checking collections
2023-12-08 09:32:45.022 DEBUG o.h.e.i.AbstractFlushingEventListener:110 - Flushed: 0 insertions, 0 updates, 0 deletions to 2 objects
2023-12-08 09:32:45.022 DEBUG o.h.e.i.AbstractFlushingEventListener:117 - Flushed: 0 (re)creations, 0 updates, 0 removals to 0 collections
2023-12-08 09:32:45.022 DEBUG o.h.i.u.EntityPrinter:111 - Listing entities:
2023-12-08 09:32:45.022 DEBUG o.h.i.u.EntityPrinter:118 - com.myproject.smsblock.entity.SmsBlockBlacklist{activatedOn=2023-12-08 09:32:45.0147936, smsBlockMobile=com.myproject.smsblock.entity.SmsBlockMobile#83, addedBy=tharsana, deactivatedOn=null, blacklistMobile=0722000070, comment=null, id=61, deactivatedBy=null, status=ACT}
2023-12-08 09:32:45.023 DEBUG o.h.i.u.EntityPrinter:118 - com.myproject.smsblock.entity.SmsBlockMobile{activatedOn=2023-12-08 09:31:12.0, addedBy=Tharsana, deactivatedOn=null, comment=null, id=83, mobileNo=0763600821, deactivatedBy=null, status=ACT}
2023-12-08 09:32:45.139 DEBUG o.s.o.j.JpaTransactionManager:652 - Not closing pre-bound JPA EntityManager after transaction
2023-12-08 09:32:45.140 DEBUG o.s.w.s.m.m.a.HttpEntityMethodProcessor:275 - Using 'application/json', given [application/json, text/plain, */*] and supported [text/plain, */*, application/json, application/*+json]
2023-12-08 09:32:45.141 DEBUG o.s.w.s.m.m.a.HttpEntityMethodProcessor:120 - Writing ["Saved"]
2023-12-08 09:32:45.141 DEBUG o.s.o.j.s.OpenEntityManagerInViewInterceptor:111 - Closing JPA EntityManager in OpenEntityManagerInViewInterceptor
2023-12-08 09:32:45.142 DEBUG o.s.w.s.DispatcherServlet:1135 - Completed 201 CREATED
2023-12-08 09:32:49.127 DEBUG c.z.h.p.HikariPool:414 - HikariPool-1 - Before cleanup stats (total=50, active=0, idle=50, waiting=0)
2023-12-08 09:32:49.128 DEBUG c.z.h.p.HikariPool:414 - HikariPool-1 - After cleanup  stats (total=50, active=0, idle=50, waiting=0)
2023-12-08 09:32:49.128 DEBUG c.z.h.p.HikariPool:521 - HikariPool-1 - Fill pool skipped, pool has sufficient level or currently being filled (queueDepth=0).
