2024-07-12 10:40:31.010  INFO c.m.s.SmsblockApplication:51 - Starting SmsblockApplication using Java 17.0.9 with PID 553516 (D:\smsblock_Backend_hiernate\target\classes started by THARSANAK in D:\smsblock_Backend_hiernate)
2024-07-12 10:40:31.027 DEBUG c.m.s.SmsblockApplication:52 - Running with Spring Boot v3.1.5, Spring v6.0.13
2024-07-12 10:40:31.029  INFO c.m.s.SmsblockApplication:638 - No active profile set, falling back to 1 default profile: "default"
2024-07-12 10:40:31.031 DEBUG o.s.b.SpringApplication:671 - Loading source class com.myproject.smsblock.SmsblockApplication
2024-07-12 10:40:31.184 DEBUG o.s.b.w.s.c.AnnotationConfigServletWebServerApplicationContext:662 - Refreshing org.springframework.boot.web.servlet.context.AnnotationConfigServletWebServerApplicationContext@49964d75
2024-07-12 10:40:31.220 DEBUG o.s.b.f.s.DefaultListableBeanFactory:225 - Creating shared instance of singleton bean 'org.springframework.context.annotation.internalConfigurationAnnotationProcessor'
2024-07-12 10:40:31.256 DEBUG o.s.b.f.s.DefaultListableBeanFactory:225 - Creating shared instance of singleton bean 'org.springframework.boot.autoconfigure.internalCachingMetadataReaderFactory'
2024-07-12 10:40:31.635 DEBUG o.s.c.a.ClassPathBeanDefinitionScanner:441 - Identified candidate component class: file [D:\smsblock_Backend_hiernate\target\classes\com\mobitel\smsblock\controller\SmsBlockBlacklistController.class]
2024-07-12 10:40:31.646 DEBUG o.s.c.a.ClassPathBeanDefinitionScanner:441 - Identified candidate component class: file [D:\smsblock_Backend_hiernate\target\classes\com\mobitel\smsblock\controller\SmsBlockMobileController.class]
2024-07-12 10:40:31.724 DEBUG o.s.c.a.ClassPathBeanDefinitionScanner:447 - Ignored because not a concrete top-level class: file [D:\smsblock_Backend_hiernate\target\classes\com\mobitel\smsblock\repository\SmsBlockBlacklistRepository.class]
2024-07-12 10:40:31.732 DEBUG o.s.c.a.ClassPathBeanDefinitionScanner:447 - Ignored because not a concrete top-level class: file [D:\smsblock_Backend_hiernate\target\classes\com\mobitel\smsblock\repository\SmsBlockMobileRepository.class]
2024-07-12 10:40:31.744 DEBUG o.s.c.a.ClassPathBeanDefinitionScanner:441 - Identified candidate component class: file [D:\smsblock_Backend_hiernate\target\classes\com\mobitel\smsblock\services\impl\SmsBlockBlacklistServiceImpl.class]
2024-07-12 10:40:31.754 DEBUG o.s.c.a.ClassPathBeanDefinitionScanner:441 - Identified candidate component class: file [D:\smsblock_Backend_hiernate\target\classes\com\mobitel\smsblock\services\impl\SmsBlockMobileServiceImpl.class]
2024-07-12 10:40:32.524  INFO o.s.d.r.c.RepositoryConfigurationDelegate:138 - Bootstrapping Spring Data JPA repositories in DEFAULT mode.
2024-07-12 10:40:32.533 DEBUG o.s.b.f.s.DefaultListableBeanFactory:225 - Creating shared instance of singleton bean 'org.springframework.boot.autoconfigure.AutoConfigurationPackages'
2024-07-12 10:40:32.543 DEBUG o.s.b.a.AutoConfigurationPackages:213 - @EnableAutoConfiguration was declared on a class in the package 'com.myproject.smsblock'. Automatic @Repository and @Entity scanning is enabled.
2024-07-12 10:40:32.544 DEBUG o.s.d.r.c.RepositoryConfigurationDelegate:148 - Scanning for JPA repositories in packages com.myproject.smsblock.
2024-07-12 10:40:32.559 DEBUG o.s.d.r.c.RepositoryComponentProvider:441 - Identified candidate component class: file [D:\smsblock_Backend_hiernate\target\classes\com\mobitel\smsblock\repository\SmsBlockBlacklistRepository.class]
2024-07-12 10:40:32.560 DEBUG o.s.d.r.c.RepositoryComponentProvider:441 - Identified candidate component class: file [D:\smsblock_Backend_hiernate\target\classes\com\mobitel\smsblock\repository\SmsBlockMobileRepository.class]
2024-07-12 10:40:32.602 DEBUG o.s.c.a.ClassPathScanningCandidateComponentProvider:441 - Identified candidate component class: file [D:\smsblock_Backend_hiernate\target\classes\com\mobitel\smsblock\services\impl\SmsBlockBlacklistServiceImpl.class]
2024-07-12 10:40:32.603 DEBUG o.s.c.a.ClassPathScanningCandidateComponentProvider:441 - Identified candidate component class: file [D:\smsblock_Backend_hiernate\target\classes\com\mobitel\smsblock\services\impl\SmsBlockMobileServiceImpl.class]
2024-07-12 10:40:32.687  INFO o.s.d.r.c.RepositoryConfigurationDelegate:208 - Finished Spring Data repository scanning in 139 ms. Found 2 JPA repository interfaces.
2024-07-12 10:40:33.288 DEBUG o.s.b.f.s.DefaultListableBeanFactory:225 - Creating shared instance of singleton bean 'propertySourcesPlaceholderConfigurer'
2024-07-12 10:40:33.296 DEBUG o.s.b.f.s.DefaultListableBeanFactory:225 - Creating shared instance of singleton bean 'emBeanDefinitionRegistrarPostProcessor'
2024-07-12 10:40:33.296 DEBUG o.s.b.f.s.DefaultListableBeanFactory:225 - Creating shared instance of singleton bean 'org.springframework.boot.sql.init.dependency.DatabaseInitializationDependencyConfigurer$DependsOnDatabaseInitializationPostProcessor'
2024-07-12 10:40:33.331 DEBUG o.s.b.f.s.DefaultListableBeanFactory:225 - Creating shared instance of singleton bean 'org.springframework.context.event.internalEventListenerProcessor'
2024-07-12 10:40:33.333 DEBUG o.s.b.f.s.DefaultListableBeanFactory:225 - Creating shared instance of singleton bean 'preserveErrorControllerTargetClassPostProcessor'
2024-07-12 10:40:33.334 DEBUG o.s.b.f.s.DefaultListableBeanFactory:225 - Creating shared instance of singleton bean 'org.springframework.context.event.internalEventListenerFactory'
2024-07-12 10:40:33.335 DEBUG o.s.b.f.s.DefaultListableBeanFactory:225 - Creating shared instance of singleton bean 'org.springframework.transaction.config.internalTransactionalEventListenerFactory'
2024-07-12 10:40:33.343 DEBUG o.s.b.f.s.DefaultListableBeanFactory:225 - Creating shared instance of singleton bean 'org.springframework.context.annotation.internalAutowiredAnnotationProcessor'
2024-07-12 10:40:33.346 DEBUG o.s.b.f.s.DefaultListableBeanFactory:225 - Creating shared instance of singleton bean 'org.springframework.context.annotation.internalCommonAnnotationProcessor'
2024-07-12 10:40:33.353 DEBUG o.s.b.f.s.DefaultListableBeanFactory:225 - Creating shared instance of singleton bean 'org.springframework.context.annotation.internalPersistenceAnnotationProcessor'
2024-07-12 10:40:33.354 DEBUG o.s.b.f.s.DefaultListableBeanFactory:225 - Creating shared instance of singleton bean 'org.springframework.boot.context.properties.ConfigurationPropertiesBindingPostProcessor'
2024-07-12 10:40:33.355 DEBUG o.s.b.f.s.DefaultListableBeanFactory:225 - Creating shared instance of singleton bean 'org.springframework.boot.context.internalConfigurationPropertiesBinder'
2024-07-12 10:40:33.359 DEBUG o.s.b.f.s.DefaultListableBeanFactory:225 - Creating shared instance of singleton bean 'jdbcConnectionDetailsHikariBeanPostProcessor'
2024-07-12 10:40:33.364 DEBUG o.s.b.f.s.DefaultListableBeanFactory:225 - Creating shared instance of singleton bean 'org.springframework.aop.config.internalAutoProxyCreator'
2024-07-12 10:40:33.394 DEBUG o.s.b.f.s.DefaultListableBeanFactory:225 - Creating shared instance of singleton bean 'persistenceExceptionTranslationPostProcessor'
2024-07-12 10:40:33.406 DEBUG o.s.b.f.s.DefaultListableBeanFactory:951 - Autowiring by type from bean name 'persistenceExceptionTranslationPostProcessor' via factory method to bean named 'environment'
2024-07-12 10:40:33.412 DEBUG o.s.b.f.s.DefaultListableBeanFactory:225 - Creating shared instance of singleton bean 'webServerFactoryCustomizerBeanPostProcessor'
2024-07-12 10:40:33.414 DEBUG o.s.b.f.s.DefaultListableBeanFactory:225 - Creating shared instance of singleton bean 'errorPageRegistrarBeanPostProcessor'
2024-07-12 10:40:33.415 DEBUG o.s.b.f.s.DefaultListableBeanFactory:225 - Creating shared instance of singleton bean 'projectingArgumentResolverBeanPostProcessor'
2024-07-12 10:40:33.417 DEBUG o.s.b.f.s.DefaultListableBeanFactory:225 - Creating shared instance of singleton bean 'org.springframework.transaction.config.internalTransactionAdvisor'
2024-07-12 10:40:33.418 DEBUG o.s.b.f.s.DefaultListableBeanFactory:225 - Creating shared instance of singleton bean 'org.springframework.transaction.annotation.ProxyTransactionManagementConfiguration'
2024-07-12 10:40:33.431 DEBUG o.s.b.f.s.DefaultListableBeanFactory:225 - Creating shared instance of singleton bean 'transactionAttributeSource'
2024-07-12 10:40:33.436 DEBUG o.s.b.f.s.DefaultListableBeanFactory:225 - Creating shared instance of singleton bean 'transactionInterceptor'
2024-07-12 10:40:33.437 DEBUG o.s.b.f.s.DefaultListableBeanFactory:951 - Autowiring by type from bean name 'transactionInterceptor' via factory method to bean named 'transactionAttributeSource'
2024-07-12 10:40:33.444 DEBUG o.s.b.f.s.DefaultListableBeanFactory:951 - Autowiring by type from bean name 'org.springframework.transaction.config.internalTransactionAdvisor' via factory method to bean named 'transactionAttributeSource'
2024-07-12 10:40:33.445 DEBUG o.s.b.f.s.DefaultListableBeanFactory:951 - Autowiring by type from bean name 'org.springframework.transaction.config.internalTransactionAdvisor' via factory method to bean named 'transactionInterceptor'
2024-07-12 10:40:33.471 DEBUG o.s.u.c.s.UiApplicationContextUtils:86 - Unable to locate ThemeSource with name 'themeSource': using default [org.springframework.ui.context.support.ResourceBundleThemeSource@1d5d5621]
2024-07-12 10:40:33.472 DEBUG o.s.b.f.s.DefaultListableBeanFactory:225 - Creating shared instance of singleton bean 'tomcatServletWebServerFactory'
2024-07-12 10:40:33.473 DEBUG o.s.b.f.s.DefaultListableBeanFactory:225 - Creating shared instance of singleton bean 'org.springframework.boot.autoconfigure.web.servlet.ServletWebServerFactoryConfiguration$EmbeddedTomcat'
2024-07-12 10:40:33.773 DEBUG o.s.b.f.s.DefaultListableBeanFactory:225 - Creating shared instance of singleton bean 'websocketServletWebServerCustomizer'
2024-07-12 10:40:33.774 DEBUG o.s.b.f.s.DefaultListableBeanFactory:225 - Creating shared instance of singleton bean 'org.springframework.boot.autoconfigure.websocket.servlet.WebSocketServletAutoConfiguration$TomcatWebSocketConfiguration'
2024-07-12 10:40:33.777 DEBUG o.s.b.f.s.DefaultListableBeanFactory:225 - Creating shared instance of singleton bean 'servletWebServerFactoryCustomizer'
2024-07-12 10:40:33.777 DEBUG o.s.b.f.s.DefaultListableBeanFactory:225 - Creating shared instance of singleton bean 'org.springframework.boot.autoconfigure.web.servlet.ServletWebServerFactoryAutoConfiguration'
2024-07-12 10:40:33.779 DEBUG o.s.b.f.s.DefaultListableBeanFactory:225 - Creating shared instance of singleton bean 'server-org.springframework.boot.autoconfigure.web.ServerProperties'
2024-07-12 10:40:33.791 DEBUG o.s.b.f.s.DefaultListableBeanFactory:225 - Creating shared instance of singleton bean 'org.springframework.boot.context.properties.BoundConfigurationProperties'
2024-07-12 10:40:33.897 DEBUG o.s.b.f.s.DefaultListableBeanFactory:951 - Autowiring by type from bean name 'servletWebServerFactoryCustomizer' via factory method to bean named 'server-org.springframework.boot.autoconfigure.web.ServerProperties'
2024-07-12 10:40:33.899 DEBUG o.s.b.f.s.DefaultListableBeanFactory:225 - Creating shared instance of singleton bean 'sslBundleRegistry'
2024-07-12 10:40:33.899 DEBUG o.s.b.f.s.DefaultListableBeanFactory:225 - Creating shared instance of singleton bean 'org.springframework.boot.autoconfigure.ssl.SslAutoConfiguration'
2024-07-12 10:40:33.900 DEBUG o.s.b.f.s.DefaultListableBeanFactory:225 - Creating shared instance of singleton bean 'sslPropertiesSslBundleRegistrar'
2024-07-12 10:40:33.901 DEBUG o.s.b.f.s.DefaultListableBeanFactory:225 - Creating shared instance of singleton bean 'spring.ssl-org.springframework.boot.autoconfigure.ssl.SslProperties'
2024-07-12 10:40:33.903 DEBUG o.s.b.f.s.DefaultListableBeanFactory:951 - Autowiring by type from bean name 'sslPropertiesSslBundleRegistrar' via factory method to bean named 'spring.ssl-org.springframework.boot.autoconfigure.ssl.SslProperties'
2024-07-12 10:40:33.904 DEBUG o.s.b.f.s.DefaultListableBeanFactory:951 - Autowiring by type from bean name 'sslBundleRegistry' via factory method to bean named 'sslPropertiesSslBundleRegistrar'
2024-07-12 10:40:33.907 DEBUG o.s.b.f.s.DefaultListableBeanFactory:225 - Creating shared instance of singleton bean 'tomcatServletWebServerFactoryCustomizer'
2024-07-12 10:40:33.908 DEBUG o.s.b.f.s.DefaultListableBeanFactory:951 - Autowiring by type from bean name 'tomcatServletWebServerFactoryCustomizer' via factory method to bean named 'server-org.springframework.boot.autoconfigure.web.ServerProperties'
2024-07-12 10:40:33.909 DEBUG o.s.b.f.s.DefaultListableBeanFactory:225 - Creating shared instance of singleton bean 'tomcatWebServerFactoryCustomizer'
2024-07-12 10:40:33.910 DEBUG o.s.b.f.s.DefaultListableBeanFactory:225 - Creating shared instance of singleton bean 'org.springframework.boot.autoconfigure.web.embedded.EmbeddedWebServerFactoryCustomizerAutoConfiguration$TomcatWebServerFactoryCustomizerConfiguration'
2024-07-12 10:40:33.911 DEBUG o.s.b.f.s.DefaultListableBeanFactory:951 - Autowiring by type from bean name 'tomcatWebServerFactoryCustomizer' via factory method to bean named 'environment'
2024-07-12 10:40:33.911 DEBUG o.s.b.f.s.DefaultListableBeanFactory:951 - Autowiring by type from bean name 'tomcatWebServerFactoryCustomizer' via factory method to bean named 'server-org.springframework.boot.autoconfigure.web.ServerProperties'
2024-07-12 10:40:33.913 DEBUG o.s.b.f.s.DefaultListableBeanFactory:225 - Creating shared instance of singleton bean 'localeCharsetMappingsCustomizer'
2024-07-12 10:40:33.914 DEBUG o.s.b.f.s.DefaultListableBeanFactory:225 - Creating shared instance of singleton bean 'org.springframework.boot.autoconfigure.web.servlet.HttpEncodingAutoConfiguration'
2024-07-12 10:40:33.914 DEBUG o.s.b.f.s.DefaultListableBeanFactory:951 - Autowiring by type from bean name 'org.springframework.boot.autoconfigure.web.servlet.HttpEncodingAutoConfiguration' via constructor to bean named 'server-org.springframework.boot.autoconfigure.web.ServerProperties'
2024-07-12 10:40:33.974 DEBUG o.s.b.f.s.DefaultListableBeanFactory:225 - Creating shared instance of singleton bean 'errorPageCustomizer'
2024-07-12 10:40:33.975 DEBUG o.s.b.f.s.DefaultListableBeanFactory:225 - Creating shared instance of singleton bean 'org.springframework.boot.autoconfigure.web.servlet.error.ErrorMvcAutoConfiguration'
2024-07-12 10:40:33.976 DEBUG o.s.b.f.s.DefaultListableBeanFactory:951 - Autowiring by type from bean name 'org.springframework.boot.autoconfigure.web.servlet.error.ErrorMvcAutoConfiguration' via constructor to bean named 'server-org.springframework.boot.autoconfigure.web.ServerProperties'
2024-07-12 10:40:33.978 DEBUG o.s.b.f.s.DefaultListableBeanFactory:225 - Creating shared instance of singleton bean 'dispatcherServletRegistration'
2024-07-12 10:40:33.979 DEBUG o.s.b.f.s.DefaultListableBeanFactory:225 - Creating shared instance of singleton bean 'org.springframework.boot.autoconfigure.web.servlet.DispatcherServletAutoConfiguration$DispatcherServletRegistrationConfiguration'
2024-07-12 10:40:33.981 DEBUG o.s.b.f.s.DefaultListableBeanFactory:225 - Creating shared instance of singleton bean 'dispatcherServlet'
2024-07-12 10:40:33.982 DEBUG o.s.b.f.s.DefaultListableBeanFactory:225 - Creating shared instance of singleton bean 'org.springframework.boot.autoconfigure.web.servlet.DispatcherServletAutoConfiguration$DispatcherServletConfiguration'
2024-07-12 10:40:33.985 DEBUG o.s.b.f.s.DefaultListableBeanFactory:225 - Creating shared instance of singleton bean 'spring.mvc-org.springframework.boot.autoconfigure.web.servlet.WebMvcProperties'
2024-07-12 10:40:34.000 DEBUG o.s.b.f.s.DefaultListableBeanFactory:951 - Autowiring by type from bean name 'dispatcherServlet' via factory method to bean named 'spring.mvc-org.springframework.boot.autoconfigure.web.servlet.WebMvcProperties'
2024-07-12 10:40:34.036 DEBUG o.s.b.f.s.DefaultListableBeanFactory:951 - Autowiring by type from bean name 'dispatcherServletRegistration' via factory method to bean named 'dispatcherServlet'
2024-07-12 10:40:34.037 DEBUG o.s.b.f.s.DefaultListableBeanFactory:951 - Autowiring by type from bean name 'dispatcherServletRegistration' via factory method to bean named 'spring.mvc-org.springframework.boot.autoconfigure.web.servlet.WebMvcProperties'
2024-07-12 10:40:34.041 DEBUG o.s.b.f.s.DefaultListableBeanFactory:225 - Creating shared instance of singleton bean 'multipartConfigElement'
2024-07-12 10:40:34.043 DEBUG o.s.b.f.s.DefaultListableBeanFactory:225 - Creating shared instance of singleton bean 'org.springframework.boot.autoconfigure.web.servlet.MultipartAutoConfiguration'
2024-07-12 10:40:34.044 DEBUG o.s.b.f.s.DefaultListableBeanFactory:225 - Creating shared instance of singleton bean 'spring.servlet.multipart-org.springframework.boot.autoconfigure.web.servlet.MultipartProperties'
2024-07-12 10:40:34.054 DEBUG o.s.b.f.s.DefaultListableBeanFactory:951 - Autowiring by type from bean name 'org.springframework.boot.autoconfigure.web.servlet.MultipartAutoConfiguration' via constructor to bean named 'spring.servlet.multipart-org.springframework.boot.autoconfigure.web.servlet.MultipartProperties'
2024-07-12 10:40:34.068 DEBUG o.s.b.f.s.DefaultListableBeanFactory:951 - Autowiring by type from bean name 'errorPageCustomizer' via factory method to bean named 'dispatcherServletRegistration'
2024-07-12 10:40:39.173 DEBUG o.s.b.w.e.t.TomcatServletWebServerFactory:81 - Code archive: C:\Users\Tharsanak\.m2\repository\org\springframework\boot\spring-boot\3.1.5\spring-boot-3.1.5.jar
2024-07-12 10:40:39.174 DEBUG o.s.b.w.e.t.TomcatServletWebServerFactory:125 - Code archive: C:\Users\Tharsanak\.m2\repository\org\springframework\boot\spring-boot\3.1.5\spring-boot-3.1.5.jar
2024-07-12 10:40:39.175 DEBUG o.s.b.w.e.t.TomcatServletWebServerFactory:149 - None of the document roots [src/main/webapp, public, static] point to a directory and will be ignored.
2024-07-12 10:40:39.515  INFO o.s.b.w.e.t.TomcatWebServer:108 - Tomcat initialized with port(s): 8080 (http)
2024-07-12 10:40:39.529  INFO o.a.c.h.Http11NioProtocol:173 - Initializing ProtocolHandler ["http-nio-8080"]
2024-07-12 10:40:39.534  INFO o.a.c.c.StandardService:173 - Starting service [Tomcat]
2024-07-12 10:40:39.536  INFO o.a.c.c.StandardEngine:173 - Starting Servlet engine: [Apache Tomcat/10.1.15]
