2023-12-08 14:08:28.689 DEBUG c.z.h.p.HikariPool:414 - HikariPool-1 - Before cleanup stats (total=50, active=0, idle=50, waiting=0)
2023-12-08 14:08:28.710 DEBUG c.z.h.p.HikariPool:414 - HikariPool-1 - After cleanup  stats (total=50, active=0, idle=50, waiting=0)
2023-12-08 14:08:28.712 DEBUG c.z.h.p.HikariPool:521 - HikariPool-1 - Fill pool skipped, pool has sufficient level or currently being filled (queueDepth=0).
2023-12-08 14:08:34.177 DEBUG o.s.w.s.DispatcherServlet:120 - OPTIONS "/deleteBlacklistMobile/0729892220", parameters={}
2023-12-08 14:08:34.178 DEBUG o.s.w.s.m.m.a.RequestMappingHandlerMapping:528 - Mapped to com.myproject.smsblock.controller.SmsBlockBlacklistController#deactivateSmsBlacklistMobile(SmsBlockBlacklistDto)
2023-12-08 14:08:34.180 DEBUG o.s.o.j.s.OpenEntityManagerInViewInterceptor:86 - Opening JPA EntityManager in OpenEntityManagerInViewInterceptor
2023-12-08 14:08:34.181 DEBUG o.s.o.j.s.OpenEntityManagerInViewInterceptor:111 - Closing JPA EntityManager in OpenEntityManagerInViewInterceptor
2023-12-08 14:08:34.181 DEBUG o.s.w.s.DispatcherServlet:1135 - Completed 200 OK
2023-12-08 14:08:34.186 DEBUG o.s.w.s.DispatcherServlet:120 - PUT "/deleteBlacklistMobile/0729892220", parameters={}
2023-12-08 14:08:34.186 DEBUG o.s.w.s.m.m.a.RequestMappingHandlerMapping:528 - Mapped to com.myproject.smsblock.controller.SmsBlockBlacklistController#deactivateSmsBlacklistMobile(SmsBlockBlacklistDto)
2023-12-08 14:08:34.187 DEBUG o.s.o.j.s.OpenEntityManagerInViewInterceptor:86 - Opening JPA EntityManager in OpenEntityManagerInViewInterceptor
2023-12-08 14:08:34.188 DEBUG o.s.w.s.m.m.a.RequestResponseBodyMethodProcessor:120 - Read "application/json;charset=UTF-8" to [com.myproject.smsblock.dto.SmsBlockBlacklistDto@2659477]
2023-12-08 14:08:34.190 DEBUG o.h.o.s.a.create:33 - Created new SQL alias : s1_0
2023-12-08 14:08:34.190 DEBUG o.h.o.s.a.create:98 - Registration of TableGroup [StandardTableGroup(com.myproject.smsblock.entity.SmsBlockBlacklist(1545793118366300))] with identifierForTableGroup [com.myproject.smsblock.entity.SmsBlockBlacklist] for NavigablePath [com.myproject.smsblock.entity.SmsBlockBlacklist]
2023-12-08 14:08:34.191 DEBUG o.h.o.s.a.create:98 - Registration of TableGroup [org.hibernate.sql.ast.tree.from.LazyTableGroup@284395e0] with identifierForTableGroup [com.myproject.smsblock.entity.SmsBlockBlacklist.smsBlockMobile] for NavigablePath [com.myproject.smsblock.entity.SmsBlockBlacklist.smsBlockMobile]
2023-12-08 14:08:34.192 DEBUG o.h.q.s.s.BaseSqmToSqlAstConverter:5700 - Determining mapping-model type for SqmParameter : org.hibernate.query.sqm.tree.expression.SqmJpaCriteriaParameterWrapper@609a8abe
2023-12-08 14:08:34.192 DEBUG o.h.q.s.s.BaseSqmToSqlAstConverter:5590 - Determining mapping-model type for SqmPath : SqmBasicValuedSimplePath(com.myproject.smsblock.entity.SmsBlockBlacklist(1545793118366300).blacklistMobile)
2023-12-08 14:08:34.193 DEBUG o.h.o.r.g.AST:67 - DomainResult Graph:
 \-EntityResultImpl [com.myproject.smsblock.entity.SmsBlockBlacklist(1545793118366300)]
 |  +-BasicFetch [com.myproject.smsblock.entity.SmsBlockBlacklist(1545793118366300).activatedOn]
 |  +-BasicFetch [com.myproject.smsblock.entity.SmsBlockBlacklist(1545793118366300).addedBy]
 |  +-BasicFetch [com.myproject.smsblock.entity.SmsBlockBlacklist(1545793118366300).blacklistMobile]
 |  +-BasicFetch [com.myproject.smsblock.entity.SmsBlockBlacklist(1545793118366300).comment]
 |  +-BasicFetch [com.myproject.smsblock.entity.SmsBlockBlacklist(1545793118366300).deactivatedBy]
 |  +-BasicFetch [com.myproject.smsblock.entity.SmsBlockBlacklist(1545793118366300).deactivatedOn]
 |  +-EntityFetchSelectImpl [com.myproject.smsblock.entity.SmsBlockBlacklist(1545793118366300).smsBlockMobile]
 |  \-BasicFetch [com.myproject.smsblock.entity.SmsBlockBlacklist(1545793118366300).status]

2023-12-08 14:08:34.193 DEBUG o.h.o.s.a.tree:46 - SQL AST Tree:
    SelectStatement {
      FromClause {
        StandardTableGroup (s1 : com.myproject.smsblock.entity.SmsBlockBlacklist(1545793118366300)) {
          primaryTableReference : sms_block_blacklisted_mobile as s1_0
          TableGroupJoins {
            left  join LazyTableGroup (s2 : com.myproject.smsblock.entity.SmsBlockBlacklist(1545793118366300).smsBlockMobile) {
            }
          }
        }
      }
    }

2023-12-08 14:08:34.194 DEBUG o.h.o.s.exec:455 - Skipping reading Query result cache data: cache-enabled = false, cache-mode = NORMAL
2023-12-08 14:08:34.194 DEBUG o.h.o.results:76 - Initializer list:
	  com.myproject.smsblock.entity.SmsBlockBlacklist(1545793118366300).smsBlockMobile -> EntitySelectFetchInitializer(com.myproject.smsblock.entity.SmsBlockBlacklist(1545793118366300).smsBlockMobile)@852549554 (ToOneAttributeMapping(NavigableRole[com.myproject.smsblock.entity.SmsBlockBlacklist.smsBlockMobile])@63001427)
	  com.myproject.smsblock.entity.SmsBlockBlacklist(1545793118366300) -> EntityResultInitializer(com.myproject.smsblock.entity.SmsBlockBlacklist(1545793118366300))@1119481893 (SingleTableEntityPersister(com.myproject.smsblock.entity.SmsBlockBlacklist))

2023-12-08 14:08:34.194 DEBUG o.h.SQL:133 - select s1_0.id,s1_0.activated_on,s1_0.added_by,s1_0.blacklist_mobile,s1_0.comment,s1_0.deactivated_by,s1_0.deactivated_on,s1_0.sms_block_mobile_id,s1_0.status from sms_block_blacklisted_mobile s1_0 where s1_0.blacklist_mobile=?
2023-12-08 14:08:34.197 DEBUG o.h.o.results:61 - Extracted JDBC value [0] - [38]
2023-12-08 14:08:34.198 DEBUG o.h.o.r.l.entity:300 - (EntityResultInitializer) Hydrated EntityKey (com.myproject.smsblock.entity.SmsBlockBlacklist(1545793118366300)): 38
2023-12-08 14:08:34.198 DEBUG o.h.o.r.l.entity:689 - (EntityResultInitializer) Created new entity instance [com.myproject.smsblock.entity.SmsBlockBlacklist(1545793118366300)#38] : 526087199
2023-12-08 14:08:34.198 DEBUG o.h.o.results:61 - Extracted JDBC value [7] - [62]
2023-12-08 14:08:34.199 DEBUG o.h.o.r.l.entity:190 - (EntitySelectFetchInitializer) Invoking session#internalLoad for entity (com.myproject.smsblock.entity.SmsBlockBlacklist(1545793118366300).smsBlockMobile#62) : 62
2023-12-08 14:08:34.199 DEBUG o.h.o.s.exec:455 - Skipping reading Query result cache data: cache-enabled = false, cache-mode = IGNORE
2023-12-08 14:08:34.201 DEBUG o.h.o.results:76 - Initializer list:
	  com.myproject.smsblock.entity.SmsBlockMobile -> EntityResultInitializer(com.myproject.smsblock.entity.SmsBlockMobile)@309233417 (SingleTableEntityPersister(com.myproject.smsblock.entity.SmsBlockMobile))

2023-12-08 14:08:34.201 DEBUG o.h.SQL:133 - select s1_0.id,s1_0.activated_on,s1_0.added_by,s1_0.comment,s1_0.deactivated_by,s1_0.deactivated_on,s1_0.mobile_no,s1_0.status from sms_block_mobile s1_0 where s1_0.id=?
2023-12-08 14:08:34.203 DEBUG o.h.o.r.l.entity:300 - (EntityResultInitializer) Hydrated EntityKey (com.myproject.smsblock.entity.SmsBlockMobile): 62
2023-12-08 14:08:34.204 DEBUG o.h.o.r.l.entity:689 - (EntityResultInitializer) Created new entity instance [com.myproject.smsblock.entity.SmsBlockMobile#62] : 396867660
2023-12-08 14:08:34.205 DEBUG o.h.o.results:61 - Extracted JDBC value [1] - [2023-12-06 16:27:01.0]
2023-12-08 14:08:34.205 DEBUG o.h.o.results:61 - Extracted JDBC value [2] - [tharsana]
2023-12-08 14:08:34.205 DEBUG o.h.o.results:61 - Extracted JDBC value [3] - [null]
2023-12-08 14:08:34.206 DEBUG o.h.o.results:61 - Extracted JDBC value [4] - [ff]
2023-12-08 14:08:34.206 DEBUG o.h.o.results:61 - Extracted JDBC value [5] - [2023-12-06 16:28:35.0]
2023-12-08 14:08:34.207 DEBUG o.h.o.results:61 - Extracted JDBC value [6] - [0729892220]
2023-12-08 14:08:34.208 DEBUG o.h.o.results:61 - Extracted JDBC value [7] - [DEACT]
2023-12-08 14:08:34.208 DEBUG o.h.o.r.l.entity:889 - (EntityResultInitializer) Done materializing entityInstance : com.myproject.smsblock.entity.SmsBlockMobile#62
2023-12-08 14:08:34.208 DEBUG o.h.o.r.loading:93 - Calling top-level assembler (0 / 1) : org.hibernate.sql.results.graph.entity.internal.EntityAssembler@7117337e
2023-12-08 14:08:34.210 DEBUG o.h.o.r.l.entity:216 - (EntitySelectFetchInitializer) Entity [com.myproject.smsblock.entity.SmsBlockBlacklist(1545793118366300).smsBlockMobile#62] : 62 has being loaded by session.internalLoad.
2023-12-08 14:08:34.211 DEBUG o.h.o.results:61 - Extracted JDBC value [1] - [2023-12-06 16:27:07.0]
2023-12-08 14:08:34.211 DEBUG o.h.o.results:61 - Extracted JDBC value [2] - [tharsana]
2023-12-08 14:08:34.211 DEBUG o.h.o.results:61 - Extracted JDBC value [3] - [0729892220]
2023-12-08 14:08:34.212 DEBUG o.h.o.results:61 - Extracted JDBC value [4] - [null]
2023-12-08 14:08:34.212 DEBUG o.h.o.results:61 - Extracted JDBC value [5] - [ff]
2023-12-08 14:08:34.212 DEBUG o.h.o.results:61 - Extracted JDBC value [6] - [2023-12-06 16:27:40.0]
2023-12-08 14:08:34.213 DEBUG o.h.o.results:61 - Extracted JDBC value [8] - [DEACT]
2023-12-08 14:08:34.213 DEBUG o.h.o.r.l.entity:889 - (EntityResultInitializer) Done materializing entityInstance : com.myproject.smsblock.entity.SmsBlockBlacklist(1545793118366300)#38
2023-12-08 14:08:34.214 DEBUG o.h.o.r.loading:93 - Calling top-level assembler (0 / 1) : org.hibernate.sql.results.graph.entity.internal.EntityAssembler@66676442
2023-12-08 14:08:34.214 DEBUG o.h.o.results:61 - Extracted JDBC value [0] - [39]
2023-12-08 14:08:34.215 DEBUG o.h.o.r.l.entity:300 - (EntityResultInitializer) Hydrated EntityKey (com.myproject.smsblock.entity.SmsBlockBlacklist(1545793118366300)): 39
2023-12-08 14:08:34.215 DEBUG o.h.o.r.l.entity:689 - (EntityResultInitializer) Created new entity instance [com.myproject.smsblock.entity.SmsBlockBlacklist(1545793118366300)#39] : 1286133018
2023-12-08 14:08:34.215 DEBUG o.h.o.results:61 - Extracted JDBC value [7] - [62]
2023-12-08 14:08:34.215 DEBUG o.h.o.results:61 - Extracted JDBC value [1] - [2023-12-06 16:27:46.0]
2023-12-08 14:08:34.215 DEBUG o.h.o.results:61 - Extracted JDBC value [2] - [ff]
2023-12-08 14:08:34.216 DEBUG o.h.o.results:61 - Extracted JDBC value [3] - [0729892220]
2023-12-08 14:08:34.216 DEBUG o.h.o.results:61 - Extracted JDBC value [4] - [null]
2023-12-08 14:08:34.216 DEBUG o.h.o.results:61 - Extracted JDBC value [5] - [ff]
2023-12-08 14:08:34.218 DEBUG o.h.o.results:61 - Extracted JDBC value [6] - [2023-12-06 16:27:52.0]
2023-12-08 14:08:34.218 DEBUG o.h.o.results:61 - Extracted JDBC value [8] - [DEACT]
2023-12-08 14:08:34.218 DEBUG o.h.o.r.l.entity:889 - (EntityResultInitializer) Done materializing entityInstance : com.myproject.smsblock.entity.SmsBlockBlacklist(1545793118366300)#39
2023-12-08 14:08:34.218 DEBUG o.h.o.r.loading:93 - Calling top-level assembler (0 / 1) : org.hibernate.sql.results.graph.entity.internal.EntityAssembler@66676442
2023-12-08 14:08:34.219 DEBUG o.h.o.results:61 - Extracted JDBC value [0] - [40]
2023-12-08 14:08:34.219 DEBUG o.h.o.r.l.entity:300 - (EntityResultInitializer) Hydrated EntityKey (com.myproject.smsblock.entity.SmsBlockBlacklist(1545793118366300)): 40
2023-12-08 14:08:34.219 DEBUG o.h.o.r.l.entity:689 - (EntityResultInitializer) Created new entity instance [com.myproject.smsblock.entity.SmsBlockBlacklist(1545793118366300)#40] : 82608946
2023-12-08 14:08:34.220 DEBUG o.h.o.results:61 - Extracted JDBC value [7] - [62]
2023-12-08 14:08:34.221 DEBUG o.h.o.results:61 - Extracted JDBC value [1] - [2023-12-06 16:28:12.0]
2023-12-08 14:08:34.222 DEBUG o.h.o.results:61 - Extracted JDBC value [2] - [ff]
2023-12-08 14:08:34.222 DEBUG o.h.o.results:61 - Extracted JDBC value [3] - [0729892220]
2023-12-08 14:08:34.222 DEBUG o.h.o.results:61 - Extracted JDBC value [4] - [null]
2023-12-08 14:08:34.223 DEBUG o.h.o.results:61 - Extracted JDBC value [5] - [ff]
2023-12-08 14:08:34.223 DEBUG o.h.o.results:61 - Extracted JDBC value [6] - [2023-12-06 16:28:19.0]
2023-12-08 14:08:34.224 DEBUG o.h.o.results:61 - Extracted JDBC value [8] - [DEACT]
2023-12-08 14:08:34.224 DEBUG o.h.o.r.l.entity:889 - (EntityResultInitializer) Done materializing entityInstance : com.myproject.smsblock.entity.SmsBlockBlacklist(1545793118366300)#40
2023-12-08 14:08:34.225 DEBUG o.h.o.r.loading:93 - Calling top-level assembler (0 / 1) : org.hibernate.sql.results.graph.entity.internal.EntityAssembler@66676442
2023-12-08 14:08:34.226 DEBUG o.h.o.results:61 - Extracted JDBC value [0] - [41]
2023-12-08 14:08:34.227 DEBUG o.h.o.r.l.entity:300 - (EntityResultInitializer) Hydrated EntityKey (com.myproject.smsblock.entity.SmsBlockBlacklist(1545793118366300)): 41
2023-12-08 14:08:34.229 DEBUG o.h.o.r.l.entity:689 - (EntityResultInitializer) Created new entity instance [com.myproject.smsblock.entity.SmsBlockBlacklist(1545793118366300)#41] : 1211261806
2023-12-08 14:08:34.229 DEBUG o.h.o.results:61 - Extracted JDBC value [7] - [2]
2023-12-08 14:08:34.230 DEBUG o.h.o.r.l.entity:190 - (EntitySelectFetchInitializer) Invoking session#internalLoad for entity (com.myproject.smsblock.entity.SmsBlockBlacklist(1545793118366300).smsBlockMobile#2) : 2
2023-12-08 14:08:34.231 DEBUG o.h.o.s.exec:455 - Skipping reading Query result cache data: cache-enabled = false, cache-mode = IGNORE
2023-12-08 14:08:34.231 DEBUG o.h.o.results:76 - Initializer list:
	  com.myproject.smsblock.entity.SmsBlockMobile -> EntityResultInitializer(com.myproject.smsblock.entity.SmsBlockMobile)@355097438 (SingleTableEntityPersister(com.myproject.smsblock.entity.SmsBlockMobile))

2023-12-08 14:08:34.232 DEBUG o.h.SQL:133 - select s1_0.id,s1_0.activated_on,s1_0.added_by,s1_0.comment,s1_0.deactivated_by,s1_0.deactivated_on,s1_0.mobile_no,s1_0.status from sms_block_mobile s1_0 where s1_0.id=?
2023-12-08 14:08:34.234 DEBUG o.h.o.r.l.entity:300 - (EntityResultInitializer) Hydrated EntityKey (com.myproject.smsblock.entity.SmsBlockMobile): 2
2023-12-08 14:08:34.234 DEBUG o.h.o.r.l.entity:689 - (EntityResultInitializer) Created new entity instance [com.myproject.smsblock.entity.SmsBlockMobile#2] : 617057450
2023-12-08 14:08:34.235 DEBUG o.h.o.results:61 - Extracted JDBC value [1] - [2023-11-30 08:40:34.0]
2023-12-08 14:08:34.235 DEBUG o.h.o.results:61 - Extracted JDBC value [2] - [Tharsana]
2023-12-08 14:08:34.236 DEBUG o.h.o.results:61 - Extracted JDBC value [3] - [089787675]
2023-12-08 14:08:34.237 DEBUG o.h.o.results:61 - Extracted JDBC value [4] - [Sana]
2023-12-08 14:08:34.237 DEBUG o.h.o.results:61 - Extracted JDBC value [5] - [2023-11-30 09:22:23.0]
2023-12-08 14:08:34.237 DEBUG o.h.o.results:61 - Extracted JDBC value [6] - [0711690967]
2023-12-08 14:08:34.238 DEBUG o.h.o.results:61 - Extracted JDBC value [7] - [DEACT]
2023-12-08 14:08:34.239 DEBUG o.h.o.r.l.entity:889 - (EntityResultInitializer) Done materializing entityInstance : com.myproject.smsblock.entity.SmsBlockMobile#2
2023-12-08 14:08:34.239 DEBUG o.h.o.r.loading:93 - Calling top-level assembler (0 / 1) : org.hibernate.sql.results.graph.entity.internal.EntityAssembler@6370d3c7
2023-12-08 14:08:34.240 DEBUG o.h.o.r.l.entity:216 - (EntitySelectFetchInitializer) Entity [com.myproject.smsblock.entity.SmsBlockBlacklist(1545793118366300).smsBlockMobile#2] : 2 has being loaded by session.internalLoad.
2023-12-08 14:08:34.240 DEBUG o.h.o.results:61 - Extracted JDBC value [1] - [2023-12-06 16:29:39.0]
2023-12-08 14:08:34.240 DEBUG o.h.o.results:61 - Extracted JDBC value [2] - [ff]
2023-12-08 14:08:34.240 DEBUG o.h.o.results:61 - Extracted JDBC value [3] - [0729892220]
2023-12-08 14:08:34.241 DEBUG o.h.o.results:61 - Extracted JDBC value [4] - [null]
2023-12-08 14:08:34.241 DEBUG o.h.o.results:61 - Extracted JDBC value [5] - [null]
2023-12-08 14:08:34.241 DEBUG o.h.o.results:61 - Extracted JDBC value [6] - [2023-12-06 16:29:48.0]
2023-12-08 14:08:34.241 DEBUG o.h.o.results:61 - Extracted JDBC value [8] - [DEACT]
2023-12-08 14:08:34.242 DEBUG o.h.o.r.l.entity:889 - (EntityResultInitializer) Done materializing entityInstance : com.myproject.smsblock.entity.SmsBlockBlacklist(1545793118366300)#41
2023-12-08 14:08:34.242 DEBUG o.h.o.r.loading:93 - Calling top-level assembler (0 / 1) : org.hibernate.sql.results.graph.entity.internal.EntityAssembler@66676442
2023-12-08 14:08:34.242 DEBUG o.h.o.results:61 - Extracted JDBC value [0] - [42]
2023-12-08 14:08:34.242 DEBUG o.h.o.r.l.entity:300 - (EntityResultInitializer) Hydrated EntityKey (com.myproject.smsblock.entity.SmsBlockBlacklist(1545793118366300)): 42
2023-12-08 14:08:34.242 DEBUG o.h.o.r.l.entity:689 - (EntityResultInitializer) Created new entity instance [com.myproject.smsblock.entity.SmsBlockBlacklist(1545793118366300)#42] : 746890996
2023-12-08 14:08:34.242 DEBUG o.h.o.results:61 - Extracted JDBC value [7] - [66]
2023-12-08 14:08:34.243 DEBUG o.h.o.r.l.entity:190 - (EntitySelectFetchInitializer) Invoking session#internalLoad for entity (com.myproject.smsblock.entity.SmsBlockBlacklist(1545793118366300).smsBlockMobile#66) : 66
2023-12-08 14:08:34.243 DEBUG o.h.o.s.exec:455 - Skipping reading Query result cache data: cache-enabled = false, cache-mode = IGNORE
2023-12-08 14:08:34.243 DEBUG o.h.o.results:76 - Initializer list:
	  com.myproject.smsblock.entity.SmsBlockMobile -> EntityResultInitializer(com.myproject.smsblock.entity.SmsBlockMobile)@876530962 (SingleTableEntityPersister(com.myproject.smsblock.entity.SmsBlockMobile))

2023-12-08 14:08:34.244 DEBUG o.h.SQL:133 - select s1_0.id,s1_0.activated_on,s1_0.added_by,s1_0.comment,s1_0.deactivated_by,s1_0.deactivated_on,s1_0.mobile_no,s1_0.status from sms_block_mobile s1_0 where s1_0.id=?
2023-12-08 14:08:34.246 DEBUG o.h.o.r.l.entity:300 - (EntityResultInitializer) Hydrated EntityKey (com.myproject.smsblock.entity.SmsBlockMobile): 66
2023-12-08 14:08:34.246 DEBUG o.h.o.r.l.entity:689 - (EntityResultInitializer) Created new entity instance [com.myproject.smsblock.entity.SmsBlockMobile#66] : 1898813746
2023-12-08 14:08:34.247 DEBUG o.h.o.results:61 - Extracted JDBC value [1] - [2023-12-06 16:34:18.0]
2023-12-08 14:08:34.247 DEBUG o.h.o.results:61 - Extracted JDBC value [2] - [ff]
2023-12-08 14:08:34.247 DEBUG o.h.o.results:61 - Extracted JDBC value [3] - [null]
2023-12-08 14:08:34.247 DEBUG o.h.o.results:61 - Extracted JDBC value [4] - [tharsana]
2023-12-08 14:08:34.248 DEBUG o.h.o.results:61 - Extracted JDBC value [5] - [2023-12-06 16:36:46.0]
2023-12-08 14:08:34.248 DEBUG o.h.o.results:61 - Extracted JDBC value [6] - [0729892220]
2023-12-08 14:08:34.248 DEBUG o.h.o.results:61 - Extracted JDBC value [7] - [DEACT]
2023-12-08 14:08:34.248 DEBUG o.h.o.r.l.entity:889 - (EntityResultInitializer) Done materializing entityInstance : com.myproject.smsblock.entity.SmsBlockMobile#66
2023-12-08 14:08:34.248 DEBUG o.h.o.r.loading:93 - Calling top-level assembler (0 / 1) : org.hibernate.sql.results.graph.entity.internal.EntityAssembler@33399c58
2023-12-08 14:08:34.248 DEBUG o.h.o.r.l.entity:216 - (EntitySelectFetchInitializer) Entity [com.myproject.smsblock.entity.SmsBlockBlacklist(1545793118366300).smsBlockMobile#66] : 66 has being loaded by session.internalLoad.
2023-12-08 14:08:34.248 DEBUG o.h.o.results:61 - Extracted JDBC value [1] - [2023-12-06 16:34:22.0]
2023-12-08 14:08:34.248 DEBUG o.h.o.results:61 - Extracted JDBC value [2] - [ff]
2023-12-08 14:08:34.249 DEBUG o.h.o.results:61 - Extracted JDBC value [3] - [0729892220]
2023-12-08 14:08:34.249 DEBUG o.h.o.results:61 - Extracted JDBC value [4] - [null]
2023-12-08 14:08:34.249 DEBUG o.h.o.results:61 - Extracted JDBC value [5] - [null]
2023-12-08 14:08:34.249 DEBUG o.h.o.results:61 - Extracted JDBC value [6] - [2023-12-06 16:36:10.0]
2023-12-08 14:08:34.249 DEBUG o.h.o.results:61 - Extracted JDBC value [8] - [DEACT]
2023-12-08 14:08:34.251 DEBUG o.h.o.r.l.entity:889 - (EntityResultInitializer) Done materializing entityInstance : com.myproject.smsblock.entity.SmsBlockBlacklist(1545793118366300)#42
2023-12-08 14:08:34.251 DEBUG o.h.o.r.loading:93 - Calling top-level assembler (0 / 1) : org.hibernate.sql.results.graph.entity.internal.EntityAssembler@66676442
2023-12-08 14:08:34.251 DEBUG o.h.o.results:61 - Extracted JDBC value [0] - [51]
2023-12-08 14:08:34.251 DEBUG o.h.o.r.l.entity:300 - (EntityResultInitializer) Hydrated EntityKey (com.myproject.smsblock.entity.SmsBlockBlacklist(1545793118366300)): 51
2023-12-08 14:08:34.252 DEBUG o.h.o.r.l.entity:689 - (EntityResultInitializer) Created new entity instance [com.myproject.smsblock.entity.SmsBlockBlacklist(1545793118366300)#51] : 231669745
2023-12-08 14:08:34.252 DEBUG o.h.o.results:61 - Extracted JDBC value [7] - [9]
2023-12-08 14:08:34.252 DEBUG o.h.o.r.l.entity:190 - (EntitySelectFetchInitializer) Invoking session#internalLoad for entity (com.myproject.smsblock.entity.SmsBlockBlacklist(1545793118366300).smsBlockMobile#9) : 9
2023-12-08 14:08:34.252 DEBUG o.h.o.s.exec:455 - Skipping reading Query result cache data: cache-enabled = false, cache-mode = IGNORE
2023-12-08 14:08:34.253 DEBUG o.h.o.results:76 - Initializer list:
	  com.myproject.smsblock.entity.SmsBlockMobile -> EntityResultInitializer(com.myproject.smsblock.entity.SmsBlockMobile)@272040819 (SingleTableEntityPersister(com.myproject.smsblock.entity.SmsBlockMobile))

2023-12-08 14:08:34.253 DEBUG o.h.SQL:133 - select s1_0.id,s1_0.activated_on,s1_0.added_by,s1_0.comment,s1_0.deactivated_by,s1_0.deactivated_on,s1_0.mobile_no,s1_0.status from sms_block_mobile s1_0 where s1_0.id=?
2023-12-08 14:08:34.254 DEBUG o.h.o.r.l.entity:300 - (EntityResultInitializer) Hydrated EntityKey (com.myproject.smsblock.entity.SmsBlockMobile): 9
2023-12-08 14:08:34.254 DEBUG o.h.o.r.l.entity:689 - (EntityResultInitializer) Created new entity instance [com.myproject.smsblock.entity.SmsBlockMobile#9] : 1799643512
2023-12-08 14:08:34.254 DEBUG o.h.o.results:61 - Extracted JDBC value [1] - [2023-12-04 14:51:18.0]
2023-12-08 14:08:34.254 DEBUG o.h.o.results:61 - Extracted JDBC value [2] - [ghgjhj]
2023-12-08 14:08:34.254 DEBUG o.h.o.results:61 - Extracted JDBC value [3] - [null]
2023-12-08 14:08:34.254 DEBUG o.h.o.results:61 - Extracted JDBC value [4] - [null]
2023-12-08 14:08:34.255 DEBUG o.h.o.results:61 - Extracted JDBC value [5] - [null]
2023-12-08 14:08:34.255 DEBUG o.h.o.results:61 - Extracted JDBC value [6] - [+6868622298]
2023-12-08 14:08:34.255 DEBUG o.h.o.results:61 - Extracted JDBC value [7] - [ACT]
2023-12-08 14:08:34.255 DEBUG o.h.o.r.l.entity:889 - (EntityResultInitializer) Done materializing entityInstance : com.myproject.smsblock.entity.SmsBlockMobile#9
2023-12-08 14:08:34.256 DEBUG o.h.o.r.loading:93 - Calling top-level assembler (0 / 1) : org.hibernate.sql.results.graph.entity.internal.EntityAssembler@4340dbf8
2023-12-08 14:08:34.256 DEBUG o.h.o.r.l.entity:216 - (EntitySelectFetchInitializer) Entity [com.myproject.smsblock.entity.SmsBlockBlacklist(1545793118366300).smsBlockMobile#9] : 9 has being loaded by session.internalLoad.
2023-12-08 14:08:34.257 DEBUG o.h.o.results:61 - Extracted JDBC value [1] - [2023-12-07 14:37:32.0]
2023-12-08 14:08:34.257 DEBUG o.h.o.results:61 - Extracted JDBC value [2] - [tharsana]
2023-12-08 14:08:34.258 DEBUG o.h.o.results:61 - Extracted JDBC value [3] - [0729892220]
2023-12-08 14:08:34.258 DEBUG o.h.o.results:61 - Extracted JDBC value [4] - [null]
2023-12-08 14:08:34.258 DEBUG o.h.o.results:61 - Extracted JDBC value [5] - [tharsana]
2023-12-08 14:08:34.258 DEBUG o.h.o.results:61 - Extracted JDBC value [6] - [2023-12-07 14:56:50.0]
2023-12-08 14:08:34.258 DEBUG o.h.o.results:61 - Extracted JDBC value [8] - [DEACT]
2023-12-08 14:08:34.259 DEBUG o.h.o.r.l.entity:889 - (EntityResultInitializer) Done materializing entityInstance : com.myproject.smsblock.entity.SmsBlockBlacklist(1545793118366300)#51
2023-12-08 14:08:34.259 DEBUG o.h.o.r.loading:93 - Calling top-level assembler (0 / 1) : org.hibernate.sql.results.graph.entity.internal.EntityAssembler@66676442
2023-12-08 14:08:34.259 DEBUG o.h.o.results:61 - Extracted JDBC value [0] - [52]
2023-12-08 14:08:34.260 DEBUG o.h.o.r.l.entity:300 - (EntityResultInitializer) Hydrated EntityKey (com.myproject.smsblock.entity.SmsBlockBlacklist(1545793118366300)): 52
2023-12-08 14:08:34.260 DEBUG o.h.o.r.l.entity:689 - (EntityResultInitializer) Created new entity instance [com.myproject.smsblock.entity.SmsBlockBlacklist(1545793118366300)#52] : 1490687871
2023-12-08 14:08:34.260 DEBUG o.h.o.results:61 - Extracted JDBC value [7] - [2]
2023-12-08 14:08:34.261 DEBUG o.h.o.results:61 - Extracted JDBC value [1] - [2023-12-07 14:57:18.0]
2023-12-08 14:08:34.261 DEBUG o.h.o.results:61 - Extracted JDBC value [2] - [tharsana]
2023-12-08 14:08:34.261 DEBUG o.h.o.results:61 - Extracted JDBC value [3] - [0729892220]
2023-12-08 14:08:34.261 DEBUG o.h.o.results:61 - Extracted JDBC value [4] - [null]
2023-12-08 14:08:34.261 DEBUG o.h.o.results:61 - Extracted JDBC value [5] - [1]
2023-12-08 14:08:34.262 DEBUG o.h.o.results:61 - Extracted JDBC value [6] - [2023-12-07 14:58:00.0]
2023-12-08 14:08:34.262 DEBUG o.h.o.results:61 - Extracted JDBC value [8] - [DEACT]
2023-12-08 14:08:34.262 DEBUG o.h.o.r.l.entity:889 - (EntityResultInitializer) Done materializing entityInstance : com.myproject.smsblock.entity.SmsBlockBlacklist(1545793118366300)#52
2023-12-08 14:08:34.262 DEBUG o.h.o.r.loading:93 - Calling top-level assembler (0 / 1) : org.hibernate.sql.results.graph.entity.internal.EntityAssembler@66676442
2023-12-08 14:08:34.263 DEBUG o.h.o.results:61 - Extracted JDBC value [0] - [53]
2023-12-08 14:08:34.263 DEBUG o.h.o.r.l.entity:300 - (EntityResultInitializer) Hydrated EntityKey (com.myproject.smsblock.entity.SmsBlockBlacklist(1545793118366300)): 53
2023-12-08 14:08:34.263 DEBUG o.h.o.r.l.entity:689 - (EntityResultInitializer) Created new entity instance [com.myproject.smsblock.entity.SmsBlockBlacklist(1545793118366300)#53] : 282981053
2023-12-08 14:08:34.264 DEBUG o.h.o.results:61 - Extracted JDBC value [7] - [3]
2023-12-08 14:08:34.264 DEBUG o.h.o.r.l.entity:190 - (EntitySelectFetchInitializer) Invoking session#internalLoad for entity (com.myproject.smsblock.entity.SmsBlockBlacklist(1545793118366300).smsBlockMobile#3) : 3
2023-12-08 14:08:34.264 DEBUG o.h.o.s.exec:455 - Skipping reading Query result cache data: cache-enabled = false, cache-mode = IGNORE
2023-12-08 14:08:34.264 DEBUG o.h.o.results:76 - Initializer list:
	  com.myproject.smsblock.entity.SmsBlockMobile -> EntityResultInitializer(com.myproject.smsblock.entity.SmsBlockMobile)@1426551877 (SingleTableEntityPersister(com.myproject.smsblock.entity.SmsBlockMobile))

2023-12-08 14:08:34.265 DEBUG o.h.SQL:133 - select s1_0.id,s1_0.activated_on,s1_0.added_by,s1_0.comment,s1_0.deactivated_by,s1_0.deactivated_on,s1_0.mobile_no,s1_0.status from sms_block_mobile s1_0 where s1_0.id=?
2023-12-08 14:08:34.266 DEBUG o.h.o.r.l.entity:300 - (EntityResultInitializer) Hydrated EntityKey (com.myproject.smsblock.entity.SmsBlockMobile): 3
2023-12-08 14:08:34.267 DEBUG o.h.o.r.l.entity:689 - (EntityResultInitializer) Created new entity instance [com.myproject.smsblock.entity.SmsBlockMobile#3] : 151935653
2023-12-08 14:08:34.267 DEBUG o.h.o.results:61 - Extracted JDBC value [1] - [2023-11-30 09:21:13.0]
2023-12-08 14:08:34.267 DEBUG o.h.o.results:61 - Extracted JDBC value [2] - [myuu]
2023-12-08 14:08:34.267 DEBUG o.h.o.results:61 - Extracted JDBC value [3] - [hi]
2023-12-08 14:08:34.268 DEBUG o.h.o.results:61 - Extracted JDBC value [4] - [Sana]
2023-12-08 14:08:34.268 DEBUG o.h.o.results:61 - Extracted JDBC value [5] - [2023-11-30 09:50:05.0]
2023-12-08 14:08:34.268 DEBUG o.h.o.results:61 - Extracted JDBC value [6] - [07123498676]
2023-12-08 14:08:34.268 DEBUG o.h.o.results:61 - Extracted JDBC value [7] - [DEACT]
2023-12-08 14:08:34.268 DEBUG o.h.o.r.l.entity:889 - (EntityResultInitializer) Done materializing entityInstance : com.myproject.smsblock.entity.SmsBlockMobile#3
2023-12-08 14:08:34.269 DEBUG o.h.o.r.loading:93 - Calling top-level assembler (0 / 1) : org.hibernate.sql.results.graph.entity.internal.EntityAssembler@67c5a29d
2023-12-08 14:08:34.269 DEBUG o.h.o.r.l.entity:216 - (EntitySelectFetchInitializer) Entity [com.myproject.smsblock.entity.SmsBlockBlacklist(1545793118366300).smsBlockMobile#3] : 3 has being loaded by session.internalLoad.
2023-12-08 14:08:34.270 DEBUG o.h.o.results:61 - Extracted JDBC value [1] - [2023-12-07 15:11:01.0]
2023-12-08 14:08:34.270 DEBUG o.h.o.results:61 - Extracted JDBC value [2] - [1]
2023-12-08 14:08:34.270 DEBUG o.h.o.results:61 - Extracted JDBC value [3] - [0729892220]
2023-12-08 14:08:34.271 DEBUG o.h.o.results:61 - Extracted JDBC value [4] - [null]
2023-12-08 14:08:34.271 DEBUG o.h.o.results:61 - Extracted JDBC value [5] - [1]
2023-12-08 14:08:34.272 DEBUG o.h.o.results:61 - Extracted JDBC value [6] - [2023-12-07 15:12:57.0]
2023-12-08 14:08:34.272 DEBUG o.h.o.results:61 - Extracted JDBC value [8] - [DEACT]
2023-12-08 14:08:34.272 DEBUG o.h.o.r.l.entity:889 - (EntityResultInitializer) Done materializing entityInstance : com.myproject.smsblock.entity.SmsBlockBlacklist(1545793118366300)#53
2023-12-08 14:08:34.273 DEBUG o.h.o.r.loading:93 - Calling top-level assembler (0 / 1) : org.hibernate.sql.results.graph.entity.internal.EntityAssembler@66676442
2023-12-08 14:08:34.273 DEBUG o.h.o.results:61 - Extracted JDBC value [0] - [60]
2023-12-08 14:08:34.273 DEBUG o.h.o.r.l.entity:300 - (EntityResultInitializer) Hydrated EntityKey (com.myproject.smsblock.entity.SmsBlockBlacklist(1545793118366300)): 60
2023-12-08 14:08:34.273 DEBUG o.h.o.r.l.entity:689 - (EntityResultInitializer) Created new entity instance [com.myproject.smsblock.entity.SmsBlockBlacklist(1545793118366300)#60] : 602017748
2023-12-08 14:08:34.274 DEBUG o.h.o.results:61 - Extracted JDBC value [7] - [83]
2023-12-08 14:08:34.274 DEBUG o.h.o.r.l.entity:190 - (EntitySelectFetchInitializer) Invoking session#internalLoad for entity (com.myproject.smsblock.entity.SmsBlockBlacklist(1545793118366300).smsBlockMobile#83) : 83
2023-12-08 14:08:34.274 DEBUG o.h.o.s.exec:455 - Skipping reading Query result cache data: cache-enabled = false, cache-mode = IGNORE
2023-12-08 14:08:34.274 DEBUG o.h.o.results:76 - Initializer list:
	  com.myproject.smsblock.entity.SmsBlockMobile -> EntityResultInitializer(com.myproject.smsblock.entity.SmsBlockMobile)@1480766079 (SingleTableEntityPersister(com.myproject.smsblock.entity.SmsBlockMobile))

2023-12-08 14:08:34.275 DEBUG o.h.SQL:133 - select s1_0.id,s1_0.activated_on,s1_0.added_by,s1_0.comment,s1_0.deactivated_by,s1_0.deactivated_on,s1_0.mobile_no,s1_0.status from sms_block_mobile s1_0 where s1_0.id=?
2023-12-08 14:08:34.276 DEBUG o.h.o.r.l.entity:300 - (EntityResultInitializer) Hydrated EntityKey (com.myproject.smsblock.entity.SmsBlockMobile): 83
2023-12-08 14:08:34.276 DEBUG o.h.o.r.l.entity:689 - (EntityResultInitializer) Created new entity instance [com.myproject.smsblock.entity.SmsBlockMobile#83] : 558710604
2023-12-08 14:08:34.276 DEBUG o.h.o.results:61 - Extracted JDBC value [1] - [2023-12-08 09:31:12.0]
2023-12-08 14:08:34.277 DEBUG o.h.o.results:61 - Extracted JDBC value [2] - [Tharsana]
2023-12-08 14:08:34.277 DEBUG o.h.o.results:61 - Extracted JDBC value [3] - [null]
2023-12-08 14:08:34.277 DEBUG o.h.o.results:61 - Extracted JDBC value [4] - [null]
2023-12-08 14:08:34.277 DEBUG o.h.o.results:61 - Extracted JDBC value [5] - [null]
2023-12-08 14:08:34.277 DEBUG o.h.o.results:61 - Extracted JDBC value [6] - [0763600821]
2023-12-08 14:08:34.278 DEBUG o.h.o.results:61 - Extracted JDBC value [7] - [ACT]
2023-12-08 14:08:34.278 DEBUG o.h.o.r.l.entity:889 - (EntityResultInitializer) Done materializing entityInstance : com.myproject.smsblock.entity.SmsBlockMobile#83
2023-12-08 14:08:34.278 DEBUG o.h.o.r.loading:93 - Calling top-level assembler (0 / 1) : org.hibernate.sql.results.graph.entity.internal.EntityAssembler@6c51a050
2023-12-08 14:08:34.278 DEBUG o.h.o.r.l.entity:216 - (EntitySelectFetchInitializer) Entity [com.myproject.smsblock.entity.SmsBlockBlacklist(1545793118366300).smsBlockMobile#83] : 83 has being loaded by session.internalLoad.
2023-12-08 14:08:34.279 DEBUG o.h.o.results:61 - Extracted JDBC value [1] - [2023-12-08 09:32:02.0]
2023-12-08 14:08:34.279 DEBUG o.h.o.results:61 - Extracted JDBC value [2] - [tharsana]
2023-12-08 14:08:34.279 DEBUG o.h.o.results:61 - Extracted JDBC value [3] - [0729892220]
2023-12-08 14:08:34.279 DEBUG o.h.o.results:61 - Extracted JDBC value [4] - [null]
2023-12-08 14:08:34.280 DEBUG o.h.o.results:61 - Extracted JDBC value [5] - [null]
2023-12-08 14:08:34.280 DEBUG o.h.o.results:61 - Extracted JDBC value [6] - [null]
2023-12-08 14:08:34.280 DEBUG o.h.o.results:61 - Extracted JDBC value [8] - [ACT]
2023-12-08 14:08:34.280 DEBUG o.h.o.r.l.entity:889 - (EntityResultInitializer) Done materializing entityInstance : com.myproject.smsblock.entity.SmsBlockBlacklist(1545793118366300)#60
2023-12-08 14:08:34.280 DEBUG o.h.o.r.loading:93 - Calling top-level assembler (0 / 1) : org.hibernate.sql.results.graph.entity.internal.EntityAssembler@66676442
2023-12-08 14:08:34.281 DEBUG o.s.o.j.JpaTransactionManager:374 - Found thread-bound EntityManager [SessionImpl(2108320932<open>)] for JPA transaction
2023-12-08 14:08:34.281 DEBUG o.s.o.j.JpaTransactionManager:370 - Creating new transaction with name [org.springframework.data.jpa.repository.support.SimpleJpaRepository.save]: PROPAGATION_REQUIRED,ISOLATION_DEFAULT
2023-12-08 14:08:34.281 DEBUG o.h.e.t.i.TransactionImpl:53 - On TransactionImpl creation, JpaCompliance#isJpaTransactionComplianceEnabled == false
2023-12-08 14:08:34.282 DEBUG o.h.e.t.i.TransactionImpl:81 - begin
2023-12-08 14:08:34.282 DEBUG o.s.o.j.JpaTransactionManager:439 - Exposing JPA transaction as JDBC [org.springframework.orm.jpa.vendor.HibernateJpaDialect$HibernateConnectionHandle@1c981061]
2023-12-08 14:08:34.282 DEBUG o.h.j.i.PersistenceUnitUtilImpl:89 - jakarta.persistence.PersistenceUnitUtil.getIdentifier is only intended to work with enhanced entities (although Hibernate also adapts this support to its proxies); however the passed entity was not enhanced (nor a proxy).. may not be able to read identifier
2023-12-08 14:08:34.283 DEBUG o.s.o.j.JpaTransactionManager:740 - Initiating transaction commit
2023-12-08 14:08:34.283 DEBUG o.s.o.j.JpaTransactionManager:556 - Committing JPA transaction on EntityManager [SessionImpl(2108320932<open>)]
2023-12-08 14:08:34.283 DEBUG o.h.e.t.i.TransactionImpl:98 - committing
2023-12-08 14:08:34.283 DEBUG o.h.e.i.AbstractFlushingEventListener:136 - Processing flush-time cascades
2023-12-08 14:08:34.284 DEBUG o.h.e.i.AbstractFlushingEventListener:185 - Dirty checking collections
2023-12-08 14:08:34.284 DEBUG o.h.e.i.AbstractFlushingEventListener:110 - Flushed: 0 insertions, 1 updates, 0 deletions to 15 objects
2023-12-08 14:08:34.284 DEBUG o.h.e.i.AbstractFlushingEventListener:117 - Flushed: 0 (re)creations, 0 updates, 0 removals to 0 collections
2023-12-08 14:08:34.285 DEBUG o.h.i.u.EntityPrinter:111 - Listing entities:
2023-12-08 14:08:34.286 DEBUG o.h.i.u.EntityPrinter:118 - com.myproject.smsblock.entity.SmsBlockMobile{activatedOn=2023-11-30 08:40:34.0, addedBy=Tharsana, deactivatedOn=2023-11-30 09:22:23.0, comment=089787675, id=2, mobileNo=0711690967, deactivatedBy=Sana, status=DEACT}
2023-12-08 14:08:34.286 DEBUG o.h.i.u.EntityPrinter:118 - com.myproject.smsblock.entity.SmsBlockMobile{activatedOn=2023-12-06 16:34:18.0, addedBy=ff, deactivatedOn=2023-12-06 16:36:46.0, comment=null, id=66, mobileNo=0729892220, deactivatedBy=tharsana, status=DEACT}
2023-12-08 14:08:34.286 DEBUG o.h.i.u.EntityPrinter:118 - com.myproject.smsblock.entity.SmsBlockBlacklist{activatedOn=2023-12-07 14:37:32.0, smsBlockMobile=com.myproject.smsblock.entity.SmsBlockMobile#9, addedBy=tharsana, deactivatedOn=2023-12-07 14:56:50.0, blacklistMobile=0729892220, comment=null, id=51, deactivatedBy=tharsana, status=DEACT}
2023-12-08 14:08:34.287 DEBUG o.h.i.u.EntityPrinter:118 - com.myproject.smsblock.entity.SmsBlockMobile{activatedOn=2023-11-30 09:21:13.0, addedBy=myuu, deactivatedOn=2023-11-30 09:50:05.0, comment=hi, id=3, mobileNo=07123498676, deactivatedBy=Sana, status=DEACT}
2023-12-08 14:08:34.287 DEBUG o.h.i.u.EntityPrinter:118 - com.myproject.smsblock.entity.SmsBlockBlacklist{activatedOn=2023-12-07 15:11:01.0, smsBlockMobile=com.myproject.smsblock.entity.SmsBlockMobile#3, addedBy=1, deactivatedOn=2023-12-07 15:12:57.0, blacklistMobile=0729892220, comment=null, id=53, deactivatedBy=1, status=DEACT}
2023-12-08 14:08:34.287 DEBUG o.h.i.u.EntityPrinter:118 - com.myproject.smsblock.entity.SmsBlockBlacklist{activatedOn=2023-12-07 14:57:18.0, smsBlockMobile=com.myproject.smsblock.entity.SmsBlockMobile#2, addedBy=tharsana, deactivatedOn=2023-12-07 14:58:00.0, blacklistMobile=0729892220, comment=null, id=52, deactivatedBy=1, status=DEACT}
2023-12-08 14:08:34.287 DEBUG o.h.i.u.EntityPrinter:118 - com.myproject.smsblock.entity.SmsBlockMobile{activatedOn=2023-12-06 16:27:01.0, addedBy=tharsana, deactivatedOn=2023-12-06 16:28:35.0, comment=null, id=62, mobileNo=0729892220, deactivatedBy=ff, status=DEACT}
2023-12-08 14:08:34.288 DEBUG o.h.i.u.EntityPrinter:118 - com.myproject.smsblock.entity.SmsBlockBlacklist{activatedOn=2023-12-08 09:32:02.0, smsBlockMobile=com.myproject.smsblock.entity.SmsBlockMobile#83, addedBy=tharsana, deactivatedOn=2023-12-08 14:08:34.2813425, blacklistMobile=0729892220, comment=null, id=60, deactivatedBy=tharsana, status=DEACT}
2023-12-08 14:08:34.288 DEBUG o.h.i.u.EntityPrinter:118 - com.myproject.smsblock.entity.SmsBlockMobile{activatedOn=2023-12-08 09:31:12.0, addedBy=Tharsana, deactivatedOn=null, comment=null, id=83, mobileNo=0763600821, deactivatedBy=null, status=ACT}
2023-12-08 14:08:34.288 DEBUG o.h.i.u.EntityPrinter:118 - com.myproject.smsblock.entity.SmsBlockBlacklist{activatedOn=2023-12-06 16:27:46.0, smsBlockMobile=com.myproject.smsblock.entity.SmsBlockMobile#62, addedBy=ff, deactivatedOn=2023-12-06 16:27:52.0, blacklistMobile=0729892220, comment=null, id=39, deactivatedBy=ff, status=DEACT}
2023-12-08 14:08:34.288 DEBUG o.h.i.u.EntityPrinter:118 - com.myproject.smsblock.entity.SmsBlockMobile{activatedOn=2023-12-04 14:51:18.0, addedBy=ghgjhj, deactivatedOn=null, comment=null, id=9, mobileNo=+6868622298, deactivatedBy=null, status=ACT}
2023-12-08 14:08:34.288 DEBUG o.h.i.u.EntityPrinter:118 - com.myproject.smsblock.entity.SmsBlockBlacklist{activatedOn=2023-12-06 16:27:07.0, smsBlockMobile=com.myproject.smsblock.entity.SmsBlockMobile#62, addedBy=tharsana, deactivatedOn=2023-12-06 16:27:40.0, blacklistMobile=0729892220, comment=null, id=38, deactivatedBy=ff, status=DEACT}
2023-12-08 14:08:34.289 DEBUG o.h.i.u.EntityPrinter:118 - com.myproject.smsblock.entity.SmsBlockBlacklist{activatedOn=2023-12-06 16:34:22.0, smsBlockMobile=com.myproject.smsblock.entity.SmsBlockMobile#66, addedBy=ff, deactivatedOn=2023-12-06 16:36:10.0, blacklistMobile=0729892220, comment=null, id=42, deactivatedBy=null, status=DEACT}
2023-12-08 14:08:34.289 DEBUG o.h.i.u.EntityPrinter:118 - com.myproject.smsblock.entity.SmsBlockBlacklist{activatedOn=2023-12-06 16:29:39.0, smsBlockMobile=com.myproject.smsblock.entity.SmsBlockMobile#2, addedBy=ff, deactivatedOn=2023-12-06 16:29:48.0, blacklistMobile=0729892220, comment=null, id=41, deactivatedBy=null, status=DEACT}
2023-12-08 14:08:34.289 DEBUG o.h.i.u.EntityPrinter:118 - com.myproject.smsblock.entity.SmsBlockBlacklist{activatedOn=2023-12-06 16:28:12.0, smsBlockMobile=com.myproject.smsblock.entity.SmsBlockMobile#62, addedBy=ff, deactivatedOn=2023-12-06 16:28:19.0, blacklistMobile=0729892220, comment=null, id=40, deactivatedBy=ff, status=DEACT}
2023-12-08 14:08:34.289 DEBUG o.h.SQL:133 - update sms_block_blacklisted_mobile set activated_on=?,added_by=?,blacklist_mobile=?,comment=?,deactivated_by=?,deactivated_on=?,sms_block_mobile_id=?,status=? where id=?
2023-12-08 14:08:34.454 DEBUG o.s.o.j.JpaTransactionManager:652 - Not closing pre-bound JPA EntityManager after transaction
2023-12-08 14:08:34.455 DEBUG o.s.w.s.m.m.a.HttpEntityMethodProcessor:275 - Using 'application/json', given [application/json, text/plain, */*] and supported [text/plain, */*, application/json, application/*+json]
2023-12-08 14:08:34.456 DEBUG o.s.w.s.m.m.a.HttpEntityMethodProcessor:120 - Writing ["Deactivated"]
2023-12-08 14:08:34.458 DEBUG o.s.o.j.s.OpenEntityManagerInViewInterceptor:111 - Closing JPA EntityManager in OpenEntityManagerInViewInterceptor
2023-12-08 14:08:34.458 DEBUG o.s.w.s.DispatcherServlet:1135 - Completed 200 OK
2023-12-08 14:08:37.949 DEBUG o.s.w.s.DispatcherServlet:120 - PUT "/deleteBlacklistMobile/0729892220", parameters={}
2023-12-08 14:08:37.950 DEBUG o.s.w.s.m.m.a.RequestMappingHandlerMapping:528 - Mapped to com.myproject.smsblock.controller.SmsBlockBlacklistController#deactivateSmsBlacklistMobile(SmsBlockBlacklistDto)
2023-12-08 14:08:37.951 DEBUG o.s.o.j.s.OpenEntityManagerInViewInterceptor:86 - Opening JPA EntityManager in OpenEntityManagerInViewInterceptor
2023-12-08 14:08:37.952 DEBUG o.s.w.s.m.m.a.RequestResponseBodyMethodProcessor:120 - Read "application/json;charset=UTF-8" to [com.myproject.smsblock.dto.SmsBlockBlacklistDto@41b33fb6]
2023-12-08 14:08:37.953 DEBUG o.h.o.s.a.create:33 - Created new SQL alias : s1_0
2023-12-08 14:08:37.953 DEBUG o.h.o.s.a.create:98 - Registration of TableGroup [StandardTableGroup(com.myproject.smsblock.entity.SmsBlockBlacklist(1545793118366300))] with identifierForTableGroup [com.myproject.smsblock.entity.SmsBlockBlacklist] for NavigablePath [com.myproject.smsblock.entity.SmsBlockBlacklist]
2023-12-08 14:08:37.955 DEBUG o.h.o.s.a.create:98 - Registration of TableGroup [org.hibernate.sql.ast.tree.from.LazyTableGroup@2f79343] with identifierForTableGroup [com.myproject.smsblock.entity.SmsBlockBlacklist.smsBlockMobile] for NavigablePath [com.myproject.smsblock.entity.SmsBlockBlacklist.smsBlockMobile]
2023-12-08 14:08:37.955 DEBUG o.h.q.s.s.BaseSqmToSqlAstConverter:5700 - Determining mapping-model type for SqmParameter : org.hibernate.query.sqm.tree.expression.SqmJpaCriteriaParameterWrapper@28c87153
2023-12-08 14:08:37.956 DEBUG o.h.q.s.s.BaseSqmToSqlAstConverter:5590 - Determining mapping-model type for SqmPath : SqmBasicValuedSimplePath(com.myproject.smsblock.entity.SmsBlockBlacklist(1545793118366300).blacklistMobile)
2023-12-08 14:08:37.957 DEBUG o.h.o.r.g.AST:67 - DomainResult Graph:
 \-EntityResultImpl [com.myproject.smsblock.entity.SmsBlockBlacklist(1545793118366300)]
 |  +-BasicFetch [com.myproject.smsblock.entity.SmsBlockBlacklist(1545793118366300).activatedOn]
 |  +-BasicFetch [com.myproject.smsblock.entity.SmsBlockBlacklist(1545793118366300).addedBy]
 |  +-BasicFetch [com.myproject.smsblock.entity.SmsBlockBlacklist(1545793118366300).blacklistMobile]
 |  +-BasicFetch [com.myproject.smsblock.entity.SmsBlockBlacklist(1545793118366300).comment]
 |  +-BasicFetch [com.myproject.smsblock.entity.SmsBlockBlacklist(1545793118366300).deactivatedBy]
 |  +-BasicFetch [com.myproject.smsblock.entity.SmsBlockBlacklist(1545793118366300).deactivatedOn]
 |  +-EntityFetchSelectImpl [com.myproject.smsblock.entity.SmsBlockBlacklist(1545793118366300).smsBlockMobile]
 |  \-BasicFetch [com.myproject.smsblock.entity.SmsBlockBlacklist(1545793118366300).status]

2023-12-08 14:08:37.957 DEBUG o.h.o.s.a.tree:46 - SQL AST Tree:
    SelectStatement {
      FromClause {
        StandardTableGroup (s1 : com.myproject.smsblock.entity.SmsBlockBlacklist(1545793118366300)) {
          primaryTableReference : sms_block_blacklisted_mobile as s1_0
          TableGroupJoins {
            left  join LazyTableGroup (s2 : com.myproject.smsblock.entity.SmsBlockBlacklist(1545793118366300).smsBlockMobile) {
            }
          }
        }
      }
    }

2023-12-08 14:08:37.957 DEBUG o.h.o.s.exec:455 - Skipping reading Query result cache data: cache-enabled = false, cache-mode = NORMAL
2023-12-08 14:08:37.958 DEBUG o.h.o.results:76 - Initializer list:
	  com.myproject.smsblock.entity.SmsBlockBlacklist(1545793118366300).smsBlockMobile -> EntitySelectFetchInitializer(com.myproject.smsblock.entity.SmsBlockBlacklist(1545793118366300).smsBlockMobile)@826864322 (ToOneAttributeMapping(NavigableRole[com.myproject.smsblock.entity.SmsBlockBlacklist.smsBlockMobile])@63001427)
	  com.myproject.smsblock.entity.SmsBlockBlacklist(1545793118366300) -> EntityResultInitializer(com.myproject.smsblock.entity.SmsBlockBlacklist(1545793118366300))@1443741721 (SingleTableEntityPersister(com.myproject.smsblock.entity.SmsBlockBlacklist))

2023-12-08 14:08:37.959 DEBUG o.h.SQL:133 - select s1_0.id,s1_0.activated_on,s1_0.added_by,s1_0.blacklist_mobile,s1_0.comment,s1_0.deactivated_by,s1_0.deactivated_on,s1_0.sms_block_mobile_id,s1_0.status from sms_block_blacklisted_mobile s1_0 where s1_0.blacklist_mobile=?
2023-12-08 14:08:37.961 DEBUG o.h.o.results:61 - Extracted JDBC value [0] - [38]
2023-12-08 14:08:37.962 DEBUG o.h.o.r.l.entity:300 - (EntityResultInitializer) Hydrated EntityKey (com.myproject.smsblock.entity.SmsBlockBlacklist(1545793118366300)): 38
2023-12-08 14:08:37.962 DEBUG o.h.o.r.l.entity:689 - (EntityResultInitializer) Created new entity instance [com.myproject.smsblock.entity.SmsBlockBlacklist(1545793118366300)#38] : 1322682482
2023-12-08 14:08:37.963 DEBUG o.h.o.results:61 - Extracted JDBC value [7] - [62]
2023-12-08 14:08:37.963 DEBUG o.h.o.r.l.entity:190 - (EntitySelectFetchInitializer) Invoking session#internalLoad for entity (com.myproject.smsblock.entity.SmsBlockBlacklist(1545793118366300).smsBlockMobile#62) : 62
2023-12-08 14:08:37.964 DEBUG o.h.o.s.exec:455 - Skipping reading Query result cache data: cache-enabled = false, cache-mode = IGNORE
2023-12-08 14:08:37.965 DEBUG o.h.o.results:76 - Initializer list:
	  com.myproject.smsblock.entity.SmsBlockMobile -> EntityResultInitializer(com.myproject.smsblock.entity.SmsBlockMobile)@1986233529 (SingleTableEntityPersister(com.myproject.smsblock.entity.SmsBlockMobile))

2023-12-08 14:08:37.966 DEBUG o.h.SQL:133 - select s1_0.id,s1_0.activated_on,s1_0.added_by,s1_0.comment,s1_0.deactivated_by,s1_0.deactivated_on,s1_0.mobile_no,s1_0.status from sms_block_mobile s1_0 where s1_0.id=?
2023-12-08 14:08:37.968 DEBUG o.h.o.r.l.entity:300 - (EntityResultInitializer) Hydrated EntityKey (com.myproject.smsblock.entity.SmsBlockMobile): 62
2023-12-08 14:08:37.969 DEBUG o.h.o.r.l.entity:689 - (EntityResultInitializer) Created new entity instance [com.myproject.smsblock.entity.SmsBlockMobile#62] : 1484960528
2023-12-08 14:08:37.970 DEBUG o.h.o.results:61 - Extracted JDBC value [1] - [2023-12-06 16:27:01.0]
2023-12-08 14:08:37.970 DEBUG o.h.o.results:61 - Extracted JDBC value [2] - [tharsana]
2023-12-08 14:08:37.971 DEBUG o.h.o.results:61 - Extracted JDBC value [3] - [null]
2023-12-08 14:08:37.972 DEBUG o.h.o.results:61 - Extracted JDBC value [4] - [ff]
2023-12-08 14:08:37.972 DEBUG o.h.o.results:61 - Extracted JDBC value [5] - [2023-12-06 16:28:35.0]
2023-12-08 14:08:37.972 DEBUG o.h.o.results:61 - Extracted JDBC value [6] - [0729892220]
2023-12-08 14:08:37.973 DEBUG o.h.o.results:61 - Extracted JDBC value [7] - [DEACT]
2023-12-08 14:08:37.973 DEBUG o.h.o.r.l.entity:889 - (EntityResultInitializer) Done materializing entityInstance : com.myproject.smsblock.entity.SmsBlockMobile#62
2023-12-08 14:08:37.973 DEBUG o.h.o.r.loading:93 - Calling top-level assembler (0 / 1) : org.hibernate.sql.results.graph.entity.internal.EntityAssembler@322ea2f5
2023-12-08 14:08:37.974 DEBUG o.h.o.r.l.entity:216 - (EntitySelectFetchInitializer) Entity [com.myproject.smsblock.entity.SmsBlockBlacklist(1545793118366300).smsBlockMobile#62] : 62 has being loaded by session.internalLoad.
2023-12-08 14:08:37.974 DEBUG o.h.o.results:61 - Extracted JDBC value [1] - [2023-12-06 16:27:07.0]
2023-12-08 14:08:37.975 DEBUG o.h.o.results:61 - Extracted JDBC value [2] - [tharsana]
2023-12-08 14:08:37.975 DEBUG o.h.o.results:61 - Extracted JDBC value [3] - [0729892220]
2023-12-08 14:08:37.976 DEBUG o.h.o.results:61 - Extracted JDBC value [4] - [null]
2023-12-08 14:08:37.976 DEBUG o.h.o.results:61 - Extracted JDBC value [5] - [ff]
2023-12-08 14:08:37.976 DEBUG o.h.o.results:61 - Extracted JDBC value [6] - [2023-12-06 16:27:40.0]
2023-12-08 14:08:37.977 DEBUG o.h.o.results:61 - Extracted JDBC value [8] - [DEACT]
2023-12-08 14:08:37.978 DEBUG o.h.o.r.l.entity:889 - (EntityResultInitializer) Done materializing entityInstance : com.myproject.smsblock.entity.SmsBlockBlacklist(1545793118366300)#38
2023-12-08 14:08:37.978 DEBUG o.h.o.r.loading:93 - Calling top-level assembler (0 / 1) : org.hibernate.sql.results.graph.entity.internal.EntityAssembler@3290d720
2023-12-08 14:08:37.979 DEBUG o.h.o.results:61 - Extracted JDBC value [0] - [39]
2023-12-08 14:08:37.979 DEBUG o.h.o.r.l.entity:300 - (EntityResultInitializer) Hydrated EntityKey (com.myproject.smsblock.entity.SmsBlockBlacklist(1545793118366300)): 39
2023-12-08 14:08:37.980 DEBUG o.h.o.r.l.entity:689 - (EntityResultInitializer) Created new entity instance [com.myproject.smsblock.entity.SmsBlockBlacklist(1545793118366300)#39] : 2135418961
2023-12-08 14:08:37.980 DEBUG o.h.o.results:61 - Extracted JDBC value [7] - [62]
2023-12-08 14:08:37.980 DEBUG o.h.o.results:61 - Extracted JDBC value [1] - [2023-12-06 16:27:46.0]
2023-12-08 14:08:37.981 DEBUG o.h.o.results:61 - Extracted JDBC value [2] - [ff]
2023-12-08 14:08:37.981 DEBUG o.h.o.results:61 - Extracted JDBC value [3] - [0729892220]
2023-12-08 14:08:37.981 DEBUG o.h.o.results:61 - Extracted JDBC value [4] - [null]
2023-12-08 14:08:37.982 DEBUG o.h.o.results:61 - Extracted JDBC value [5] - [ff]
2023-12-08 14:08:37.982 DEBUG o.h.o.results:61 - Extracted JDBC value [6] - [2023-12-06 16:27:52.0]
2023-12-08 14:08:37.983 DEBUG o.h.o.results:61 - Extracted JDBC value [8] - [DEACT]
2023-12-08 14:08:37.983 DEBUG o.h.o.r.l.entity:889 - (EntityResultInitializer) Done materializing entityInstance : com.myproject.smsblock.entity.SmsBlockBlacklist(1545793118366300)#39
2023-12-08 14:08:37.983 DEBUG o.h.o.r.loading:93 - Calling top-level assembler (0 / 1) : org.hibernate.sql.results.graph.entity.internal.EntityAssembler@3290d720
2023-12-08 14:08:37.984 DEBUG o.h.o.results:61 - Extracted JDBC value [0] - [40]
2023-12-08 14:08:37.984 DEBUG o.h.o.r.l.entity:300 - (EntityResultInitializer) Hydrated EntityKey (com.myproject.smsblock.entity.SmsBlockBlacklist(1545793118366300)): 40
2023-12-08 14:08:37.985 DEBUG o.h.o.r.l.entity:689 - (EntityResultInitializer) Created new entity instance [com.myproject.smsblock.entity.SmsBlockBlacklist(1545793118366300)#40] : 943313990
2023-12-08 14:08:37.986 DEBUG o.h.o.results:61 - Extracted JDBC value [7] - [62]
2023-12-08 14:08:37.986 DEBUG o.h.o.results:61 - Extracted JDBC value [1] - [2023-12-06 16:28:12.0]
2023-12-08 14:08:37.987 DEBUG o.h.o.results:61 - Extracted JDBC value [2] - [ff]
2023-12-08 14:08:37.987 DEBUG o.h.o.results:61 - Extracted JDBC value [3] - [0729892220]
2023-12-08 14:08:37.987 DEBUG o.h.o.results:61 - Extracted JDBC value [4] - [null]
2023-12-08 14:08:37.988 DEBUG o.h.o.results:61 - Extracted JDBC value [5] - [ff]
2023-12-08 14:08:37.988 DEBUG o.h.o.results:61 - Extracted JDBC value [6] - [2023-12-06 16:28:19.0]
2023-12-08 14:08:37.989 DEBUG o.h.o.results:61 - Extracted JDBC value [8] - [DEACT]
2023-12-08 14:08:37.989 DEBUG o.h.o.r.l.entity:889 - (EntityResultInitializer) Done materializing entityInstance : com.myproject.smsblock.entity.SmsBlockBlacklist(1545793118366300)#40
2023-12-08 14:08:37.990 DEBUG o.h.o.r.loading:93 - Calling top-level assembler (0 / 1) : org.hibernate.sql.results.graph.entity.internal.EntityAssembler@3290d720
2023-12-08 14:08:37.990 DEBUG o.h.o.results:61 - Extracted JDBC value [0] - [41]
2023-12-08 14:08:37.990 DEBUG o.h.o.r.l.entity:300 - (EntityResultInitializer) Hydrated EntityKey (com.myproject.smsblock.entity.SmsBlockBlacklist(1545793118366300)): 41
2023-12-08 14:08:37.991 DEBUG o.h.o.r.l.entity:689 - (EntityResultInitializer) Created new entity instance [com.myproject.smsblock.entity.SmsBlockBlacklist(1545793118366300)#41] : 2125052742
2023-12-08 14:08:37.991 DEBUG o.h.o.results:61 - Extracted JDBC value [7] - [2]
2023-12-08 14:08:37.992 DEBUG o.h.o.r.l.entity:190 - (EntitySelectFetchInitializer) Invoking session#internalLoad for entity (com.myproject.smsblock.entity.SmsBlockBlacklist(1545793118366300).smsBlockMobile#2) : 2
2023-12-08 14:08:37.993 DEBUG o.h.o.s.exec:455 - Skipping reading Query result cache data: cache-enabled = false, cache-mode = IGNORE
2023-12-08 14:08:37.994 DEBUG o.h.o.results:76 - Initializer list:
	  com.myproject.smsblock.entity.SmsBlockMobile -> EntityResultInitializer(com.myproject.smsblock.entity.SmsBlockMobile)@1253333604 (SingleTableEntityPersister(com.myproject.smsblock.entity.SmsBlockMobile))

2023-12-08 14:08:37.995 DEBUG o.h.SQL:133 - select s1_0.id,s1_0.activated_on,s1_0.added_by,s1_0.comment,s1_0.deactivated_by,s1_0.deactivated_on,s1_0.mobile_no,s1_0.status from sms_block_mobile s1_0 where s1_0.id=?
2023-12-08 14:08:37.998 DEBUG o.h.o.r.l.entity:300 - (EntityResultInitializer) Hydrated EntityKey (com.myproject.smsblock.entity.SmsBlockMobile): 2
2023-12-08 14:08:37.998 DEBUG o.h.o.r.l.entity:689 - (EntityResultInitializer) Created new entity instance [com.myproject.smsblock.entity.SmsBlockMobile#2] : 1331478433
2023-12-08 14:08:37.999 DEBUG o.h.o.results:61 - Extracted JDBC value [1] - [2023-11-30 08:40:34.0]
2023-12-08 14:08:38.000 DEBUG o.h.o.results:61 - Extracted JDBC value [2] - [Tharsana]
2023-12-08 14:08:38.000 DEBUG o.h.o.results:61 - Extracted JDBC value [3] - [089787675]
2023-12-08 14:08:38.000 DEBUG o.h.o.results:61 - Extracted JDBC value [4] - [Sana]
2023-12-08 14:08:38.001 DEBUG o.h.o.results:61 - Extracted JDBC value [5] - [2023-11-30 09:22:23.0]
2023-12-08 14:08:38.001 DEBUG o.h.o.results:61 - Extracted JDBC value [6] - [0711690967]
2023-12-08 14:08:38.002 DEBUG o.h.o.results:61 - Extracted JDBC value [7] - [DEACT]
2023-12-08 14:08:38.002 DEBUG o.h.o.r.l.entity:889 - (EntityResultInitializer) Done materializing entityInstance : com.myproject.smsblock.entity.SmsBlockMobile#2
2023-12-08 14:08:38.002 DEBUG o.h.o.r.loading:93 - Calling top-level assembler (0 / 1) : org.hibernate.sql.results.graph.entity.internal.EntityAssembler@2753bb54
2023-12-08 14:08:38.003 DEBUG o.h.o.r.l.entity:216 - (EntitySelectFetchInitializer) Entity [com.myproject.smsblock.entity.SmsBlockBlacklist(1545793118366300).smsBlockMobile#2] : 2 has being loaded by session.internalLoad.
2023-12-08 14:08:38.003 DEBUG o.h.o.results:61 - Extracted JDBC value [1] - [2023-12-06 16:29:39.0]
2023-12-08 14:08:38.005 DEBUG o.h.o.results:61 - Extracted JDBC value [2] - [ff]
2023-12-08 14:08:38.005 DEBUG o.h.o.results:61 - Extracted JDBC value [3] - [0729892220]
2023-12-08 14:08:38.005 DEBUG o.h.o.results:61 - Extracted JDBC value [4] - [null]
2023-12-08 14:08:38.006 DEBUG o.h.o.results:61 - Extracted JDBC value [5] - [null]
2023-12-08 14:08:38.006 DEBUG o.h.o.results:61 - Extracted JDBC value [6] - [2023-12-06 16:29:48.0]
2023-12-08 14:08:38.006 DEBUG o.h.o.results:61 - Extracted JDBC value [8] - [DEACT]
2023-12-08 14:08:38.007 DEBUG o.h.o.r.l.entity:889 - (EntityResultInitializer) Done materializing entityInstance : com.myproject.smsblock.entity.SmsBlockBlacklist(1545793118366300)#41
2023-12-08 14:08:38.007 DEBUG o.h.o.r.loading:93 - Calling top-level assembler (0 / 1) : org.hibernate.sql.results.graph.entity.internal.EntityAssembler@3290d720
2023-12-08 14:08:38.007 DEBUG o.h.o.results:61 - Extracted JDBC value [0] - [42]
2023-12-08 14:08:38.008 DEBUG o.h.o.r.l.entity:300 - (EntityResultInitializer) Hydrated EntityKey (com.myproject.smsblock.entity.SmsBlockBlacklist(1545793118366300)): 42
2023-12-08 14:08:38.008 DEBUG o.h.o.r.l.entity:689 - (EntityResultInitializer) Created new entity instance [com.myproject.smsblock.entity.SmsBlockBlacklist(1545793118366300)#42] : 986984286
2023-12-08 14:08:38.008 DEBUG o.h.o.results:61 - Extracted JDBC value [7] - [66]
2023-12-08 14:08:38.009 DEBUG o.h.o.r.l.entity:190 - (EntitySelectFetchInitializer) Invoking session#internalLoad for entity (com.myproject.smsblock.entity.SmsBlockBlacklist(1545793118366300).smsBlockMobile#66) : 66
2023-12-08 14:08:38.009 DEBUG o.h.o.s.exec:455 - Skipping reading Query result cache data: cache-enabled = false, cache-mode = IGNORE
2023-12-08 14:08:38.010 DEBUG o.h.o.results:76 - Initializer list:
	  com.myproject.smsblock.entity.SmsBlockMobile -> EntityResultInitializer(com.myproject.smsblock.entity.SmsBlockMobile)@274677266 (SingleTableEntityPersister(com.myproject.smsblock.entity.SmsBlockMobile))

2023-12-08 14:08:38.010 DEBUG o.h.SQL:133 - select s1_0.id,s1_0.activated_on,s1_0.added_by,s1_0.comment,s1_0.deactivated_by,s1_0.deactivated_on,s1_0.mobile_no,s1_0.status from sms_block_mobile s1_0 where s1_0.id=?
2023-12-08 14:08:38.011 DEBUG o.h.o.r.l.entity:300 - (EntityResultInitializer) Hydrated EntityKey (com.myproject.smsblock.entity.SmsBlockMobile): 66
2023-12-08 14:08:38.012 DEBUG o.h.o.r.l.entity:689 - (EntityResultInitializer) Created new entity instance [com.myproject.smsblock.entity.SmsBlockMobile#66] : 534939611
2023-12-08 14:08:38.012 DEBUG o.h.o.results:61 - Extracted JDBC value [1] - [2023-12-06 16:34:18.0]
2023-12-08 14:08:38.013 DEBUG o.h.o.results:61 - Extracted JDBC value [2] - [ff]
2023-12-08 14:08:38.013 DEBUG o.h.o.results:61 - Extracted JDBC value [3] - [null]
2023-12-08 14:08:38.013 DEBUG o.h.o.results:61 - Extracted JDBC value [4] - [tharsana]
2023-12-08 14:08:38.013 DEBUG o.h.o.results:61 - Extracted JDBC value [5] - [2023-12-06 16:36:46.0]
2023-12-08 14:08:38.014 DEBUG o.h.o.results:61 - Extracted JDBC value [6] - [0729892220]
2023-12-08 14:08:38.014 DEBUG o.h.o.results:61 - Extracted JDBC value [7] - [DEACT]
2023-12-08 14:08:38.015 DEBUG o.h.o.r.l.entity:889 - (EntityResultInitializer) Done materializing entityInstance : com.myproject.smsblock.entity.SmsBlockMobile#66
2023-12-08 14:08:38.015 DEBUG o.h.o.r.loading:93 - Calling top-level assembler (0 / 1) : org.hibernate.sql.results.graph.entity.internal.EntityAssembler@76a4959b
2023-12-08 14:08:38.015 DEBUG o.h.o.r.l.entity:216 - (EntitySelectFetchInitializer) Entity [com.myproject.smsblock.entity.SmsBlockBlacklist(1545793118366300).smsBlockMobile#66] : 66 has being loaded by session.internalLoad.
2023-12-08 14:08:38.016 DEBUG o.h.o.results:61 - Extracted JDBC value [1] - [2023-12-06 16:34:22.0]
2023-12-08 14:08:38.016 DEBUG o.h.o.results:61 - Extracted JDBC value [2] - [ff]
2023-12-08 14:08:38.016 DEBUG o.h.o.results:61 - Extracted JDBC value [3] - [0729892220]
2023-12-08 14:08:38.017 DEBUG o.h.o.results:61 - Extracted JDBC value [4] - [null]
2023-12-08 14:08:38.017 DEBUG o.h.o.results:61 - Extracted JDBC value [5] - [null]
2023-12-08 14:08:38.017 DEBUG o.h.o.results:61 - Extracted JDBC value [6] - [2023-12-06 16:36:10.0]
2023-12-08 14:08:38.017 DEBUG o.h.o.results:61 - Extracted JDBC value [8] - [DEACT]
2023-12-08 14:08:38.018 DEBUG o.h.o.r.l.entity:889 - (EntityResultInitializer) Done materializing entityInstance : com.myproject.smsblock.entity.SmsBlockBlacklist(1545793118366300)#42
2023-12-08 14:08:38.018 DEBUG o.h.o.r.loading:93 - Calling top-level assembler (0 / 1) : org.hibernate.sql.results.graph.entity.internal.EntityAssembler@3290d720
2023-12-08 14:08:38.018 DEBUG o.h.o.results:61 - Extracted JDBC value [0] - [51]
2023-12-08 14:08:38.018 DEBUG o.h.o.r.l.entity:300 - (EntityResultInitializer) Hydrated EntityKey (com.myproject.smsblock.entity.SmsBlockBlacklist(1545793118366300)): 51
2023-12-08 14:08:38.019 DEBUG o.h.o.r.l.entity:689 - (EntityResultInitializer) Created new entity instance [com.myproject.smsblock.entity.SmsBlockBlacklist(1545793118366300)#51] : 45058847
2023-12-08 14:08:38.019 DEBUG o.h.o.results:61 - Extracted JDBC value [7] - [9]
2023-12-08 14:08:38.019 DEBUG o.h.o.r.l.entity:190 - (EntitySelectFetchInitializer) Invoking session#internalLoad for entity (com.myproject.smsblock.entity.SmsBlockBlacklist(1545793118366300).smsBlockMobile#9) : 9
2023-12-08 14:08:38.019 DEBUG o.h.o.s.exec:455 - Skipping reading Query result cache data: cache-enabled = false, cache-mode = IGNORE
2023-12-08 14:08:38.021 DEBUG o.h.o.results:76 - Initializer list:
	  com.myproject.smsblock.entity.SmsBlockMobile -> EntityResultInitializer(com.myproject.smsblock.entity.SmsBlockMobile)@167254222 (SingleTableEntityPersister(com.myproject.smsblock.entity.SmsBlockMobile))

2023-12-08 14:08:38.021 DEBUG o.h.SQL:133 - select s1_0.id,s1_0.activated_on,s1_0.added_by,s1_0.comment,s1_0.deactivated_by,s1_0.deactivated_on,s1_0.mobile_no,s1_0.status from sms_block_mobile s1_0 where s1_0.id=?
2023-12-08 14:08:38.022 DEBUG o.h.o.r.l.entity:300 - (EntityResultInitializer) Hydrated EntityKey (com.myproject.smsblock.entity.SmsBlockMobile): 9
2023-12-08 14:08:38.023 DEBUG o.h.o.r.l.entity:689 - (EntityResultInitializer) Created new entity instance [com.myproject.smsblock.entity.SmsBlockMobile#9] : 882328648
2023-12-08 14:08:38.023 DEBUG o.h.o.results:61 - Extracted JDBC value [1] - [2023-12-04 14:51:18.0]
2023-12-08 14:08:38.023 DEBUG o.h.o.results:61 - Extracted JDBC value [2] - [ghgjhj]
2023-12-08 14:08:38.023 DEBUG o.h.o.results:61 - Extracted JDBC value [3] - [null]
2023-12-08 14:08:38.024 DEBUG o.h.o.results:61 - Extracted JDBC value [4] - [null]
2023-12-08 14:08:38.024 DEBUG o.h.o.results:61 - Extracted JDBC value [5] - [null]
2023-12-08 14:08:38.024 DEBUG o.h.o.results:61 - Extracted JDBC value [6] - [+6868622298]
2023-12-08 14:08:38.024 DEBUG o.h.o.results:61 - Extracted JDBC value [7] - [ACT]
2023-12-08 14:08:38.024 DEBUG o.h.o.r.l.entity:889 - (EntityResultInitializer) Done materializing entityInstance : com.myproject.smsblock.entity.SmsBlockMobile#9
2023-12-08 14:08:38.025 DEBUG o.h.o.r.loading:93 - Calling top-level assembler (0 / 1) : org.hibernate.sql.results.graph.entity.internal.EntityAssembler@7d60147c
2023-12-08 14:08:38.025 DEBUG o.h.o.r.l.entity:216 - (EntitySelectFetchInitializer) Entity [com.myproject.smsblock.entity.SmsBlockBlacklist(1545793118366300).smsBlockMobile#9] : 9 has being loaded by session.internalLoad.
2023-12-08 14:08:38.025 DEBUG o.h.o.results:61 - Extracted JDBC value [1] - [2023-12-07 14:37:32.0]
2023-12-08 14:08:38.025 DEBUG o.h.o.results:61 - Extracted JDBC value [2] - [tharsana]
2023-12-08 14:08:38.026 DEBUG o.h.o.results:61 - Extracted JDBC value [3] - [0729892220]
2023-12-08 14:08:38.026 DEBUG o.h.o.results:61 - Extracted JDBC value [4] - [null]
2023-12-08 14:08:38.026 DEBUG o.h.o.results:61 - Extracted JDBC value [5] - [tharsana]
2023-12-08 14:08:38.026 DEBUG o.h.o.results:61 - Extracted JDBC value [6] - [2023-12-07 14:56:50.0]
2023-12-08 14:08:38.027 DEBUG o.h.o.results:61 - Extracted JDBC value [8] - [DEACT]
2023-12-08 14:08:38.027 DEBUG o.h.o.r.l.entity:889 - (EntityResultInitializer) Done materializing entityInstance : com.myproject.smsblock.entity.SmsBlockBlacklist(1545793118366300)#51
2023-12-08 14:08:38.027 DEBUG o.h.o.r.loading:93 - Calling top-level assembler (0 / 1) : org.hibernate.sql.results.graph.entity.internal.EntityAssembler@3290d720
2023-12-08 14:08:38.027 DEBUG o.h.o.results:61 - Extracted JDBC value [0] - [52]
2023-12-08 14:08:38.028 DEBUG o.h.o.r.l.entity:300 - (EntityResultInitializer) Hydrated EntityKey (com.myproject.smsblock.entity.SmsBlockBlacklist(1545793118366300)): 52
2023-12-08 14:08:38.028 DEBUG o.h.o.r.l.entity:689 - (EntityResultInitializer) Created new entity instance [com.myproject.smsblock.entity.SmsBlockBlacklist(1545793118366300)#52] : 134417928
2023-12-08 14:08:38.028 DEBUG o.h.o.results:61 - Extracted JDBC value [7] - [2]
2023-12-08 14:08:38.028 DEBUG o.h.o.results:61 - Extracted JDBC value [1] - [2023-12-07 14:57:18.0]
2023-12-08 14:08:38.028 DEBUG o.h.o.results:61 - Extracted JDBC value [2] - [tharsana]
2023-12-08 14:08:38.029 DEBUG o.h.o.results:61 - Extracted JDBC value [3] - [0729892220]
2023-12-08 14:08:38.029 DEBUG o.h.o.results:61 - Extracted JDBC value [4] - [null]
2023-12-08 14:08:38.029 DEBUG o.h.o.results:61 - Extracted JDBC value [5] - [1]
2023-12-08 14:08:38.029 DEBUG o.h.o.results:61 - Extracted JDBC value [6] - [2023-12-07 14:58:00.0]
2023-12-08 14:08:38.029 DEBUG o.h.o.results:61 - Extracted JDBC value [8] - [DEACT]
2023-12-08 14:08:38.029 DEBUG o.h.o.r.l.entity:889 - (EntityResultInitializer) Done materializing entityInstance : com.myproject.smsblock.entity.SmsBlockBlacklist(1545793118366300)#52
2023-12-08 14:08:38.030 DEBUG o.h.o.r.loading:93 - Calling top-level assembler (0 / 1) : org.hibernate.sql.results.graph.entity.internal.EntityAssembler@3290d720
2023-12-08 14:08:38.030 DEBUG o.h.o.results:61 - Extracted JDBC value [0] - [53]
2023-12-08 14:08:38.030 DEBUG o.h.o.r.l.entity:300 - (EntityResultInitializer) Hydrated EntityKey (com.myproject.smsblock.entity.SmsBlockBlacklist(1545793118366300)): 53
2023-12-08 14:08:38.030 DEBUG o.h.o.r.l.entity:689 - (EntityResultInitializer) Created new entity instance [com.myproject.smsblock.entity.SmsBlockBlacklist(1545793118366300)#53] : 104377924
2023-12-08 14:08:38.030 DEBUG o.h.o.results:61 - Extracted JDBC value [7] - [3]
2023-12-08 14:08:38.031 DEBUG o.h.o.r.l.entity:190 - (EntitySelectFetchInitializer) Invoking session#internalLoad for entity (com.myproject.smsblock.entity.SmsBlockBlacklist(1545793118366300).smsBlockMobile#3) : 3
2023-12-08 14:08:38.031 DEBUG o.h.o.s.exec:455 - Skipping reading Query result cache data: cache-enabled = false, cache-mode = IGNORE
2023-12-08 14:08:38.031 DEBUG o.h.o.results:76 - Initializer list:
	  com.myproject.smsblock.entity.SmsBlockMobile -> EntityResultInitializer(com.myproject.smsblock.entity.SmsBlockMobile)@2064029963 (SingleTableEntityPersister(com.myproject.smsblock.entity.SmsBlockMobile))

2023-12-08 14:08:38.031 DEBUG o.h.SQL:133 - select s1_0.id,s1_0.activated_on,s1_0.added_by,s1_0.comment,s1_0.deactivated_by,s1_0.deactivated_on,s1_0.mobile_no,s1_0.status from sms_block_mobile s1_0 where s1_0.id=?
2023-12-08 14:08:38.033 DEBUG o.h.o.r.l.entity:300 - (EntityResultInitializer) Hydrated EntityKey (com.myproject.smsblock.entity.SmsBlockMobile): 3
2023-12-08 14:08:38.033 DEBUG o.h.o.r.l.entity:689 - (EntityResultInitializer) Created new entity instance [com.myproject.smsblock.entity.SmsBlockMobile#3] : 1300748252
2023-12-08 14:08:38.033 DEBUG o.h.o.results:61 - Extracted JDBC value [1] - [2023-11-30 09:21:13.0]
2023-12-08 14:08:38.034 DEBUG o.h.o.results:61 - Extracted JDBC value [2] - [myuu]
2023-12-08 14:08:38.034 DEBUG o.h.o.results:61 - Extracted JDBC value [3] - [hi]
2023-12-08 14:08:38.034 DEBUG o.h.o.results:61 - Extracted JDBC value [4] - [Sana]
2023-12-08 14:08:38.034 DEBUG o.h.o.results:61 - Extracted JDBC value [5] - [2023-11-30 09:50:05.0]
2023-12-08 14:08:38.034 DEBUG o.h.o.results:61 - Extracted JDBC value [6] - [07123498676]
2023-12-08 14:08:38.035 DEBUG o.h.o.results:61 - Extracted JDBC value [7] - [DEACT]
2023-12-08 14:08:38.035 DEBUG o.h.o.r.l.entity:889 - (EntityResultInitializer) Done materializing entityInstance : com.myproject.smsblock.entity.SmsBlockMobile#3
2023-12-08 14:08:38.035 DEBUG o.h.o.r.loading:93 - Calling top-level assembler (0 / 1) : org.hibernate.sql.results.graph.entity.internal.EntityAssembler@286d1a6
2023-12-08 14:08:38.035 DEBUG o.h.o.r.l.entity:216 - (EntitySelectFetchInitializer) Entity [com.myproject.smsblock.entity.SmsBlockBlacklist(1545793118366300).smsBlockMobile#3] : 3 has being loaded by session.internalLoad.
2023-12-08 14:08:38.036 DEBUG o.h.o.results:61 - Extracted JDBC value [1] - [2023-12-07 15:11:01.0]
2023-12-08 14:08:38.036 DEBUG o.h.o.results:61 - Extracted JDBC value [2] - [1]
2023-12-08 14:08:38.036 DEBUG o.h.o.results:61 - Extracted JDBC value [3] - [0729892220]
2023-12-08 14:08:38.036 DEBUG o.h.o.results:61 - Extracted JDBC value [4] - [null]
2023-12-08 14:08:38.036 DEBUG o.h.o.results:61 - Extracted JDBC value [5] - [1]
2023-12-08 14:08:38.036 DEBUG o.h.o.results:61 - Extracted JDBC value [6] - [2023-12-07 15:12:57.0]
2023-12-08 14:08:38.037 DEBUG o.h.o.results:61 - Extracted JDBC value [8] - [DEACT]
2023-12-08 14:08:38.037 DEBUG o.h.o.r.l.entity:889 - (EntityResultInitializer) Done materializing entityInstance : com.myproject.smsblock.entity.SmsBlockBlacklist(1545793118366300)#53
2023-12-08 14:08:38.037 DEBUG o.h.o.r.loading:93 - Calling top-level assembler (0 / 1) : org.hibernate.sql.results.graph.entity.internal.EntityAssembler@3290d720
2023-12-08 14:08:38.037 DEBUG o.h.o.results:61 - Extracted JDBC value [0] - [60]
2023-12-08 14:08:38.038 DEBUG o.h.o.r.l.entity:300 - (EntityResultInitializer) Hydrated EntityKey (com.myproject.smsblock.entity.SmsBlockBlacklist(1545793118366300)): 60
2023-12-08 14:08:38.038 DEBUG o.h.o.r.l.entity:689 - (EntityResultInitializer) Created new entity instance [com.myproject.smsblock.entity.SmsBlockBlacklist(1545793118366300)#60] : 186134068
2023-12-08 14:08:38.038 DEBUG o.h.o.results:61 - Extracted JDBC value [7] - [83]
2023-12-08 14:08:38.038 DEBUG o.h.o.r.l.entity:190 - (EntitySelectFetchInitializer) Invoking session#internalLoad for entity (com.myproject.smsblock.entity.SmsBlockBlacklist(1545793118366300).smsBlockMobile#83) : 83
2023-12-08 14:08:38.038 DEBUG o.h.o.s.exec:455 - Skipping reading Query result cache data: cache-enabled = false, cache-mode = IGNORE
2023-12-08 14:08:38.039 DEBUG o.h.o.results:76 - Initializer list:
	  com.myproject.smsblock.entity.SmsBlockMobile -> EntityResultInitializer(com.myproject.smsblock.entity.SmsBlockMobile)@2018648508 (SingleTableEntityPersister(com.myproject.smsblock.entity.SmsBlockMobile))

2023-12-08 14:08:38.039 DEBUG o.h.SQL:133 - select s1_0.id,s1_0.activated_on,s1_0.added_by,s1_0.comment,s1_0.deactivated_by,s1_0.deactivated_on,s1_0.mobile_no,s1_0.status from sms_block_mobile s1_0 where s1_0.id=?
2023-12-08 14:08:38.040 DEBUG o.h.o.r.l.entity:300 - (EntityResultInitializer) Hydrated EntityKey (com.myproject.smsblock.entity.SmsBlockMobile): 83
2023-12-08 14:08:38.040 DEBUG o.h.o.r.l.entity:689 - (EntityResultInitializer) Created new entity instance [com.myproject.smsblock.entity.SmsBlockMobile#83] : 119990306
2023-12-08 14:08:38.041 DEBUG o.h.o.results:61 - Extracted JDBC value [1] - [2023-12-08 09:31:12.0]
2023-12-08 14:08:38.041 DEBUG o.h.o.results:61 - Extracted JDBC value [2] - [Tharsana]
2023-12-08 14:08:38.041 DEBUG o.h.o.results:61 - Extracted JDBC value [3] - [null]
2023-12-08 14:08:38.041 DEBUG o.h.o.results:61 - Extracted JDBC value [4] - [null]
2023-12-08 14:08:38.041 DEBUG o.h.o.results:61 - Extracted JDBC value [5] - [null]
2023-12-08 14:08:38.042 DEBUG o.h.o.results:61 - Extracted JDBC value [6] - [0763600821]
2023-12-08 14:08:38.042 DEBUG o.h.o.results:61 - Extracted JDBC value [7] - [ACT]
2023-12-08 14:08:38.042 DEBUG o.h.o.r.l.entity:889 - (EntityResultInitializer) Done materializing entityInstance : com.myproject.smsblock.entity.SmsBlockMobile#83
2023-12-08 14:08:38.042 DEBUG o.h.o.r.loading:93 - Calling top-level assembler (0 / 1) : org.hibernate.sql.results.graph.entity.internal.EntityAssembler@6e9076bb
2023-12-08 14:08:38.043 DEBUG o.h.o.r.l.entity:216 - (EntitySelectFetchInitializer) Entity [com.myproject.smsblock.entity.SmsBlockBlacklist(1545793118366300).smsBlockMobile#83] : 83 has being loaded by session.internalLoad.
2023-12-08 14:08:38.043 DEBUG o.h.o.results:61 - Extracted JDBC value [1] - [2023-12-08 09:32:02.0]
2023-12-08 14:08:38.043 DEBUG o.h.o.results:61 - Extracted JDBC value [2] - [tharsana]
2023-12-08 14:08:38.043 DEBUG o.h.o.results:61 - Extracted JDBC value [3] - [0729892220]
2023-12-08 14:08:38.043 DEBUG o.h.o.results:61 - Extracted JDBC value [4] - [null]
2023-12-08 14:08:38.043 DEBUG o.h.o.results:61 - Extracted JDBC value [5] - [tharsana]
2023-12-08 14:08:38.044 DEBUG o.h.o.results:61 - Extracted JDBC value [6] - [2023-12-08 14:08:34.0]
2023-12-08 14:08:38.044 DEBUG o.h.o.results:61 - Extracted JDBC value [8] - [DEACT]
2023-12-08 14:08:38.044 DEBUG o.h.o.r.l.entity:889 - (EntityResultInitializer) Done materializing entityInstance : com.myproject.smsblock.entity.SmsBlockBlacklist(1545793118366300)#60
2023-12-08 14:08:38.044 DEBUG o.h.o.r.loading:93 - Calling top-level assembler (0 / 1) : org.hibernate.sql.results.graph.entity.internal.EntityAssembler@3290d720
2023-12-08 14:08:38.045 DEBUG o.s.w.s.m.m.a.HttpEntityMethodProcessor:275 - Using 'application/json', given [application/json, text/plain, */*] and supported [text/plain, */*, application/json, application/*+json]
2023-12-08 14:08:38.045 DEBUG o.s.w.s.m.m.a.HttpEntityMethodProcessor:120 - Writing ["Phone number does not exist"]
2023-12-08 14:08:38.046 DEBUG o.s.o.j.s.OpenEntityManagerInViewInterceptor:111 - Closing JPA EntityManager in OpenEntityManagerInViewInterceptor
2023-12-08 14:08:38.046 DEBUG o.s.w.s.DispatcherServlet:1135 - Completed 404 NOT_FOUND
