2024-07-12 15:44:44.563  INFO c.m.s.SmsblockApplication:51 - Starting SmsblockApplication using Java 17.0.9 with PID 259088 (D:\smsblock_Backend_hiernate\target\classes started by THARSANAK in D:\smsblock_Backend_hiernate)
2024-07-12 15:44:44.572 DEBUG c.m.s.SmsblockApplication:52 - Running with Spring Boot v3.1.5, Spring v6.0.13
2024-07-12 15:44:44.574  INFO c.m.s.SmsblockApplication:638 - No active profile set, falling back to 1 default profile: "default"
2024-07-12 15:44:44.575 DEBUG o.s.b.SpringApplication:671 - Loading source class com.mobitel.smsblock.SmsblockApplication
2024-07-12 15:44:44.655 DEBUG o.s.b.w.s.c.AnnotationConfigServletWebServerApplicationContext:662 - Refreshing org.springframework.boot.web.servlet.context.AnnotationConfigServletWebServerApplicationContext@1c481ff2
2024-07-12 15:44:44.698 DEBUG o.s.b.f.s.DefaultListableBeanFactory:225 - Creating shared instance of singleton bean 'org.springframework.context.annotation.internalConfigurationAnnotationProcessor'
2024-07-12 15:44:44.724 DEBUG o.s.b.f.s.DefaultListableBeanFactory:225 - Creating shared instance of singleton bean 'org.springframework.boot.autoconfigure.internalCachingMetadataReaderFactory'
2024-07-12 15:44:44.835 DEBUG o.s.c.a.ClassPathBeanDefinitionScanner:441 - Identified candidate component class: file [D:\smsblock_Backend_hiernate\target\classes\com\mobitel\smsblock\controller\SmsBlockBlacklistController.class]
2024-07-12 15:44:44.837 DEBUG o.s.c.a.ClassPathBeanDefinitionScanner:441 - Identified candidate component class: file [D:\smsblock_Backend_hiernate\target\classes\com\mobitel\smsblock\controller\SmsBlockMobileController.class]
2024-07-12 15:44:44.843 DEBUG o.s.c.a.ClassPathBeanDefinitionScanner:441 - Identified candidate component class: file [D:\smsblock_Backend_hiernate\target\classes\com\mobitel\smsblock\entity\JpaConfig.class]
2024-07-12 15:44:44.852 DEBUG o.s.c.a.ClassPathBeanDefinitionScanner:447 - Ignored because not a concrete top-level class: file [D:\smsblock_Backend_hiernate\target\classes\com\mobitel\smsblock\repository\SmsBlockBlacklistRepository.class]
2024-07-12 15:44:44.853 DEBUG o.s.c.a.ClassPathBeanDefinitionScanner:447 - Ignored because not a concrete top-level class: file [D:\smsblock_Backend_hiernate\target\classes\com\mobitel\smsblock\repository\SmsBlockMobileRepository.class]
2024-07-12 15:44:44.855 DEBUG o.s.c.a.ClassPathBeanDefinitionScanner:441 - Identified candidate component class: file [D:\smsblock_Backend_hiernate\target\classes\com\mobitel\smsblock\services\impl\SmsBlockBlacklistServiceImpl.class]
2024-07-12 15:44:44.856 DEBUG o.s.c.a.ClassPathBeanDefinitionScanner:441 - Identified candidate component class: file [D:\smsblock_Backend_hiernate\target\classes\com\mobitel\smsblock\services\impl\SmsBlockMobileServiceImpl.class]
2024-07-12 15:44:44.923 DEBUG o.s.c.a.ClassPathBeanDefinitionScanner:441 - Identified candidate component class: URL [jar:file:/C:/Users/Tharsanak/.m2/repository/io/springfox/springfox-swagger2/3.0.0/springfox-swagger2-3.0.0.jar!/springfox/documentation/swagger2/mappers/ServiceModelToSwagger2MapperImpl.class]
2024-07-12 15:44:44.925 DEBUG o.s.c.a.ClassPathBeanDefinitionScanner:441 - Identified candidate component class: URL [jar:file:/C:/Users/Tharsanak/.m2/repository/io/springfox/springfox-swagger2/3.0.0/springfox-swagger2-3.0.0.jar!/springfox/documentation/swagger2/mappers/VendorExtensionsMapperImpl.class]
2024-07-12 15:44:44.929 DEBUG o.s.c.a.ClassPathBeanDefinitionScanner:441 - Identified candidate component class: URL [jar:file:/C:/Users/Tharsanak/.m2/repository/io/springfox/springfox-swagger2/3.0.0/springfox-swagger2-3.0.0.jar!/springfox/documentation/swagger2/mappers/PropertyMapperImpl.class]
2024-07-12 15:44:44.935 DEBUG o.s.c.a.ClassPathBeanDefinitionScanner:441 - Identified candidate component class: URL [jar:file:/C:/Users/Tharsanak/.m2/repository/io/springfox/springfox-swagger2/3.0.0/springfox-swagger2-3.0.0.jar!/springfox/documentation/swagger2/mappers/CompatibilityModelMapperImpl.class]
2024-07-12 15:44:44.941 DEBUG o.s.c.a.ClassPathBeanDefinitionScanner:441 - Identified candidate component class: URL [jar:file:/C:/Users/Tharsanak/.m2/repository/io/springfox/springfox-swagger2/3.0.0/springfox-swagger2-3.0.0.jar!/springfox/documentation/swagger2/mappers/ParameterMapperImpl.class]
2024-07-12 15:44:44.949 DEBUG o.s.c.a.ClassPathBeanDefinitionScanner:441 - Identified candidate component class: URL [jar:file:/C:/Users/Tharsanak/.m2/repository/io/springfox/springfox-swagger2/3.0.0/springfox-swagger2-3.0.0.jar!/springfox/documentation/swagger2/mappers/ModelMapperImpl.class]
2024-07-12 15:44:44.951 DEBUG o.s.c.a.ClassPathBeanDefinitionScanner:441 - Identified candidate component class: URL [jar:file:/C:/Users/Tharsanak/.m2/repository/io/springfox/springfox-swagger2/3.0.0/springfox-swagger2-3.0.0.jar!/springfox/documentation/swagger2/mappers/RequestParameterMapperImpl.class]
2024-07-12 15:44:44.954 DEBUG o.s.c.a.ClassPathBeanDefinitionScanner:441 - Identified candidate component class: URL [jar:file:/C:/Users/Tharsanak/.m2/repository/io/springfox/springfox-swagger2/3.0.0/springfox-swagger2-3.0.0.jar!/springfox/documentation/swagger2/mappers/ModelSpecificationMapperImpl.class]
2024-07-12 15:44:44.956 DEBUG o.s.c.a.ClassPathBeanDefinitionScanner:441 - Identified candidate component class: URL [jar:file:/C:/Users/Tharsanak/.m2/repository/io/springfox/springfox-swagger2/3.0.0/springfox-swagger2-3.0.0.jar!/springfox/documentation/swagger2/mappers/LicenseMapperImpl.class]
2024-07-12 15:44:44.962 DEBUG o.s.c.a.ClassPathBeanDefinitionScanner:441 - Identified candidate component class: URL [jar:file:/C:/Users/Tharsanak/.m2/repository/io/springfox/springfox-swagger2/3.0.0/springfox-swagger2-3.0.0.jar!/springfox/documentation/swagger2/mappers/SecurityMapperImpl.class]
2024-07-12 15:44:44.987 DEBUG o.s.c.a.ClassPathBeanDefinitionScanner:441 - Identified candidate component class: URL [jar:file:/C:/Users/Tharsanak/.m2/repository/io/springfox/springfox-swagger2/3.0.0/springfox-swagger2-3.0.0.jar!/springfox/documentation/swagger2/web/Swagger2ControllerWebMvc.class]
2024-07-12 15:44:45.025 DEBUG o.s.c.a.ClassPathBeanDefinitionScanner:441 - Identified candidate component class: URL [jar:file:/C:/Users/Tharsanak/.m2/repository/io/springfox/springfox-swagger-common/3.0.0/springfox-swagger-common-3.0.0.jar!/springfox/documentation/swagger/schema/OpenApiSchemaPropertyBuilder.class]
2024-07-12 15:44:45.026 DEBUG o.s.c.a.ClassPathBeanDefinitionScanner:441 - Identified candidate component class: URL [jar:file:/C:/Users/Tharsanak/.m2/repository/io/springfox/springfox-swagger-common/3.0.0/springfox-swagger-common-3.0.0.jar!/springfox/documentation/swagger/schema/ApiModelPropertyPropertyBuilder.class]
2024-07-12 15:44:45.028 DEBUG o.s.c.a.ClassPathBeanDefinitionScanner:441 - Identified candidate component class: URL [jar:file:/C:/Users/Tharsanak/.m2/repository/io/springfox/springfox-swagger-common/3.0.0/springfox-swagger-common-3.0.0.jar!/springfox/documentation/swagger/schema/ApiModelTypeNameProvider.class]
2024-07-12 15:44:45.029 DEBUG o.s.c.a.ClassPathBeanDefinitionScanner:441 - Identified candidate component class: URL [jar:file:/C:/Users/Tharsanak/.m2/repository/io/springfox/springfox-swagger-common/3.0.0/springfox-swagger-common-3.0.0.jar!/springfox/documentation/swagger/schema/ApiModelBuilder.class]
2024-07-12 15:44:45.033 DEBUG o.s.c.a.ClassPathBeanDefinitionScanner:441 - Identified candidate component class: URL [jar:file:/C:/Users/Tharsanak/.m2/repository/io/springfox/springfox-swagger-common/3.0.0/springfox-swagger-common-3.0.0.jar!/springfox/documentation/swagger/readers/operation/OperationImplicitParameterReader.class]
2024-07-12 15:44:45.034 DEBUG o.s.c.a.ClassPathBeanDefinitionScanner:441 - Identified candidate component class: URL [jar:file:/C:/Users/Tharsanak/.m2/repository/io/springfox/springfox-swagger-common/3.0.0/springfox-swagger-common-3.0.0.jar!/springfox/documentation/swagger/readers/operation/VendorExtensionsReader.class]
2024-07-12 15:44:45.036 DEBUG o.s.c.a.ClassPathBeanDefinitionScanner:441 - Identified candidate component class: URL [jar:file:/C:/Users/Tharsanak/.m2/repository/io/springfox/springfox-swagger-common/3.0.0/springfox-swagger-common-3.0.0.jar!/springfox/documentation/swagger/readers/operation/SwaggerOperationResponseClassReader.class]
2024-07-12 15:44:45.037 DEBUG o.s.c.a.ClassPathBeanDefinitionScanner:441 - Identified candidate component class: URL [jar:file:/C:/Users/Tharsanak/.m2/repository/io/springfox/springfox-swagger-common/3.0.0/springfox-swagger-common-3.0.0.jar!/springfox/documentation/swagger/readers/operation/SwaggerOperationModelsProvider.class]
2024-07-12 15:44:45.038 DEBUG o.s.c.a.ClassPathBeanDefinitionScanner:441 - Identified candidate component class: URL [jar:file:/C:/Users/Tharsanak/.m2/repository/io/springfox/springfox-swagger-common/3.0.0/springfox-swagger-common-3.0.0.jar!/springfox/documentation/swagger/readers/operation/OpenApiOperationAuthReader.class]
2024-07-12 15:44:45.040 DEBUG o.s.c.a.ClassPathBeanDefinitionScanner:441 - Identified candidate component class: URL [jar:file:/C:/Users/Tharsanak/.m2/repository/io/springfox/springfox-swagger-common/3.0.0/springfox-swagger-common-3.0.0.jar!/springfox/documentation/swagger/readers/operation/SwaggerMediaTypeReader.class]
2024-07-12 15:44:45.041 DEBUG o.s.c.a.ClassPathBeanDefinitionScanner:441 - Identified candidate component class: URL [jar:file:/C:/Users/Tharsanak/.m2/repository/io/springfox/springfox-swagger-common/3.0.0/springfox-swagger-common-3.0.0.jar!/springfox/documentation/swagger/readers/operation/OperationHttpMethodReader.class]
2024-07-12 15:44:45.042 DEBUG o.s.c.a.ClassPathBeanDefinitionScanner:441 - Identified candidate component class: URL [jar:file:/C:/Users/Tharsanak/.m2/repository/io/springfox/springfox-swagger-common/3.0.0/springfox-swagger-common-3.0.0.jar!/springfox/documentation/swagger/readers/operation/OperationImplicitParametersReader.class]
2024-07-12 15:44:45.043 DEBUG o.s.c.a.ClassPathBeanDefinitionScanner:441 - Identified candidate component class: URL [jar:file:/C:/Users/Tharsanak/.m2/repository/io/springfox/springfox-swagger-common/3.0.0/springfox-swagger-common-3.0.0.jar!/springfox/documentation/swagger/readers/operation/OperationAuthReader.class]
2024-07-12 15:44:45.044 DEBUG o.s.c.a.ClassPathBeanDefinitionScanner:441 - Identified candidate component class: URL [jar:file:/C:/Users/Tharsanak/.m2/repository/io/springfox/springfox-swagger-common/3.0.0/springfox-swagger-common-3.0.0.jar!/springfox/documentation/swagger/readers/operation/OperationHiddenReader.class]
2024-07-12 15:44:45.045 DEBUG o.s.c.a.ClassPathBeanDefinitionScanner:441 - Identified candidate component class: URL [jar:file:/C:/Users/Tharsanak/.m2/repository/io/springfox/springfox-swagger-common/3.0.0/springfox-swagger-common-3.0.0.jar!/springfox/documentation/swagger/readers/operation/OperationSummaryReader.class]
2024-07-12 15:44:45.046 DEBUG o.s.c.a.ClassPathBeanDefinitionScanner:441 - Identified candidate component class: URL [jar:file:/C:/Users/Tharsanak/.m2/repository/io/springfox/springfox-swagger-common/3.0.0/springfox-swagger-common-3.0.0.jar!/springfox/documentation/swagger/readers/operation/OpenApiOperationTagsReader.class]
2024-07-12 15:44:45.048 DEBUG o.s.c.a.ClassPathBeanDefinitionScanner:441 - Identified candidate component class: URL [jar:file:/C:/Users/Tharsanak/.m2/repository/io/springfox/springfox-swagger-common/3.0.0/springfox-swagger-common-3.0.0.jar!/springfox/documentation/swagger/readers/operation/SwaggerResponseMessageReader.class]
2024-07-12 15:44:45.049 DEBUG o.s.c.a.ClassPathBeanDefinitionScanner:441 - Identified candidate component class: URL [jar:file:/C:/Users/Tharsanak/.m2/repository/io/springfox/springfox-swagger-common/3.0.0/springfox-swagger-common-3.0.0.jar!/springfox/documentation/swagger/readers/operation/OperationNicknameIntoUniqueIdReader.class]
2024-07-12 15:44:45.050 DEBUG o.s.c.a.ClassPathBeanDefinitionScanner:441 - Identified candidate component class: URL [jar:file:/C:/Users/Tharsanak/.m2/repository/io/springfox/springfox-swagger-common/3.0.0/springfox-swagger-common-3.0.0.jar!/springfox/documentation/swagger/readers/operation/OperationPositionReader.class]
2024-07-12 15:44:45.051 DEBUG o.s.c.a.ClassPathBeanDefinitionScanner:441 - Identified candidate component class: URL [jar:file:/C:/Users/Tharsanak/.m2/repository/io/springfox/springfox-swagger-common/3.0.0/springfox-swagger-common-3.0.0.jar!/springfox/documentation/swagger/readers/operation/OpenApiResponseReader.class]
2024-07-12 15:44:45.053 DEBUG o.s.c.a.ClassPathBeanDefinitionScanner:441 - Identified candidate component class: URL [jar:file:/C:/Users/Tharsanak/.m2/repository/io/springfox/springfox-swagger-common/3.0.0/springfox-swagger-common-3.0.0.jar!/springfox/documentation/swagger/readers/operation/OperationNotesReader.class]
2024-07-12 15:44:45.055 DEBUG o.s.c.a.ClassPathBeanDefinitionScanner:441 - Identified candidate component class: URL [jar:file:/C:/Users/Tharsanak/.m2/repository/io/springfox/springfox-swagger-common/3.0.0/springfox-swagger-common-3.0.0.jar!/springfox/documentation/swagger/readers/operation/SwaggerOperationTagsReader.class]
2024-07-12 15:44:45.056 DEBUG o.s.c.a.ClassPathBeanDefinitionScanner:441 - Identified candidate component class: URL [jar:file:/C:/Users/Tharsanak/.m2/repository/io/springfox/springfox-swagger-common/3.0.0/springfox-swagger-common-3.0.0.jar!/springfox/documentation/swagger/readers/parameter/ApiParamParameterBuilder.class]
2024-07-12 15:44:45.057 DEBUG o.s.c.a.ClassPathBeanDefinitionScanner:441 - Identified candidate component class: URL [jar:file:/C:/Users/Tharsanak/.m2/repository/io/springfox/springfox-swagger-common/3.0.0/springfox-swagger-common-3.0.0.jar!/springfox/documentation/swagger/readers/parameter/SwaggerExpandedParameterBuilder.class]
2024-07-12 15:44:45.061 DEBUG o.s.c.a.ClassPathBeanDefinitionScanner:441 - Identified candidate component class: URL [jar:file:/C:/Users/Tharsanak/.m2/repository/io/springfox/springfox-swagger-common/3.0.0/springfox-swagger-common-3.0.0.jar!/springfox/documentation/swagger/readers/parameter/OpenApiParameterBuilder.class]
2024-07-12 15:44:45.074 DEBUG o.s.c.a.ClassPathBeanDefinitionScanner:441 - Identified candidate component class: URL [jar:file:/C:/Users/Tharsanak/.m2/repository/io/springfox/springfox-swagger-common/3.0.0/springfox-swagger-common-3.0.0.jar!/springfox/documentation/swagger/web/SwaggerApiListingReader.class]
2024-07-12 15:44:45.078 DEBUG o.s.c.a.ClassPathBeanDefinitionScanner:441 - Identified candidate component class: URL [jar:file:/C:/Users/Tharsanak/.m2/repository/io/springfox/springfox-swagger-common/3.0.0/springfox-swagger-common-3.0.0.jar!/springfox/documentation/swagger/web/InMemorySwaggerResourcesProvider.class]
2024-07-12 15:44:45.080 DEBUG o.s.c.a.ClassPathBeanDefinitionScanner:441 - Identified candidate component class: URL [jar:file:/C:/Users/Tharsanak/.m2/repository/io/springfox/springfox-swagger-common/3.0.0/springfox-swagger-common-3.0.0.jar!/springfox/documentation/swagger/web/ApiResourceController.class]
2024-07-12 15:44:45.121 DEBUG o.s.c.a.ClassPathBeanDefinitionScanner:441 - Identified candidate component class: URL [jar:file:/C:/Users/Tharsanak/.m2/repository/io/springfox/springfox-spring-web/3.0.0/springfox-spring-web-3.0.0.jar!/springfox/documentation/spring/web/scanners/ApiListingReferenceScanner.class]
2024-07-12 15:44:45.122 DEBUG o.s.c.a.ClassPathBeanDefinitionScanner:441 - Identified candidate component class: URL [jar:file:/C:/Users/Tharsanak/.m2/repository/io/springfox/springfox-spring-web/3.0.0/springfox-spring-web-3.0.0.jar!/springfox/documentation/spring/web/scanners/ApiDocumentationScanner.class]
2024-07-12 15:44:45.124 DEBUG o.s.c.a.ClassPathBeanDefinitionScanner:441 - Identified candidate component class: URL [jar:file:/C:/Users/Tharsanak/.m2/repository/io/springfox/springfox-spring-web/3.0.0/springfox-spring-web-3.0.0.jar!/springfox/documentation/spring/web/scanners/ApiDescriptionReader.class]
2024-07-12 15:44:45.126 DEBUG o.s.c.a.ClassPathBeanDefinitionScanner:441 - Identified candidate component class: URL [jar:file:/C:/Users/Tharsanak/.m2/repository/io/springfox/springfox-spring-web/3.0.0/springfox-spring-web-3.0.0.jar!/springfox/documentation/spring/web/scanners/ApiListingReader.class]
2024-07-12 15:44:45.128 DEBUG o.s.c.a.ClassPathBeanDefinitionScanner:441 - Identified candidate component class: URL [jar:file:/C:/Users/Tharsanak/.m2/repository/io/springfox/springfox-spring-web/3.0.0/springfox-spring-web-3.0.0.jar!/springfox/documentation/spring/web/scanners/ApiModelSpecificationReader.class]
2024-07-12 15:44:45.131 DEBUG o.s.c.a.ClassPathBeanDefinitionScanner:441 - Identified candidate component class: URL [jar:file:/C:/Users/Tharsanak/.m2/repository/io/springfox/springfox-spring-web/3.0.0/springfox-spring-web-3.0.0.jar!/springfox/documentation/spring/web/scanners/CachingOperationReader.class]
2024-07-12 15:44:45.133 DEBUG o.s.c.a.ClassPathBeanDefinitionScanner:441 - Identified candidate component class: URL [jar:file:/C:/Users/Tharsanak/.m2/repository/io/springfox/springfox-spring-web/3.0.0/springfox-spring-web-3.0.0.jar!/springfox/documentation/spring/web/scanners/MediaTypeReader.class]
2024-07-12 15:44:45.134 DEBUG o.s.c.a.ClassPathBeanDefinitionScanner:441 - Identified candidate component class: URL [jar:file:/C:/Users/Tharsanak/.m2/repository/io/springfox/springfox-spring-web/3.0.0/springfox-spring-web-3.0.0.jar!/springfox/documentation/spring/web/scanners/ApiListingScanner.class]
2024-07-12 15:44:45.137 DEBUG o.s.c.a.ClassPathBeanDefinitionScanner:441 - Identified candidate component class: URL [jar:file:/C:/Users/Tharsanak/.m2/repository/io/springfox/springfox-spring-web/3.0.0/springfox-spring-web-3.0.0.jar!/springfox/documentation/spring/web/scanners/ApiModelReader.class]
2024-07-12 15:44:45.140 DEBUG o.s.c.a.ClassPathBeanDefinitionScanner:441 - Identified candidate component class: URL [jar:file:/C:/Users/Tharsanak/.m2/repository/io/springfox/springfox-spring-web/3.0.0/springfox-spring-web-3.0.0.jar!/springfox/documentation/spring/web/scanners/ApiDescriptionLookup.class]
2024-07-12 15:44:45.145 DEBUG o.s.c.a.ClassPathBeanDefinitionScanner:441 - Identified candidate component class: URL [jar:file:/C:/Users/Tharsanak/.m2/repository/io/springfox/springfox-spring-web/3.0.0/springfox-spring-web-3.0.0.jar!/springfox/documentation/spring/web/readers/operation/OperationModelsProvider.class]
2024-07-12 15:44:45.147 DEBUG o.s.c.a.ClassPathBeanDefinitionScanner:441 - Identified candidate component class: URL [jar:file:/C:/Users/Tharsanak/.m2/repository/io/springfox/springfox-spring-web/3.0.0/springfox-spring-web-3.0.0.jar!/springfox/documentation/spring/web/readers/operation/OperationDeprecatedReader.class]
2024-07-12 15:44:45.149 DEBUG o.s.c.a.ClassPathBeanDefinitionScanner:441 - Identified candidate component class: URL [jar:file:/C:/Users/Tharsanak/.m2/repository/io/springfox/springfox-spring-web/3.0.0/springfox-spring-web-3.0.0.jar!/springfox/documentation/spring/web/readers/operation/ResponseMessagesReader.class]
2024-07-12 15:44:45.154 DEBUG o.s.c.a.ClassPathBeanDefinitionScanner:441 - Identified candidate component class: URL [jar:file:/C:/Users/Tharsanak/.m2/repository/io/springfox/springfox-spring-web/3.0.0/springfox-spring-web-3.0.0.jar!/springfox/documentation/spring/web/readers/operation/OperationParameterReader.class]
2024-07-12 15:44:45.157 DEBUG o.s.c.a.ClassPathBeanDefinitionScanner:441 - Identified candidate component class: URL [jar:file:/C:/Users/Tharsanak/.m2/repository/io/springfox/springfox-spring-web/3.0.0/springfox-spring-web-3.0.0.jar!/springfox/documentation/spring/web/readers/operation/OperationTagsReader.class]
2024-07-12 15:44:45.160 DEBUG o.s.c.a.ClassPathBeanDefinitionScanner:441 - Identified candidate component class: URL [jar:file:/C:/Users/Tharsanak/.m2/repository/io/springfox/springfox-spring-web/3.0.0/springfox-spring-web-3.0.0.jar!/springfox/documentation/spring/web/readers/operation/ApiOperationReader.class]
2024-07-12 15:44:45.162 DEBUG o.s.c.a.ClassPathBeanDefinitionScanner:441 - Identified candidate component class: URL [jar:file:/C:/Users/Tharsanak/.m2/repository/io/springfox/springfox-spring-web/3.0.0/springfox-spring-web-3.0.0.jar!/springfox/documentation/spring/web/readers/operation/DefaultOperationReader.class]
2024-07-12 15:44:45.163 DEBUG o.s.c.a.ClassPathBeanDefinitionScanner:441 - Identified candidate component class: URL [jar:file:/C:/Users/Tharsanak/.m2/repository/io/springfox/springfox-spring-web/3.0.0/springfox-spring-web-3.0.0.jar!/springfox/documentation/spring/web/readers/operation/OperationParameterRequestConditionReader.class]
2024-07-12 15:44:45.165 DEBUG o.s.c.a.ClassPathBeanDefinitionScanner:441 - Identified candidate component class: URL [jar:file:/C:/Users/Tharsanak/.m2/repository/io/springfox/springfox-spring-web/3.0.0/springfox-spring-web-3.0.0.jar!/springfox/documentation/spring/web/readers/operation/OperationParameterHeadersConditionReader.class]
2024-07-12 15:44:45.167 DEBUG o.s.c.a.ClassPathBeanDefinitionScanner:441 - Identified candidate component class: URL [jar:file:/C:/Users/Tharsanak/.m2/repository/io/springfox/springfox-spring-web/3.0.0/springfox-spring-web-3.0.0.jar!/springfox/documentation/spring/web/readers/operation/ContentParameterAggregator.class]
2024-07-12 15:44:45.170 DEBUG o.s.c.a.ClassPathBeanDefinitionScanner:441 - Identified candidate component class: URL [jar:file:/C:/Users/Tharsanak/.m2/repository/io/springfox/springfox-spring-web/3.0.0/springfox-spring-web-3.0.0.jar!/springfox/documentation/spring/web/readers/operation/OperationResponseClassReader.class]
2024-07-12 15:44:45.172 DEBUG o.s.c.a.ClassPathBeanDefinitionScanner:441 - Identified candidate component class: URL [jar:file:/C:/Users/Tharsanak/.m2/repository/io/springfox/springfox-spring-web/3.0.0/springfox-spring-web-3.0.0.jar!/springfox/documentation/spring/web/readers/operation/CachingOperationNameGenerator.class]
2024-07-12 15:44:45.177 DEBUG o.s.c.a.ClassPathBeanDefinitionScanner:441 - Identified candidate component class: URL [jar:file:/C:/Users/Tharsanak/.m2/repository/io/springfox/springfox-spring-web/3.0.0/springfox-spring-web-3.0.0.jar!/springfox/documentation/spring/web/readers/parameter/ParameterMultiplesReader.class]
2024-07-12 15:44:45.180 DEBUG o.s.c.a.ClassPathBeanDefinitionScanner:441 - Identified candidate component class: URL [jar:file:/C:/Users/Tharsanak/.m2/repository/io/springfox/springfox-spring-web/3.0.0/springfox-spring-web-3.0.0.jar!/springfox/documentation/spring/web/readers/parameter/ModelAttributeParameterExpander.class]
2024-07-12 15:44:45.182 DEBUG o.s.c.a.ClassPathBeanDefinitionScanner:441 - Identified candidate component class: URL [jar:file:/C:/Users/Tharsanak/.m2/repository/io/springfox/springfox-spring-web/3.0.0/springfox-spring-web-3.0.0.jar!/springfox/documentation/spring/web/readers/parameter/ParameterTypeReader.class]
2024-07-12 15:44:45.183 DEBUG o.s.c.a.ClassPathBeanDefinitionScanner:441 - Identified candidate component class: URL [jar:file:/C:/Users/Tharsanak/.m2/repository/io/springfox/springfox-spring-web/3.0.0/springfox-spring-web-3.0.0.jar!/springfox/documentation/spring/web/readers/parameter/ParameterRequiredReader.class]
2024-07-12 15:44:45.187 DEBUG o.s.c.a.ClassPathBeanDefinitionScanner:441 - Identified candidate component class: URL [jar:file:/C:/Users/Tharsanak/.m2/repository/io/springfox/springfox-spring-web/3.0.0/springfox-spring-web-3.0.0.jar!/springfox/documentation/spring/web/readers/parameter/ParameterDataTypeReader.class]
2024-07-12 15:44:45.188 DEBUG o.s.c.a.ClassPathBeanDefinitionScanner:441 - Identified candidate component class: URL [jar:file:/C:/Users/Tharsanak/.m2/repository/io/springfox/springfox-spring-web/3.0.0/springfox-spring-web-3.0.0.jar!/springfox/documentation/spring/web/readers/parameter/ParameterDefaultReader.class]
2024-07-12 15:44:45.190 DEBUG o.s.c.a.ClassPathBeanDefinitionScanner:441 - Identified candidate component class: URL [jar:file:/C:/Users/Tharsanak/.m2/repository/io/springfox/springfox-spring-web/3.0.0/springfox-spring-web-3.0.0.jar!/springfox/documentation/spring/web/readers/parameter/ParameterNameReader.class]
2024-07-12 15:44:45.192 DEBUG o.s.c.a.ClassPathBeanDefinitionScanner:441 - Identified candidate component class: URL [jar:file:/C:/Users/Tharsanak/.m2/repository/io/springfox/springfox-spring-web/3.0.0/springfox-spring-web-3.0.0.jar!/springfox/documentation/spring/web/readers/parameter/ExpandedParameterBuilder.class]
2024-07-12 15:44:45.199 DEBUG o.s.c.a.ClassPathBeanDefinitionScanner:441 - Identified candidate component class: URL [jar:file:/C:/Users/Tharsanak/.m2/repository/io/springfox/springfox-spring-web/3.0.0/springfox-spring-web-3.0.0.jar!/springfox/documentation/spring/web/plugins/DefaultResponseTypeReader.class]
2024-07-12 15:44:45.207 DEBUG o.s.c.a.ClassPathBeanDefinitionScanner:441 - Identified candidate component class: URL [jar:file:/C:/Users/Tharsanak/.m2/repository/io/springfox/springfox-spring-web/3.0.0/springfox-spring-web-3.0.0.jar!/springfox/documentation/spring/web/plugins/DocumentationPluginsBootstrapper.class]
2024-07-12 15:44:45.209 DEBUG o.s.c.a.ClassPathBeanDefinitionScanner:441 - Identified candidate component class: URL [jar:file:/C:/Users/Tharsanak/.m2/repository/io/springfox/springfox-spring-web/3.0.0/springfox-spring-web-3.0.0.jar!/springfox/documentation/spring/web/plugins/DocumentationPluginsManager.class]
2024-07-12 15:44:45.212 DEBUG o.s.c.a.ClassPathBeanDefinitionScanner:441 - Identified candidate component class: URL [jar:file:/C:/Users/Tharsanak/.m2/repository/io/springfox/springfox-spring-webmvc/3.0.0/springfox-spring-webmvc-3.0.0.jar!/springfox/documentation/spring/web/plugins/WebMvcRequestHandlerProvider.class]
2024-07-12 15:44:45.217 DEBUG o.s.c.a.ClassPathBeanDefinitionScanner:441 - Identified candidate component class: URL [jar:file:/C:/Users/Tharsanak/.m2/repository/io/springfox/springfox-spring-web/3.0.0/springfox-spring-web-3.0.0.jar!/springfox/documentation/spring/web/paths/QueryStringUriTemplateDecorator.class]
2024-07-12 15:44:45.219 DEBUG o.s.c.a.ClassPathBeanDefinitionScanner:441 - Identified candidate component class: URL [jar:file:/C:/Users/Tharsanak/.m2/repository/io/springfox/springfox-spring-web/3.0.0/springfox-spring-web-3.0.0.jar!/springfox/documentation/spring/web/paths/PathMappingDecorator.class]
2024-07-12 15:44:45.221 DEBUG o.s.c.a.ClassPathBeanDefinitionScanner:441 - Identified candidate component class: URL [jar:file:/C:/Users/Tharsanak/.m2/repository/io/springfox/springfox-spring-web/3.0.0/springfox-spring-web-3.0.0.jar!/springfox/documentation/spring/web/paths/PathSanitizer.class]
2024-07-12 15:44:45.222 DEBUG o.s.c.a.ClassPathBeanDefinitionScanner:441 - Identified candidate component class: URL [jar:file:/C:/Users/Tharsanak/.m2/repository/io/springfox/springfox-spring-web/3.0.0/springfox-spring-web-3.0.0.jar!/springfox/documentation/spring/web/paths/OperationPathDecorator.class]
2024-07-12 15:44:45.258 DEBUG o.s.c.a.ClassPathBeanDefinitionScanner:441 - Identified candidate component class: URL [jar:file:/C:/Users/Tharsanak/.m2/repository/io/springfox/springfox-schema/3.0.0/springfox-schema-3.0.0.jar!/springfox/documentation/schema/JacksonJsonViewProvider.class]
2024-07-12 15:44:45.260 DEBUG o.s.c.a.ClassPathBeanDefinitionScanner:441 - Identified candidate component class: URL [jar:file:/C:/Users/Tharsanak/.m2/repository/io/springfox/springfox-schema/3.0.0/springfox-schema-3.0.0.jar!/springfox/documentation/schema/CachingModelDependencyProvider.class]
2024-07-12 15:44:45.262 DEBUG o.s.c.a.ClassPathBeanDefinitionScanner:441 - Identified candidate component class: URL [jar:file:/C:/Users/Tharsanak/.m2/repository/io/springfox/springfox-schema/3.0.0/springfox-schema-3.0.0.jar!/springfox/documentation/schema/TypeNameExtractor.class]
2024-07-12 15:44:45.263 DEBUG o.s.c.a.ClassPathBeanDefinitionScanner:441 - Identified candidate component class: URL [jar:file:/C:/Users/Tharsanak/.m2/repository/io/springfox/springfox-schema/3.0.0/springfox-schema-3.0.0.jar!/springfox/documentation/schema/plugins/PropertyDiscriminatorBasedInheritancePlugin.class]
2024-07-12 15:44:45.265 DEBUG o.s.c.a.ClassPathBeanDefinitionScanner:441 - Identified candidate component class: URL [jar:file:/C:/Users/Tharsanak/.m2/repository/io/springfox/springfox-schema/3.0.0/springfox-schema-3.0.0.jar!/springfox/documentation/schema/plugins/XmlModelPlugin.class]
2024-07-12 15:44:45.266 DEBUG o.s.c.a.ClassPathBeanDefinitionScanner:441 - Identified candidate component class: URL [jar:file:/C:/Users/Tharsanak/.m2/repository/io/springfox/springfox-schema/3.0.0/springfox-schema-3.0.0.jar!/springfox/documentation/schema/plugins/SchemaPluginsManager.class]
2024-07-12 15:44:45.266 DEBUG o.s.c.a.ClassPathBeanDefinitionScanner:441 - Identified candidate component class: URL [jar:file:/C:/Users/Tharsanak/.m2/repository/io/springfox/springfox-schema/3.0.0/springfox-schema-3.0.0.jar!/springfox/documentation/schema/plugins/JsonIgnorePropertiesModelPlugin.class]
2024-07-12 15:44:45.270 DEBUG o.s.c.a.ClassPathBeanDefinitionScanner:441 - Identified candidate component class: URL [jar:file:/C:/Users/Tharsanak/.m2/repository/io/springfox/springfox-schema/3.0.0/springfox-schema-3.0.0.jar!/springfox/documentation/schema/property/CachingModelPropertiesProvider.class]
2024-07-12 15:44:45.272 DEBUG o.s.c.a.ClassPathBeanDefinitionScanner:441 - Identified candidate component class: URL [jar:file:/C:/Users/Tharsanak/.m2/repository/io/springfox/springfox-schema/3.0.0/springfox-schema-3.0.0.jar!/springfox/documentation/schema/property/ObjectMapperBeanPropertyNamingStrategy.class]
2024-07-12 15:44:45.273 DEBUG o.s.c.a.ClassPathBeanDefinitionScanner:441 - Identified candidate component class: URL [jar:file:/C:/Users/Tharsanak/.m2/repository/io/springfox/springfox-schema/3.0.0/springfox-schema-3.0.0.jar!/springfox/documentation/schema/property/bean/AccessorsProvider.class]
2024-07-12 15:44:45.276 DEBUG o.s.c.a.ClassPathBeanDefinitionScanner:441 - Identified candidate component class: URL [jar:file:/C:/Users/Tharsanak/.m2/repository/io/springfox/springfox-schema/3.0.0/springfox-schema-3.0.0.jar!/springfox/documentation/schema/property/field/FieldProvider.class]
2024-07-12 15:44:45.278 DEBUG o.s.c.a.ClassPathBeanDefinitionScanner:441 - Identified candidate component class: URL [jar:file:/C:/Users/Tharsanak/.m2/repository/io/springfox/springfox-schema/3.0.0/springfox-schema-3.0.0.jar!/springfox/documentation/schema/property/XmlPropertyPlugin.class]
2024-07-12 15:44:45.279 DEBUG o.s.c.a.ClassPathBeanDefinitionScanner:441 - Identified candidate component class: URL [jar:file:/C:/Users/Tharsanak/.m2/repository/io/springfox/springfox-schema/3.0.0/springfox-schema-3.0.0.jar!/springfox/documentation/schema/property/OptimizedModelPropertiesProvider.class]
2024-07-12 15:44:45.281 DEBUG o.s.c.a.ClassPathBeanDefinitionScanner:441 - Identified candidate component class: URL [jar:file:/C:/Users/Tharsanak/.m2/repository/io/springfox/springfox-schema/3.0.0/springfox-schema-3.0.0.jar!/springfox/documentation/schema/property/FactoryMethodProvider.class]
2024-07-12 15:44:45.282 DEBUG o.s.c.a.ClassPathBeanDefinitionScanner:441 - Identified candidate component class: URL [jar:file:/C:/Users/Tharsanak/.m2/repository/io/springfox/springfox-schema/3.0.0/springfox-schema-3.0.0.jar!/springfox/documentation/schema/property/ModelSpecificationFactory.class]
2024-07-12 15:44:45.286 DEBUG o.s.c.a.ClassPathBeanDefinitionScanner:441 - Identified candidate component class: URL [jar:file:/C:/Users/Tharsanak/.m2/repository/io/springfox/springfox-schema/3.0.0/springfox-schema-3.0.0.jar!/springfox/documentation/schema/CachingModelProvider.class]
2024-07-12 15:44:45.287 DEBUG o.s.c.a.ClassPathBeanDefinitionScanner:441 - Identified candidate component class: URL [jar:file:/C:/Users/Tharsanak/.m2/repository/io/springfox/springfox-schema/3.0.0/springfox-schema-3.0.0.jar!/springfox/documentation/schema/DefaultModelDependencyProvider.class]
2024-07-12 15:44:45.289 DEBUG o.s.c.a.ClassPathBeanDefinitionScanner:441 - Identified candidate component class: URL [jar:file:/C:/Users/Tharsanak/.m2/repository/io/springfox/springfox-schema/3.0.0/springfox-schema-3.0.0.jar!/springfox/documentation/schema/JacksonEnumTypeDeterminer.class]
2024-07-12 15:44:45.290 DEBUG o.s.c.a.ClassPathBeanDefinitionScanner:441 - Identified candidate component class: URL [jar:file:/C:/Users/Tharsanak/.m2/repository/io/springfox/springfox-schema/3.0.0/springfox-schema-3.0.0.jar!/springfox/documentation/schema/DefaultModelProvider.class]
2024-07-12 15:44:45.291 DEBUG o.s.c.a.ClassPathBeanDefinitionScanner:441 - Identified candidate component class: URL [jar:file:/C:/Users/Tharsanak/.m2/repository/io/springfox/springfox-schema/3.0.0/springfox-schema-3.0.0.jar!/springfox/documentation/schema/DefaultModelSpecificationProvider.class]
2024-07-12 15:44:45.799 ERROR o.s.b.SpringApplication:824 - Application run failed
java.lang.TypeNotPresentException: Type javax.servlet.http.HttpServletRequest not present
	at java.base/sun.reflect.generics.factory.CoreReflectionFactory.makeNamedType(CoreReflectionFactory.java:117)
	at java.base/sun.reflect.generics.visitor.Reifier.visitClassTypeSignature(Reifier.java:125)
	at java.base/sun.reflect.generics.tree.ClassTypeSignature.accept(ClassTypeSignature.java:49)
	at java.base/sun.reflect.generics.visitor.Reifier.reifyTypeArguments(Reifier.java:68)
	at java.base/sun.reflect.generics.visitor.Reifier.visitClassTypeSignature(Reifier.java:138)
	at java.base/sun.reflect.generics.tree.ClassTypeSignature.accept(ClassTypeSignature.java:49)
	at java.base/sun.reflect.generics.repository.ClassRepository.computeSuperInterfaces(ClassRepository.java:117)
	at java.base/sun.reflect.generics.repository.ClassRepository.getSuperInterfaces(ClassRepository.java:95)
	at java.base/java.lang.Class.getGenericInterfaces(Class.java:1211)
	at org.springframework.core.ResolvableType.getInterfaces(ResolvableType.java:503)
	at org.springframework.core.ResolvableType.as(ResolvableType.java:451)
	at org.springframework.core.ResolvableType.forClass(ResolvableType.java:1063)
	at org.springframework.plugin.core.config.PluginRegistriesBeanDefinitionRegistrar.getTargetType(PluginRegistriesBeanDefinitionRegistrar.java:101)
	at org.springframework.plugin.core.config.PluginRegistriesBeanDefinitionRegistrar.registerBeanDefinitions(PluginRegistriesBeanDefinitionRegistrar.java:71)
	at org.springframework.context.annotation.ImportBeanDefinitionRegistrar.registerBeanDefinitions(ImportBeanDefinitionRegistrar.java:86)
	at org.springframework.context.annotation.ConfigurationClassBeanDefinitionReader.lambda$loadBeanDefinitionsFromRegistrars$1(ConfigurationClassBeanDefinitionReader.java:372)
	at java.base/java.util.LinkedHashMap.forEach(LinkedHashMap.java:721)
	at org.springframework.context.annotation.ConfigurationClassBeanDefinitionReader.loadBeanDefinitionsFromRegistrars(ConfigurationClassBeanDefinitionReader.java:371)
	at org.springframework.context.annotation.ConfigurationClassBeanDefinitionReader.loadBeanDefinitionsForConfigurationClass(ConfigurationClassBeanDefinitionReader.java:148)
	at org.springframework.context.annotation.ConfigurationClassBeanDefinitionReader.loadBeanDefinitions(ConfigurationClassBeanDefinitionReader.java:120)
	at org.springframework.context.annotation.ConfigurationClassPostProcessor.processConfigBeanDefinitions(ConfigurationClassPostProcessor.java:427)
	at org.springframework.context.annotation.ConfigurationClassPostProcessor.postProcessBeanDefinitionRegistry(ConfigurationClassPostProcessor.java:287)
	at org.springframework.context.support.PostProcessorRegistrationDelegate.invokeBeanDefinitionRegistryPostProcessors(PostProcessorRegistrationDelegate.java:344)
	at org.springframework.context.support.PostProcessorRegistrationDelegate.invokeBeanFactoryPostProcessors(PostProcessorRegistrationDelegate.java:115)
	at org.springframework.context.support.AbstractApplicationContext.invokeBeanFactoryPostProcessors(AbstractApplicationContext.java:779)
	at org.springframework.context.support.AbstractApplicationContext.refresh(AbstractApplicationContext.java:597)
	at org.springframework.boot.web.servlet.context.ServletWebServerApplicationContext.refresh(ServletWebServerApplicationContext.java:146)
	at org.springframework.boot.SpringApplication.refresh(SpringApplication.java:738)
	at org.springframework.boot.SpringApplication.refreshContext(SpringApplication.java:440)
	at org.springframework.boot.SpringApplication.run(SpringApplication.java:316)
	at org.springframework.boot.SpringApplication.run(SpringApplication.java:1306)
	at org.springframework.boot.SpringApplication.run(SpringApplication.java:1295)
	at com.mobitel.smsblock.SmsblockApplication.main(SmsblockApplication.java:13)
Caused by: java.lang.ClassNotFoundException: javax.servlet.http.HttpServletRequest
	at java.base/jdk.internal.loader.BuiltinClassLoader.loadClass(BuiltinClassLoader.java:641)
	at java.base/jdk.internal.loader.ClassLoaders$AppClassLoader.loadClass(ClassLoaders.java:188)
	at java.base/java.lang.ClassLoader.loadClass(ClassLoader.java:525)
	at java.base/java.lang.Class.forName0(Native Method)
	at java.base/java.lang.Class.forName(Class.java:467)
	at java.base/sun.reflect.generics.factory.CoreReflectionFactory.makeNamedType(CoreReflectionFactory.java:114)
	... 32 common frames omitted
2024-07-12 15:44:45.804 DEBUG o.s.b.w.s.c.AnnotationConfigServletWebServerApplicationContext:1062 - Closing org.springframework.boot.web.servlet.context.AnnotationConfigServletWebServerApplicationContext@1c481ff2, started on Fri Jul 12 15:44:44 IST 2024
