2023-12-08 12:11:29.387 DEBUG c.z.h.p.HikariPool:414 - HikariPool-1 - Before cleanup stats (total=50, active=0, idle=50, waiting=0)
2023-12-08 12:11:29.389 DEBUG c.z.h.p.HikariPool:414 - HikariPool-1 - After cleanup  stats (total=50, active=0, idle=50, waiting=0)
2023-12-08 12:11:29.389 DEBUG c.z.h.p.HikariPool:521 - HikariPool-1 - Fill pool skipped, pool has sufficient level or currently being filled (queueDepth=0).
2023-12-08 12:11:30.917 DEBUG o.s.w.s.DispatcherServlet:120 - PUT "/deleteBlacklistMobile/0729892222", parameters={}
2023-12-08 12:11:30.918 DEBUG o.s.w.s.m.m.a.RequestMappingHandlerMapping:528 - Mapped to com.mobitel.smsblock.controller.SmsBlockBlacklistController#deactivateSmsBlacklistMobile(SmsBlockBlacklistDto)
2023-12-08 12:11:30.919 DEBUG o.s.o.j.s.OpenEntityManagerInViewInterceptor:86 - Opening JPA EntityManager in OpenEntityManagerInViewInterceptor
2023-12-08 12:11:30.920 DEBUG o.s.w.s.m.m.a.RequestResponseBodyMethodProcessor:120 - Read "application/json;charset=UTF-8" to [com.mobitel.smsblock.dto.SmsBlockBlacklistDto@30501ba9]
2023-12-08 12:11:30.921 DEBUG o.h.o.s.a.create:33 - Created new SQL alias : s1_0
2023-12-08 12:11:30.922 DEBUG o.h.o.s.a.create:98 - Registration of TableGroup [StandardTableGroup(com.mobitel.smsblock.entity.SmsBlockBlacklist(1538638172198000))] with identifierForTableGroup [com.mobitel.smsblock.entity.SmsBlockBlacklist] for NavigablePath [com.mobitel.smsblock.entity.SmsBlockBlacklist] 
2023-12-08 12:11:30.922 DEBUG o.h.o.s.a.create:98 - Registration of TableGroup [org.hibernate.sql.ast.tree.from.LazyTableGroup@4239926] with identifierForTableGroup [com.mobitel.smsblock.entity.SmsBlockBlacklist.smsBlockMobile] for NavigablePath [com.mobitel.smsblock.entity.SmsBlockBlacklist.smsBlockMobile] 
2023-12-08 12:11:30.923 DEBUG o.h.q.s.s.BaseSqmToSqlAstConverter:5700 - Determining mapping-model type for SqmParameter : org.hibernate.query.sqm.tree.expression.SqmJpaCriteriaParameterWrapper@6f8afa8e
2023-12-08 12:11:30.923 DEBUG o.h.q.s.s.BaseSqmToSqlAstConverter:5590 - Determining mapping-model type for SqmPath : SqmBasicValuedSimplePath(com.mobitel.smsblock.entity.SmsBlockBlacklist(1538638172198000).blacklistMobile) 
2023-12-08 12:11:30.923 DEBUG o.h.o.r.g.AST:67 - DomainResult Graph:
 \-EntityResultImpl [com.mobitel.smsblock.entity.SmsBlockBlacklist(1538638172198000)]
 |  +-BasicFetch [com.mobitel.smsblock.entity.SmsBlockBlacklist(1538638172198000).activatedOn]
 |  +-BasicFetch [com.mobitel.smsblock.entity.SmsBlockBlacklist(1538638172198000).addedBy]
 |  +-BasicFetch [com.mobitel.smsblock.entity.SmsBlockBlacklist(1538638172198000).blacklistMobile]
 |  +-BasicFetch [com.mobitel.smsblock.entity.SmsBlockBlacklist(1538638172198000).comment]
 |  +-BasicFetch [com.mobitel.smsblock.entity.SmsBlockBlacklist(1538638172198000).deactivatedBy]
 |  +-BasicFetch [com.mobitel.smsblock.entity.SmsBlockBlacklist(1538638172198000).deactivatedOn]
 |  +-EntityFetchSelectImpl [com.mobitel.smsblock.entity.SmsBlockBlacklist(1538638172198000).smsBlockMobile]
 |  \-BasicFetch [com.mobitel.smsblock.entity.SmsBlockBlacklist(1538638172198000).status]

2023-12-08 12:11:30.924 DEBUG o.h.o.s.a.tree:46 - SQL AST Tree:
    SelectStatement {
      FromClause {
        StandardTableGroup (s1 : com.mobitel.smsblock.entity.SmsBlockBlacklist(1538638172198000)) {
          primaryTableReference : sms_block_blacklisted_mobile as s1_0
          TableGroupJoins {
            left  join LazyTableGroup (s2 : com.mobitel.smsblock.entity.SmsBlockBlacklist(1538638172198000).smsBlockMobile) {
            }
          }
        }
      }
    }

2023-12-08 12:11:30.924 DEBUG o.h.o.s.exec:455 - Skipping reading Query result cache data: cache-enabled = false, cache-mode = NORMAL
2023-12-08 12:11:30.924 DEBUG o.h.o.results:76 - Initializer list:
	  com.mobitel.smsblock.entity.SmsBlockBlacklist(1538638172198000) -> EntityResultInitializer(com.mobitel.smsblock.entity.SmsBlockBlacklist(1538638172198000))@209225183 (SingleTableEntityPersister(com.mobitel.smsblock.entity.SmsBlockBlacklist))
	  com.mobitel.smsblock.entity.SmsBlockBlacklist(1538638172198000).smsBlockMobile -> EntitySelectFetchInitializer(com.mobitel.smsblock.entity.SmsBlockBlacklist(1538638172198000).smsBlockMobile)@139912136 (ToOneAttributeMapping(NavigableRole[com.mobitel.smsblock.entity.SmsBlockBlacklist.smsBlockMobile])@1592199665)

2023-12-08 12:11:30.925 DEBUG o.h.SQL:133 - select s1_0.id,s1_0.activated_on,s1_0.added_by,s1_0.blacklist_mobile,s1_0.comment,s1_0.deactivated_by,s1_0.deactivated_on,s1_0.sms_block_mobile_id,s1_0.status from sms_block_blacklisted_mobile s1_0 where s1_0.blacklist_mobile=?
2023-12-08 12:11:30.926 DEBUG o.h.o.results:61 - Extracted JDBC value [0] - [37]
2023-12-08 12:11:30.927 DEBUG o.h.o.r.l.entity:300 - (EntityResultInitializer) Hydrated EntityKey (com.mobitel.smsblock.entity.SmsBlockBlacklist(1538638172198000)): 37
2023-12-08 12:11:30.928 DEBUG o.h.o.r.l.entity:689 - (EntityResultInitializer) Created new entity instance [com.mobitel.smsblock.entity.SmsBlockBlacklist(1538638172198000)#37] : 517485052
2023-12-08 12:11:30.929 DEBUG o.h.o.results:61 - Extracted JDBC value [7] - [42]
2023-12-08 12:11:30.929 DEBUG o.h.o.r.l.entity:190 - (EntitySelectFetchInitializer) Invoking session#internalLoad for entity (com.mobitel.smsblock.entity.SmsBlockBlacklist(1538638172198000).smsBlockMobile#42) : 42
2023-12-08 12:11:30.930 DEBUG o.h.o.s.exec:455 - Skipping reading Query result cache data: cache-enabled = false, cache-mode = IGNORE
2023-12-08 12:11:30.931 DEBUG o.h.o.results:76 - Initializer list:
	  com.mobitel.smsblock.entity.SmsBlockMobile -> EntityResultInitializer(com.mobitel.smsblock.entity.SmsBlockMobile)@565168460 (SingleTableEntityPersister(com.mobitel.smsblock.entity.SmsBlockMobile))

2023-12-08 12:11:30.932 DEBUG o.h.SQL:133 - select s1_0.id,s1_0.activated_on,s1_0.added_by,s1_0.comment,s1_0.deactivated_by,s1_0.deactivated_on,s1_0.mobile_no,s1_0.status from sms_block_mobile s1_0 where s1_0.id=?
2023-12-08 12:11:30.933 DEBUG o.h.o.r.l.entity:300 - (EntityResultInitializer) Hydrated EntityKey (com.mobitel.smsblock.entity.SmsBlockMobile): 42
2023-12-08 12:11:30.934 DEBUG o.h.o.r.l.entity:689 - (EntityResultInitializer) Created new entity instance [com.mobitel.smsblock.entity.SmsBlockMobile#42] : 756564658
2023-12-08 12:11:30.934 DEBUG o.h.o.results:61 - Extracted JDBC value [1] - [2023-12-05 10:49:59.0]
2023-12-08 12:11:30.935 DEBUG o.h.o.results:61 - Extracted JDBC value [2] - [jhhj]
2023-12-08 12:11:30.935 DEBUG o.h.o.results:61 - Extracted JDBC value [3] - [null]
2023-12-08 12:11:30.935 DEBUG o.h.o.results:61 - Extracted JDBC value [4] - [null]
2023-12-08 12:11:30.935 DEBUG o.h.o.results:61 - Extracted JDBC value [5] - [null]
2023-12-08 12:11:30.935 DEBUG o.h.o.results:61 - Extracted JDBC value [6] - [+0712397911]
2023-12-08 12:11:30.936 DEBUG o.h.o.results:61 - Extracted JDBC value [7] - [ACT]
2023-12-08 12:11:30.936 DEBUG o.h.o.r.l.entity:889 - (EntityResultInitializer) Done materializing entityInstance : com.mobitel.smsblock.entity.SmsBlockMobile#42
2023-12-08 12:11:30.936 DEBUG o.h.o.r.loading:93 - Calling top-level assembler (0 / 1) : org.hibernate.sql.results.graph.entity.internal.EntityAssembler@72221bf4
2023-12-08 12:11:30.936 DEBUG o.h.o.r.l.entity:216 - (EntitySelectFetchInitializer) Entity [com.mobitel.smsblock.entity.SmsBlockBlacklist(1538638172198000).smsBlockMobile#42] : 42 has being loaded by session.internalLoad.
2023-12-08 12:11:30.937 DEBUG o.h.o.results:61 - Extracted JDBC value [1] - [2023-12-06 15:08:57.0]
2023-12-08 12:11:30.937 DEBUG o.h.o.results:61 - Extracted JDBC value [2] - [tharsana]
2023-12-08 12:11:30.937 DEBUG o.h.o.results:61 - Extracted JDBC value [3] - [0729892222]
2023-12-08 12:11:30.937 DEBUG o.h.o.results:61 - Extracted JDBC value [4] - [null]
2023-12-08 12:11:30.937 DEBUG o.h.o.results:61 - Extracted JDBC value [5] - [tharsana]
2023-12-08 12:11:30.937 DEBUG o.h.o.results:61 - Extracted JDBC value [6] - [2023-12-08 12:11:27.0]
2023-12-08 12:11:30.937 DEBUG o.h.o.results:61 - Extracted JDBC value [8] - [DEACT]
2023-12-08 12:11:30.938 DEBUG o.h.o.r.l.entity:889 - (EntityResultInitializer) Done materializing entityInstance : com.mobitel.smsblock.entity.SmsBlockBlacklist(1538638172198000)#37
2023-12-08 12:11:30.938 DEBUG o.h.o.r.loading:93 - Calling top-level assembler (0 / 1) : org.hibernate.sql.results.graph.entity.internal.EntityAssembler@3346d80e
2023-12-08 12:11:30.938 DEBUG o.s.w.s.m.m.a.HttpEntityMethodProcessor:275 - Using 'application/json', given [application/json, text/plain, */*] and supported [text/plain, */*, application/json, application/*+json]
2023-12-08 12:11:30.939 DEBUG o.s.w.s.m.m.a.HttpEntityMethodProcessor:120 - Writing ["Phone number does not exist"]
2023-12-08 12:11:30.939 DEBUG o.s.o.j.s.OpenEntityManagerInViewInterceptor:111 - Closing JPA EntityManager in OpenEntityManagerInViewInterceptor
2023-12-08 12:11:30.939 DEBUG o.s.w.s.DispatcherServlet:1135 - Completed 404 NOT_FOUND
2023-12-08 12:11:59.403 DEBUG c.z.h.p.HikariPool:414 - HikariPool-1 - Before cleanup stats (total=50, active=0, idle=50, waiting=0)
2023-12-08 12:11:59.405 DEBUG c.z.h.p.HikariPool:414 - HikariPool-1 - After cleanup  stats (total=50, active=0, idle=50, waiting=0)
2023-12-08 12:11:59.406 DEBUG c.z.h.p.HikariPool:521 - HikariPool-1 - Fill pool skipped, pool has sufficient level or currently being filled (queueDepth=0).
2023-12-08 12:12:29.422 DEBUG c.z.h.p.HikariPool:414 - HikariPool-1 - Before cleanup stats (total=50, active=0, idle=50, waiting=0)
2023-12-08 12:12:29.422 DEBUG c.z.h.p.HikariPool:414 - HikariPool-1 - After cleanup  stats (total=50, active=0, idle=50, waiting=0)
2023-12-08 12:12:29.422 DEBUG c.z.h.p.HikariPool:521 - HikariPool-1 - Fill pool skipped, pool has sufficient level or currently being filled (queueDepth=0).
2023-12-08 12:12:34.840 DEBUG o.s.w.s.DispatcherServlet:120 - OPTIONS "/deleteBlacklistMobile/", parameters={}
2023-12-08 12:12:34.841 DEBUG o.s.w.s.h.SimpleUrlHandlerMapping:528 - Mapped to ResourceHttpRequestHandler [classpath [META-INF/resources/], classpath [resources/], classpath [static/], classpath [public/], ServletContext [/]]
2023-12-08 12:12:34.842 DEBUG o.s.o.j.s.OpenEntityManagerInViewInterceptor:86 - Opening JPA EntityManager in OpenEntityManagerInViewInterceptor
2023-12-08 12:12:34.844 DEBUG o.s.o.j.s.OpenEntityManagerInViewInterceptor:111 - Closing JPA EntityManager in OpenEntityManagerInViewInterceptor
2023-12-08 12:12:34.844 DEBUG o.s.w.s.DispatcherServlet:1135 - Completed 403 FORBIDDEN
2023-12-08 12:12:36.779 DEBUG o.s.w.s.DispatcherServlet:120 - OPTIONS "/deleteBlacklistMobile/", parameters={}
2023-12-08 12:12:36.780 DEBUG o.s.w.s.h.SimpleUrlHandlerMapping:528 - Mapped to ResourceHttpRequestHandler [classpath [META-INF/resources/], classpath [resources/], classpath [static/], classpath [public/], ServletContext [/]]
2023-12-08 12:12:36.780 DEBUG o.s.o.j.s.OpenEntityManagerInViewInterceptor:86 - Opening JPA EntityManager in OpenEntityManagerInViewInterceptor
2023-12-08 12:12:36.782 DEBUG o.s.o.j.s.OpenEntityManagerInViewInterceptor:111 - Closing JPA EntityManager in OpenEntityManagerInViewInterceptor
2023-12-08 12:12:36.782 DEBUG o.s.w.s.DispatcherServlet:1135 - Completed 403 FORBIDDEN
