2024-07-12 15:28:30.553  INFO o.a.c.c.C.[.[.[/]:173 - Initializing Spring DispatcherServlet 'dispatcherServlet'
2024-07-12 15:28:30.595  INFO o.s.w.s.DispatcherServlet:532 - Initializing Servlet 'dispatcherServlet'
2024-07-12 15:28:30.596 DEBUG o.s.w.s.DispatcherServlet:528 - Detected StandardServletMultipartResolver
2024-07-12 15:28:30.596 DEBUG o.s.w.s.DispatcherServlet:552 - Detected AcceptHeaderLocaleResolver
2024-07-12 15:28:30.597 DEBUG o.s.w.s.DispatcherServlet:578 - Detected FixedThemeResolver
2024-07-12 15:28:30.599 DEBUG o.s.w.s.DispatcherServlet:728 - Detected org.springframework.web.servlet.view.DefaultRequestToViewNameTranslator@50479c2b
2024-07-12 15:28:30.600 DEBUG o.s.w.s.DispatcherServlet:792 - Detected org.springframework.web.servlet.support.SessionFlashMapManager@786e2c5e
2024-07-12 15:28:30.631 DEBUG o.s.w.s.DispatcherServlet:549 - enableLoggingRequestDetails='false': request parameters and headers will be masked to prevent unsafe logging of potentially sensitive data
2024-07-12 15:28:30.633  INFO o.s.w.s.DispatcherServlet:554 - Completed initialization in 36 ms
2024-07-12 15:28:30.644 DEBUG o.s.w.s.DispatcherServlet:120 - GET "/swagger-ui/", parameters={}
2024-07-12 15:28:30.656 DEBUG o.s.w.s.h.SimpleUrlHandlerMapping:528 - Mapped to ResourceHttpRequestHandler [classpath [META-INF/resources/], classpath [resources/], classpath [static/], classpath [public/], ServletContext [/]]
2024-07-12 15:28:30.667 DEBUG o.s.o.j.s.OpenEntityManagerInViewInterceptor:86 - Opening JPA EntityManager in OpenEntityManagerInViewInterceptor
2024-07-12 15:28:30.672 DEBUG o.s.w.s.r.ResourceHttpRequestHandler:557 - Resource not found
2024-07-12 15:28:30.672 DEBUG o.s.o.j.s.OpenEntityManagerInViewInterceptor:111 - Closing JPA EntityManager in OpenEntityManagerInViewInterceptor
2024-07-12 15:28:30.673 DEBUG o.s.w.s.DispatcherServlet:1135 - Completed 404 NOT_FOUND
2024-07-12 15:28:30.680 DEBUG o.s.w.s.DispatcherServlet:120 - "ERROR" dispatch for GET "/error", parameters={}
2024-07-12 15:28:30.684 DEBUG o.s.w.s.m.m.a.RequestMappingHandlerMapping:528 - Mapped to org.springframework.boot.autoconfigure.web.servlet.error.BasicErrorController#errorHtml(HttpServletRequest, HttpServletResponse)
2024-07-12 15:28:30.684 DEBUG o.s.o.j.s.OpenEntityManagerInViewInterceptor:86 - Opening JPA EntityManager in OpenEntityManagerInViewInterceptor
2024-07-12 15:28:30.736 DEBUG o.s.w.s.v.ContentNegotiatingViewResolver:354 - Selected 'text/html' given [text/html, text/html;q=0.8]
2024-07-12 15:28:30.743 DEBUG o.s.o.j.s.OpenEntityManagerInViewInterceptor:111 - Closing JPA EntityManager in OpenEntityManagerInViewInterceptor
2024-07-12 15:28:30.746 DEBUG o.s.w.s.DispatcherServlet:1132 - Exiting from "ERROR" dispatch, status 404
2024-07-12 15:28:34.505 DEBUG o.s.w.s.DispatcherServlet:120 - GET "/swagger-ui/", parameters={}
2024-07-12 15:28:34.506 DEBUG o.s.w.s.h.SimpleUrlHandlerMapping:528 - Mapped to ResourceHttpRequestHandler [classpath [META-INF/resources/], classpath [resources/], classpath [static/], classpath [public/], ServletContext [/]]
2024-07-12 15:28:34.507 DEBUG o.s.o.j.s.OpenEntityManagerInViewInterceptor:86 - Opening JPA EntityManager in OpenEntityManagerInViewInterceptor
2024-07-12 15:28:34.508 DEBUG o.s.w.s.r.ResourceHttpRequestHandler:557 - Resource not found
2024-07-12 15:28:34.508 DEBUG o.s.o.j.s.OpenEntityManagerInViewInterceptor:111 - Closing JPA EntityManager in OpenEntityManagerInViewInterceptor
2024-07-12 15:28:34.508 DEBUG o.s.w.s.DispatcherServlet:1135 - Completed 404 NOT_FOUND
2024-07-12 15:28:34.508 DEBUG o.s.w.s.DispatcherServlet:120 - "ERROR" dispatch for GET "/error", parameters={}
2024-07-12 15:28:34.509 DEBUG o.s.w.s.m.m.a.RequestMappingHandlerMapping:528 - Mapped to org.springframework.boot.autoconfigure.web.servlet.error.BasicErrorController#errorHtml(HttpServletRequest, HttpServletResponse)
2024-07-12 15:28:34.509 DEBUG o.s.o.j.s.OpenEntityManagerInViewInterceptor:86 - Opening JPA EntityManager in OpenEntityManagerInViewInterceptor
2024-07-12 15:28:34.511 DEBUG o.s.w.s.v.ContentNegotiatingViewResolver:354 - Selected 'text/html' given [text/html, text/html;q=0.8]
2024-07-12 15:28:34.512 DEBUG o.s.o.j.s.OpenEntityManagerInViewInterceptor:111 - Closing JPA EntityManager in OpenEntityManagerInViewInterceptor
2024-07-12 15:28:34.512 DEBUG o.s.w.s.DispatcherServlet:1132 - Exiting from "ERROR" dispatch, status 404
2024-07-12 15:28:37.493 DEBUG o.s.w.s.DispatcherServlet:120 - GET "/swagger-ui", parameters={}
2024-07-12 15:28:37.494 DEBUG o.s.w.s.h.SimpleUrlHandlerMapping:528 - Mapped to ResourceHttpRequestHandler [classpath [META-INF/resources/], classpath [resources/], classpath [static/], classpath [public/], ServletContext [/]]
2024-07-12 15:28:37.494 DEBUG o.s.o.j.s.OpenEntityManagerInViewInterceptor:86 - Opening JPA EntityManager in OpenEntityManagerInViewInterceptor
2024-07-12 15:28:37.496 DEBUG o.s.w.s.r.ResourceHttpRequestHandler:557 - Resource not found
2024-07-12 15:28:37.497 DEBUG o.s.o.j.s.OpenEntityManagerInViewInterceptor:111 - Closing JPA EntityManager in OpenEntityManagerInViewInterceptor
2024-07-12 15:28:37.497 DEBUG o.s.w.s.DispatcherServlet:1135 - Completed 404 NOT_FOUND
2024-07-12 15:28:37.498 DEBUG o.s.w.s.DispatcherServlet:120 - "ERROR" dispatch for GET "/error", parameters={}
2024-07-12 15:28:37.498 DEBUG o.s.w.s.m.m.a.RequestMappingHandlerMapping:528 - Mapped to org.springframework.boot.autoconfigure.web.servlet.error.BasicErrorController#errorHtml(HttpServletRequest, HttpServletResponse)
2024-07-12 15:28:37.498 DEBUG o.s.o.j.s.OpenEntityManagerInViewInterceptor:86 - Opening JPA EntityManager in OpenEntityManagerInViewInterceptor
2024-07-12 15:28:37.500 DEBUG o.s.w.s.v.ContentNegotiatingViewResolver:354 - Selected 'text/html' given [text/html, text/html;q=0.8]
2024-07-12 15:28:37.501 DEBUG o.s.o.j.s.OpenEntityManagerInViewInterceptor:111 - Closing JPA EntityManager in OpenEntityManagerInViewInterceptor
2024-07-12 15:28:37.501 DEBUG o.s.w.s.DispatcherServlet:1132 - Exiting from "ERROR" dispatch, status 404
2024-07-12 15:28:40.994 DEBUG o.s.w.s.DispatcherServlet:120 - GET "/swagger-ui/", parameters={}
2024-07-12 15:28:40.995 DEBUG o.s.w.s.h.SimpleUrlHandlerMapping:528 - Mapped to ResourceHttpRequestHandler [classpath [META-INF/resources/], classpath [resources/], classpath [static/], classpath [public/], ServletContext [/]]
2024-07-12 15:28:40.995 DEBUG o.s.o.j.s.OpenEntityManagerInViewInterceptor:86 - Opening JPA EntityManager in OpenEntityManagerInViewInterceptor
2024-07-12 15:28:40.996 DEBUG o.s.w.s.r.ResourceHttpRequestHandler:557 - Resource not found
2024-07-12 15:28:40.996 DEBUG o.s.o.j.s.OpenEntityManagerInViewInterceptor:111 - Closing JPA EntityManager in OpenEntityManagerInViewInterceptor
2024-07-12 15:28:40.997 DEBUG o.s.w.s.DispatcherServlet:1135 - Completed 404 NOT_FOUND
2024-07-12 15:28:40.997 DEBUG o.s.w.s.DispatcherServlet:120 - "ERROR" dispatch for GET "/error", parameters={}
2024-07-12 15:28:40.998 DEBUG o.s.w.s.m.m.a.RequestMappingHandlerMapping:528 - Mapped to org.springframework.boot.autoconfigure.web.servlet.error.BasicErrorController#errorHtml(HttpServletRequest, HttpServletResponse)
2024-07-12 15:28:40.998 DEBUG o.s.o.j.s.OpenEntityManagerInViewInterceptor:86 - Opening JPA EntityManager in OpenEntityManagerInViewInterceptor
2024-07-12 15:28:41.000 DEBUG o.s.w.s.v.ContentNegotiatingViewResolver:354 - Selected 'text/html' given [text/html, text/html;q=0.8]
2024-07-12 15:28:41.000 DEBUG o.s.o.j.s.OpenEntityManagerInViewInterceptor:111 - Closing JPA EntityManager in OpenEntityManagerInViewInterceptor
2024-07-12 15:28:41.001 DEBUG o.s.w.s.DispatcherServlet:1132 - Exiting from "ERROR" dispatch, status 404
2024-07-12 15:28:41.249 DEBUG c.z.h.p.HikariPool:414 - HikariPool-1 - Before cleanup stats (total=50, active=0, idle=50, waiting=0)
2024-07-12 15:28:41.250 DEBUG c.z.h.p.HikariPool:414 - HikariPool-1 - After cleanup  stats (total=50, active=0, idle=50, waiting=0)
2024-07-12 15:28:41.251 DEBUG c.z.h.p.HikariPool:521 - HikariPool-1 - Fill pool skipped, pool has sufficient level or currently being filled (queueDepth=0).
2024-07-12 15:29:09.225 DEBUG o.s.w.s.DispatcherServlet:120 - GET "/swagger-ui/index.html", parameters={}
2024-07-12 15:29:09.227 DEBUG o.s.w.s.h.SimpleUrlHandlerMapping:528 - Mapped to ResourceHttpRequestHandler [classpath [META-INF/resources/], classpath [resources/], classpath [static/], classpath [public/], ServletContext [/]]
2024-07-12 15:29:09.227 DEBUG o.s.o.j.s.OpenEntityManagerInViewInterceptor:86 - Opening JPA EntityManager in OpenEntityManagerInViewInterceptor
2024-07-12 15:29:09.230 DEBUG o.s.w.s.r.ResourceHttpRequestHandler:557 - Resource not found
2024-07-12 15:29:09.231 DEBUG o.s.o.j.s.OpenEntityManagerInViewInterceptor:111 - Closing JPA EntityManager in OpenEntityManagerInViewInterceptor
2024-07-12 15:29:09.231 DEBUG o.s.w.s.DispatcherServlet:1135 - Completed 404 NOT_FOUND
2024-07-12 15:29:09.232 DEBUG o.s.w.s.DispatcherServlet:120 - "ERROR" dispatch for GET "/error", parameters={}
2024-07-12 15:29:09.232 DEBUG o.s.w.s.m.m.a.RequestMappingHandlerMapping:528 - Mapped to org.springframework.boot.autoconfigure.web.servlet.error.BasicErrorController#errorHtml(HttpServletRequest, HttpServletResponse)
2024-07-12 15:29:09.232 DEBUG o.s.o.j.s.OpenEntityManagerInViewInterceptor:86 - Opening JPA EntityManager in OpenEntityManagerInViewInterceptor
2024-07-12 15:29:09.235 DEBUG o.s.w.s.v.ContentNegotiatingViewResolver:354 - Selected 'text/html' given [text/html, text/html;q=0.8]
2024-07-12 15:29:09.235 DEBUG o.s.o.j.s.OpenEntityManagerInViewInterceptor:111 - Closing JPA EntityManager in OpenEntityManagerInViewInterceptor
2024-07-12 15:29:09.235 DEBUG o.s.w.s.DispatcherServlet:1132 - Exiting from "ERROR" dispatch, status 404
2024-07-12 15:29:11.257 DEBUG c.z.h.p.HikariPool:414 - HikariPool-1 - Before cleanup stats (total=50, active=0, idle=50, waiting=0)
2024-07-12 15:29:11.258 DEBUG c.z.h.p.HikariPool:414 - HikariPool-1 - After cleanup  stats (total=50, active=0, idle=50, waiting=0)
2024-07-12 15:29:11.259 DEBUG c.z.h.p.HikariPool:521 - HikariPool-1 - Fill pool skipped, pool has sufficient level or currently being filled (queueDepth=0).
2024-07-12 15:29:12.243 DEBUG o.s.w.s.DispatcherServlet:120 - GET "/swagger-ui/index.html", parameters={}
2024-07-12 15:29:12.244 DEBUG o.s.w.s.h.SimpleUrlHandlerMapping:528 - Mapped to ResourceHttpRequestHandler [classpath [META-INF/resources/], classpath [resources/], classpath [static/], classpath [public/], ServletContext [/]]
2024-07-12 15:29:12.245 DEBUG o.s.o.j.s.OpenEntityManagerInViewInterceptor:86 - Opening JPA EntityManager in OpenEntityManagerInViewInterceptor
2024-07-12 15:29:12.245 DEBUG o.s.w.s.r.ResourceHttpRequestHandler:557 - Resource not found
2024-07-12 15:29:12.246 DEBUG o.s.o.j.s.OpenEntityManagerInViewInterceptor:111 - Closing JPA EntityManager in OpenEntityManagerInViewInterceptor
2024-07-12 15:29:12.246 DEBUG o.s.w.s.DispatcherServlet:1135 - Completed 404 NOT_FOUND
2024-07-12 15:29:12.247 DEBUG o.s.w.s.DispatcherServlet:120 - "ERROR" dispatch for GET "/error", parameters={}
2024-07-12 15:29:12.247 DEBUG o.s.w.s.m.m.a.RequestMappingHandlerMapping:528 - Mapped to org.springframework.boot.autoconfigure.web.servlet.error.BasicErrorController#errorHtml(HttpServletRequest, HttpServletResponse)
2024-07-12 15:29:12.248 DEBUG o.s.o.j.s.OpenEntityManagerInViewInterceptor:86 - Opening JPA EntityManager in OpenEntityManagerInViewInterceptor
2024-07-12 15:29:12.249 DEBUG o.s.w.s.v.ContentNegotiatingViewResolver:354 - Selected 'text/html' given [text/html, text/html;q=0.8]
2024-07-12 15:29:12.250 DEBUG o.s.o.j.s.OpenEntityManagerInViewInterceptor:111 - Closing JPA EntityManager in OpenEntityManagerInViewInterceptor
2024-07-12 15:29:12.250 DEBUG o.s.w.s.DispatcherServlet:1132 - Exiting from "ERROR" dispatch, status 404
