2023-12-21 11:20:24.758 DEBUG o.s.w.s.DispatcherServlet:120 - OPTIONS "/createBlockMobile/3", parameters={}
2023-12-21 11:20:24.762 DEBUG o.s.w.s.m.m.a.RequestMappingHandlerMapping:528 - Mapped to com.mobitel.smsblock.controller.SmsBlockBlacklistController#saveSmsBlockBlacklist(SmsBlockBlacklistDto, SmsBlockMobile)
2023-12-21 11:20:24.764 DEBUG o.s.o.j.s.OpenEntityManagerInViewInterceptor:86 - Opening JPA EntityManager in OpenEntityManagerInViewInterceptor
2023-12-21 11:20:24.765 DEBUG o.s.o.j.s.OpenEntityManagerInViewInterceptor:111 - Closing JPA EntityManager in OpenEntityManagerInViewInterceptor
2023-12-21 11:20:24.766 DEBUG o.s.w.s.DispatcherServlet:1135 - Completed 200 OK
2023-12-21 11:20:24.773 DEBUG o.s.w.s.DispatcherServlet:120 - POST "/createBlockMobile/3", parameters={}
2023-12-21 11:20:24.841 DEBUG o.s.w.s.m.m.a.RequestMappingHandlerMapping:528 - Mapped to com.mobitel.smsblock.controller.SmsBlockBlacklistController#saveSmsBlockBlacklist(SmsBlockBlacklistDto, SmsBlockMobile)
2023-12-21 11:20:24.842 DEBUG o.s.o.j.s.OpenEntityManagerInViewInterceptor:86 - Opening JPA EntityManager in OpenEntityManagerInViewInterceptor
2023-12-21 11:20:24.854 DEBUG o.s.w.s.m.m.a.RequestResponseBodyMethodProcessor:120 - Read "application/json;charset=UTF-8" to [com.mobitel.smsblock.dto.SmsBlockBlacklistDto@1305ba3]
2023-12-21 11:20:25.045 DEBUG o.s.o.j.JpaTransactionManager:374 - Found thread-bound EntityManager [SessionImpl(710824443<open>)] for JPA transaction
2023-12-21 11:20:25.046 DEBUG o.s.o.j.JpaTransactionManager:370 - Creating new transaction with name [org.springframework.data.jpa.repository.support.SimpleJpaRepository.findById]: PROPAGATION_REQUIRED,ISOLATION_DEFAULT,readOnly
2023-12-21 11:20:25.115 DEBUG o.s.j.d.DataSourceUtils:188 - Setting JDBC Connection [HikariProxyConnection@1386892706 wrapping com.mysql.cj.jdbc.ConnectionImpl@5e51ec2e] read-only
2023-12-21 11:20:25.116 DEBUG o.h.e.t.i.TransactionImpl:53 - On TransactionImpl creation, JpaCompliance#isJpaTransactionComplianceEnabled == false
2023-12-21 11:20:25.117 DEBUG o.h.e.t.i.TransactionImpl:81 - begin
2023-12-21 11:20:25.117 DEBUG o.s.o.j.JpaTransactionManager:439 - Exposing JPA transaction as JDBC [org.springframework.orm.jpa.vendor.HibernateJpaDialect$HibernateConnectionHandle@13bc939c]
2023-12-21 11:20:25.279 DEBUG o.h.o.s.exec:455 - Skipping reading Query result cache data: cache-enabled = false, cache-mode = IGNORE
2023-12-21 11:20:25.281 DEBUG o.h.o.results:76 - Initializer list:
	  com.mobitel.smsblock.entity.SmsBlockMobile -> EntityResultInitializer(com.mobitel.smsblock.entity.SmsBlockMobile)@709844914 (SingleTableEntityPersister(com.mobitel.smsblock.entity.SmsBlockMobile))

2023-12-21 11:20:25.282 DEBUG o.h.SQL:133 - select s1_0.id,s1_0.activated_on,s1_0.added_by,s1_0.comment,s1_0.deactivated_by,s1_0.deactivated_on,s1_0.mobile_no,s1_0.status from sms_block_mobile s1_0 where s1_0.id=?
2023-12-21 11:20:25.297 DEBUG o.h.o.r.l.entity:300 - (EntityResultInitializer) Hydrated EntityKey (com.mobitel.smsblock.entity.SmsBlockMobile): 3
2023-12-21 11:20:25.302 DEBUG o.h.o.r.l.entity:689 - (EntityResultInitializer) Created new entity instance [com.mobitel.smsblock.entity.SmsBlockMobile#3] : 297913733
2023-12-21 11:20:25.303 DEBUG o.h.o.results:61 - Extracted JDBC value [1] - [2023-12-21 11:20:16.0]
2023-12-21 11:20:25.303 DEBUG o.h.o.results:61 - Extracted JDBC value [2] - [tharsa]
2023-12-21 11:20:25.303 DEBUG o.h.o.results:61 - Extracted JDBC value [3] - [null]
2023-12-21 11:20:25.303 DEBUG o.h.o.results:61 - Extracted JDBC value [4] - [null]
2023-12-21 11:20:25.305 DEBUG o.h.o.results:61 - Extracted JDBC value [5] - [null]
2023-12-21 11:20:25.305 DEBUG o.h.o.results:61 - Extracted JDBC value [6] - [0111111111]
2023-12-21 11:20:25.306 DEBUG o.h.o.results:61 - Extracted JDBC value [7] - [ACT]
2023-12-21 11:20:25.307 DEBUG o.h.o.r.l.entity:889 - (EntityResultInitializer) Done materializing entityInstance : com.mobitel.smsblock.entity.SmsBlockMobile#3
2023-12-21 11:20:25.307 DEBUG o.h.o.r.loading:93 - Calling top-level assembler (0 / 1) : org.hibernate.sql.results.graph.entity.internal.EntityAssembler@6a610aab
2023-12-21 11:20:25.312 DEBUG o.s.o.j.JpaTransactionManager:740 - Initiating transaction commit
2023-12-21 11:20:25.312 DEBUG o.s.o.j.JpaTransactionManager:556 - Committing JPA transaction on EntityManager [SessionImpl(710824443<open>)]
2023-12-21 11:20:25.312 DEBUG o.h.e.t.i.TransactionImpl:98 - committing
2023-12-21 11:20:25.314 DEBUG o.s.j.d.DataSourceUtils:252 - Resetting read-only flag of JDBC Connection [HikariProxyConnection@1386892706 wrapping com.mysql.cj.jdbc.ConnectionImpl@5e51ec2e]
2023-12-21 11:20:25.317 DEBUG o.s.o.j.JpaTransactionManager:652 - Not closing pre-bound JPA EntityManager after transaction
2023-12-21 11:20:25.318 DEBUG o.h.o.s.a.create:33 - Created new SQL alias : s1_0
2023-12-21 11:20:25.320 DEBUG o.h.o.s.a.create:98 - Registration of TableGroup [StandardTableGroup(com.mobitel.smsblock.entity.SmsBlockBlacklist(761545799274700))] with identifierForTableGroup [com.mobitel.smsblock.entity.SmsBlockBlacklist] for NavigablePath [com.mobitel.smsblock.entity.SmsBlockBlacklist] 
2023-12-21 11:20:25.323 DEBUG o.h.o.s.a.create:98 - Registration of TableGroup [org.hibernate.sql.ast.tree.from.LazyTableGroup@430e95c8] with identifierForTableGroup [com.mobitel.smsblock.entity.SmsBlockBlacklist.smsBlockMobile] for NavigablePath [com.mobitel.smsblock.entity.SmsBlockBlacklist.smsBlockMobile] 
2023-12-21 11:20:25.327 DEBUG o.h.q.s.s.BaseSqmToSqlAstConverter:5700 - Determining mapping-model type for SqmParameter : org.hibernate.query.sqm.tree.expression.SqmJpaCriteriaParameterWrapper@cd988ec
2023-12-21 11:20:25.327 DEBUG o.h.q.s.s.BaseSqmToSqlAstConverter:5590 - Determining mapping-model type for SqmPath : SqmBasicValuedSimplePath(com.mobitel.smsblock.entity.SmsBlockBlacklist(761545799274700).blacklistMobile) 
2023-12-21 11:20:25.328 DEBUG o.h.o.r.g.AST:67 - DomainResult Graph:
 \-EntityResultImpl [com.mobitel.smsblock.entity.SmsBlockBlacklist(761545799274700)]
 |  +-BasicFetch [com.mobitel.smsblock.entity.SmsBlockBlacklist(761545799274700).activatedOn]
 |  +-BasicFetch [com.mobitel.smsblock.entity.SmsBlockBlacklist(761545799274700).addedBy]
 |  +-BasicFetch [com.mobitel.smsblock.entity.SmsBlockBlacklist(761545799274700).blacklistMobile]
 |  +-BasicFetch [com.mobitel.smsblock.entity.SmsBlockBlacklist(761545799274700).comment]
 |  +-BasicFetch [com.mobitel.smsblock.entity.SmsBlockBlacklist(761545799274700).deactivatedBy]
 |  +-BasicFetch [com.mobitel.smsblock.entity.SmsBlockBlacklist(761545799274700).deactivatedOn]
 |  +-EntityFetchSelectImpl [com.mobitel.smsblock.entity.SmsBlockBlacklist(761545799274700).smsBlockMobile]
 |  \-BasicFetch [com.mobitel.smsblock.entity.SmsBlockBlacklist(761545799274700).status]

2023-12-21 11:20:25.328 DEBUG o.h.o.s.a.tree:46 - SQL AST Tree:
    SelectStatement {
      FromClause {
        StandardTableGroup (s1 : com.mobitel.smsblock.entity.SmsBlockBlacklist(761545799274700)) {
          primaryTableReference : sms_block_blacklisted_mobile as s1_0
          TableGroupJoins {
            left  join LazyTableGroup (s2 : com.mobitel.smsblock.entity.SmsBlockBlacklist(761545799274700).smsBlockMobile) {
            }
          }
        }
      }
    }

2023-12-21 11:20:25.329 DEBUG o.h.o.s.exec:455 - Skipping reading Query result cache data: cache-enabled = false, cache-mode = NORMAL
2023-12-21 11:20:25.441 DEBUG o.h.o.results:76 - Initializer list:
	  com.mobitel.smsblock.entity.SmsBlockBlacklist(761545799274700).smsBlockMobile -> EntitySelectFetchInitializer(com.mobitel.smsblock.entity.SmsBlockBlacklist(761545799274700).smsBlockMobile)@1894018043 (ToOneAttributeMapping(NavigableRole[com.mobitel.smsblock.entity.SmsBlockBlacklist.smsBlockMobile])@1695823223)
	  com.mobitel.smsblock.entity.SmsBlockBlacklist(761545799274700) -> EntityResultInitializer(com.mobitel.smsblock.entity.SmsBlockBlacklist(761545799274700))@425063664 (SingleTableEntityPersister(com.mobitel.smsblock.entity.SmsBlockBlacklist))

2023-12-21 11:20:25.442 DEBUG o.h.SQL:133 - select s1_0.id,s1_0.activated_on,s1_0.added_by,s1_0.blacklist_mobile,s1_0.comment,s1_0.deactivated_by,s1_0.deactivated_on,s1_0.sms_block_mobile_id,s1_0.status from sms_block_blacklisted_mobile s1_0 where s1_0.blacklist_mobile=?
2023-12-21 11:20:25.623 DEBUG o.s.o.j.JpaTransactionManager:374 - Found thread-bound EntityManager [SessionImpl(710824443<open>)] for JPA transaction
2023-12-21 11:20:25.624 DEBUG o.s.o.j.JpaTransactionManager:370 - Creating new transaction with name [org.springframework.data.jpa.repository.support.SimpleJpaRepository.save]: PROPAGATION_REQUIRED,ISOLATION_DEFAULT
2023-12-21 11:20:25.625 DEBUG o.h.e.t.i.TransactionImpl:81 - begin
2023-12-21 11:20:25.626 DEBUG o.s.o.j.JpaTransactionManager:439 - Exposing JPA transaction as JDBC [org.springframework.orm.jpa.vendor.HibernateJpaDialect$HibernateConnectionHandle@6d360c59]
2023-12-21 11:20:25.627 DEBUG o.h.j.i.PersistenceUnitUtilImpl:89 - jakarta.persistence.PersistenceUnitUtil.getIdentifier is only intended to work with enhanced entities (although Hibernate also adapts this support to its proxies); however the passed entity was not enhanced (nor a proxy).. may not be able to read identifier
2023-12-21 11:20:25.628 DEBUG o.h.e.s.ActionQueue:290 - Executing identity-insert immediately
2023-12-21 11:20:25.629 DEBUG o.h.SQL:133 - insert into sms_block_blacklisted_mobile (activated_on,added_by,blacklist_mobile,comment,deactivated_by,deactivated_on,sms_block_mobile_id,status) values (?,?,?,?,?,?,?,?)
2023-12-21 11:20:25.664 DEBUG o.h.i.IdentifierGeneratorHelper:84 - Natively generated identity (com.mobitel.smsblock.entity.SmsBlockBlacklist) : 1
2023-12-21 11:20:25.664 DEBUG o.h.r.j.i.ResourceRegistryStandardImpl:105 - HHH000387: ResultSet's statement was not registered
2023-12-21 11:20:25.665 DEBUG o.h.r.j.i.ResourceRegistryStandardImpl:203 - Exception clearing maxRows/queryTimeout [No operations allowed after statement closed.]
2023-12-21 11:20:25.665 DEBUG o.s.o.j.JpaTransactionManager:740 - Initiating transaction commit
2023-12-21 11:20:25.665 DEBUG o.s.o.j.JpaTransactionManager:556 - Committing JPA transaction on EntityManager [SessionImpl(710824443<open>)]
2023-12-21 11:20:25.665 DEBUG o.h.e.t.i.TransactionImpl:98 - committing
2023-12-21 11:20:25.666 DEBUG o.h.e.i.AbstractFlushingEventListener:136 - Processing flush-time cascades
2023-12-21 11:20:25.666 DEBUG o.h.e.i.AbstractFlushingEventListener:185 - Dirty checking collections
2023-12-21 11:20:25.666 DEBUG o.h.e.i.AbstractFlushingEventListener:110 - Flushed: 0 insertions, 0 updates, 0 deletions to 2 objects
2023-12-21 11:20:25.666 DEBUG o.h.e.i.AbstractFlushingEventListener:117 - Flushed: 0 (re)creations, 0 updates, 0 removals to 0 collections
2023-12-21 11:20:25.666 DEBUG o.h.i.u.EntityPrinter:111 - Listing entities:
2023-12-21 11:20:25.667 DEBUG o.h.i.u.EntityPrinter:118 - com.mobitel.smsblock.entity.SmsBlockMobile{activatedOn=2023-12-21 11:20:16.0, addedBy=tharsa, deactivatedOn=null, comment=null, id=3, mobileNo=0111111111, deactivatedBy=null, status=ACT}
2023-12-21 11:20:25.667 DEBUG o.h.i.u.EntityPrinter:118 - com.mobitel.smsblock.entity.SmsBlockBlacklist{activatedOn=2023-12-21 11:20:25.6229589, smsBlockMobile=com.mobitel.smsblock.entity.SmsBlockMobile#3, addedBy=tharsa, deactivatedOn=null, blacklistMobile=0111111111, comment=null, id=1, deactivatedBy=null, status=ACT}
2023-12-21 11:20:25.770 DEBUG o.s.o.j.JpaTransactionManager:652 - Not closing pre-bound JPA EntityManager after transaction
2023-12-21 11:20:25.774 DEBUG o.s.w.s.m.m.a.HttpEntityMethodProcessor:275 - Using 'application/json', given [application/json, text/plain, */*] and supported [text/plain, */*, application/json, application/*+json]
2023-12-21 11:20:25.776 DEBUG o.s.w.s.m.m.a.HttpEntityMethodProcessor:120 - Writing ["Saved"]
2023-12-21 11:20:25.778 DEBUG o.s.o.j.s.OpenEntityManagerInViewInterceptor:111 - Closing JPA EntityManager in OpenEntityManagerInViewInterceptor
2023-12-21 11:20:25.780 DEBUG o.s.w.s.DispatcherServlet:1135 - Completed 201 CREATED
2023-12-21 11:20:31.269 DEBUG o.s.w.s.DispatcherServlet:120 - POST "/createBlockMobile/3", parameters={}
2023-12-21 11:20:31.270 DEBUG o.s.w.s.m.m.a.RequestMappingHandlerMapping:528 - Mapped to com.mobitel.smsblock.controller.SmsBlockBlacklistController#saveSmsBlockBlacklist(SmsBlockBlacklistDto, SmsBlockMobile)
2023-12-21 11:20:31.271 DEBUG o.s.o.j.s.OpenEntityManagerInViewInterceptor:86 - Opening JPA EntityManager in OpenEntityManagerInViewInterceptor
2023-12-21 11:20:31.273 DEBUG o.s.w.s.m.m.a.RequestResponseBodyMethodProcessor:120 - Read "application/json;charset=UTF-8" to [com.mobitel.smsblock.dto.SmsBlockBlacklistDto@6498ab73]
2023-12-21 11:20:31.274 DEBUG o.s.o.j.JpaTransactionManager:374 - Found thread-bound EntityManager [SessionImpl(1784629648<open>)] for JPA transaction
2023-12-21 11:20:31.275 DEBUG o.s.o.j.JpaTransactionManager:370 - Creating new transaction with name [org.springframework.data.jpa.repository.support.SimpleJpaRepository.findById]: PROPAGATION_REQUIRED,ISOLATION_DEFAULT,readOnly
2023-12-21 11:20:31.276 DEBUG o.s.j.d.DataSourceUtils:188 - Setting JDBC Connection [HikariProxyConnection@1851834371 wrapping com.mysql.cj.jdbc.ConnectionImpl@5e51ec2e] read-only
2023-12-21 11:20:31.278 DEBUG o.h.e.t.i.TransactionImpl:53 - On TransactionImpl creation, JpaCompliance#isJpaTransactionComplianceEnabled == false
2023-12-21 11:20:31.278 DEBUG o.h.e.t.i.TransactionImpl:81 - begin
2023-12-21 11:20:31.279 DEBUG o.s.o.j.JpaTransactionManager:439 - Exposing JPA transaction as JDBC [org.springframework.orm.jpa.vendor.HibernateJpaDialect$HibernateConnectionHandle@1a036d8e]
2023-12-21 11:20:31.280 DEBUG o.h.o.s.exec:455 - Skipping reading Query result cache data: cache-enabled = false, cache-mode = IGNORE
2023-12-21 11:20:31.280 DEBUG o.h.o.results:76 - Initializer list:
	  com.mobitel.smsblock.entity.SmsBlockMobile -> EntityResultInitializer(com.mobitel.smsblock.entity.SmsBlockMobile)@1913374229 (SingleTableEntityPersister(com.mobitel.smsblock.entity.SmsBlockMobile))

2023-12-21 11:20:31.281 DEBUG o.h.SQL:133 - select s1_0.id,s1_0.activated_on,s1_0.added_by,s1_0.comment,s1_0.deactivated_by,s1_0.deactivated_on,s1_0.mobile_no,s1_0.status from sms_block_mobile s1_0 where s1_0.id=?
2023-12-21 11:20:31.282 DEBUG o.h.o.r.l.entity:300 - (EntityResultInitializer) Hydrated EntityKey (com.mobitel.smsblock.entity.SmsBlockMobile): 3
2023-12-21 11:20:31.283 DEBUG o.h.o.r.l.entity:689 - (EntityResultInitializer) Created new entity instance [com.mobitel.smsblock.entity.SmsBlockMobile#3] : 1167619481
2023-12-21 11:20:31.283 DEBUG o.h.o.results:61 - Extracted JDBC value [1] - [2023-12-21 11:20:16.0]
2023-12-21 11:20:31.283 DEBUG o.h.o.results:61 - Extracted JDBC value [2] - [tharsa]
2023-12-21 11:20:31.283 DEBUG o.h.o.results:61 - Extracted JDBC value [3] - [null]
2023-12-21 11:20:31.284 DEBUG o.h.o.results:61 - Extracted JDBC value [4] - [null]
2023-12-21 11:20:31.284 DEBUG o.h.o.results:61 - Extracted JDBC value [5] - [null]
2023-12-21 11:20:31.284 DEBUG o.h.o.results:61 - Extracted JDBC value [6] - [0111111111]
2023-12-21 11:20:31.284 DEBUG o.h.o.results:61 - Extracted JDBC value [7] - [ACT]
2023-12-21 11:20:31.284 DEBUG o.h.o.r.l.entity:889 - (EntityResultInitializer) Done materializing entityInstance : com.mobitel.smsblock.entity.SmsBlockMobile#3
2023-12-21 11:20:31.285 DEBUG o.h.o.r.loading:93 - Calling top-level assembler (0 / 1) : org.hibernate.sql.results.graph.entity.internal.EntityAssembler@690f2851
2023-12-21 11:20:31.285 DEBUG o.s.o.j.JpaTransactionManager:740 - Initiating transaction commit
2023-12-21 11:20:31.285 DEBUG o.s.o.j.JpaTransactionManager:556 - Committing JPA transaction on EntityManager [SessionImpl(1784629648<open>)]
2023-12-21 11:20:31.285 DEBUG o.h.e.t.i.TransactionImpl:98 - committing
2023-12-21 11:20:31.286 DEBUG o.s.j.d.DataSourceUtils:252 - Resetting read-only flag of JDBC Connection [HikariProxyConnection@1851834371 wrapping com.mysql.cj.jdbc.ConnectionImpl@5e51ec2e]
2023-12-21 11:20:31.287 DEBUG o.s.o.j.JpaTransactionManager:652 - Not closing pre-bound JPA EntityManager after transaction
2023-12-21 11:20:31.288 DEBUG o.h.o.s.a.create:33 - Created new SQL alias : s1_0
2023-12-21 11:20:31.289 DEBUG o.h.o.s.a.create:98 - Registration of TableGroup [StandardTableGroup(com.mobitel.smsblock.entity.SmsBlockBlacklist(761545799274700))] with identifierForTableGroup [com.mobitel.smsblock.entity.SmsBlockBlacklist] for NavigablePath [com.mobitel.smsblock.entity.SmsBlockBlacklist] 
2023-12-21 11:20:31.289 DEBUG o.h.o.s.a.create:98 - Registration of TableGroup [org.hibernate.sql.ast.tree.from.LazyTableGroup@2d92cb50] with identifierForTableGroup [com.mobitel.smsblock.entity.SmsBlockBlacklist.smsBlockMobile] for NavigablePath [com.mobitel.smsblock.entity.SmsBlockBlacklist.smsBlockMobile] 
2023-12-21 11:20:31.289 DEBUG o.h.q.s.s.BaseSqmToSqlAstConverter:5700 - Determining mapping-model type for SqmParameter : org.hibernate.query.sqm.tree.expression.SqmJpaCriteriaParameterWrapper@3bfdbf53
2023-12-21 11:20:31.290 DEBUG o.h.q.s.s.BaseSqmToSqlAstConverter:5590 - Determining mapping-model type for SqmPath : SqmBasicValuedSimplePath(com.mobitel.smsblock.entity.SmsBlockBlacklist(761545799274700).blacklistMobile) 
2023-12-21 11:20:31.291 DEBUG o.h.o.r.g.AST:67 - DomainResult Graph:
 \-EntityResultImpl [com.mobitel.smsblock.entity.SmsBlockBlacklist(761545799274700)]
 |  +-BasicFetch [com.mobitel.smsblock.entity.SmsBlockBlacklist(761545799274700).activatedOn]
 |  +-BasicFetch [com.mobitel.smsblock.entity.SmsBlockBlacklist(761545799274700).addedBy]
 |  +-BasicFetch [com.mobitel.smsblock.entity.SmsBlockBlacklist(761545799274700).blacklistMobile]
 |  +-BasicFetch [com.mobitel.smsblock.entity.SmsBlockBlacklist(761545799274700).comment]
 |  +-BasicFetch [com.mobitel.smsblock.entity.SmsBlockBlacklist(761545799274700).deactivatedBy]
 |  +-BasicFetch [com.mobitel.smsblock.entity.SmsBlockBlacklist(761545799274700).deactivatedOn]
 |  +-EntityFetchSelectImpl [com.mobitel.smsblock.entity.SmsBlockBlacklist(761545799274700).smsBlockMobile]
 |  \-BasicFetch [com.mobitel.smsblock.entity.SmsBlockBlacklist(761545799274700).status]

2023-12-21 11:20:31.291 DEBUG o.h.o.s.a.tree:46 - SQL AST Tree:
    SelectStatement {
      FromClause {
        StandardTableGroup (s1 : com.mobitel.smsblock.entity.SmsBlockBlacklist(761545799274700)) {
          primaryTableReference : sms_block_blacklisted_mobile as s1_0
          TableGroupJoins {
            left  join LazyTableGroup (s2 : com.mobitel.smsblock.entity.SmsBlockBlacklist(761545799274700).smsBlockMobile) {
            }
          }
        }
      }
    }

2023-12-21 11:20:31.291 DEBUG o.h.o.s.exec:455 - Skipping reading Query result cache data: cache-enabled = false, cache-mode = NORMAL
2023-12-21 11:20:31.292 DEBUG o.h.o.results:76 - Initializer list:
	  com.mobitel.smsblock.entity.SmsBlockBlacklist(761545799274700).smsBlockMobile -> EntitySelectFetchInitializer(com.mobitel.smsblock.entity.SmsBlockBlacklist(761545799274700).smsBlockMobile)@739228038 (ToOneAttributeMapping(NavigableRole[com.mobitel.smsblock.entity.SmsBlockBlacklist.smsBlockMobile])@1695823223)
	  com.mobitel.smsblock.entity.SmsBlockBlacklist(761545799274700) -> EntityResultInitializer(com.mobitel.smsblock.entity.SmsBlockBlacklist(761545799274700))@1745623678 (SingleTableEntityPersister(com.mobitel.smsblock.entity.SmsBlockBlacklist))

2023-12-21 11:20:31.293 DEBUG o.h.SQL:133 - select s1_0.id,s1_0.activated_on,s1_0.added_by,s1_0.blacklist_mobile,s1_0.comment,s1_0.deactivated_by,s1_0.deactivated_on,s1_0.sms_block_mobile_id,s1_0.status from sms_block_blacklisted_mobile s1_0 where s1_0.blacklist_mobile=?
2023-12-21 11:20:31.294 DEBUG o.h.o.results:61 - Extracted JDBC value [0] - [1]
2023-12-21 11:20:31.294 DEBUG o.h.o.r.l.entity:300 - (EntityResultInitializer) Hydrated EntityKey (com.mobitel.smsblock.entity.SmsBlockBlacklist(761545799274700)): 1
2023-12-21 11:20:31.295 DEBUG o.h.o.r.l.entity:689 - (EntityResultInitializer) Created new entity instance [com.mobitel.smsblock.entity.SmsBlockBlacklist(761545799274700)#1] : 210270912
2023-12-21 11:20:31.298 DEBUG o.h.o.results:61 - Extracted JDBC value [7] - [3]
2023-12-21 11:20:31.298 DEBUG o.h.o.results:61 - Extracted JDBC value [1] - [2023-12-21 11:20:26.0]
2023-12-21 11:20:31.299 DEBUG o.h.o.results:61 - Extracted JDBC value [2] - [tharsa]
2023-12-21 11:20:31.299 DEBUG o.h.o.results:61 - Extracted JDBC value [3] - [0111111111]
2023-12-21 11:20:31.299 DEBUG o.h.o.results:61 - Extracted JDBC value [4] - [null]
2023-12-21 11:20:31.300 DEBUG o.h.o.results:61 - Extracted JDBC value [5] - [null]
2023-12-21 11:20:31.300 DEBUG o.h.o.results:61 - Extracted JDBC value [6] - [null]
2023-12-21 11:20:31.300 DEBUG o.h.o.results:61 - Extracted JDBC value [8] - [ACT]
2023-12-21 11:20:31.300 DEBUG o.h.o.r.l.entity:889 - (EntityResultInitializer) Done materializing entityInstance : com.mobitel.smsblock.entity.SmsBlockBlacklist(761545799274700)#1
2023-12-21 11:20:31.301 DEBUG o.h.o.r.loading:93 - Calling top-level assembler (0 / 1) : org.hibernate.sql.results.graph.entity.internal.EntityAssembler@2761a94c
2023-12-21 11:20:31.301 DEBUG o.s.w.s.m.m.a.HttpEntityMethodProcessor:275 - Using 'application/json', given [application/json, text/plain, */*] and supported [text/plain, */*, application/json, application/*+json]
2023-12-21 11:20:31.301 DEBUG o.s.w.s.m.m.a.HttpEntityMethodProcessor:120 - Writing ["Phone number already exists"]
2023-12-21 11:20:31.302 DEBUG o.s.o.j.s.OpenEntityManagerInViewInterceptor:111 - Closing JPA EntityManager in OpenEntityManagerInViewInterceptor
2023-12-21 11:20:31.303 DEBUG o.s.w.s.DispatcherServlet:1135 - Completed 409 CONFLICT
