2023-12-08 11:40:53.844 DEBUG o.s.w.s.DispatcherServlet:120 - OPTIONS "/createBlockMobile/81", parameters={}
2023-12-08 11:40:53.847 DEBUG o.s.w.s.m.m.a.RequestMappingHandlerMapping:528 - Mapped to com.mobitel.smsblock.controller.SmsBlockBlacklistController#saveSmsBlockBlacklist(SmsBlockBlacklistDto, SmsBlockMobile)
2023-12-08 11:40:53.848 DEBUG o.s.o.j.s.OpenEntityManagerInViewInterceptor:86 - Opening JPA EntityManager in OpenEntityManagerInViewInterceptor
2023-12-08 11:40:53.849 DEBUG o.s.o.j.s.OpenEntityManagerInViewInterceptor:111 - Closing JPA EntityManager in OpenEntityManagerInViewInterceptor
2023-12-08 11:40:53.850 DEBUG o.s.w.s.DispatcherServlet:1135 - Completed 200 OK
2023-12-08 11:40:53.854 DEBUG o.s.w.s.DispatcherServlet:120 - POST "/createBlockMobile/81", parameters={}
2023-12-08 11:40:53.855 DEBUG o.s.w.s.m.m.a.RequestMappingHandlerMapping:528 - Mapped to com.mobitel.smsblock.controller.SmsBlockBlacklistController#saveSmsBlockBlacklist(SmsBlockBlacklistDto, SmsBlockMobile)
2023-12-08 11:40:53.857 DEBUG o.s.o.j.s.OpenEntityManagerInViewInterceptor:86 - Opening JPA EntityManager in OpenEntityManagerInViewInterceptor
2023-12-08 11:40:53.858 DEBUG o.s.w.s.m.m.a.RequestResponseBodyMethodProcessor:120 - Read "application/json;charset=UTF-8" to [com.mobitel.smsblock.dto.SmsBlockBlacklistDto@7031504c]
2023-12-08 11:40:53.859 DEBUG o.s.o.j.JpaTransactionManager:374 - Found thread-bound EntityManager [SessionImpl(445002709<open>)] for JPA transaction
2023-12-08 11:40:53.860 DEBUG o.s.o.j.JpaTransactionManager:370 - Creating new transaction with name [org.springframework.data.jpa.repository.support.SimpleJpaRepository.findById]: PROPAGATION_REQUIRED,ISOLATION_DEFAULT,readOnly
2023-12-08 11:40:53.861 DEBUG o.s.j.d.DataSourceUtils:188 - Setting JDBC Connection [HikariProxyConnection@1943410050 wrapping com.mysql.cj.jdbc.ConnectionImpl@5ea66931] read-only
2023-12-08 11:40:53.863 DEBUG o.h.e.t.i.TransactionImpl:53 - On TransactionImpl creation, JpaCompliance#isJpaTransactionComplianceEnabled == false
2023-12-08 11:40:53.863 DEBUG o.h.e.t.i.TransactionImpl:81 - begin
2023-12-08 11:40:53.864 DEBUG o.s.o.j.JpaTransactionManager:439 - Exposing JPA transaction as JDBC [org.springframework.orm.jpa.vendor.HibernateJpaDialect$HibernateConnectionHandle@128cc2e6]
2023-12-08 11:40:53.865 DEBUG o.h.o.s.exec:455 - Skipping reading Query result cache data: cache-enabled = false, cache-mode = IGNORE
2023-12-08 11:40:53.866 DEBUG o.h.o.results:76 - Initializer list:
	  com.mobitel.smsblock.entity.SmsBlockMobile -> EntityResultInitializer(com.mobitel.smsblock.entity.SmsBlockMobile)@5220980 (SingleTableEntityPersister(com.mobitel.smsblock.entity.SmsBlockMobile))

2023-12-08 11:40:53.866 DEBUG o.h.SQL:133 - select s1_0.id,s1_0.activated_on,s1_0.added_by,s1_0.comment,s1_0.deactivated_by,s1_0.deactivated_on,s1_0.mobile_no,s1_0.status from sms_block_mobile s1_0 where s1_0.id=?
2023-12-08 11:40:53.868 DEBUG o.h.o.r.l.entity:300 - (EntityResultInitializer) Hydrated EntityKey (com.mobitel.smsblock.entity.SmsBlockMobile): 81
2023-12-08 11:40:53.869 DEBUG o.h.o.r.l.entity:689 - (EntityResultInitializer) Created new entity instance [com.mobitel.smsblock.entity.SmsBlockMobile#81] : 1129755858
2023-12-08 11:40:53.869 DEBUG o.h.o.results:61 - Extracted JDBC value [1] - [2023-12-08 09:23:14.0]
2023-12-08 11:40:53.870 DEBUG o.h.o.results:61 - Extracted JDBC value [2] - []
2023-12-08 11:40:53.870 DEBUG o.h.o.results:61 - Extracted JDBC value [3] - [null]
2023-12-08 11:40:53.870 DEBUG o.h.o.results:61 - Extracted JDBC value [4] - [null]
2023-12-08 11:40:53.871 DEBUG o.h.o.results:61 - Extracted JDBC value [5] - [null]
2023-12-08 11:40:53.871 DEBUG o.h.o.results:61 - Extracted JDBC value [6] - [1234567890]
2023-12-08 11:40:53.871 DEBUG o.h.o.results:61 - Extracted JDBC value [7] - [ACT]
2023-12-08 11:40:53.872 DEBUG o.h.o.r.l.entity:889 - (EntityResultInitializer) Done materializing entityInstance : com.mobitel.smsblock.entity.SmsBlockMobile#81
2023-12-08 11:40:53.872 DEBUG o.h.o.r.loading:93 - Calling top-level assembler (0 / 1) : org.hibernate.sql.results.graph.entity.internal.EntityAssembler@3e37aac6
2023-12-08 11:40:53.873 DEBUG o.s.o.j.JpaTransactionManager:740 - Initiating transaction commit
2023-12-08 11:40:53.873 DEBUG o.s.o.j.JpaTransactionManager:556 - Committing JPA transaction on EntityManager [SessionImpl(445002709<open>)]
2023-12-08 11:40:53.874 DEBUG o.h.e.t.i.TransactionImpl:98 - committing
2023-12-08 11:40:53.875 DEBUG o.s.j.d.DataSourceUtils:252 - Resetting read-only flag of JDBC Connection [HikariProxyConnection@1943410050 wrapping com.mysql.cj.jdbc.ConnectionImpl@5ea66931]
2023-12-08 11:40:53.876 DEBUG o.s.o.j.JpaTransactionManager:652 - Not closing pre-bound JPA EntityManager after transaction
2023-12-08 11:40:53.876 DEBUG o.s.w.s.m.m.a.HttpEntityMethodProcessor:275 - Using 'application/json', given [application/json, text/plain, */*] and supported [text/plain, */*, application/json, application/*+json]
2023-12-08 11:40:53.877 DEBUG o.s.w.s.m.m.a.HttpEntityMethodProcessor:120 - Writing ["Phone number cannot be null or empty"]
2023-12-08 11:40:53.877 DEBUG o.s.o.j.s.OpenEntityManagerInViewInterceptor:111 - Closing JPA EntityManager in OpenEntityManagerInViewInterceptor
2023-12-08 11:40:53.878 DEBUG o.s.w.s.DispatcherServlet:1135 - Completed 400 BAD_REQUEST
2023-12-08 11:40:54.072 DEBUG c.z.h.p.HikariPool:414 - HikariPool-1 - Before cleanup stats (total=50, active=0, idle=50, waiting=0)
2023-12-08 11:40:54.072 DEBUG c.z.h.p.HikariPool:414 - HikariPool-1 - After cleanup  stats (total=50, active=0, idle=50, waiting=0)
2023-12-08 11:40:54.072 DEBUG c.z.h.p.HikariPool:521 - HikariPool-1 - Fill pool skipped, pool has sufficient level or currently being filled (queueDepth=0).
2023-12-08 11:40:58.868 DEBUG o.s.w.s.DispatcherServlet:120 - OPTIONS "/deleteBlacklistMobile/", parameters={}
2023-12-08 11:40:58.869 DEBUG o.s.w.s.h.SimpleUrlHandlerMapping:528 - Mapped to ResourceHttpRequestHandler [classpath [META-INF/resources/], classpath [resources/], classpath [static/], classpath [public/], ServletContext [/]]
2023-12-08 11:40:58.870 DEBUG o.s.o.j.s.OpenEntityManagerInViewInterceptor:86 - Opening JPA EntityManager in OpenEntityManagerInViewInterceptor
2023-12-08 11:40:58.871 DEBUG o.s.o.j.s.OpenEntityManagerInViewInterceptor:111 - Closing JPA EntityManager in OpenEntityManagerInViewInterceptor
2023-12-08 11:40:58.872 DEBUG o.s.w.s.DispatcherServlet:1135 - Completed 403 FORBIDDEN
2023-12-08 11:41:07.739 DEBUG o.s.w.s.DispatcherServlet:120 - OPTIONS "/deleteBlacklistMobile/", parameters={}
2023-12-08 11:41:07.740 DEBUG o.s.w.s.h.SimpleUrlHandlerMapping:528 - Mapped to ResourceHttpRequestHandler [classpath [META-INF/resources/], classpath [resources/], classpath [static/], classpath [public/], ServletContext [/]]
2023-12-08 11:41:07.741 DEBUG o.s.o.j.s.OpenEntityManagerInViewInterceptor:86 - Opening JPA EntityManager in OpenEntityManagerInViewInterceptor
2023-12-08 11:41:07.741 DEBUG o.s.o.j.s.OpenEntityManagerInViewInterceptor:111 - Closing JPA EntityManager in OpenEntityManagerInViewInterceptor
2023-12-08 11:41:07.742 DEBUG o.s.w.s.DispatcherServlet:1135 - Completed 403 FORBIDDEN
2023-12-08 11:41:12.095 DEBUG o.s.w.s.DispatcherServlet:120 - OPTIONS "/deactivateMobile/", parameters={}
2023-12-08 11:41:12.096 DEBUG o.s.w.s.h.SimpleUrlHandlerMapping:528 - Mapped to ResourceHttpRequestHandler [classpath [META-INF/resources/], classpath [resources/], classpath [static/], classpath [public/], ServletContext [/]]
2023-12-08 11:41:12.097 DEBUG o.s.o.j.s.OpenEntityManagerInViewInterceptor:86 - Opening JPA EntityManager in OpenEntityManagerInViewInterceptor
2023-12-08 11:41:12.098 DEBUG o.s.o.j.s.OpenEntityManagerInViewInterceptor:111 - Closing JPA EntityManager in OpenEntityManagerInViewInterceptor
2023-12-08 11:41:12.098 DEBUG o.s.w.s.DispatcherServlet:1135 - Completed 403 FORBIDDEN
2023-12-08 11:41:24.073 DEBUG c.z.h.p.HikariPool:414 - HikariPool-1 - Before cleanup stats (total=50, active=0, idle=50, waiting=0)
2023-12-08 11:41:24.073 DEBUG c.z.h.p.HikariPool:414 - HikariPool-1 - After cleanup  stats (total=50, active=0, idle=50, waiting=0)
2023-12-08 11:41:24.073 DEBUG c.z.h.p.HikariPool:521 - HikariPool-1 - Fill pool skipped, pool has sufficient level or currently being filled (queueDepth=0).
2023-12-08 11:41:54.080 DEBUG c.z.h.p.HikariPool:414 - HikariPool-1 - Before cleanup stats (total=50, active=0, idle=50, waiting=0)
2023-12-08 11:41:54.080 DEBUG c.z.h.p.HikariPool:414 - HikariPool-1 - After cleanup  stats (total=50, active=0, idle=50, waiting=0)
2023-12-08 11:41:54.080 DEBUG c.z.h.p.HikariPool:521 - HikariPool-1 - Fill pool skipped, pool has sufficient level or currently being filled (queueDepth=0).
2023-12-08 11:42:24.091 DEBUG c.z.h.p.HikariPool:414 - HikariPool-1 - Before cleanup stats (total=50, active=0, idle=50, waiting=0)
2023-12-08 11:42:24.091 DEBUG c.z.h.p.HikariPool:414 - HikariPool-1 - After cleanup  stats (total=50, active=0, idle=50, waiting=0)
2023-12-08 11:42:24.092 DEBUG c.z.h.p.HikariPool:521 - HikariPool-1 - Fill pool skipped, pool has sufficient level or currently being filled (queueDepth=0).
2023-12-08 11:42:45.737 DEBUG o.s.w.s.DispatcherServlet:120 - POST "/createMobile", parameters={}
2023-12-08 11:42:45.738 DEBUG o.s.w.s.m.m.a.RequestMappingHandlerMapping:528 - Mapped to com.mobitel.smsblock.controller.SmsBlockMobileController#saveSmsBlockMobile(SmsBlockMobileDto)
2023-12-08 11:42:45.739 DEBUG o.s.o.j.s.OpenEntityManagerInViewInterceptor:86 - Opening JPA EntityManager in OpenEntityManagerInViewInterceptor
2023-12-08 11:42:45.741 DEBUG o.s.w.s.m.m.a.RequestResponseBodyMethodProcessor:120 - Read "application/json;charset=UTF-8" to [com.mobitel.smsblock.dto.SmsBlockMobileDto@2ca636ed]
2023-12-08 11:42:45.742 DEBUG o.s.w.s.m.m.a.HttpEntityMethodProcessor:275 - Using 'application/json', given [application/json, text/plain, */*] and supported [application/json, application/*+json]
2023-12-08 11:42:45.743 DEBUG o.s.w.s.m.m.a.HttpEntityMethodProcessor:305 - Nothing to write: null body
2023-12-08 11:42:45.743 DEBUG o.s.o.j.s.OpenEntityManagerInViewInterceptor:111 - Closing JPA EntityManager in OpenEntityManagerInViewInterceptor
2023-12-08 11:42:45.744 DEBUG o.s.w.s.DispatcherServlet:1135 - Completed 400 BAD_REQUEST
2023-12-08 11:42:51.598 DEBUG o.s.w.s.DispatcherServlet:120 - POST "/createBlockMobile/undefined", parameters={}
2023-12-08 11:42:51.599 DEBUG o.s.w.s.m.m.a.RequestMappingHandlerMapping:528 - Mapped to com.mobitel.smsblock.controller.SmsBlockBlacklistController#saveSmsBlockBlacklist(SmsBlockBlacklistDto, SmsBlockMobile)
2023-12-08 11:42:51.600 DEBUG o.s.o.j.s.OpenEntityManagerInViewInterceptor:86 - Opening JPA EntityManager in OpenEntityManagerInViewInterceptor
2023-12-08 11:42:51.601 DEBUG o.s.w.s.m.m.a.RequestResponseBodyMethodProcessor:120 - Read "application/json;charset=UTF-8" to [com.mobitel.smsblock.dto.SmsBlockBlacklistDto@39bccc61]
2023-12-08 11:42:51.602 DEBUG o.s.w.m.HandlerMethod:186 - Could not resolve parameter [1] in public org.springframework.http.ResponseEntity<java.lang.String> com.mobitel.smsblock.controller.SmsBlockBlacklistController.saveSmsBlockBlacklist(com.mobitel.smsblock.dto.SmsBlockBlacklistDto,com.mobitel.smsblock.entity.SmsBlockMobile): Failed to convert value of type 'java.lang.String' to required type 'com.mobitel.smsblock.entity.SmsBlockMobile'; Failed to convert from type [java.lang.String] to type [java.lang.Integer] for value [undefined]
2023-12-08 11:42:51.602  WARN o.s.w.s.m.s.DefaultHandlerExceptionResolver:207 - Resolved [org.springframework.web.method.annotation.MethodArgumentTypeMismatchException: Failed to convert value of type 'java.lang.String' to required type 'com.mobitel.smsblock.entity.SmsBlockMobile'; Failed to convert from type [java.lang.String] to type [java.lang.Integer] for value [undefined]]
2023-12-08 11:42:51.602 DEBUG o.s.o.j.s.OpenEntityManagerInViewInterceptor:111 - Closing JPA EntityManager in OpenEntityManagerInViewInterceptor
2023-12-08 11:42:51.603 DEBUG o.s.w.s.DispatcherServlet:1135 - Completed 400 BAD_REQUEST
2023-12-08 11:42:51.603 DEBUG o.s.w.s.DispatcherServlet:120 - "ERROR" dispatch for POST "/error", parameters={}
2023-12-08 11:42:51.603 DEBUG o.s.w.s.m.m.a.RequestMappingHandlerMapping:528 - Mapped to org.springframework.boot.autoconfigure.web.servlet.error.BasicErrorController#error(HttpServletRequest)
2023-12-08 11:42:51.603 DEBUG o.s.o.j.s.OpenEntityManagerInViewInterceptor:86 - Opening JPA EntityManager in OpenEntityManagerInViewInterceptor
2023-12-08 11:42:51.604 DEBUG o.s.w.s.m.m.a.HttpEntityMethodProcessor:275 - Using 'application/json', given [application/json, text/plain, */*] and supported [application/json, application/*+json]
2023-12-08 11:42:51.604 DEBUG o.s.w.s.m.m.a.HttpEntityMethodProcessor:120 - Writing [{timestamp=Fri Dec 08 11:42:51 IST 2023, status=400, error=Bad Request, path=/createBlockMobile/unde (truncated)...]
2023-12-08 11:42:51.605 DEBUG o.s.o.j.s.OpenEntityManagerInViewInterceptor:111 - Closing JPA EntityManager in OpenEntityManagerInViewInterceptor
2023-12-08 11:42:51.605 DEBUG o.s.w.s.DispatcherServlet:1132 - Exiting from "ERROR" dispatch, status 400
2023-12-08 11:42:54.099 DEBUG c.z.h.p.HikariPool:414 - HikariPool-1 - Before cleanup stats (total=50, active=0, idle=50, waiting=0)
2023-12-08 11:42:54.100 DEBUG c.z.h.p.HikariPool:414 - HikariPool-1 - After cleanup  stats (total=50, active=0, idle=50, waiting=0)
2023-12-08 11:42:54.101 DEBUG c.z.h.p.HikariPool:521 - HikariPool-1 - Fill pool skipped, pool has sufficient level or currently being filled (queueDepth=0).
