2023-12-08 16:19:31.510 DEBUG c.z.h.p.HikariPool:414 - HikariPool-1 - Before cleanup stats (total=50, active=0, idle=50, waiting=0)
2023-12-08 16:19:31.514 DEBUG c.z.h.p.HikariPool:414 - HikariPool-1 - After cleanup  stats (total=50, active=0, idle=50, waiting=0)
2023-12-08 16:19:31.514 DEBUG c.z.h.p.HikariPool:521 - HikariPool-1 - Fill pool skipped, pool has sufficient level or currently being filled (queueDepth=0).
2023-12-08 16:19:41.360 DEBUG o.s.b.a.ApplicationAvailabilityBean:77 - Application availability state ReadinessState changed from ACCEPTING_TRAFFIC to REFUSING_TRAFFIC
2023-12-08 16:19:41.361 DEBUG o.s.b.w.s.c.AnnotationConfigServletWebServerApplicationContext:1062 - Closing org.springframework.boot.web.servlet.context.AnnotationConfigServletWebServerApplicationContext@45312be2, started on Fri Dec 08 13:58:22 IST 2023
2023-12-08 16:19:41.379 DEBUG o.s.c.s.DefaultLifecycleProcessor:366 - Stopping beans in phase 2147482623
2023-12-08 16:19:41.386 DEBUG o.s.c.s.DefaultLifecycleProcessor:239 - Bean 'webServerGracefulShutdown' completed its stop procedure
2023-12-08 16:19:41.386 DEBUG o.s.c.s.DefaultLifecycleProcessor:366 - Stopping beans in phase 2147481599
2023-12-08 16:19:42.042 DEBUG o.s.c.s.DefaultLifecycleProcessor:239 - Bean 'webServerStartStop' completed its stop procedure
2023-12-08 16:19:42.042 DEBUG o.s.c.s.DefaultLifecycleProcessor:366 - Stopping beans in phase -2147483647
2023-12-08 16:19:42.043 DEBUG o.s.c.s.DefaultLifecycleProcessor:239 - Bean 'springBootLoggingLifecycle' completed its stop procedure
2023-12-08 16:19:42.044 DEBUG o.s.s.c.ThreadPoolTaskExecutor:224 - Shutting down ExecutorService 'applicationTaskExecutor'
2023-12-08 16:19:42.045  INFO o.s.o.j.LocalContainerEntityManagerFactoryBean:650 - Closing JPA EntityManagerFactory for persistence unit 'default'
2023-12-08 16:19:42.046 DEBUG o.h.i.SessionFactoryImpl:864 - HHH000031: Closing
2023-12-08 16:19:42.049 DEBUG o.h.t.s.TypeConfiguration$Scope:550 - Un-scoping TypeConfiguration [org.hibernate.type.spi.TypeConfiguration$Scope@7e1fbe97] from SessionFactory [org.hibernate.internal.SessionFactoryImpl@5737d116]
2023-12-08 16:19:42.050 DEBUG o.h.s.i.AbstractServiceRegistryImpl:413 - Implicitly destroying ServiceRegistry on de-registration of all child ServiceRegistries
2023-12-08 16:19:42.136 DEBUG o.h.b.r.i.BootstrapServiceRegistryImpl:296 - Implicitly destroying Boot-strap registry on de-registration of all child ServiceRegistries
2023-12-08 16:19:42.139  INFO c.z.h.HikariDataSource:350 - HikariPool-1 - Shutdown initiated...
2023-12-08 16:19:42.140 DEBUG c.z.h.p.HikariPool:414 - HikariPool-1 - Before shutdown stats (total=50, active=0, idle=50, waiting=0)
2023-12-08 16:19:42.145 DEBUG c.z.h.p.PoolBase:132 - HikariPool-1 - Closing connection com.mysql.cj.jdbc.ConnectionImpl@5a47599: (connection evicted)
2023-12-08 16:19:42.147 DEBUG c.z.h.p.PoolBase:132 - HikariPool-1 - Closing connection com.mysql.cj.jdbc.ConnectionImpl@441031cc: (connection evicted)
2023-12-08 16:19:42.149 DEBUG c.z.h.p.PoolBase:132 - HikariPool-1 - Closing connection com.mysql.cj.jdbc.ConnectionImpl@52d3bf7: (connection evicted)
2023-12-08 16:19:42.150 DEBUG c.z.h.p.PoolBase:132 - HikariPool-1 - Closing connection com.mysql.cj.jdbc.ConnectionImpl@34627ce8: (connection evicted)
2023-12-08 16:19:42.151 DEBUG c.z.h.p.PoolBase:132 - HikariPool-1 - Closing connection com.mysql.cj.jdbc.ConnectionImpl@6502c4b8: (connection evicted)
2023-12-08 16:19:42.152 DEBUG c.z.h.p.PoolBase:132 - HikariPool-1 - Closing connection com.mysql.cj.jdbc.ConnectionImpl@7e4f949e: (connection evicted)
2023-12-08 16:19:42.153 DEBUG c.z.h.p.PoolBase:132 - HikariPool-1 - Closing connection com.mysql.cj.jdbc.ConnectionImpl@614c5d1b: (connection evicted)
2023-12-08 16:19:42.154 DEBUG c.z.h.p.PoolBase:132 - HikariPool-1 - Closing connection com.mysql.cj.jdbc.ConnectionImpl@534b9495: (connection evicted)
2023-12-08 16:19:42.155 DEBUG c.z.h.p.PoolBase:132 - HikariPool-1 - Closing connection com.mysql.cj.jdbc.ConnectionImpl@1428c06: (connection evicted)
2023-12-08 16:19:42.155 DEBUG c.z.h.p.PoolBase:132 - HikariPool-1 - Closing connection com.mysql.cj.jdbc.ConnectionImpl@4fcbb690: (connection evicted)
2023-12-08 16:19:42.156 DEBUG c.z.h.p.PoolBase:132 - HikariPool-1 - Closing connection com.mysql.cj.jdbc.ConnectionImpl@75d8ab87: (connection evicted)
2023-12-08 16:19:42.157 DEBUG c.z.h.p.PoolBase:132 - HikariPool-1 - Closing connection com.mysql.cj.jdbc.ConnectionImpl@7c6cae6b: (connection evicted)
2023-12-08 16:19:42.158 DEBUG c.z.h.p.PoolBase:132 - HikariPool-1 - Closing connection com.mysql.cj.jdbc.ConnectionImpl@55e725d1: (connection evicted)
2023-12-08 16:19:42.158 DEBUG c.z.h.p.PoolBase:132 - HikariPool-1 - Closing connection com.mysql.cj.jdbc.ConnectionImpl@2d5193f5: (connection evicted)
2023-12-08 16:19:42.159 DEBUG c.z.h.p.PoolBase:132 - HikariPool-1 - Closing connection com.mysql.cj.jdbc.ConnectionImpl@3da80eab: (connection evicted)
2023-12-08 16:19:42.161 DEBUG c.z.h.p.PoolBase:132 - HikariPool-1 - Closing connection com.mysql.cj.jdbc.ConnectionImpl@13f8368c: (connection evicted)
2023-12-08 16:19:42.162 DEBUG c.z.h.p.PoolBase:132 - HikariPool-1 - Closing connection com.mysql.cj.jdbc.ConnectionImpl@54686091: (connection evicted)
2023-12-08 16:19:42.163 DEBUG c.z.h.p.PoolBase:132 - HikariPool-1 - Closing connection com.mysql.cj.jdbc.ConnectionImpl@a459118: (connection evicted)
2023-12-08 16:19:42.164 DEBUG c.z.h.p.PoolBase:132 - HikariPool-1 - Closing connection com.mysql.cj.jdbc.ConnectionImpl@73eae428: (connection evicted)
2023-12-08 16:19:42.164 DEBUG c.z.h.p.PoolBase:132 - HikariPool-1 - Closing connection com.mysql.cj.jdbc.ConnectionImpl@51d8fd7b: (connection evicted)
2023-12-08 16:19:42.165 DEBUG c.z.h.p.PoolBase:132 - HikariPool-1 - Closing connection com.mysql.cj.jdbc.ConnectionImpl@1aaf8c33: (connection evicted)
2023-12-08 16:19:42.166 DEBUG c.z.h.p.PoolBase:132 - HikariPool-1 - Closing connection com.mysql.cj.jdbc.ConnectionImpl@602b8572: (connection evicted)
2023-12-08 16:19:42.167 DEBUG c.z.h.p.PoolBase:132 - HikariPool-1 - Closing connection com.mysql.cj.jdbc.ConnectionImpl@3fd96755: (connection evicted)
2023-12-08 16:19:42.168 DEBUG c.z.h.p.PoolBase:132 - HikariPool-1 - Closing connection com.mysql.cj.jdbc.ConnectionImpl@10666f6: (connection evicted)
2023-12-08 16:19:42.169 DEBUG c.z.h.p.PoolBase:132 - HikariPool-1 - Closing connection com.mysql.cj.jdbc.ConnectionImpl@218645f4: (connection evicted)
2023-12-08 16:19:42.170 DEBUG c.z.h.p.PoolBase:132 - HikariPool-1 - Closing connection com.mysql.cj.jdbc.ConnectionImpl@7d706078: (connection evicted)
2023-12-08 16:19:42.171 DEBUG c.z.h.p.PoolBase:132 - HikariPool-1 - Closing connection com.mysql.cj.jdbc.ConnectionImpl@301b3b7c: (connection evicted)
2023-12-08 16:19:42.173 DEBUG c.z.h.p.PoolBase:132 - HikariPool-1 - Closing connection com.mysql.cj.jdbc.ConnectionImpl@1d43ca56: (connection evicted)
2023-12-08 16:19:42.174 DEBUG c.z.h.p.PoolBase:132 - HikariPool-1 - Closing connection com.mysql.cj.jdbc.ConnectionImpl@5cfbd641: (connection evicted)
2023-12-08 16:19:42.175 DEBUG c.z.h.p.PoolBase:132 - HikariPool-1 - Closing connection com.mysql.cj.jdbc.ConnectionImpl@4c1b7359: (connection evicted)
2023-12-08 16:19:42.177 DEBUG c.z.h.p.PoolBase:132 - HikariPool-1 - Closing connection com.mysql.cj.jdbc.ConnectionImpl@6d7b5354: (connection evicted)
2023-12-08 16:19:42.179 DEBUG c.z.h.p.PoolBase:132 - HikariPool-1 - Closing connection com.mysql.cj.jdbc.ConnectionImpl@7def5de3: (connection evicted)
2023-12-08 16:19:42.180 DEBUG c.z.h.p.PoolBase:132 - HikariPool-1 - Closing connection com.mysql.cj.jdbc.ConnectionImpl@23298a7a: (connection evicted)
2023-12-08 16:19:42.181 DEBUG c.z.h.p.PoolBase:132 - HikariPool-1 - Closing connection com.mysql.cj.jdbc.ConnectionImpl@5246aa9: (connection evicted)
2023-12-08 16:19:42.183 DEBUG c.z.h.p.PoolBase:132 - HikariPool-1 - Closing connection com.mysql.cj.jdbc.ConnectionImpl@2f4f059: (connection evicted)
2023-12-08 16:19:42.184 DEBUG c.z.h.p.PoolBase:132 - HikariPool-1 - Closing connection com.mysql.cj.jdbc.ConnectionImpl@3fe18e06: (connection evicted)
2023-12-08 16:19:42.186 DEBUG c.z.h.p.PoolBase:132 - HikariPool-1 - Closing connection com.mysql.cj.jdbc.ConnectionImpl@795e363a: (connection evicted)
2023-12-08 16:19:42.187 DEBUG c.z.h.p.PoolBase:132 - HikariPool-1 - Closing connection com.mysql.cj.jdbc.ConnectionImpl@65104942: (connection evicted)
2023-12-08 16:19:42.189 DEBUG c.z.h.p.PoolBase:132 - HikariPool-1 - Closing connection com.mysql.cj.jdbc.ConnectionImpl@5a53f683: (connection evicted)
2023-12-08 16:19:42.190 DEBUG c.z.h.p.PoolBase:132 - HikariPool-1 - Closing connection com.mysql.cj.jdbc.ConnectionImpl@7878b28a: (connection evicted)
2023-12-08 16:19:42.192 DEBUG c.z.h.p.PoolBase:132 - HikariPool-1 - Closing connection com.mysql.cj.jdbc.ConnectionImpl@4833847e: (connection evicted)
2023-12-08 16:19:42.194 DEBUG c.z.h.p.PoolBase:132 - HikariPool-1 - Closing connection com.mysql.cj.jdbc.ConnectionImpl@478620c9: (connection evicted)
2023-12-08 16:19:42.195 DEBUG c.z.h.p.PoolBase:132 - HikariPool-1 - Closing connection com.mysql.cj.jdbc.ConnectionImpl@12b7a458: (connection evicted)
2023-12-08 16:19:42.195 DEBUG c.z.h.p.PoolBase:132 - HikariPool-1 - Closing connection com.mysql.cj.jdbc.ConnectionImpl@27da7518: (connection evicted)
2023-12-08 16:19:42.196 DEBUG c.z.h.p.PoolBase:132 - HikariPool-1 - Closing connection com.mysql.cj.jdbc.ConnectionImpl@508f808d: (connection evicted)
2023-12-08 16:19:42.198 DEBUG c.z.h.p.PoolBase:132 - HikariPool-1 - Closing connection com.mysql.cj.jdbc.ConnectionImpl@11aca67f: (connection evicted)
2023-12-08 16:19:42.199 DEBUG c.z.h.p.PoolBase:132 - HikariPool-1 - Closing connection com.mysql.cj.jdbc.ConnectionImpl@69985e19: (connection evicted)
2023-12-08 16:19:42.200 DEBUG c.z.h.p.PoolBase:132 - HikariPool-1 - Closing connection com.mysql.cj.jdbc.ConnectionImpl@2b048d44: (connection evicted)
2023-12-08 16:19:42.201 DEBUG c.z.h.p.PoolBase:132 - HikariPool-1 - Closing connection com.mysql.cj.jdbc.ConnectionImpl@65ff7b5d: (connection evicted)
2023-12-08 16:19:42.203 DEBUG c.z.h.p.PoolBase:132 - HikariPool-1 - Closing connection com.mysql.cj.jdbc.ConnectionImpl@24c27166: (connection evicted)
2023-12-08 16:19:42.204 DEBUG c.z.h.p.HikariPool:414 - HikariPool-1 - After shutdown stats (total=0, active=0, idle=0, waiting=0)
2023-12-08 16:19:42.205  INFO c.z.h.HikariDataSource:352 - HikariPool-1 - Shutdown completed.
