2023-12-08 14:30:59.225 DEBUG c.z.h.p.HikariPool:414 - HikariPool-1 - Before cleanup stats (total=50, active=0, idle=50, waiting=0)
2023-12-08 14:30:59.235 DEBUG c.z.h.p.HikariPool:414 - HikariPool-1 - After cleanup  stats (total=50, active=0, idle=50, waiting=0)
2023-12-08 14:30:59.235 DEBUG c.z.h.p.HikariPool:521 - HikariPool-1 - Fill pool skipped, pool has sufficient level or currently being filled (queueDepth=0).
2023-12-08 14:30:59.295 DEBUG o.s.w.s.DispatcherServlet:120 - OPTIONS "/deactivateMobile/", parameters={}
2023-12-08 14:30:59.297 DEBUG o.s.w.s.h.SimpleUrlHandlerMapping:528 - Mapped to ResourceHttpRequestHandler [classpath [META-INF/resources/], classpath [resources/], classpath [static/], classpath [public/], ServletContext [/]]
2023-12-08 14:30:59.298 DEBUG o.s.o.j.s.OpenEntityManagerInViewInterceptor:86 - Opening JPA EntityManager in OpenEntityManagerInViewInterceptor
2023-12-08 14:30:59.299 DEBUG o.s.o.j.s.OpenEntityManagerInViewInterceptor:111 - Closing JPA EntityManager in OpenEntityManagerInViewInterceptor
2023-12-08 14:30:59.300 DEBUG o.s.w.s.DispatcherServlet:1135 - Completed 403 FORBIDDEN
2023-12-08 14:31:05.362 DEBUG o.s.w.s.DispatcherServlet:120 - OPTIONS "/deleteBlacklistMobile/", parameters={}
2023-12-08 14:31:05.363 DEBUG o.s.w.s.h.SimpleUrlHandlerMapping:528 - Mapped to ResourceHttpRequestHandler [classpath [META-INF/resources/], classpath [resources/], classpath [static/], classpath [public/], ServletContext [/]]
2023-12-08 14:31:05.364 DEBUG o.s.o.j.s.OpenEntityManagerInViewInterceptor:86 - Opening JPA EntityManager in OpenEntityManagerInViewInterceptor
2023-12-08 14:31:05.365 DEBUG o.s.o.j.s.OpenEntityManagerInViewInterceptor:111 - Closing JPA EntityManager in OpenEntityManagerInViewInterceptor
2023-12-08 14:31:05.365 DEBUG o.s.w.s.DispatcherServlet:1135 - Completed 403 FORBIDDEN
2023-12-08 14:31:08.295 DEBUG o.s.w.s.DispatcherServlet:120 - OPTIONS "/deleteBlacklistMobile/", parameters={}
2023-12-08 14:31:08.296 DEBUG o.s.w.s.h.SimpleUrlHandlerMapping:528 - Mapped to ResourceHttpRequestHandler [classpath [META-INF/resources/], classpath [resources/], classpath [static/], classpath [public/], ServletContext [/]]
2023-12-08 14:31:08.296 DEBUG o.s.o.j.s.OpenEntityManagerInViewInterceptor:86 - Opening JPA EntityManager in OpenEntityManagerInViewInterceptor
2023-12-08 14:31:08.297 DEBUG o.s.o.j.s.OpenEntityManagerInViewInterceptor:111 - Closing JPA EntityManager in OpenEntityManagerInViewInterceptor
2023-12-08 14:31:08.298 DEBUG o.s.w.s.DispatcherServlet:1135 - Completed 403 FORBIDDEN
2023-12-08 14:31:29.245 DEBUG c.z.h.p.HikariPool:414 - HikariPool-1 - Before cleanup stats (total=50, active=0, idle=50, waiting=0)
2023-12-08 14:31:29.245 DEBUG c.z.h.p.HikariPool:414 - HikariPool-1 - After cleanup  stats (total=50, active=0, idle=50, waiting=0)
2023-12-08 14:31:29.246 DEBUG c.z.h.p.HikariPool:521 - HikariPool-1 - Fill pool skipped, pool has sufficient level or currently being filled (queueDepth=0).
2023-12-08 14:31:40.769 DEBUG o.s.w.s.DispatcherServlet:120 - OPTIONS "/deleteBlacklistMobile/", parameters={}
2023-12-08 14:31:40.771 DEBUG o.s.w.s.h.SimpleUrlHandlerMapping:528 - Mapped to ResourceHttpRequestHandler [classpath [META-INF/resources/], classpath [resources/], classpath [static/], classpath [public/], ServletContext [/]]
2023-12-08 14:31:40.771 DEBUG o.s.o.j.s.OpenEntityManagerInViewInterceptor:86 - Opening JPA EntityManager in OpenEntityManagerInViewInterceptor
2023-12-08 14:31:40.772 DEBUG o.s.o.j.s.OpenEntityManagerInViewInterceptor:111 - Closing JPA EntityManager in OpenEntityManagerInViewInterceptor
2023-12-08 14:31:40.773 DEBUG o.s.w.s.DispatcherServlet:1135 - Completed 403 FORBIDDEN
2023-12-08 14:31:45.930 DEBUG o.s.w.s.DispatcherServlet:120 - OPTIONS "/deleteBlacklistMobile/", parameters={}
2023-12-08 14:31:45.931 DEBUG o.s.w.s.h.SimpleUrlHandlerMapping:528 - Mapped to ResourceHttpRequestHandler [classpath [META-INF/resources/], classpath [resources/], classpath [static/], classpath [public/], ServletContext [/]]
2023-12-08 14:31:45.931 DEBUG o.s.o.j.s.OpenEntityManagerInViewInterceptor:86 - Opening JPA EntityManager in OpenEntityManagerInViewInterceptor
2023-12-08 14:31:45.933 DEBUG o.s.o.j.s.OpenEntityManagerInViewInterceptor:111 - Closing JPA EntityManager in OpenEntityManagerInViewInterceptor
2023-12-08 14:31:45.933 DEBUG o.s.w.s.DispatcherServlet:1135 - Completed 403 FORBIDDEN
2023-12-08 14:31:59.258 DEBUG c.z.h.p.HikariPool:414 - HikariPool-1 - Before cleanup stats (total=50, active=0, idle=50, waiting=0)
2023-12-08 14:31:59.260 DEBUG c.z.h.p.HikariPool:414 - HikariPool-1 - After cleanup  stats (total=50, active=0, idle=50, waiting=0)
2023-12-08 14:31:59.261 DEBUG c.z.h.p.HikariPool:521 - HikariPool-1 - Fill pool skipped, pool has sufficient level or currently being filled (queueDepth=0).
2023-12-08 14:32:29.278 DEBUG c.z.h.p.HikariPool:414 - HikariPool-1 - Before cleanup stats (total=50, active=0, idle=50, waiting=0)
2023-12-08 14:32:29.279 DEBUG c.z.h.p.HikariPool:414 - HikariPool-1 - After cleanup  stats (total=50, active=0, idle=50, waiting=0)
2023-12-08 14:32:29.280 DEBUG c.z.h.p.HikariPool:521 - HikariPool-1 - Fill pool skipped, pool has sufficient level or currently being filled (queueDepth=0).
2023-12-08 14:32:59.295 DEBUG c.z.h.p.HikariPool:414 - HikariPool-1 - Before cleanup stats (total=50, active=0, idle=50, waiting=0)
2023-12-08 14:32:59.295 DEBUG c.z.h.p.HikariPool:414 - HikariPool-1 - After cleanup  stats (total=50, active=0, idle=50, waiting=0)
2023-12-08 14:32:59.296 DEBUG c.z.h.p.HikariPool:521 - HikariPool-1 - Fill pool skipped, pool has sufficient level or currently being filled (queueDepth=0).
2023-12-08 14:33:22.988 DEBUG o.s.w.s.DispatcherServlet:120 - GET "/mobile/undefined", parameters={}
2023-12-08 14:33:22.990 DEBUG o.s.w.s.m.m.a.RequestMappingHandlerMapping:528 - Mapped to com.mobitel.smsblock.controller.SmsBlockBlacklistController#getBlocklistBySmsBlockMobile(Integer)
2023-12-08 14:33:22.991 DEBUG o.s.o.j.s.OpenEntityManagerInViewInterceptor:86 - Opening JPA EntityManager in OpenEntityManagerInViewInterceptor
2023-12-08 14:33:22.993 DEBUG o.s.w.m.HandlerMethod:186 - Could not resolve parameter [0] in public org.springframework.http.ResponseEntity<java.util.List<com.mobitel.smsblock.dto.SmsBlockBlacklistDto>> com.mobitel.smsblock.controller.SmsBlockBlacklistController.getBlocklistBySmsBlockMobile(java.lang.Integer): Failed to convert value of type 'java.lang.String' to required type 'java.lang.Integer'; For input string: "undefined"
2023-12-08 14:33:22.994  WARN o.s.w.s.m.s.DefaultHandlerExceptionResolver:207 - Resolved [org.springframework.web.method.annotation.MethodArgumentTypeMismatchException: Failed to convert value of type 'java.lang.String' to required type 'java.lang.Integer'; For input string: "undefined"]
2023-12-08 14:33:22.994 DEBUG o.s.o.j.s.OpenEntityManagerInViewInterceptor:111 - Closing JPA EntityManager in OpenEntityManagerInViewInterceptor
2023-12-08 14:33:22.995 DEBUG o.s.w.s.DispatcherServlet:1135 - Completed 400 BAD_REQUEST
2023-12-08 14:33:22.995 DEBUG o.s.w.s.DispatcherServlet:120 - "ERROR" dispatch for GET "/error", parameters={}
2023-12-08 14:33:22.996 DEBUG o.s.w.s.m.m.a.RequestMappingHandlerMapping:528 - Mapped to org.springframework.boot.autoconfigure.web.servlet.error.BasicErrorController#error(HttpServletRequest)
2023-12-08 14:33:22.997 DEBUG o.s.o.j.s.OpenEntityManagerInViewInterceptor:86 - Opening JPA EntityManager in OpenEntityManagerInViewInterceptor
2023-12-08 14:33:22.998 DEBUG o.s.w.s.m.m.a.HttpEntityMethodProcessor:275 - Using 'application/json', given [application/json, text/plain, */*] and supported [application/json, application/*+json]
2023-12-08 14:33:22.999 DEBUG o.s.w.s.m.m.a.HttpEntityMethodProcessor:120 - Writing [{timestamp=Fri Dec 08 14:33:22 IST 2023, status=400, error=Bad Request, path=/mobile/undefined}]
2023-12-08 14:33:23.000 DEBUG o.s.o.j.s.OpenEntityManagerInViewInterceptor:111 - Closing JPA EntityManager in OpenEntityManagerInViewInterceptor
2023-12-08 14:33:23.001 DEBUG o.s.w.s.DispatcherServlet:1132 - Exiting from "ERROR" dispatch, status 400
2023-12-08 14:33:23.005 DEBUG o.s.w.s.DispatcherServlet:120 - GET "/mobile/undefined", parameters={}
2023-12-08 14:33:23.006 DEBUG o.s.w.s.m.m.a.RequestMappingHandlerMapping:528 - Mapped to com.mobitel.smsblock.controller.SmsBlockBlacklistController#getBlocklistBySmsBlockMobile(Integer)
2023-12-08 14:33:23.007 DEBUG o.s.o.j.s.OpenEntityManagerInViewInterceptor:86 - Opening JPA EntityManager in OpenEntityManagerInViewInterceptor
2023-12-08 14:33:23.008 DEBUG o.s.w.m.HandlerMethod:186 - Could not resolve parameter [0] in public org.springframework.http.ResponseEntity<java.util.List<com.mobitel.smsblock.dto.SmsBlockBlacklistDto>> com.mobitel.smsblock.controller.SmsBlockBlacklistController.getBlocklistBySmsBlockMobile(java.lang.Integer): Failed to convert value of type 'java.lang.String' to required type 'java.lang.Integer'; For input string: "undefined"
2023-12-08 14:33:23.009  WARN o.s.w.s.m.s.DefaultHandlerExceptionResolver:207 - Resolved [org.springframework.web.method.annotation.MethodArgumentTypeMismatchException: Failed to convert value of type 'java.lang.String' to required type 'java.lang.Integer'; For input string: "undefined"]
2023-12-08 14:33:23.010 DEBUG o.s.o.j.s.OpenEntityManagerInViewInterceptor:111 - Closing JPA EntityManager in OpenEntityManagerInViewInterceptor
2023-12-08 14:33:23.010 DEBUG o.s.w.s.DispatcherServlet:1135 - Completed 400 BAD_REQUEST
2023-12-08 14:33:23.011 DEBUG o.s.w.s.DispatcherServlet:120 - "ERROR" dispatch for GET "/error", parameters={}
2023-12-08 14:33:23.012 DEBUG o.s.w.s.m.m.a.RequestMappingHandlerMapping:528 - Mapped to org.springframework.boot.autoconfigure.web.servlet.error.BasicErrorController#error(HttpServletRequest)
2023-12-08 14:33:23.013 DEBUG o.s.o.j.s.OpenEntityManagerInViewInterceptor:86 - Opening JPA EntityManager in OpenEntityManagerInViewInterceptor
2023-12-08 14:33:23.014 DEBUG o.s.w.s.m.m.a.HttpEntityMethodProcessor:275 - Using 'application/json', given [application/json, text/plain, */*] and supported [application/json, application/*+json]
2023-12-08 14:33:23.015 DEBUG o.s.w.s.m.m.a.HttpEntityMethodProcessor:120 - Writing [{timestamp=Fri Dec 08 14:33:23 IST 2023, status=400, error=Bad Request, path=/mobile/undefined}]
2023-12-08 14:33:23.016 DEBUG o.s.o.j.s.OpenEntityManagerInViewInterceptor:111 - Closing JPA EntityManager in OpenEntityManagerInViewInterceptor
2023-12-08 14:33:23.017 DEBUG o.s.w.s.DispatcherServlet:1132 - Exiting from "ERROR" dispatch, status 400
2023-12-08 14:33:29.300 DEBUG c.z.h.p.HikariPool:414 - HikariPool-1 - Before cleanup stats (total=50, active=0, idle=50, waiting=0)
2023-12-08 14:33:29.301 DEBUG c.z.h.p.HikariPool:414 - HikariPool-1 - After cleanup  stats (total=50, active=0, idle=50, waiting=0)
2023-12-08 14:33:29.302 DEBUG c.z.h.p.HikariPool:521 - HikariPool-1 - Fill pool skipped, pool has sufficient level or currently being filled (queueDepth=0).
