2024-07-15 16:41:08.580 DEBUG c.z.h.p.HikariPool:414 - HikariPool-1 - Before cleanup stats (total=50, active=0, idle=50, waiting=0)
2024-07-15 16:41:08.598 DEBUG c.z.h.p.HikariPool:414 - HikariPool-1 - After cleanup  stats (total=50, active=0, idle=50, waiting=0)
2024-07-15 16:41:08.600 DEBUG c.z.h.p.HikariPool:521 - HikariPool-1 - Fill pool skipped, pool has sufficient level or currently being filled (queueDepth=0).
2024-07-15 16:41:38.603 DEBUG c.z.h.p.HikariPool:414 - HikariPool-1 - Before cleanup stats (total=50, active=0, idle=50, waiting=0)
2024-07-15 16:41:38.604 DEBUG c.z.h.p.HikariPool:414 - HikariPool-1 - After cleanup  stats (total=50, active=0, idle=50, waiting=0)
2024-07-15 16:41:38.605 DEBUG c.z.h.p.HikariPool:521 - HikariPool-1 - Fill pool skipped, pool has sufficient level or currently being filled (queueDepth=0).
2024-07-15 16:42:08.640 DEBUG c.z.h.p.HikariPool:414 - HikariPool-1 - Before cleanup stats (total=50, active=0, idle=50, waiting=0)
2024-07-15 16:42:08.641 DEBUG c.z.h.p.HikariPool:414 - HikariPool-1 - After cleanup  stats (total=50, active=0, idle=50, waiting=0)
2024-07-15 16:42:08.642 DEBUG c.z.h.p.HikariPool:521 - HikariPool-1 - Fill pool skipped, pool has sufficient level or currently being filled (queueDepth=0).
2024-07-15 16:42:38.645 DEBUG c.z.h.p.HikariPool:414 - HikariPool-1 - Before cleanup stats (total=50, active=0, idle=50, waiting=0)
2024-07-15 16:42:38.646 DEBUG c.z.h.p.HikariPool:414 - HikariPool-1 - After cleanup  stats (total=50, active=0, idle=50, waiting=0)
2024-07-15 16:42:38.647 DEBUG c.z.h.p.HikariPool:521 - HikariPool-1 - Fill pool skipped, pool has sufficient level or currently being filled (queueDepth=0).
2024-07-15 16:43:08.662 DEBUG c.z.h.p.HikariPool:414 - HikariPool-1 - Before cleanup stats (total=50, active=0, idle=50, waiting=0)
2024-07-15 16:43:08.663 DEBUG c.z.h.p.HikariPool:414 - HikariPool-1 - After cleanup  stats (total=50, active=0, idle=50, waiting=0)
2024-07-15 16:43:08.664 DEBUG c.z.h.p.HikariPool:521 - HikariPool-1 - Fill pool skipped, pool has sufficient level or currently being filled (queueDepth=0).
2024-07-15 16:43:38.674 DEBUG c.z.h.p.HikariPool:414 - HikariPool-1 - Before cleanup stats (total=50, active=0, idle=50, waiting=0)
2024-07-15 16:43:38.675 DEBUG c.z.h.p.HikariPool:414 - HikariPool-1 - After cleanup  stats (total=50, active=0, idle=50, waiting=0)
2024-07-15 16:43:38.676 DEBUG c.z.h.p.HikariPool:521 - HikariPool-1 - Fill pool skipped, pool has sufficient level or currently being filled (queueDepth=0).
2024-07-15 16:44:08.691 DEBUG c.z.h.p.HikariPool:414 - HikariPool-1 - Before cleanup stats (total=50, active=0, idle=50, waiting=0)
2024-07-15 16:44:08.691 DEBUG c.z.h.p.HikariPool:414 - HikariPool-1 - After cleanup  stats (total=50, active=0, idle=50, waiting=0)
2024-07-15 16:44:08.691 DEBUG c.z.h.p.HikariPool:521 - HikariPool-1 - Fill pool skipped, pool has sufficient level or currently being filled (queueDepth=0).
2024-07-15 16:44:38.703 DEBUG c.z.h.p.HikariPool:414 - HikariPool-1 - Before cleanup stats (total=50, active=0, idle=50, waiting=0)
2024-07-15 16:44:38.704 DEBUG c.z.h.p.HikariPool:414 - HikariPool-1 - After cleanup  stats (total=50, active=0, idle=50, waiting=0)
2024-07-15 16:44:38.704 DEBUG c.z.h.p.HikariPool:521 - HikariPool-1 - Fill pool skipped, pool has sufficient level or currently being filled (queueDepth=0).
2024-07-15 16:45:08.715 DEBUG c.z.h.p.HikariPool:414 - HikariPool-1 - Before cleanup stats (total=50, active=0, idle=50, waiting=0)
2024-07-15 16:45:08.717 DEBUG c.z.h.p.HikariPool:414 - HikariPool-1 - After cleanup  stats (total=50, active=0, idle=50, waiting=0)
2024-07-15 16:45:08.717 DEBUG c.z.h.p.HikariPool:521 - HikariPool-1 - Fill pool skipped, pool has sufficient level or currently being filled (queueDepth=0).
2024-07-15 16:45:38.733 DEBUG c.z.h.p.HikariPool:414 - HikariPool-1 - Before cleanup stats (total=50, active=0, idle=50, waiting=0)
2024-07-15 16:45:38.734 DEBUG c.z.h.p.HikariPool:414 - HikariPool-1 - After cleanup  stats (total=50, active=0, idle=50, waiting=0)
2024-07-15 16:45:38.735 DEBUG c.z.h.p.HikariPool:521 - HikariPool-1 - Fill pool skipped, pool has sufficient level or currently being filled (queueDepth=0).
2024-07-15 16:46:08.745 DEBUG c.z.h.p.HikariPool:414 - HikariPool-1 - Before cleanup stats (total=50, active=0, idle=50, waiting=0)
2024-07-15 16:46:08.746 DEBUG c.z.h.p.HikariPool:414 - HikariPool-1 - After cleanup  stats (total=50, active=0, idle=50, waiting=0)
2024-07-15 16:46:08.747 DEBUG c.z.h.p.HikariPool:521 - HikariPool-1 - Fill pool skipped, pool has sufficient level or currently being filled (queueDepth=0).
2024-07-15 16:46:38.754 DEBUG c.z.h.p.HikariPool:414 - HikariPool-1 - Before cleanup stats (total=50, active=0, idle=50, waiting=0)
2024-07-15 16:46:38.755 DEBUG c.z.h.p.HikariPool:414 - HikariPool-1 - After cleanup  stats (total=50, active=0, idle=50, waiting=0)
2024-07-15 16:46:38.755 DEBUG c.z.h.p.HikariPool:521 - HikariPool-1 - Fill pool skipped, pool has sufficient level or currently being filled (queueDepth=0).
2024-07-15 16:47:08.757 DEBUG c.z.h.p.HikariPool:414 - HikariPool-1 - Before cleanup stats (total=50, active=0, idle=50, waiting=0)
2024-07-15 16:47:08.757 DEBUG c.z.h.p.HikariPool:414 - HikariPool-1 - After cleanup  stats (total=50, active=0, idle=50, waiting=0)
2024-07-15 16:47:08.758 DEBUG c.z.h.p.HikariPool:521 - HikariPool-1 - Fill pool skipped, pool has sufficient level or currently being filled (queueDepth=0).
2024-07-15 16:47:38.774 DEBUG c.z.h.p.HikariPool:414 - HikariPool-1 - Before cleanup stats (total=50, active=0, idle=50, waiting=0)
2024-07-15 16:47:38.775 DEBUG c.z.h.p.HikariPool:414 - HikariPool-1 - After cleanup  stats (total=50, active=0, idle=50, waiting=0)
2024-07-15 16:47:38.776 DEBUG c.z.h.p.HikariPool:521 - HikariPool-1 - Fill pool skipped, pool has sufficient level or currently being filled (queueDepth=0).
2024-07-15 16:48:08.792 DEBUG c.z.h.p.HikariPool:414 - HikariPool-1 - Before cleanup stats (total=50, active=0, idle=50, waiting=0)
2024-07-15 16:48:08.793 DEBUG c.z.h.p.HikariPool:414 - HikariPool-1 - After cleanup  stats (total=50, active=0, idle=50, waiting=0)
2024-07-15 16:48:08.794 DEBUG c.z.h.p.HikariPool:521 - HikariPool-1 - Fill pool skipped, pool has sufficient level or currently being filled (queueDepth=0).
2024-07-15 16:48:38.810 DEBUG c.z.h.p.HikariPool:414 - HikariPool-1 - Before cleanup stats (total=50, active=0, idle=50, waiting=0)
2024-07-15 16:48:38.811 DEBUG c.z.h.p.HikariPool:414 - HikariPool-1 - After cleanup  stats (total=50, active=0, idle=50, waiting=0)
2024-07-15 16:48:38.811 DEBUG c.z.h.p.HikariPool:521 - HikariPool-1 - Fill pool skipped, pool has sufficient level or currently being filled (queueDepth=0).
2024-07-15 16:48:42.125 DEBUG c.z.h.p.PoolBase:132 - HikariPool-1 - Closing connection com.mysql.cj.jdbc.ConnectionImpl@4900dcb1: (connection has passed maxLifetime)
2024-07-15 16:48:42.156 DEBUG c.z.h.p.HikariPool:738 - HikariPool-1 - Added connection com.mysql.cj.jdbc.ConnectionImpl@1bcb9a13
2024-07-15 16:48:51.938 DEBUG c.z.h.p.PoolBase:132 - HikariPool-1 - Closing connection com.mysql.cj.jdbc.ConnectionImpl@5c46e2ea: (connection has passed maxLifetime)
2024-07-15 16:48:51.973 DEBUG c.z.h.p.HikariPool:738 - HikariPool-1 - Added connection com.mysql.cj.jdbc.ConnectionImpl@3c33e100
2024-07-15 16:48:58.074 DEBUG c.z.h.p.PoolBase:132 - HikariPool-1 - Closing connection com.mysql.cj.jdbc.ConnectionImpl@398febd7: (connection has passed maxLifetime)
2024-07-15 16:48:58.082 DEBUG c.z.h.p.HikariPool:738 - HikariPool-1 - Added connection com.mysql.cj.jdbc.ConnectionImpl@aec53df
2024-07-15 16:49:03.557 DEBUG c.z.h.p.PoolBase:132 - HikariPool-1 - Closing connection com.mysql.cj.jdbc.ConnectionImpl@3c691da5: (connection has passed maxLifetime)
2024-07-15 16:49:03.575 DEBUG c.z.h.p.HikariPool:738 - HikariPool-1 - Added connection com.mysql.cj.jdbc.ConnectionImpl@37bac160
2024-07-15 16:49:03.790 DEBUG c.z.h.p.PoolBase:132 - HikariPool-1 - Closing connection com.mysql.cj.jdbc.ConnectionImpl@78b2e1ec: (connection has passed maxLifetime)
2024-07-15 16:49:03.821 DEBUG c.z.h.p.HikariPool:738 - HikariPool-1 - Added connection com.mysql.cj.jdbc.ConnectionImpl@7687cb5b
2024-07-15 16:49:08.813 DEBUG c.z.h.p.HikariPool:414 - HikariPool-1 - Before cleanup stats (total=50, active=0, idle=50, waiting=0)
2024-07-15 16:49:08.814 DEBUG c.z.h.p.HikariPool:414 - HikariPool-1 - After cleanup  stats (total=50, active=0, idle=50, waiting=0)
2024-07-15 16:49:08.815 DEBUG c.z.h.p.HikariPool:521 - HikariPool-1 - Fill pool skipped, pool has sufficient level or currently being filled (queueDepth=0).
2024-07-15 16:49:14.072 DEBUG c.z.h.p.PoolBase:132 - HikariPool-1 - Closing connection com.mysql.cj.jdbc.ConnectionImpl@1aca103b: (connection has passed maxLifetime)
2024-07-15 16:49:14.088 DEBUG c.z.h.p.HikariPool:738 - HikariPool-1 - Added connection com.mysql.cj.jdbc.ConnectionImpl@6513a516
2024-07-15 16:49:16.763 DEBUG c.z.h.p.PoolBase:132 - HikariPool-1 - Closing connection com.mysql.cj.jdbc.ConnectionImpl@1d7be8d1: (connection has passed maxLifetime)
2024-07-15 16:49:16.795 DEBUG c.z.h.p.HikariPool:738 - HikariPool-1 - Added connection com.mysql.cj.jdbc.ConnectionImpl@242eaf2d
2024-07-15 16:49:19.237 DEBUG c.z.h.p.PoolBase:132 - HikariPool-1 - Closing connection com.mysql.cj.jdbc.ConnectionImpl@6dd01f54: (connection has passed maxLifetime)
2024-07-15 16:49:19.257 DEBUG c.z.h.p.HikariPool:738 - HikariPool-1 - Added connection com.mysql.cj.jdbc.ConnectionImpl@15c04ab1
2024-07-15 16:49:23.322 DEBUG c.z.h.p.PoolBase:132 - HikariPool-1 - Closing connection com.mysql.cj.jdbc.ConnectionImpl@2babff63: (connection has passed maxLifetime)
2024-07-15 16:49:23.353 DEBUG c.z.h.p.HikariPool:738 - HikariPool-1 - Added connection com.mysql.cj.jdbc.ConnectionImpl@44015062
2024-07-15 16:49:25.466 DEBUG c.z.h.p.PoolBase:132 - HikariPool-1 - Closing connection com.mysql.cj.jdbc.ConnectionImpl@6a96f558: (connection has passed maxLifetime)
2024-07-15 16:49:25.475 DEBUG c.z.h.p.HikariPool:738 - HikariPool-1 - Added connection com.mysql.cj.jdbc.ConnectionImpl@253ebbbd
2024-07-15 16:49:30.230 DEBUG c.z.h.p.PoolBase:132 - HikariPool-1 - Closing connection com.mysql.cj.jdbc.ConnectionImpl@17b303cf: (connection has passed maxLifetime)
2024-07-15 16:49:30.261 DEBUG c.z.h.p.HikariPool:738 - HikariPool-1 - Added connection com.mysql.cj.jdbc.ConnectionImpl@404f68c2
2024-07-15 16:49:34.543 DEBUG c.z.h.p.PoolBase:132 - HikariPool-1 - Closing connection com.mysql.cj.jdbc.ConnectionImpl@68139b2c: (connection has passed maxLifetime)
2024-07-15 16:49:34.574 DEBUG c.z.h.p.HikariPool:738 - HikariPool-1 - Added connection com.mysql.cj.jdbc.ConnectionImpl@45410830
2024-07-15 16:49:34.824 DEBUG c.z.h.p.PoolBase:132 - HikariPool-1 - Closing connection com.mysql.cj.jdbc.ConnectionImpl@1631de5e: (connection has passed maxLifetime)
2024-07-15 16:49:34.854 DEBUG c.z.h.p.HikariPool:738 - HikariPool-1 - Added connection com.mysql.cj.jdbc.ConnectionImpl@6d3a0af8
2024-07-15 16:49:35.090 DEBUG c.z.h.p.PoolBase:132 - HikariPool-1 - Closing connection com.mysql.cj.jdbc.ConnectionImpl@292e9117: (connection has passed maxLifetime)
2024-07-15 16:49:35.107 DEBUG c.z.h.p.HikariPool:738 - HikariPool-1 - Added connection com.mysql.cj.jdbc.ConnectionImpl@20d6090e
