2024-07-12 16:51:09.516 DEBUG c.z.h.p.PoolBase:132 - HikariPool-1 - Closing connection com.mysql.cj.jdbc.ConnectionImpl@37b733c: (connection has passed maxLifetime)
2024-07-12 16:51:09.532 DEBUG c.z.h.p.HikariPool:335 - HikariPool-1 - Add connection elided, waiting=0, adders pending/running=1
2024-07-12 16:51:09.543 DEBUG c.z.h.p.PoolBase:132 - HikariPool-1 - Closing connection com.mysql.cj.jdbc.ConnectionImpl@714cdc1b: (connection has passed maxLifetime)
2024-07-12 16:51:09.558 DEBUG c.z.h.p.HikariPool:738 - HikariPool-1 - Added connection com.mysql.cj.jdbc.ConnectionImpl@414208cf
2024-07-12 16:51:09.599 DEBUG c.z.h.p.HikariPool:738 - HikariPool-1 - Added connection com.mysql.cj.jdbc.ConnectionImpl@2054c542
2024-07-12 16:51:10.532 DEBUG c.z.h.p.PoolBase:132 - HikariPool-1 - Closing connection com.mysql.cj.jdbc.ConnectionImpl@7500e6d9: (connection has passed maxLifetime)
2024-07-12 16:51:10.569 DEBUG c.z.h.p.HikariPool:738 - HikariPool-1 - Added connection com.mysql.cj.jdbc.ConnectionImpl@3e87c619
2024-07-12 16:51:11.362 DEBUG c.z.h.p.PoolBase:132 - HikariPool-1 - Closing connection com.mysql.cj.jdbc.ConnectionImpl@4c977eeb: (connection has passed maxLifetime)
2024-07-12 16:51:11.398 DEBUG c.z.h.p.HikariPool:738 - HikariPool-1 - Added connection com.mysql.cj.jdbc.ConnectionImpl@493912ba
2024-07-12 16:51:11.691 DEBUG c.z.h.p.PoolBase:132 - HikariPool-1 - Closing connection com.mysql.cj.jdbc.ConnectionImpl@20b8b607: (connection has passed maxLifetime)
2024-07-12 16:51:11.727 DEBUG c.z.h.p.HikariPool:738 - HikariPool-1 - Added connection com.mysql.cj.jdbc.ConnectionImpl@33dc43e4
2024-07-12 16:51:12.065 DEBUG c.z.h.p.PoolBase:132 - HikariPool-1 - Closing connection com.mysql.cj.jdbc.ConnectionImpl@5d31ef40: (connection has passed maxLifetime)
2024-07-12 16:51:12.099 DEBUG c.z.h.p.HikariPool:738 - HikariPool-1 - Added connection com.mysql.cj.jdbc.ConnectionImpl@70747a11
2024-07-12 16:51:13.812 DEBUG c.z.h.p.PoolBase:132 - HikariPool-1 - Closing connection com.mysql.cj.jdbc.ConnectionImpl@52f5afec: (connection has passed maxLifetime)
2024-07-12 16:51:13.846 DEBUG c.z.h.p.HikariPool:738 - HikariPool-1 - Added connection com.mysql.cj.jdbc.ConnectionImpl@4d05d408
2024-07-12 16:51:15.842 DEBUG c.z.h.p.PoolBase:132 - HikariPool-1 - Closing connection com.mysql.cj.jdbc.ConnectionImpl@7502c1ee: (connection has passed maxLifetime)
2024-07-12 16:51:15.876 DEBUG c.z.h.p.HikariPool:738 - HikariPool-1 - Added connection com.mysql.cj.jdbc.ConnectionImpl@27c01405
2024-07-12 16:51:17.067 DEBUG c.z.h.p.PoolBase:132 - HikariPool-1 - Closing connection com.mysql.cj.jdbc.ConnectionImpl@65555b40: (connection has passed maxLifetime)
2024-07-12 16:51:17.101 DEBUG c.z.h.p.HikariPool:738 - HikariPool-1 - Added connection com.mysql.cj.jdbc.ConnectionImpl@630e017a
2024-07-12 16:51:18.345 DEBUG c.z.h.p.PoolBase:132 - HikariPool-1 - Closing connection com.mysql.cj.jdbc.ConnectionImpl@42630c84: (connection has passed maxLifetime)
2024-07-12 16:51:18.379 DEBUG c.z.h.p.HikariPool:738 - HikariPool-1 - Added connection com.mysql.cj.jdbc.ConnectionImpl@a53dc2c
2024-07-12 16:51:19.328 DEBUG c.z.h.p.PoolBase:132 - HikariPool-1 - Closing connection com.mysql.cj.jdbc.ConnectionImpl@28808f00: (connection has passed maxLifetime)
2024-07-12 16:51:19.360 DEBUG c.z.h.p.HikariPool:335 - HikariPool-1 - Add connection elided, waiting=0, adders pending/running=2
2024-07-12 16:51:19.360 DEBUG c.z.h.p.PoolBase:132 - HikariPool-1 - Closing connection com.mysql.cj.jdbc.ConnectionImpl@4e82247b: (connection has passed maxLifetime)
2024-07-12 16:51:19.362 DEBUG c.z.h.p.HikariPool:738 - HikariPool-1 - Added connection com.mysql.cj.jdbc.ConnectionImpl@584b8791
2024-07-12 16:51:19.407 DEBUG c.z.h.p.HikariPool:738 - HikariPool-1 - Added connection com.mysql.cj.jdbc.ConnectionImpl@45dd9cbd
2024-07-12 16:51:19.860 DEBUG c.z.h.p.PoolBase:132 - HikariPool-1 - Closing connection com.mysql.cj.jdbc.ConnectionImpl@17a25c8a: (connection has passed maxLifetime)
2024-07-12 16:51:19.895 DEBUG c.z.h.p.HikariPool:738 - HikariPool-1 - Added connection com.mysql.cj.jdbc.ConnectionImpl@6080ad85
2024-07-12 16:51:21.548 DEBUG c.z.h.p.PoolBase:132 - HikariPool-1 - Closing connection com.mysql.cj.jdbc.ConnectionImpl@35a8ca4: (connection has passed maxLifetime)
2024-07-12 16:51:21.583 DEBUG c.z.h.p.HikariPool:738 - HikariPool-1 - Added connection com.mysql.cj.jdbc.ConnectionImpl@44a743f0
2024-07-12 16:51:22.014 DEBUG c.z.h.p.PoolBase:132 - HikariPool-1 - Closing connection com.mysql.cj.jdbc.ConnectionImpl@42ae033: (connection has passed maxLifetime)
2024-07-12 16:51:22.047 DEBUG c.z.h.p.HikariPool:738 - HikariPool-1 - Added connection com.mysql.cj.jdbc.ConnectionImpl@5b6b7bcc
2024-07-12 16:51:22.061 DEBUG c.z.h.p.PoolBase:132 - HikariPool-1 - Closing connection com.mysql.cj.jdbc.ConnectionImpl@27d329e7: (connection has passed maxLifetime)
2024-07-12 16:51:22.099 DEBUG c.z.h.p.HikariPool:738 - HikariPool-1 - Added connection com.mysql.cj.jdbc.ConnectionImpl@78524335
2024-07-12 16:51:22.606 DEBUG c.z.h.p.PoolBase:132 - HikariPool-1 - Closing connection com.mysql.cj.jdbc.ConnectionImpl@230ea802: (connection has passed maxLifetime)
2024-07-12 16:51:22.640 DEBUG c.z.h.p.HikariPool:738 - HikariPool-1 - Added connection com.mysql.cj.jdbc.ConnectionImpl@5683372b
2024-07-12 16:51:23.298 DEBUG c.z.h.p.PoolBase:132 - HikariPool-1 - Closing connection com.mysql.cj.jdbc.ConnectionImpl@48b1b3d0: (connection has passed maxLifetime)
2024-07-12 16:51:23.331 DEBUG c.z.h.p.HikariPool:738 - HikariPool-1 - Added connection com.mysql.cj.jdbc.ConnectionImpl@1b57c957
2024-07-12 16:51:23.751 DEBUG c.z.h.p.PoolBase:132 - HikariPool-1 - Closing connection com.mysql.cj.jdbc.ConnectionImpl@382372ff: (connection has passed maxLifetime)
2024-07-12 16:51:23.784 DEBUG c.z.h.p.HikariPool:738 - HikariPool-1 - Added connection com.mysql.cj.jdbc.ConnectionImpl@36efecb3
2024-07-12 16:51:25.241 DEBUG c.z.h.p.PoolBase:132 - HikariPool-1 - Closing connection com.mysql.cj.jdbc.ConnectionImpl@1823d053: (connection has passed maxLifetime)
2024-07-12 16:51:25.274 DEBUG c.z.h.p.HikariPool:738 - HikariPool-1 - Added connection com.mysql.cj.jdbc.ConnectionImpl@51de8c3c
2024-07-12 16:51:25.304 DEBUG c.z.h.p.PoolBase:132 - HikariPool-1 - Closing connection com.mysql.cj.jdbc.ConnectionImpl@15b9e605: (connection has passed maxLifetime)
2024-07-12 16:51:25.337 DEBUG c.z.h.p.HikariPool:738 - HikariPool-1 - Added connection com.mysql.cj.jdbc.ConnectionImpl@349ddd39
2024-07-12 16:51:25.510 DEBUG c.z.h.p.PoolBase:132 - HikariPool-1 - Closing connection com.mysql.cj.jdbc.ConnectionImpl@5e0b13da: (connection has passed maxLifetime)
2024-07-12 16:51:25.544 DEBUG c.z.h.p.HikariPool:738 - HikariPool-1 - Added connection com.mysql.cj.jdbc.ConnectionImpl@52d6cadb
2024-07-12 16:51:25.727 DEBUG c.z.h.p.PoolBase:132 - HikariPool-1 - Closing connection com.mysql.cj.jdbc.ConnectionImpl@fd0dba2: (connection has passed maxLifetime)
2024-07-12 16:51:25.761 DEBUG c.z.h.p.HikariPool:738 - HikariPool-1 - Added connection com.mysql.cj.jdbc.ConnectionImpl@44882a0
2024-07-12 16:51:27.801 DEBUG c.z.h.p.PoolBase:132 - HikariPool-1 - Closing connection com.mysql.cj.jdbc.ConnectionImpl@49df489c: (connection has passed maxLifetime)
2024-07-12 16:51:27.839 DEBUG c.z.h.p.HikariPool:738 - HikariPool-1 - Added connection com.mysql.cj.jdbc.ConnectionImpl@77cce270
2024-07-12 16:51:27.909 DEBUG c.z.h.p.PoolBase:132 - HikariPool-1 - Closing connection com.mysql.cj.jdbc.ConnectionImpl@5192b7dd: (connection has passed maxLifetime)
2024-07-12 16:51:27.932 DEBUG c.z.h.p.HikariPool:738 - HikariPool-1 - Added connection com.mysql.cj.jdbc.ConnectionImpl@5e1c7cc3
2024-07-12 16:51:28.894 DEBUG c.z.h.p.PoolBase:132 - HikariPool-1 - Closing connection com.mysql.cj.jdbc.ConnectionImpl@5ee700e6: (connection has passed maxLifetime)
2024-07-12 16:51:28.927 DEBUG c.z.h.p.HikariPool:738 - HikariPool-1 - Added connection com.mysql.cj.jdbc.ConnectionImpl@1ebd6792
2024-07-12 16:51:30.313 DEBUG c.z.h.p.PoolBase:132 - HikariPool-1 - Closing connection com.mysql.cj.jdbc.ConnectionImpl@294aee51: (connection has passed maxLifetime)
2024-07-12 16:51:30.346 DEBUG c.z.h.p.HikariPool:738 - HikariPool-1 - Added connection com.mysql.cj.jdbc.ConnectionImpl@30e9535e
2024-07-12 16:51:33.261 DEBUG c.z.h.p.PoolBase:132 - HikariPool-1 - Closing connection com.mysql.cj.jdbc.ConnectionImpl@535668e5: (connection has passed maxLifetime)
2024-07-12 16:51:33.279 DEBUG c.z.h.p.HikariPool:738 - HikariPool-1 - Added connection com.mysql.cj.jdbc.ConnectionImpl@5dad3558
2024-07-12 16:51:33.307 DEBUG c.z.h.p.PoolBase:132 - HikariPool-1 - Closing connection com.mysql.cj.jdbc.ConnectionImpl@61c1271f: (connection has passed maxLifetime)
2024-07-12 16:51:33.325 DEBUG c.z.h.p.HikariPool:738 - HikariPool-1 - Added connection com.mysql.cj.jdbc.ConnectionImpl@5c130aa3
2024-07-12 16:51:33.839 DEBUG c.z.h.p.PoolBase:132 - HikariPool-1 - Closing connection com.mysql.cj.jdbc.ConnectionImpl@25105a6d: (connection has passed maxLifetime)
2024-07-12 16:51:33.874 DEBUG c.z.h.p.HikariPool:738 - HikariPool-1 - Added connection com.mysql.cj.jdbc.ConnectionImpl@aaa7a9f
2024-07-12 16:51:35.907 DEBUG c.z.h.p.HikariPool:414 - HikariPool-1 - Before cleanup stats (total=50, active=0, idle=50, waiting=0)
2024-07-12 16:51:35.907 DEBUG c.z.h.p.HikariPool:414 - HikariPool-1 - After cleanup  stats (total=50, active=0, idle=50, waiting=0)
2024-07-12 16:51:35.907 DEBUG c.z.h.p.HikariPool:521 - HikariPool-1 - Fill pool skipped, pool has sufficient level or currently being filled (queueDepth=0).
2024-07-12 16:51:36.924 DEBUG c.z.h.p.PoolBase:132 - HikariPool-1 - Closing connection com.mysql.cj.jdbc.ConnectionImpl@50b0284e: (connection has passed maxLifetime)
2024-07-12 16:51:36.938 DEBUG c.z.h.p.HikariPool:738 - HikariPool-1 - Added connection com.mysql.cj.jdbc.ConnectionImpl@3eb66816
2024-07-12 16:51:37.392 DEBUG c.z.h.p.PoolBase:132 - HikariPool-1 - Closing connection com.mysql.cj.jdbc.ConnectionImpl@4f6320b8: (connection has passed maxLifetime)
2024-07-12 16:51:37.406 DEBUG c.z.h.p.HikariPool:738 - HikariPool-1 - Added connection com.mysql.cj.jdbc.ConnectionImpl@15056b3f
2024-07-12 16:51:37.783 DEBUG c.z.h.p.PoolBase:132 - HikariPool-1 - Closing connection com.mysql.cj.jdbc.ConnectionImpl@1eb54ee3: (connection has passed maxLifetime)
2024-07-12 16:51:37.797 DEBUG c.z.h.p.HikariPool:738 - HikariPool-1 - Added connection com.mysql.cj.jdbc.ConnectionImpl@430e4e55
2024-07-12 16:51:37.954 DEBUG c.z.h.p.PoolBase:132 - HikariPool-1 - Closing connection com.mysql.cj.jdbc.ConnectionImpl@4c8b3382: (connection has passed maxLifetime)
2024-07-12 16:51:37.969 DEBUG c.z.h.p.HikariPool:738 - HikariPool-1 - Added connection com.mysql.cj.jdbc.ConnectionImpl@25e3f360
2024-07-12 16:51:38.943 DEBUG c.z.h.p.PoolBase:132 - HikariPool-1 - Closing connection com.mysql.cj.jdbc.ConnectionImpl@2a12f90: (connection has passed maxLifetime)
2024-07-12 16:51:38.958 DEBUG c.z.h.p.HikariPool:738 - HikariPool-1 - Added connection com.mysql.cj.jdbc.ConnectionImpl@71740bec
