2024-07-15 14:38:35.916 DEBUG c.z.h.p.HikariPool:414 - HikariPool-1 - Before cleanup stats (total=50, active=0, idle=50, waiting=0)
2024-07-15 14:38:35.923 DEBUG c.z.h.p.HikariPool:414 - HikariPool-1 - After cleanup  stats (total=50, active=0, idle=50, waiting=0)
2024-07-15 14:38:35.923 DEBUG c.z.h.p.HikariPool:521 - HikariPool-1 - Fill pool skipped, pool has sufficient level or currently being filled (queueDepth=0).
2024-07-15 14:39:05.927 DEBUG c.z.h.p.HikariPool:414 - HikariPool-1 - Before cleanup stats (total=50, active=0, idle=50, waiting=0)
2024-07-15 14:39:05.929 DEBUG c.z.h.p.HikariPool:414 - HikariPool-1 - After cleanup  stats (total=50, active=0, idle=50, waiting=0)
2024-07-15 14:39:05.930 DEBUG c.z.h.p.HikariPool:521 - HikariPool-1 - Fill pool skipped, pool has sufficient level or currently being filled (queueDepth=0).
2024-07-15 14:39:35.942 DEBUG c.z.h.p.HikariPool:414 - HikariPool-1 - Before cleanup stats (total=50, active=0, idle=50, waiting=0)
2024-07-15 14:39:35.943 DEBUG c.z.h.p.HikariPool:414 - HikariPool-1 - After cleanup  stats (total=50, active=0, idle=50, waiting=0)
2024-07-15 14:39:35.943 DEBUG c.z.h.p.HikariPool:521 - HikariPool-1 - Fill pool skipped, pool has sufficient level or currently being filled (queueDepth=0).
2024-07-15 14:40:05.949 DEBUG c.z.h.p.HikariPool:414 - HikariPool-1 - Before cleanup stats (total=50, active=0, idle=50, waiting=0)
2024-07-15 14:40:05.950 DEBUG c.z.h.p.HikariPool:414 - HikariPool-1 - After cleanup  stats (total=50, active=0, idle=50, waiting=0)
2024-07-15 14:40:05.951 DEBUG c.z.h.p.HikariPool:521 - HikariPool-1 - Fill pool skipped, pool has sufficient level or currently being filled (queueDepth=0).
2024-07-15 14:40:35.956 DEBUG c.z.h.p.HikariPool:414 - HikariPool-1 - Before cleanup stats (total=50, active=0, idle=50, waiting=0)
2024-07-15 14:40:35.957 DEBUG c.z.h.p.HikariPool:414 - HikariPool-1 - After cleanup  stats (total=50, active=0, idle=50, waiting=0)
2024-07-15 14:40:35.958 DEBUG c.z.h.p.HikariPool:521 - HikariPool-1 - Fill pool skipped, pool has sufficient level or currently being filled (queueDepth=0).
2024-07-15 14:41:05.966 DEBUG c.z.h.p.HikariPool:414 - HikariPool-1 - Before cleanup stats (total=50, active=0, idle=50, waiting=0)
2024-07-15 14:41:05.967 DEBUG c.z.h.p.HikariPool:414 - HikariPool-1 - After cleanup  stats (total=50, active=0, idle=50, waiting=0)
2024-07-15 14:41:05.968 DEBUG c.z.h.p.HikariPool:521 - HikariPool-1 - Fill pool skipped, pool has sufficient level or currently being filled (queueDepth=0).
2024-07-15 14:41:35.974 DEBUG c.z.h.p.HikariPool:414 - HikariPool-1 - Before cleanup stats (total=50, active=0, idle=50, waiting=0)
2024-07-15 14:41:35.974 DEBUG c.z.h.p.HikariPool:414 - HikariPool-1 - After cleanup  stats (total=50, active=0, idle=50, waiting=0)
2024-07-15 14:41:35.975 DEBUG c.z.h.p.HikariPool:521 - HikariPool-1 - Fill pool skipped, pool has sufficient level or currently being filled (queueDepth=0).
2024-07-15 14:42:05.976 DEBUG c.z.h.p.HikariPool:414 - HikariPool-1 - Before cleanup stats (total=50, active=0, idle=50, waiting=0)
2024-07-15 14:42:05.977 DEBUG c.z.h.p.HikariPool:414 - HikariPool-1 - After cleanup  stats (total=50, active=0, idle=50, waiting=0)
2024-07-15 14:42:05.978 DEBUG c.z.h.p.HikariPool:521 - HikariPool-1 - Fill pool skipped, pool has sufficient level or currently being filled (queueDepth=0).
2024-07-15 14:42:23.035 DEBUG c.z.h.p.PoolBase:132 - HikariPool-1 - Closing connection com.mysql.cj.jdbc.ConnectionImpl@17aafe3a: (connection has passed maxLifetime)
2024-07-15 14:42:23.079 DEBUG c.z.h.p.HikariPool:738 - HikariPool-1 - Added connection com.mysql.cj.jdbc.ConnectionImpl@9a5efe3
2024-07-15 14:42:24.548 DEBUG c.z.h.p.PoolBase:132 - HikariPool-1 - Closing connection com.mysql.cj.jdbc.ConnectionImpl@ea3f4ed: (connection has passed maxLifetime)
2024-07-15 14:42:24.587 DEBUG c.z.h.p.HikariPool:738 - HikariPool-1 - Added connection com.mysql.cj.jdbc.ConnectionImpl@4898e5d8
2024-07-15 14:42:35.986 DEBUG c.z.h.p.HikariPool:414 - HikariPool-1 - Before cleanup stats (total=50, active=0, idle=50, waiting=0)
2024-07-15 14:42:35.988 DEBUG c.z.h.p.HikariPool:414 - HikariPool-1 - After cleanup  stats (total=50, active=0, idle=50, waiting=0)
2024-07-15 14:42:35.989 DEBUG c.z.h.p.HikariPool:521 - HikariPool-1 - Fill pool skipped, pool has sufficient level or currently being filled (queueDepth=0).
2024-07-15 14:42:38.825 DEBUG c.z.h.p.PoolBase:132 - HikariPool-1 - Closing connection com.mysql.cj.jdbc.ConnectionImpl@2fb10199: (connection has passed maxLifetime)
2024-07-15 14:42:38.857 DEBUG c.z.h.p.HikariPool:738 - HikariPool-1 - Added connection com.mysql.cj.jdbc.ConnectionImpl@3836918a
2024-07-15 14:42:39.421 DEBUG c.z.h.p.PoolBase:132 - HikariPool-1 - Closing connection com.mysql.cj.jdbc.ConnectionImpl@2fb2eec4: (connection has passed maxLifetime)
2024-07-15 14:42:39.451 DEBUG c.z.h.p.HikariPool:738 - HikariPool-1 - Added connection com.mysql.cj.jdbc.ConnectionImpl@790b9bb1
2024-07-15 14:42:40.496 DEBUG c.z.h.p.PoolBase:132 - HikariPool-1 - Closing connection com.mysql.cj.jdbc.ConnectionImpl@4f9d118b: (connection has passed maxLifetime)
2024-07-15 14:42:40.503 DEBUG c.z.h.p.HikariPool:738 - HikariPool-1 - Added connection com.mysql.cj.jdbc.ConnectionImpl@48b80637
2024-07-15 14:42:40.733 DEBUG c.z.h.p.PoolBase:132 - HikariPool-1 - Closing connection com.mysql.cj.jdbc.ConnectionImpl@1e57849c: (connection has passed maxLifetime)
2024-07-15 14:42:40.747 DEBUG c.z.h.p.HikariPool:738 - HikariPool-1 - Added connection com.mysql.cj.jdbc.ConnectionImpl@192464fe
2024-07-15 14:42:41.017 DEBUG c.z.h.p.PoolBase:132 - HikariPool-1 - Closing connection com.mysql.cj.jdbc.ConnectionImpl@4f9efed6: (connection has passed maxLifetime)
2024-07-15 14:42:41.031 DEBUG c.z.h.p.HikariPool:738 - HikariPool-1 - Added connection com.mysql.cj.jdbc.ConnectionImpl@26b369e5
2024-07-15 14:42:41.954 DEBUG c.z.h.p.PoolBase:132 - HikariPool-1 - Closing connection com.mysql.cj.jdbc.ConnectionImpl@1dc634f9: (connection has passed maxLifetime)
2024-07-15 14:42:41.966 DEBUG c.z.h.p.HikariPool:738 - HikariPool-1 - Added connection com.mysql.cj.jdbc.ConnectionImpl@1d6a1963
2024-07-15 14:42:43.759 DEBUG c.z.h.p.PoolBase:132 - HikariPool-1 - Closing connection com.mysql.cj.jdbc.ConnectionImpl@2dda1c38: (connection has passed maxLifetime)
2024-07-15 14:42:43.787 DEBUG c.z.h.p.HikariPool:738 - HikariPool-1 - Added connection com.mysql.cj.jdbc.ConnectionImpl@1c78576c
2024-07-15 14:42:46.419 DEBUG c.z.h.p.PoolBase:132 - HikariPool-1 - Closing connection com.mysql.cj.jdbc.ConnectionImpl@6e8fe4ff: (connection has passed maxLifetime)
2024-07-15 14:42:46.447 DEBUG c.z.h.p.HikariPool:738 - HikariPool-1 - Added connection com.mysql.cj.jdbc.ConnectionImpl@6aabf618
2024-07-15 14:42:47.139 DEBUG c.z.h.p.PoolBase:132 - HikariPool-1 - Closing connection com.mysql.cj.jdbc.ConnectionImpl@7e1bd0b6: (connection has passed maxLifetime)
2024-07-15 14:42:47.149 DEBUG c.z.h.p.HikariPool:738 - HikariPool-1 - Added connection com.mysql.cj.jdbc.ConnectionImpl@5a96c76e
2024-07-15 14:42:47.522 DEBUG c.z.h.p.PoolBase:132 - HikariPool-1 - Closing connection com.mysql.cj.jdbc.ConnectionImpl@793552a4: (connection has passed maxLifetime)
2024-07-15 14:42:47.536 DEBUG c.z.h.p.HikariPool:738 - HikariPool-1 - Added connection com.mysql.cj.jdbc.ConnectionImpl@7276f829
2024-07-15 14:42:48.138 DEBUG c.z.h.p.PoolBase:132 - HikariPool-1 - Closing connection com.mysql.cj.jdbc.ConnectionImpl@11b8b3a4: (connection has passed maxLifetime)
2024-07-15 14:42:48.167 DEBUG c.z.h.p.HikariPool:738 - HikariPool-1 - Added connection com.mysql.cj.jdbc.ConnectionImpl@43fcecee
2024-07-15 14:42:50.013 DEBUG c.z.h.p.PoolBase:132 - HikariPool-1 - Closing connection com.mysql.cj.jdbc.ConnectionImpl@6be73c01: (connection has passed maxLifetime)
2024-07-15 14:42:50.036 DEBUG c.z.h.p.HikariPool:738 - HikariPool-1 - Added connection com.mysql.cj.jdbc.ConnectionImpl@7387190
2024-07-15 14:42:50.170 DEBUG c.z.h.p.PoolBase:132 - HikariPool-1 - Closing connection com.mysql.cj.jdbc.ConnectionImpl@73c995a4: (connection has passed maxLifetime)
2024-07-15 14:42:50.199 DEBUG c.z.h.p.HikariPool:738 - HikariPool-1 - Added connection com.mysql.cj.jdbc.ConnectionImpl@6364be4d
2024-07-15 14:42:50.548 DEBUG c.z.h.p.PoolBase:132 - HikariPool-1 - Closing connection com.mysql.cj.jdbc.ConnectionImpl@12352e2b: (connection has passed maxLifetime)
2024-07-15 14:42:50.578 DEBUG c.z.h.p.HikariPool:738 - HikariPool-1 - Added connection com.mysql.cj.jdbc.ConnectionImpl@363d3f27
2024-07-15 14:42:51.774 DEBUG c.z.h.p.PoolBase:132 - HikariPool-1 - Closing connection com.mysql.cj.jdbc.ConnectionImpl@742f12d2: (connection has passed maxLifetime)
2024-07-15 14:42:51.802 DEBUG c.z.h.p.HikariPool:738 - HikariPool-1 - Added connection com.mysql.cj.jdbc.ConnectionImpl@6a22a830
2024-07-15 14:42:53.239 DEBUG c.z.h.p.PoolBase:132 - HikariPool-1 - Closing connection com.mysql.cj.jdbc.ConnectionImpl@70cc1981: (connection has passed maxLifetime)
2024-07-15 14:42:53.259 DEBUG c.z.h.p.HikariPool:738 - HikariPool-1 - Added connection com.mysql.cj.jdbc.ConnectionImpl@2ccd09bd
2024-07-15 14:42:55.570 DEBUG c.z.h.p.PoolBase:132 - HikariPool-1 - Closing connection com.mysql.cj.jdbc.ConnectionImpl@13d0ca83: (connection has passed maxLifetime)
2024-07-15 14:42:55.598 DEBUG c.z.h.p.HikariPool:738 - HikariPool-1 - Added connection com.mysql.cj.jdbc.ConnectionImpl@68f18b31
2024-07-15 14:42:57.474 DEBUG c.z.h.p.PoolBase:132 - HikariPool-1 - Closing connection com.mysql.cj.jdbc.ConnectionImpl@4bd32aa7: (connection has passed maxLifetime)
2024-07-15 14:42:57.503 DEBUG c.z.h.p.HikariPool:738 - HikariPool-1 - Added connection com.mysql.cj.jdbc.ConnectionImpl@6981ff50
2024-07-15 14:42:57.759 DEBUG c.z.h.p.PoolBase:132 - HikariPool-1 - Closing connection com.mysql.cj.jdbc.ConnectionImpl@61262342: (connection has passed maxLifetime)
2024-07-15 14:42:57.787 DEBUG c.z.h.p.HikariPool:738 - HikariPool-1 - Added connection com.mysql.cj.jdbc.ConnectionImpl@74cf4274
2024-07-15 14:42:59.041 DEBUG c.z.h.p.PoolBase:132 - HikariPool-1 - Closing connection com.mysql.cj.jdbc.ConnectionImpl@649637f7: (connection has passed maxLifetime)
2024-07-15 14:42:59.071 DEBUG c.z.h.p.HikariPool:738 - HikariPool-1 - Added connection com.mysql.cj.jdbc.ConnectionImpl@13cbe567
2024-07-15 14:42:59.701 DEBUG c.z.h.p.PoolBase:132 - HikariPool-1 - Closing connection com.mysql.cj.jdbc.ConnectionImpl@1ba6cd84: (connection has passed maxLifetime)
2024-07-15 14:42:59.730 DEBUG c.z.h.p.HikariPool:738 - HikariPool-1 - Added connection com.mysql.cj.jdbc.ConnectionImpl@124f5806
2024-07-15 14:43:02.580 DEBUG c.z.h.p.PoolBase:132 - HikariPool-1 - Closing connection com.mysql.cj.jdbc.ConnectionImpl@8813a2d: (connection has passed maxLifetime)
2024-07-15 14:43:02.595 DEBUG c.z.h.p.HikariPool:738 - HikariPool-1 - Added connection com.mysql.cj.jdbc.ConnectionImpl@1c88abfc
2024-07-15 14:43:03.763 DEBUG c.z.h.p.PoolBase:132 - HikariPool-1 - Closing connection com.mysql.cj.jdbc.ConnectionImpl@30f83c71: (connection has passed maxLifetime)
2024-07-15 14:43:03.792 DEBUG c.z.h.p.HikariPool:738 - HikariPool-1 - Added connection com.mysql.cj.jdbc.ConnectionImpl@3ad1a94
2024-07-15 14:43:06.004 DEBUG c.z.h.p.HikariPool:414 - HikariPool-1 - Before cleanup stats (total=50, active=0, idle=50, waiting=0)
2024-07-15 14:43:06.005 DEBUG c.z.h.p.HikariPool:414 - HikariPool-1 - After cleanup  stats (total=50, active=0, idle=50, waiting=0)
2024-07-15 14:43:06.005 DEBUG c.z.h.p.HikariPool:521 - HikariPool-1 - Fill pool skipped, pool has sufficient level or currently being filled (queueDepth=0).
