2023-12-08 15:38:55.998 DEBUG o.s.w.s.DispatcherServlet:120 - POST "/createMobile", parameters={}
2023-12-08 15:38:56.002 DEBUG o.s.w.s.m.m.a.RequestMappingHandlerMapping:528 - Mapped to com.myproject.smsblock.controller.SmsBlockMobileController#saveSmsBlockMobile(SmsBlockMobileDto)
2023-12-08 15:38:56.002 DEBUG o.s.o.j.s.OpenEntityManagerInViewInterceptor:86 - Opening JPA EntityManager in OpenEntityManagerInViewInterceptor
2023-12-08 15:38:56.002 DEBUG o.s.w.s.m.m.a.RequestResponseBodyMethodProcessor:120 - Read "application/json;charset=UTF-8" to [com.myproject.smsblock.dto.SmsBlockMobileDto@5fb5b78d]
2023-12-08 15:38:56.006 DEBUG o.h.o.s.a.create:33 - Created new SQL alias : s1_0
2023-12-08 15:38:56.006 DEBUG o.h.o.s.a.create:98 - Registration of TableGroup [StandardTableGroup(com.myproject.smsblock.entity.SmsBlockMobile(1545794538938000))] with identifierForTableGroup [com.myproject.smsblock.entity.SmsBlockMobile] for NavigablePath [com.myproject.smsblock.entity.SmsBlockMobile]
2023-12-08 15:38:56.008 DEBUG o.h.q.s.s.BaseSqmToSqlAstConverter:5700 - Determining mapping-model type for SqmParameter : org.hibernate.query.sqm.tree.expression.SqmJpaCriteriaParameterWrapper@5baa62eb
2023-12-08 15:38:56.008 DEBUG o.h.q.s.s.BaseSqmToSqlAstConverter:5590 - Determining mapping-model type for SqmPath : SqmBasicValuedSimplePath(com.myproject.smsblock.entity.SmsBlockMobile(1545794538938000).mobileNo)
2023-12-08 15:38:56.009 DEBUG o.h.q.s.s.BaseSqmToSqlAstConverter:5700 - Determining mapping-model type for SqmParameter : org.hibernate.query.sqm.tree.expression.SqmJpaCriteriaParameterWrapper@7e6c3e9d
2023-12-08 15:38:56.009 DEBUG o.h.q.s.s.BaseSqmToSqlAstConverter:5590 - Determining mapping-model type for SqmPath : SqmBasicValuedSimplePath(com.myproject.smsblock.entity.SmsBlockMobile(1545794538938000).status)
2023-12-08 15:38:56.010 DEBUG o.h.o.r.g.AST:67 - DomainResult Graph:
 \-EntityResultImpl [com.myproject.smsblock.entity.SmsBlockMobile(1545794538938000)]
 |  +-BasicFetch [com.myproject.smsblock.entity.SmsBlockMobile(1545794538938000).activatedOn]
 |  +-BasicFetch [com.myproject.smsblock.entity.SmsBlockMobile(1545794538938000).addedBy]
 |  +-BasicFetch [com.myproject.smsblock.entity.SmsBlockMobile(1545794538938000).comment]
 |  +-BasicFetch [com.myproject.smsblock.entity.SmsBlockMobile(1545794538938000).deactivatedBy]
 |  +-BasicFetch [com.myproject.smsblock.entity.SmsBlockMobile(1545794538938000).deactivatedOn]
 |  +-BasicFetch [com.myproject.smsblock.entity.SmsBlockMobile(1545794538938000).mobileNo]
 |  \-BasicFetch [com.myproject.smsblock.entity.SmsBlockMobile(1545794538938000).status]

2023-12-08 15:38:56.010 DEBUG o.h.o.s.a.tree:46 - SQL AST Tree:
    SelectStatement {
      FromClause {
        StandardTableGroup (s1 : com.myproject.smsblock.entity.SmsBlockMobile(1545794538938000)) {
          primaryTableReference : sms_block_mobile as s1_0
        }
      }
    }

2023-12-08 15:38:56.010 DEBUG o.h.o.s.exec:455 - Skipping reading Query result cache data: cache-enabled = false, cache-mode = NORMAL
2023-12-08 15:38:56.010 DEBUG o.h.o.results:76 - Initializer list:
	  com.myproject.smsblock.entity.SmsBlockMobile(1545794538938000) -> EntityResultInitializer(com.myproject.smsblock.entity.SmsBlockMobile(1545794538938000))@443720759 (SingleTableEntityPersister(com.myproject.smsblock.entity.SmsBlockMobile))

2023-12-08 15:38:56.010 DEBUG o.h.SQL:133 - select s1_0.id,s1_0.activated_on,s1_0.added_by,s1_0.comment,s1_0.deactivated_by,s1_0.deactivated_on,s1_0.mobile_no,s1_0.status from sms_block_mobile s1_0 where s1_0.mobile_no=? and s1_0.status=?
2023-12-08 15:38:56.013 DEBUG o.h.o.results:61 - Extracted JDBC value [0] - [90]
2023-12-08 15:38:56.014 DEBUG o.h.o.r.l.entity:300 - (EntityResultInitializer) Hydrated EntityKey (com.myproject.smsblock.entity.SmsBlockMobile(1545794538938000)): 90
2023-12-08 15:38:56.014 DEBUG o.h.o.r.l.entity:689 - (EntityResultInitializer) Created new entity instance [com.myproject.smsblock.entity.SmsBlockMobile(1545794538938000)#90] : 476133568
2023-12-08 15:38:56.014 DEBUG o.h.o.results:61 - Extracted JDBC value [1] - [2023-12-08 15:38:51.0]
2023-12-08 15:38:56.015 DEBUG o.h.o.results:61 - Extracted JDBC value [2] - [fuyju]
2023-12-08 15:38:56.015 DEBUG o.h.o.results:61 - Extracted JDBC value [3] - [null]
2023-12-08 15:38:56.015 DEBUG o.h.o.results:61 - Extracted JDBC value [4] - [null]
2023-12-08 15:38:56.016 DEBUG o.h.o.results:61 - Extracted JDBC value [5] - [null]
2023-12-08 15:38:56.016 DEBUG o.h.o.results:61 - Extracted JDBC value [6] - [0998978670]
2023-12-08 15:38:56.016 DEBUG o.h.o.results:61 - Extracted JDBC value [7] - [ACT]
2023-12-08 15:38:56.017 DEBUG o.h.o.r.l.entity:889 - (EntityResultInitializer) Done materializing entityInstance : com.myproject.smsblock.entity.SmsBlockMobile(1545794538938000)#90
2023-12-08 15:38:56.017 DEBUG o.h.o.r.loading:93 - Calling top-level assembler (0 / 1) : org.hibernate.sql.results.graph.entity.internal.EntityAssembler@133d7467
2023-12-08 15:38:56.018 DEBUG o.s.w.s.m.m.a.HttpEntityMethodProcessor:275 - Using 'application/json', given [application/json, text/plain, */*] and supported [*/*]
2023-12-08 15:38:56.019 DEBUG o.s.o.j.s.OpenEntityManagerInViewInterceptor:111 - Closing JPA EntityManager in OpenEntityManagerInViewInterceptor
2023-12-08 15:38:56.020 DEBUG o.s.w.s.DispatcherServlet:1135 - Completed 409 CONFLICT
2023-12-08 15:39:00.723 DEBUG c.z.h.p.HikariPool:414 - HikariPool-1 - Before cleanup stats (total=50, active=0, idle=50, waiting=0)
2023-12-08 15:39:00.723 DEBUG c.z.h.p.HikariPool:414 - HikariPool-1 - After cleanup  stats (total=50, active=0, idle=50, waiting=0)
2023-12-08 15:39:00.723 DEBUG c.z.h.p.HikariPool:521 - HikariPool-1 - Fill pool skipped, pool has sufficient level or currently being filled (queueDepth=0).
2023-12-08 15:39:02.651 DEBUG o.s.w.s.DispatcherServlet:120 - OPTIONS "/deactivateMobile/", parameters={}
2023-12-08 15:39:02.652 DEBUG o.s.w.s.h.SimpleUrlHandlerMapping:528 - Mapped to ResourceHttpRequestHandler [classpath [META-INF/resources/], classpath [resources/], classpath [static/], classpath [public/], ServletContext [/]]
2023-12-08 15:39:02.653 DEBUG o.s.o.j.s.OpenEntityManagerInViewInterceptor:86 - Opening JPA EntityManager in OpenEntityManagerInViewInterceptor
2023-12-08 15:39:02.654 DEBUG o.s.o.j.s.OpenEntityManagerInViewInterceptor:111 - Closing JPA EntityManager in OpenEntityManagerInViewInterceptor
2023-12-08 15:39:02.655 DEBUG o.s.w.s.DispatcherServlet:1135 - Completed 403 FORBIDDEN
2023-12-08 15:39:06.070 DEBUG o.s.w.s.DispatcherServlet:120 - PUT "/deactivateMobile/0998978670", parameters={}
2023-12-08 15:39:06.070 DEBUG o.s.w.s.m.m.a.RequestMappingHandlerMapping:528 - Mapped to com.myproject.smsblock.controller.SmsBlockMobileController#deactivateSmsBlockMobile(SmsBlockMobileDto, String)
2023-12-08 15:39:06.072 DEBUG o.s.o.j.s.OpenEntityManagerInViewInterceptor:86 - Opening JPA EntityManager in OpenEntityManagerInViewInterceptor
2023-12-08 15:39:06.073 DEBUG o.s.w.s.m.m.a.RequestResponseBodyMethodProcessor:120 - Read "application/json;charset=UTF-8" to [com.myproject.smsblock.dto.SmsBlockMobileDto@5c478973]
2023-12-08 15:39:06.074 DEBUG o.h.o.s.a.create:33 - Created new SQL alias : s1_0
2023-12-08 15:39:06.075 DEBUG o.h.o.s.a.create:98 - Registration of TableGroup [StandardTableGroup(com.myproject.smsblock.entity.SmsBlockMobile(1545794538938000))] with identifierForTableGroup [com.myproject.smsblock.entity.SmsBlockMobile] for NavigablePath [com.myproject.smsblock.entity.SmsBlockMobile]
2023-12-08 15:39:06.076 DEBUG o.h.q.s.s.BaseSqmToSqlAstConverter:5700 - Determining mapping-model type for SqmParameter : org.hibernate.query.sqm.tree.expression.SqmJpaCriteriaParameterWrapper@1651658b
2023-12-08 15:39:06.076 DEBUG o.h.q.s.s.BaseSqmToSqlAstConverter:5590 - Determining mapping-model type for SqmPath : SqmBasicValuedSimplePath(com.myproject.smsblock.entity.SmsBlockMobile(1545794538938000).mobileNo)
2023-12-08 15:39:06.077 DEBUG o.h.q.s.s.BaseSqmToSqlAstConverter:5700 - Determining mapping-model type for SqmParameter : org.hibernate.query.sqm.tree.expression.SqmJpaCriteriaParameterWrapper@758b9170
2023-12-08 15:39:06.077 DEBUG o.h.q.s.s.BaseSqmToSqlAstConverter:5590 - Determining mapping-model type for SqmPath : SqmBasicValuedSimplePath(com.myproject.smsblock.entity.SmsBlockMobile(1545794538938000).status)
2023-12-08 15:39:06.077 DEBUG o.h.o.r.g.AST:67 - DomainResult Graph:
 \-EntityResultImpl [com.myproject.smsblock.entity.SmsBlockMobile(1545794538938000)]
 |  +-BasicFetch [com.myproject.smsblock.entity.SmsBlockMobile(1545794538938000).activatedOn]
 |  +-BasicFetch [com.myproject.smsblock.entity.SmsBlockMobile(1545794538938000).addedBy]
 |  +-BasicFetch [com.myproject.smsblock.entity.SmsBlockMobile(1545794538938000).comment]
 |  +-BasicFetch [com.myproject.smsblock.entity.SmsBlockMobile(1545794538938000).deactivatedBy]
 |  +-BasicFetch [com.myproject.smsblock.entity.SmsBlockMobile(1545794538938000).deactivatedOn]
 |  +-BasicFetch [com.myproject.smsblock.entity.SmsBlockMobile(1545794538938000).mobileNo]
 |  \-BasicFetch [com.myproject.smsblock.entity.SmsBlockMobile(1545794538938000).status]

2023-12-08 15:39:06.078 DEBUG o.h.o.s.a.tree:46 - SQL AST Tree:
    SelectStatement {
      FromClause {
        StandardTableGroup (s1 : com.myproject.smsblock.entity.SmsBlockMobile(1545794538938000)) {
          primaryTableReference : sms_block_mobile as s1_0
        }
      }
    }

2023-12-08 15:39:06.079 DEBUG o.h.o.s.exec:455 - Skipping reading Query result cache data: cache-enabled = false, cache-mode = NORMAL
2023-12-08 15:39:06.079 DEBUG o.h.o.results:76 - Initializer list:
	  com.myproject.smsblock.entity.SmsBlockMobile(1545794538938000) -> EntityResultInitializer(com.myproject.smsblock.entity.SmsBlockMobile(1545794538938000))@518886881 (SingleTableEntityPersister(com.myproject.smsblock.entity.SmsBlockMobile))

2023-12-08 15:39:06.079 DEBUG o.h.SQL:133 - select s1_0.id,s1_0.activated_on,s1_0.added_by,s1_0.comment,s1_0.deactivated_by,s1_0.deactivated_on,s1_0.mobile_no,s1_0.status from sms_block_mobile s1_0 where s1_0.mobile_no=? and s1_0.status=?
2023-12-08 15:39:06.081 DEBUG o.h.o.results:61 - Extracted JDBC value [0] - [90]
2023-12-08 15:39:06.081 DEBUG o.h.o.r.l.entity:300 - (EntityResultInitializer) Hydrated EntityKey (com.myproject.smsblock.entity.SmsBlockMobile(1545794538938000)): 90
2023-12-08 15:39:06.081 DEBUG o.h.o.r.l.entity:689 - (EntityResultInitializer) Created new entity instance [com.myproject.smsblock.entity.SmsBlockMobile(1545794538938000)#90] : 233083891
2023-12-08 15:39:06.082 DEBUG o.h.o.results:61 - Extracted JDBC value [1] - [2023-12-08 15:38:51.0]
2023-12-08 15:39:06.082 DEBUG o.h.o.results:61 - Extracted JDBC value [2] - [fuyju]
2023-12-08 15:39:06.082 DEBUG o.h.o.results:61 - Extracted JDBC value [3] - [null]
2023-12-08 15:39:06.082 DEBUG o.h.o.results:61 - Extracted JDBC value [4] - [null]
2023-12-08 15:39:06.082 DEBUG o.h.o.results:61 - Extracted JDBC value [5] - [null]
2023-12-08 15:39:06.083 DEBUG o.h.o.results:61 - Extracted JDBC value [6] - [0998978670]
2023-12-08 15:39:06.083 DEBUG o.h.o.results:61 - Extracted JDBC value [7] - [ACT]
2023-12-08 15:39:06.083 DEBUG o.h.o.r.l.entity:889 - (EntityResultInitializer) Done materializing entityInstance : com.myproject.smsblock.entity.SmsBlockMobile(1545794538938000)#90
2023-12-08 15:39:06.083 DEBUG o.h.o.r.loading:93 - Calling top-level assembler (0 / 1) : org.hibernate.sql.results.graph.entity.internal.EntityAssembler@7f545d33
2023-12-08 15:39:06.084 DEBUG o.s.o.j.JpaTransactionManager:374 - Found thread-bound EntityManager [SessionImpl(1468425333<open>)] for JPA transaction
2023-12-08 15:39:06.084 DEBUG o.s.o.j.JpaTransactionManager:370 - Creating new transaction with name [org.springframework.data.jpa.repository.support.SimpleJpaRepository.save]: PROPAGATION_REQUIRED,ISOLATION_DEFAULT
2023-12-08 15:39:06.084 DEBUG o.h.e.t.i.TransactionImpl:53 - On TransactionImpl creation, JpaCompliance#isJpaTransactionComplianceEnabled == false
2023-12-08 15:39:06.084 DEBUG o.h.e.t.i.TransactionImpl:81 - begin
2023-12-08 15:39:06.085 DEBUG o.s.o.j.JpaTransactionManager:439 - Exposing JPA transaction as JDBC [org.springframework.orm.jpa.vendor.HibernateJpaDialect$HibernateConnectionHandle@7e541e7d]
2023-12-08 15:39:06.085 DEBUG o.h.j.i.PersistenceUnitUtilImpl:89 - jakarta.persistence.PersistenceUnitUtil.getIdentifier is only intended to work with enhanced entities (although Hibernate also adapts this support to its proxies); however the passed entity was not enhanced (nor a proxy).. may not be able to read identifier
2023-12-08 15:39:06.085 DEBUG o.s.o.j.JpaTransactionManager:740 - Initiating transaction commit
2023-12-08 15:39:06.085 DEBUG o.s.o.j.JpaTransactionManager:556 - Committing JPA transaction on EntityManager [SessionImpl(1468425333<open>)]
2023-12-08 15:39:06.086 DEBUG o.h.e.t.i.TransactionImpl:98 - committing
2023-12-08 15:39:06.086 DEBUG o.h.e.i.AbstractFlushingEventListener:136 - Processing flush-time cascades
2023-12-08 15:39:06.086 DEBUG o.h.e.i.AbstractFlushingEventListener:185 - Dirty checking collections
2023-12-08 15:39:06.086 DEBUG o.h.e.i.AbstractFlushingEventListener:110 - Flushed: 0 insertions, 1 updates, 0 deletions to 1 objects
2023-12-08 15:39:06.087 DEBUG o.h.e.i.AbstractFlushingEventListener:117 - Flushed: 0 (re)creations, 0 updates, 0 removals to 0 collections
2023-12-08 15:39:06.087 DEBUG o.h.i.u.EntityPrinter:111 - Listing entities:
2023-12-08 15:39:06.087 DEBUG o.h.i.u.EntityPrinter:118 - com.myproject.smsblock.entity.SmsBlockMobile{activatedOn=2023-12-08 15:38:51.0, addedBy=fuyju, deactivatedOn=2023-12-08 15:39:06.0844304, comment=null, id=90, mobileNo=0998978670, deactivatedBy=fuyju, status=DEACT}
2023-12-08 15:39:06.088 DEBUG o.h.SQL:133 - update sms_block_mobile set activated_on=?,added_by=?,comment=?,deactivated_by=?,deactivated_on=?,mobile_no=?,status=? where id=?
2023-12-08 15:39:06.210 DEBUG o.s.o.j.JpaTransactionManager:652 - Not closing pre-bound JPA EntityManager after transaction
2023-12-08 15:39:06.211 DEBUG o.s.w.s.m.m.a.HttpEntityMethodProcessor:275 - Using 'application/json', given [application/json, text/plain, */*] and supported [text/plain, */*, application/json, application/*+json]
2023-12-08 15:39:06.211 DEBUG o.s.w.s.m.m.a.HttpEntityMethodProcessor:120 - Writing ["Deactivated"]
2023-12-08 15:39:06.212 DEBUG o.s.o.j.s.OpenEntityManagerInViewInterceptor:111 - Closing JPA EntityManager in OpenEntityManagerInViewInterceptor
2023-12-08 15:39:06.212 DEBUG o.s.w.s.DispatcherServlet:1135 - Completed 200 OK
2023-12-08 15:39:10.335 DEBUG o.s.w.s.DispatcherServlet:120 - PUT "/deactivateMobile/0998978670", parameters={}
2023-12-08 15:39:10.336 DEBUG o.s.w.s.m.m.a.RequestMappingHandlerMapping:528 - Mapped to com.myproject.smsblock.controller.SmsBlockMobileController#deactivateSmsBlockMobile(SmsBlockMobileDto, String)
2023-12-08 15:39:10.336 DEBUG o.s.o.j.s.OpenEntityManagerInViewInterceptor:86 - Opening JPA EntityManager in OpenEntityManagerInViewInterceptor
2023-12-08 15:39:10.338 DEBUG o.s.w.s.m.m.a.RequestResponseBodyMethodProcessor:120 - Read "application/json;charset=UTF-8" to [com.myproject.smsblock.dto.SmsBlockMobileDto@42d3447b]
2023-12-08 15:39:10.340 DEBUG o.h.o.s.a.create:33 - Created new SQL alias : s1_0
2023-12-08 15:39:10.340 DEBUG o.h.o.s.a.create:98 - Registration of TableGroup [StandardTableGroup(com.myproject.smsblock.entity.SmsBlockMobile(1545794538938000))] with identifierForTableGroup [com.myproject.smsblock.entity.SmsBlockMobile] for NavigablePath [com.myproject.smsblock.entity.SmsBlockMobile]
2023-12-08 15:39:10.341 DEBUG o.h.q.s.s.BaseSqmToSqlAstConverter:5700 - Determining mapping-model type for SqmParameter : org.hibernate.query.sqm.tree.expression.SqmJpaCriteriaParameterWrapper@6bd95ab4
2023-12-08 15:39:10.342 DEBUG o.h.q.s.s.BaseSqmToSqlAstConverter:5590 - Determining mapping-model type for SqmPath : SqmBasicValuedSimplePath(com.myproject.smsblock.entity.SmsBlockMobile(1545794538938000).mobileNo)
2023-12-08 15:39:10.343 DEBUG o.h.q.s.s.BaseSqmToSqlAstConverter:5700 - Determining mapping-model type for SqmParameter : org.hibernate.query.sqm.tree.expression.SqmJpaCriteriaParameterWrapper@21192b39
2023-12-08 15:39:10.343 DEBUG o.h.q.s.s.BaseSqmToSqlAstConverter:5590 - Determining mapping-model type for SqmPath : SqmBasicValuedSimplePath(com.myproject.smsblock.entity.SmsBlockMobile(1545794538938000).status)
2023-12-08 15:39:10.344 DEBUG o.h.o.r.g.AST:67 - DomainResult Graph:
 \-EntityResultImpl [com.myproject.smsblock.entity.SmsBlockMobile(1545794538938000)]
 |  +-BasicFetch [com.myproject.smsblock.entity.SmsBlockMobile(1545794538938000).activatedOn]
 |  +-BasicFetch [com.myproject.smsblock.entity.SmsBlockMobile(1545794538938000).addedBy]
 |  +-BasicFetch [com.myproject.smsblock.entity.SmsBlockMobile(1545794538938000).comment]
 |  +-BasicFetch [com.myproject.smsblock.entity.SmsBlockMobile(1545794538938000).deactivatedBy]
 |  +-BasicFetch [com.myproject.smsblock.entity.SmsBlockMobile(1545794538938000).deactivatedOn]
 |  +-BasicFetch [com.myproject.smsblock.entity.SmsBlockMobile(1545794538938000).mobileNo]
 |  \-BasicFetch [com.myproject.smsblock.entity.SmsBlockMobile(1545794538938000).status]

2023-12-08 15:39:10.344 DEBUG o.h.o.s.a.tree:46 - SQL AST Tree:
    SelectStatement {
      FromClause {
        StandardTableGroup (s1 : com.myproject.smsblock.entity.SmsBlockMobile(1545794538938000)) {
          primaryTableReference : sms_block_mobile as s1_0
        }
      }
    }

2023-12-08 15:39:10.346 DEBUG o.h.o.s.exec:455 - Skipping reading Query result cache data: cache-enabled = false, cache-mode = NORMAL
2023-12-08 15:39:10.346 DEBUG o.h.o.results:76 - Initializer list:
	  com.myproject.smsblock.entity.SmsBlockMobile(1545794538938000) -> EntityResultInitializer(com.myproject.smsblock.entity.SmsBlockMobile(1545794538938000))@282869429 (SingleTableEntityPersister(com.myproject.smsblock.entity.SmsBlockMobile))

2023-12-08 15:39:10.346 DEBUG o.h.SQL:133 - select s1_0.id,s1_0.activated_on,s1_0.added_by,s1_0.comment,s1_0.deactivated_by,s1_0.deactivated_on,s1_0.mobile_no,s1_0.status from sms_block_mobile s1_0 where s1_0.mobile_no=? and s1_0.status=?
2023-12-08 15:39:10.348 DEBUG o.s.w.s.m.m.a.HttpEntityMethodProcessor:275 - Using 'application/json', given [application/json, text/plain, */*] and supported [text/plain, */*, application/json, application/*+json]
2023-12-08 15:39:10.349 DEBUG o.s.w.s.m.m.a.HttpEntityMethodProcessor:120 - Writing ["Phone number does not exist"]
2023-12-08 15:39:10.351 DEBUG o.s.o.j.s.OpenEntityManagerInViewInterceptor:111 - Closing JPA EntityManager in OpenEntityManagerInViewInterceptor
2023-12-08 15:39:10.351 DEBUG o.s.w.s.DispatcherServlet:1135 - Completed 404 NOT_FOUND
